Selection data was not found in MTP and will be set
Selection by configurations is set
WARNING: File mtp_initial.mtp already exists and will be overwritten during the training procedure!
Basic trainer initialization complete
	auto-minmax-magmom = false
	init_random = false
	no_mindist_update = false
	skip_preinit = false
	iteration_limit = 1000
	weight_scaling = 1
	weight_scaling_forces = 0
	energy_weight = 1.000000
	force_weight = 0.010000
	penalty_weight = 0.000001
	scale_by_force = 0.000000
	select_factor = 1.000000
	stress_weight = 0.001000
	tolerance = 0.001000
	log = stdout
	save_to = mtp_initial.mtp
50 configurations found in the training set
Following atomic numbers will be added to the MTP potential: 0
Minimal interatomic distance in the training set is 0.126573. MTP's mindist will be updated
Rescaling...
   scaling = 0.83333333, condition number = 3573367.7
   scaling = 0.90909091, condition number = 330739.68
   scaling = 1, condition number = 439948.76
   scaling = 1.1, condition number = 585510.71
   scaling = 1.2, condition number = 760039.92
Rescaling to 0.90909091... done
Rescaling...
   scaling = 0.75757576, condition number = 191461.96
   scaling = 0.82644628, condition number = 248492.04
   scaling = 0.90909091, condition number = 330648.38
   scaling = 1, condition number = 439989.09
   scaling = 1.0909091, condition number = 571122.91
Rescaling to 0.75757576... done
Rescaling...
   scaling = 0.63131313, condition number = 110895.21
   scaling = 0.68870523, condition number = 143907.39
   scaling = 0.75757576, condition number = 191461.96
   scaling = 0.83333333, condition number = 254749.28
   scaling = 0.90909091, condition number = 330648.38
Rescaling to 0.63131313... done
Rescaling...
   scaling = 0.52609428, condition number = 64255.035
   scaling = 0.57392103, condition number = 83366.506
   scaling = 0.63131313, condition number = 110895.21
   scaling = 0.69444444, condition number = 147529.38
   scaling = 0.75757576, condition number = 191461.96
Rescaling to 0.52609428... done
Rescaling...
   scaling = 0.4384119, condition number = 37250.95
   scaling = 0.47826752, condition number = 48316.86
   scaling = 0.52609428, condition number = 64255.035
   scaling = 0.5787037, condition number = 85463.312
   scaling = 0.63131313, condition number = 110895.21
Rescaling to 0.4384119... done
Rescaling...
   scaling = 0.36534325, condition number = 21612.537
   scaling = 0.39855627, condition number = 28021.43
   scaling = 0.4384119, condition number = 37250.95
   scaling = 0.48225309, condition number = 49530.869
   scaling = 0.52609428, condition number = 64255.035
Rescaling to 0.36534325... done
Rescaling...
   scaling = 0.30445271, condition number = 12553.339
   scaling = 0.33213022, condition number = 16266.372
   scaling = 0.36534325, condition number = 21612.537
   scaling = 0.40187757, condition number = 28724.5
   scaling = 0.4384119, condition number = 37250.95
Rescaling to 0.30445271... done
Rescaling...
   scaling = 0.25371059, condition number = 7303.0894
   scaling = 0.27677519, condition number = 9455.3181
   scaling = 0.30445271, condition number = 12553.339
   scaling = 0.33489798, condition number = 16673.656
   scaling = 0.36534325, condition number = 21612.537
Rescaling to 0.25371059... done
Rescaling...
   scaling = 0.21142549, condition number = 4258.3737
   scaling = 0.23064599, condition number = 5506.775
   scaling = 0.25371059, condition number = 7303.0894
   scaling = 0.27908165, condition number = 9691.3602
   scaling = 0.30445271, condition number = 12553.339
Rescaling to 0.21142549... done
Rescaling...
   scaling = 0.17618791, condition number = 2491.078
   scaling = 0.19220499, condition number = 3215.9436
   scaling = 0.21142549, condition number = 4258.3737
   scaling = 0.23256804, condition number = 5643.6625
   scaling = 0.25371059, condition number = 7303.0894
Rescaling to 0.17618791... done
Rescaling...
   scaling = 0.14682326, condition number = 1463.9156
   scaling = 0.16017083, condition number = 1885.4061
   scaling = 0.17618791, condition number = 2491.078
   scaling = 0.1938067, condition number = 3295.4037
   scaling = 0.21142549, condition number = 4258.3737
Rescaling to 0.14682326... done
Rescaling...
   scaling = 0.12235271, condition number = 865.81503
   scaling = 0.13347569, condition number = 1111.4043
   scaling = 0.14682326, condition number = 1463.9156
   scaling = 0.16150558, condition number = 1931.5905
   scaling = 0.17618791, condition number = 2491.078
Rescaling to 0.12235271... done
Rescaling...
   scaling = 0.1019606, condition number = 603.68838
   scaling = 0.11122974, condition number = 707.10257
   scaling = 0.12235271, condition number = 865.81503
   scaling = 0.13458799, condition number = 1138.2989
   scaling = 0.14682326, condition number = 1463.9156
Rescaling to 0.1019606... done
Rescaling...
   scaling = 0.084967163, condition number = 395.41599
   scaling = 0.09269145, condition number = 502.1325
   scaling = 0.1019606, condition number = 603.68838
   scaling = 0.11215665, condition number = 717.93959
   scaling = 0.12235271, condition number = 865.81503
Rescaling to 0.084967163... done
Rescaling...
   scaling = 0.070805969, condition number = 242.6679
   scaling = 0.077242875, condition number = 305.64449
   scaling = 0.084967163, condition number = 395.41599
   scaling = 0.093463879, condition number = 513.79545
   scaling = 0.1019606, condition number = 603.68838
Rescaling to 0.070805969... done
Rescaling...
   scaling = 0.059004974, condition number = 152.03723
   scaling = 0.064369063, condition number = 189.4979
   scaling = 0.070805969, condition number = 242.6679
   scaling = 0.077886566, condition number = 312.51579
   scaling = 0.084967163, condition number = 395.41599
Rescaling to 0.059004974... done
Rescaling...
   scaling = 0.049170812, condition number = 97.724272
   scaling = 0.053640886, condition number = 120.25103
   scaling = 0.059004974, condition number = 152.03723
   scaling = 0.064905472, condition number = 193.57592
   scaling = 0.070805969, condition number = 242.6679
Rescaling to 0.049170812... done
Rescaling...
   scaling = 0.040975676, condition number = 74.475536
   scaling = 0.044700738, condition number = 82.766499
   scaling = 0.049170812, condition number = 97.724272
   scaling = 0.054087893, condition number = 122.69575
   scaling = 0.059004974, condition number = 152.03723
Rescaling to 0.040975676... done
Rescaling...
   scaling = 0.034146397, condition number = 61.205648
   scaling = 0.037250615, condition number = 66.927116
   scaling = 0.040975676, condition number = 74.475536
   scaling = 0.045073244, condition number = 83.636408
   scaling = 0.049170812, condition number = 97.724272
Rescaling to 0.034146397... done
Rescaling...
   scaling = 0.028455331, condition number = 52.065998
   scaling = 0.031042179, condition number = 56.003252
   scaling = 0.034146397, condition number = 61.205648
   scaling = 0.037561037, condition number = 67.527686
   scaling = 0.040975676, condition number = 74.475536
Rescaling to 0.028455331... done
Rescaling...
   scaling = 0.023712776, condition number = 42.960669
   scaling = 0.025868483, condition number = 48.492559
   scaling = 0.028455331, condition number = 52.065998
   scaling = 0.031300864, condition number = 56.416936
   scaling = 0.034146397, condition number = 61.205648
Rescaling to 0.023712776... done
Rescaling...
   scaling = 0.019760646, condition number = 32.458586
   scaling = 0.021557069, condition number = 36.973684
   scaling = 0.023712776, condition number = 42.960669
   scaling = 0.026084053, condition number = 48.776384
   scaling = 0.028455331, condition number = 52.065997
Rescaling to 0.019760646... done
Rescaling...
   scaling = 0.016467205, condition number = 28.645156
   scaling = 0.017964224, condition number = 29.554343
   scaling = 0.019760646, condition number = 32.458586
   scaling = 0.021736711, condition number = 37.448164
   scaling = 0.023712776, condition number = 42.960671
Rescaling to 0.016467205... done
Rescaling...
   scaling = 0.013722671, condition number = 27.255273
   scaling = 0.014970187, condition number = 27.840372
   scaling = 0.016467205, condition number = 28.645156
   scaling = 0.018113926, condition number = 29.650792
   scaling = 0.019760646, condition number = 32.458586
Rescaling to 0.013722671... done
Rescaling...
   scaling = 0.011435559, condition number = 20.120368
   scaling = 0.012475156, condition number = 24.254087
   scaling = 0.013722671, condition number = 27.255273
   scaling = 0.015094938, condition number = 27.903276
   scaling = 0.016467205, condition number = 28.645156
Rescaling to 0.011435559... done
Rescaling...
   scaling = 0.0095296327, condition number = 14.717691
   scaling = 0.010395963, condition number = 16.464477
   scaling = 0.011435559, condition number = 20.120368
   scaling = 0.012579115, condition number = 24.695063
   scaling = 0.013722671, condition number = 27.255273
Rescaling to 0.0095296327... done
Rescaling...
   scaling = 0.0079413606, condition number = 16.961641
   scaling = 0.0086633025, condition number = 16.570998
   scaling = 0.0095296327, condition number = 14.717691
   scaling = 0.010482596, condition number = 16.75168
   scaling = 0.011435559, condition number = 20.120368
Rescaling to 0.0095296327... done
Pre-training started
MTPR training started on 1 core(s)
BFGS iter 0: f=24268.822
BFGS iter 1: f=23443.939
BFGS iter 2: f=22675.864
BFGS iter 3: f=20533.316
BFGS iter 4: f=19531.491
BFGS iter 5: f=18734.844
BFGS iter 6: f=17365.498
BFGS iter 7: f=16957.94
BFGS iter 8: f=16523.649
BFGS iter 9: f=16082.959
BFGS iter 10: f=15908.784
BFGS iter 11: f=15091.529
BFGS iter 12: f=14455.981
BFGS iter 13: f=14084.952
BFGS iter 14: f=13512.061
BFGS iter 15: f=13052.491
BFGS iter 16: f=12792.323
BFGS iter 17: f=12676.639
BFGS iter 18: f=12435.468
BFGS iter 19: f=12364.868
BFGS iter 20: f=12178.741
BFGS iter 21: f=12024.919
BFGS iter 22: f=11565.357
BFGS iter 23: f=11533.194
BFGS iter 24: f=11482.666
BFGS iter 25: f=2258.8293
BFGS iter 26: f=2166.1088
BFGS iter 27: f=2146.3663
BFGS iter 28: f=2014.8945
BFGS iter 29: f=1956.7915
BFGS iter 30: f=1896.053
BFGS iter 31: f=1811.7274
BFGS iter 32: f=1774.2184
BFGS iter 33: f=1733.1975
BFGS iter 34: f=1684.1604
BFGS iter 35: f=1574.9294
BFGS iter 36: f=1546.637
BFGS iter 37: f=1519.2987
BFGS iter 38: f=1465.7885
BFGS iter 39: f=1455.5653
BFGS iter 40: f=1431.7518
BFGS iter 41: f=1410.6229
BFGS iter 42: f=1407.7015
BFGS iter 43: f=1399.8749
BFGS iter 44: f=1394.9587
BFGS iter 45: f=1391.5133
BFGS iter 46: f=1383.0002
BFGS iter 47: f=1377.4685
BFGS iter 48: f=1374.0623
BFGS iter 49: f=1331.9602
BFGS iter 50: f=1245.2171
BFGS iter 51: f=1215.4325
BFGS iter 52: f=1186.1791
BFGS iter 53: f=1176.7339
BFGS iter 54: f=1140.9581
BFGS iter 55: f=1116.2562
BFGS iter 56: f=1099.4774
BFGS iter 57: f=1078.2436
BFGS iter 58: f=1062.7578
BFGS iter 59: f=1041.3525
BFGS iter 60: f=1028.4831
BFGS iter 61: f=1016.4305
BFGS iter 62: f=995.23255
BFGS iter 63: f=980.1917
BFGS iter 64: f=965.50467
BFGS iter 65: f=945.89712
BFGS iter 66: f=928.05419
BFGS iter 67: f=905.39978
BFGS iter 68: f=891.38412
BFGS iter 69: f=884.03067
Regularization parameters updated. Hessian in BFGS is reset
BFGS iter 70: f=456.30018
BFGS iter 71: f=452.57944
BFGS iter 72: f=447.87235
BFGS iter 73: f=442.28217
BFGS iter 74: f=439.06916
step limit reached
MTPR training ended
Rescaling...
   scaling = 0.0079413606, condition number = 67.272492
   scaling = 0.0086633025, condition number = 55.091702
   scaling = 0.0095296327, condition number = 46.576748
   scaling = 0.010482596, condition number = 42.866837
   scaling = 0.011435559, condition number = 42.078537
Rescaling to 0.011435559... done
Rescaling...
   scaling = 0.0095296327, condition number = 46.57675
   scaling = 0.010395963, condition number = 43.009734
   scaling = 0.011435559, condition number = 42.078537
   scaling = 0.012579115, condition number = 55.551442
   scaling = 0.013722671, condition number = 87.08275
Rescaling to 0.011435559... done
Pre-training ended
Iteration limit is 1000
Convergence tolerance is 0.001
Energy weight: 1
Force weight: 0.01
Stress weight: 0.001
MTPR training started on 1 core(s)
BFGS iter 0: f=349.45699
BFGS iter 1: f=348.94648
BFGS iter 2: f=345.63288
BFGS iter 3: f=339.42924
BFGS iter 4: f=333.45113
BFGS iter 5: f=329.55818
BFGS iter 6: f=326.06592
BFGS iter 7: f=317.93791
BFGS iter 8: f=307.99758
BFGS iter 9: f=300.37569
BFGS iter 10: f=294.54985
BFGS iter 11: f=291.65126
BFGS iter 12: f=287.00273
BFGS iter 13: f=284.98425
BFGS iter 14: f=276.01822
BFGS iter 15: f=270.76827
BFGS iter 16: f=270.23853
BFGS iter 17: f=269.81013
BFGS iter 18: f=269.02773
BFGS iter 19: f=268.21641
BFGS iter 20: f=266.45817
BFGS iter 21: f=262.81422
BFGS iter 22: f=259.98011
BFGS iter 23: f=252.87741
BFGS iter 24: f=242.36346
BFGS iter 25: f=208.96542
BFGS iter 26: f=208.77142
BFGS iter 27: f=208.07436
BFGS iter 28: f=207.32666
BFGS iter 29: f=205.25744
BFGS iter 30: f=204.5939
BFGS iter 31: f=202.88775
BFGS iter 32: f=202.53301
BFGS iter 33: f=200.98212
BFGS iter 34: f=199.50481
BFGS iter 35: f=199.16188
BFGS iter 36: f=198.55067
BFGS iter 37: f=197.87023
BFGS iter 38: f=195.19061
BFGS iter 39: f=194.92478
BFGS iter 40: f=194.68967
BFGS iter 41: f=194.18439
BFGS iter 42: f=194.04291
BFGS iter 43: f=193.89964
BFGS iter 44: f=193.87683
BFGS iter 45: f=193.46744
BFGS iter 46: f=192.80404
BFGS iter 47: f=192.56934
BFGS iter 48: f=192.32336
BFGS iter 49: f=191.35258
BFGS iter 50: f=190.87073
BFGS iter 51: f=190.59169
BFGS iter 52: f=190.49408
BFGS iter 53: f=190.45318
BFGS iter 54: f=190.36136
BFGS iter 55: f=190.25026
BFGS iter 56: f=190.17158
BFGS iter 57: f=190.09522
BFGS iter 58: f=190.06349
BFGS iter 59: f=190.04451
BFGS iter 60: f=190.03965
BFGS iter 61: f=190.03163
BFGS iter 62: f=189.94322
BFGS iter 63: f=189.81039
BFGS iter 64: f=189.73657
BFGS iter 65: f=189.70707
BFGS iter 66: f=189.68245
BFGS iter 67: f=189.67559
BFGS iter 68: f=189.66569
BFGS iter 69: f=189.64547
BFGS iter 70: f=179.89076
BFGS iter 71: f=177.75839
BFGS iter 72: f=177.17406
BFGS iter 73: f=176.48988
BFGS iter 74: f=176.32959
BFGS iter 75: f=176.25196
BFGS iter 76: f=176.17823
BFGS iter 77: f=176.10392
BFGS iter 78: f=176.08036
BFGS iter 79: f=176.06372
BFGS iter 80: f=176.04786
BFGS iter 81: f=176.02955
BFGS iter 82: f=176.01089
BFGS iter 83: f=175.98951
BFGS iter 84: f=175.97695
BFGS iter 85: f=175.95855
BFGS iter 86: f=175.95047
BFGS iter 87: f=175.93766
BFGS iter 88: f=175.89433
BFGS iter 89: f=175.86688
BFGS iter 90: f=175.86147
BFGS iter 91: f=175.85943
BFGS iter 92: f=175.85815
BFGS iter 93: f=175.85601
BFGS iter 94: f=175.85151
BFGS iter 95: f=175.72806
BFGS iter 96: f=175.60202
BFGS iter 97: f=175.50843
BFGS iter 98: f=175.37964
BFGS iter 99: f=175.3095
BFGS iter 100: f=171.9217
BFGS iter 101: f=171.67906
BFGS iter 102: f=171.04832
BFGS iter 103: f=170.96875
BFGS iter 104: f=170.89289
BFGS iter 105: f=170.85648
BFGS iter 106: f=170.80724
BFGS iter 107: f=170.76212
BFGS iter 108: f=170.7222
BFGS iter 109: f=170.69577
BFGS iter 110: f=170.67866
BFGS iter 111: f=170.65573
BFGS iter 112: f=170.6209
BFGS iter 113: f=170.60461
BFGS iter 114: f=170.60052
BFGS iter 115: f=170.59871
BFGS iter 116: f=170.59785
BFGS iter 117: f=170.59595
BFGS iter 118: f=170.59115
BFGS iter 119: f=170.57659
BFGS iter 120: f=170.5625
BFGS iter 121: f=170.5326
BFGS iter 122: f=170.52126
BFGS iter 123: f=170.5161
BFGS iter 124: f=170.51136
BFGS iter 125: f=170.50851
BFGS iter 126: f=170.50548
BFGS iter 127: f=170.50363
BFGS iter 128: f=170.50119
BFGS iter 129: f=170.50007
BFGS iter 130: f=170.49972
BFGS iter 131: f=170.49965
BFGS iter 132: f=170.49948
BFGS iter 133: f=170.49881
BFGS iter 134: f=170.49558
BFGS iter 135: f=170.48038
BFGS iter 136: f=170.44862
BFGS iter 137: f=170.33531
BFGS iter 138: f=170.2273
BFGS iter 139: f=170.15005
BFGS iter 140: f=170.05247
BFGS iter 141: f=170.00146
BFGS iter 142: f=169.97146
BFGS iter 143: f=169.93087
BFGS iter 144: f=169.90905
BFGS iter 145: f=169.89045
BFGS iter 146: f=169.88064
BFGS iter 147: f=169.86377
BFGS iter 148: f=169.83628
BFGS iter 149: f=169.80688
BFGS iter 150: f=168.01897
BFGS iter 151: f=168.00689
BFGS iter 152: f=167.75678
BFGS iter 153: f=167.73854
BFGS iter 154: f=167.70698
BFGS iter 155: f=167.684
BFGS iter 156: f=167.65345
BFGS iter 157: f=167.62
BFGS iter 158: f=167.5964
BFGS iter 159: f=167.58662
BFGS iter 160: f=167.58562
BFGS iter 161: f=167.58546
BFGS iter 162: f=167.58536
BFGS iter 163: f=167.58527
BFGS iter 164: f=167.58503
BFGS iter 165: f=167.58426
BFGS iter 166: f=167.58151
BFGS iter 167: f=167.56649
BFGS iter 168: f=167.52829
BFGS iter 169: f=167.50934
BFGS iter 170: f=167.50321
BFGS iter 171: f=167.502
BFGS iter 172: f=167.50146
BFGS iter 173: f=167.50025
BFGS iter 174: f=167.49291
BFGS iter 175: f=167.46078
BFGS iter 176: f=167.38278
BFGS iter 177: f=167.27589
BFGS iter 178: f=167.09548
BFGS iter 179: f=167.00147
BFGS iter 180: f=166.94736
BFGS iter 181: f=166.92239
BFGS iter 182: f=166.9166
BFGS iter 183: f=166.91302
BFGS iter 184: f=166.91093
BFGS iter 185: f=166.90975
BFGS iter 186: f=166.90932
BFGS iter 187: f=166.90913
BFGS iter 188: f=166.90903
BFGS iter 189: f=166.90889
BFGS iter 190: f=166.90861
BFGS iter 191: f=166.90721
BFGS iter 192: f=166.90444
BFGS iter 193: f=166.88937
BFGS iter 194: f=166.86055
BFGS iter 195: f=166.7946
BFGS iter 196: f=166.74176
BFGS iter 197: f=166.68498
BFGS iter 198: f=166.62415
BFGS iter 199: f=166.53052
BFGS iter 200: f=166.50704
BFGS iter 201: f=166.49743
BFGS iter 202: f=166.48127
BFGS iter 203: f=166.46552
BFGS iter 204: f=166.44667
BFGS iter 205: f=166.42318
BFGS iter 206: f=166.40808
BFGS iter 207: f=166.39589
BFGS iter 208: f=166.39041
BFGS iter 209: f=166.3855
BFGS iter 210: f=166.37953
BFGS iter 211: f=166.37619
BFGS iter 212: f=166.37056
BFGS iter 213: f=166.35894
BFGS iter 214: f=166.33341
BFGS iter 215: f=166.32335
BFGS iter 216: f=166.31027
BFGS iter 217: f=166.30369
BFGS iter 218: f=166.29745
BFGS iter 219: f=166.28962
BFGS iter 220: f=166.28519
BFGS iter 221: f=166.28282
BFGS iter 222: f=166.28133
BFGS iter 223: f=166.28009
BFGS iter 224: f=166.27964
BFGS iter 225: f=166.27947
BFGS iter 226: f=166.27932
BFGS iter 227: f=166.27918
BFGS iter 228: f=166.27875
BFGS iter 229: f=166.2762
BFGS iter 230: f=166.25732
BFGS iter 231: f=166.19157
BFGS iter 232: f=166.13297
BFGS iter 233: f=165.99788
BFGS iter 234: f=165.73529
BFGS iter 235: f=165.49033
BFGS iter 236: f=165.37491
BFGS iter 237: f=165.30347
BFGS iter 238: f=165.1655
BFGS iter 239: f=165.11466
BFGS iter 240: f=165.00773
BFGS iter 241: f=164.92921
BFGS iter 242: f=164.75653
BFGS iter 243: f=164.69671
BFGS iter 244: f=164.61985
BFGS iter 245: f=164.5508
BFGS iter 246: f=164.49283
BFGS iter 247: f=164.41998
BFGS iter 248: f=164.34862
BFGS iter 249: f=164.29849
BFGS iter 250: f=157.9769
BFGS iter 251: f=157.9679
BFGS iter 252: f=157.90056
BFGS iter 253: f=157.09174
BFGS iter 254: f=156.92683
BFGS iter 255: f=156.87343
BFGS iter 256: f=156.74029
BFGS iter 257: f=156.65761
BFGS iter 258: f=156.41722
BFGS iter 259: f=156.21589
BFGS iter 260: f=155.9981
BFGS iter 261: f=155.77192
BFGS iter 262: f=155.63708
BFGS iter 263: f=155.5541
BFGS iter 264: f=155.48425
BFGS iter 265: f=155.4568
BFGS iter 266: f=155.43616
BFGS iter 267: f=155.38948
BFGS iter 268: f=155.24173
BFGS iter 269: f=155.05521
BFGS iter 270: f=154.86452
BFGS iter 271: f=154.64693
BFGS iter 272: f=154.46955
BFGS iter 273: f=154.31824
BFGS iter 274: f=154.21184
BFGS iter 275: f=154.10287
BFGS iter 276: f=154.04123
BFGS iter 277: f=154.01678
BFGS iter 278: f=153.97952
BFGS iter 279: f=153.9453
BFGS iter 280: f=153.92225
BFGS iter 281: f=153.89186
BFGS iter 282: f=153.87599
BFGS iter 283: f=153.85248
BFGS iter 284: f=153.83106
BFGS iter 285: f=153.81556
BFGS iter 286: f=153.80384
BFGS iter 287: f=153.79715
BFGS iter 288: f=153.78652
BFGS iter 289: f=153.77456
BFGS iter 290: f=153.76136
BFGS iter 291: f=153.7504
BFGS iter 292: f=153.73708
BFGS iter 293: f=153.71162
BFGS iter 294: f=153.67623
BFGS iter 295: f=153.61525
BFGS iter 296: f=153.50363
BFGS iter 297: f=153.38689
BFGS iter 298: f=153.35452
BFGS iter 299: f=153.333
BFGS iter 300: f=153.31348
BFGS iter 301: f=153.3014
BFGS iter 302: f=153.29088
BFGS iter 303: f=153.27912
BFGS iter 304: f=153.26441
BFGS iter 305: f=153.24001
BFGS iter 306: f=153.1951
BFGS iter 307: f=153.10056
BFGS iter 308: f=153.07322
BFGS iter 309: f=153.05632
BFGS iter 310: f=153.04642
BFGS iter 311: f=153.04471
BFGS iter 312: f=153.04391
BFGS iter 313: f=153.04299
BFGS iter 314: f=153.04197
BFGS iter 315: f=153.04055
BFGS iter 316: f=153.03867
BFGS iter 317: f=153.03656
BFGS iter 318: f=153.03507
BFGS iter 319: f=153.03434
BFGS iter 320: f=153.03352
BFGS iter 321: f=153.02767
BFGS iter 322: f=153.00679
BFGS iter 323: f=152.96078
BFGS iter 324: f=152.91988
BFGS iter 325: f=152.88817
BFGS iter 326: f=152.86742
BFGS iter 327: f=152.85868
BFGS iter 328: f=152.84849
BFGS iter 329: f=152.83879
BFGS iter 330: f=152.83263
BFGS iter 331: f=152.82965
BFGS iter 332: f=152.8288
BFGS iter 333: f=152.82853
BFGS iter 334: f=152.8283
BFGS iter 335: f=152.82816
BFGS iter 336: f=152.82803
BFGS iter 337: f=152.82794
BFGS iter 338: f=152.82788
BFGS iter 339: f=152.82783
BFGS iter 340: f=152.82772
BFGS iter 341: f=152.82532
BFGS iter 342: f=152.81584
BFGS iter 343: f=152.76602
BFGS iter 344: f=152.42481
BFGS iter 345: f=151.51579
BFGS iter 346: f=150.8669
BFGS iter 347: f=150.61082
BFGS iter 348: f=150.25363
BFGS iter 349: f=150.10002
BFGS iter 350: f=149.95252
BFGS iter 351: f=149.90913
BFGS iter 352: f=149.80099
BFGS iter 353: f=149.68451
BFGS iter 354: f=149.59049
BFGS iter 355: f=149.51559
BFGS iter 356: f=149.43386
BFGS iter 357: f=149.40248
BFGS iter 358: f=149.3839
BFGS iter 359: f=149.36182
BFGS iter 360: f=149.3207
BFGS iter 361: f=149.25774
BFGS iter 362: f=149.21384
BFGS iter 363: f=149.19721
BFGS iter 364: f=149.17747
BFGS iter 365: f=149.15475
BFGS iter 366: f=149.13192
BFGS iter 367: f=149.10847
BFGS iter 368: f=149.09275
BFGS iter 369: f=149.08155
BFGS iter 370: f=149.07066
BFGS iter 371: f=149.06391
BFGS iter 372: f=149.05716
BFGS iter 373: f=149.05089
BFGS iter 374: f=149.04433
BFGS iter 375: f=149.04018
BFGS iter 376: f=149.03416
BFGS iter 377: f=149.03047
BFGS iter 378: f=149.02834
BFGS iter 379: f=149.02699
BFGS iter 380: f=149.0253
BFGS iter 381: f=149.02333
BFGS iter 382: f=149.02186
BFGS iter 383: f=149.02063
BFGS iter 384: f=149.01974
BFGS iter 385: f=149.0194
BFGS iter 386: f=149.01926
BFGS iter 387: f=149.01918
BFGS iter 388: f=149.01915
BFGS iter 389: f=149.01912
BFGS iter 390: f=149.01909
BFGS iter 391: f=149.01902
BFGS iter 392: f=149.01847
BFGS iter 393: f=149.01492
BFGS iter 394: f=148.99518
BFGS iter 395: f=148.92404
BFGS iter 396: f=148.63403
BFGS iter 397: f=148.52753
BFGS iter 398: f=148.3243
BFGS iter 399: f=148.02078
BFGS iter 400: f=139.84416
BFGS iter 401: f=139.83913
BFGS iter 402: f=139.76585
BFGS iter 403: f=139.66696
BFGS iter 404: f=139.51582
BFGS iter 405: f=139.36764
BFGS iter 406: f=139.17911
BFGS iter 407: f=139.1356
BFGS iter 408: f=139.03279
BFGS iter 409: f=138.80356
BFGS iter 410: f=138.74903
BFGS iter 411: f=138.66927
BFGS iter 412: f=138.64456
BFGS iter 413: f=138.617
BFGS iter 414: f=138.59397
BFGS iter 415: f=138.57261
BFGS iter 416: f=138.53302
BFGS iter 417: f=138.50001
BFGS iter 418: f=138.47512
BFGS iter 419: f=138.44777
BFGS iter 420: f=138.43032
BFGS iter 421: f=138.40485
BFGS iter 422: f=138.38523
BFGS iter 423: f=138.35849
BFGS iter 424: f=138.32838
BFGS iter 425: f=138.29065
BFGS iter 426: f=138.23199
BFGS iter 427: f=138.21721
BFGS iter 428: f=138.21213
BFGS iter 429: f=138.20897
BFGS iter 430: f=138.20763
BFGS iter 431: f=138.20653
BFGS iter 432: f=138.20391
BFGS iter 433: f=138.19711
BFGS iter 434: f=138.18752
BFGS iter 435: f=138.17803
BFGS iter 436: f=138.17289
BFGS iter 437: f=138.16675
BFGS iter 438: f=138.1185
BFGS iter 439: f=138.07941
BFGS iter 440: f=138.03963
BFGS iter 441: f=138.01829
BFGS iter 442: f=138.00288
BFGS iter 443: f=137.98861
BFGS iter 444: f=137.97301
BFGS iter 445: f=137.95322
BFGS iter 446: f=137.93433
BFGS iter 447: f=137.91565
BFGS iter 448: f=137.90468
BFGS iter 449: f=137.89345
BFGS iter 450: f=137.88886
BFGS iter 451: f=137.87657
BFGS iter 452: f=137.84252
BFGS iter 453: f=137.74555
BFGS iter 454: f=137.68108
BFGS iter 455: f=137.62192
BFGS iter 456: f=137.50446
BFGS iter 457: f=137.40252
BFGS iter 458: f=137.27001
BFGS iter 459: f=137.16441
BFGS iter 460: f=137.08282
BFGS iter 461: f=136.9662
BFGS iter 462: f=136.88019
BFGS iter 463: f=136.83605
BFGS iter 464: f=136.80836
BFGS iter 465: f=136.79483
BFGS iter 466: f=136.7832
BFGS iter 467: f=136.76747
BFGS iter 468: f=136.75513
BFGS iter 469: f=136.74331
BFGS iter 470: f=136.73218
BFGS iter 471: f=136.72704
BFGS iter 472: f=136.72412
BFGS iter 473: f=136.72032
BFGS iter 474: f=136.71555
BFGS iter 475: f=136.71423
BFGS iter 476: f=136.71255
BFGS iter 477: f=136.71189
BFGS iter 478: f=136.71016
BFGS iter 479: f=136.70764
BFGS iter 480: f=136.70606
BFGS iter 481: f=136.70477
BFGS iter 482: f=136.7039
BFGS iter 483: f=136.70337
BFGS iter 484: f=136.70308
BFGS iter 485: f=136.70272
BFGS iter 486: f=136.70185
BFGS iter 487: f=136.6997
BFGS iter 488: f=136.68723
BFGS iter 489: f=136.66941
BFGS iter 490: f=136.65187
BFGS iter 491: f=136.62901
BFGS iter 492: f=136.60359
BFGS iter 493: f=136.58618
BFGS iter 494: f=136.56778
BFGS iter 495: f=136.56175
BFGS iter 496: f=136.55588
BFGS iter 497: f=136.55278
BFGS iter 498: f=136.54922
BFGS iter 499: f=136.54056
BFGS iter 500: f=136.53335
BFGS iter 501: f=136.51835
BFGS iter 502: f=136.50877
BFGS iter 503: f=136.49994
BFGS iter 504: f=136.49372
BFGS iter 505: f=136.48817
BFGS iter 506: f=136.47876
BFGS iter 507: f=136.46607
BFGS iter 508: f=136.46277
BFGS iter 509: f=136.46034
BFGS iter 510: f=136.4584
BFGS iter 511: f=136.45735
BFGS iter 512: f=136.45518
BFGS iter 513: f=136.45433
BFGS iter 514: f=136.4539
BFGS iter 515: f=136.45337
BFGS iter 516: f=136.45246
BFGS iter 517: f=136.44986
BFGS iter 518: f=136.44448
BFGS iter 519: f=136.43135
BFGS iter 520: f=136.42387
BFGS iter 521: f=136.42013
BFGS iter 522: f=136.41655
BFGS iter 523: f=136.41378
BFGS iter 524: f=136.41137
BFGS iter 525: f=136.40964
BFGS iter 526: f=136.40764
BFGS iter 527: f=136.40627
BFGS iter 528: f=136.40431
BFGS iter 529: f=136.40016
BFGS iter 530: f=136.39416
BFGS iter 531: f=136.38995
BFGS iter 532: f=136.38668
BFGS iter 533: f=136.38514
BFGS iter 534: f=136.38292
BFGS iter 535: f=136.37962
BFGS iter 536: f=136.37502
BFGS iter 537: f=136.37187
BFGS iter 538: f=136.36955
BFGS iter 539: f=136.36342
BFGS iter 540: f=136.35731
BFGS iter 541: f=136.3511
BFGS iter 542: f=136.3461
BFGS iter 543: f=136.33483
BFGS iter 544: f=136.31039
BFGS iter 545: f=136.29991
BFGS iter 546: f=136.28975
BFGS iter 547: f=136.28729
BFGS iter 548: f=136.28657
BFGS iter 549: f=136.28628
BFGS iter 550: f=136.2862
BFGS iter 551: f=136.28615
BFGS iter 552: f=136.28611
BFGS iter 553: f=136.28609
BFGS iter 554: f=136.28608
BFGS iter 555: f=136.28607
BFGS iter 556: f=136.28604
BFGS iter 557: f=136.28593
BFGS iter 558: f=136.2843
BFGS iter 559: f=136.28139
BFGS iter 560: f=136.2787
BFGS iter 561: f=136.27713
BFGS iter 562: f=136.27566
BFGS iter 563: f=136.27478
BFGS iter 564: f=136.27376
BFGS iter 565: f=136.27211
BFGS iter 566: f=136.26826
BFGS iter 567: f=136.26515
BFGS iter 568: f=136.26251
BFGS iter 569: f=136.25976
BFGS iter 570: f=136.25744
BFGS iter 571: f=136.25494
BFGS iter 572: f=136.2497
BFGS iter 573: f=136.24324
BFGS iter 574: f=136.23373
BFGS iter 575: f=136.21423
BFGS iter 576: f=136.15922
BFGS iter 577: f=136.14549
BFGS iter 578: f=136.10283
BFGS iter 579: f=136.07629
BFGS iter 580: f=136.02738
BFGS iter 581: f=136.02025
BFGS iter 582: f=135.9943
BFGS iter 583: f=135.9822
BFGS iter 584: f=135.97615
BFGS iter 585: f=135.97377
BFGS iter 586: f=135.97028
BFGS iter 587: f=135.95487
BFGS iter 588: f=135.94152
BFGS iter 589: f=135.92551
BFGS iter 590: f=135.91561
BFGS iter 591: f=135.90745
BFGS iter 592: f=135.9019
BFGS iter 593: f=135.8931
BFGS iter 594: f=135.88432
BFGS iter 595: f=135.8694
BFGS iter 596: f=135.84176
BFGS iter 597: f=135.83308
BFGS iter 598: f=135.81931
BFGS iter 599: f=135.8091
BFGS iter 600: f=135.80083
BFGS iter 601: f=135.78953
BFGS iter 602: f=135.77508
BFGS iter 603: f=135.77069
BFGS iter 604: f=135.76677
BFGS iter 605: f=135.76031
BFGS iter 606: f=135.75818
BFGS iter 607: f=135.75582
BFGS iter 608: f=135.7544
BFGS iter 609: f=135.75267
BFGS iter 610: f=135.75039
BFGS iter 611: f=135.74944
BFGS iter 612: f=135.74884
BFGS iter 613: f=135.74858
BFGS iter 614: f=135.74838
BFGS iter 615: f=135.74828
BFGS iter 616: f=135.74795
BFGS iter 617: f=135.74718
BFGS iter 618: f=135.74606
BFGS iter 619: f=135.74538
BFGS iter 620: f=135.74511
BFGS iter 621: f=135.7449
BFGS iter 622: f=135.74463
BFGS iter 623: f=135.74405
BFGS iter 624: f=135.74328
BFGS iter 625: f=135.74284
BFGS iter 626: f=135.74274
BFGS iter 627: f=135.74268
BFGS iter 628: f=135.74263
BFGS iter 629: f=135.74259
BFGS iter 630: f=135.74256
BFGS iter 631: f=135.74249
BFGS iter 632: f=135.7422
BFGS iter 633: f=135.74151
BFGS iter 634: f=135.74133
BFGS iter 635: f=135.74118
BFGS iter 636: f=135.74107
BFGS iter 637: f=135.74099
BFGS iter 638: f=135.74095
BFGS iter 639: f=135.74092
BFGS iter 640: f=135.74091
BFGS iter 641: f=135.74091
BFGS iter 642: f=135.74089
BFGS iter 643: f=135.74008
BFGS iter 644: f=135.73365
BFGS iter 645: f=135.72001
BFGS iter 646: f=135.67426
BFGS iter 647: f=135.5859
BFGS iter 648: f=135.46606
BFGS iter 649: f=135.39294
BFGS iter 650: f=135.28795
BFGS iter 651: f=135.13191
BFGS iter 652: f=135.01912
BFGS iter 653: f=134.94074
BFGS iter 654: f=134.90059
BFGS iter 655: f=134.88332
BFGS iter 656: f=134.87795
BFGS iter 657: f=134.87197
BFGS iter 658: f=134.86812
BFGS iter 659: f=134.86287
BFGS iter 660: f=134.85003
BFGS iter 661: f=134.82279
BFGS iter 662: f=134.81563
BFGS iter 663: f=134.80428
BFGS iter 664: f=134.79926
BFGS iter 665: f=134.7952
BFGS iter 666: f=134.7913
BFGS iter 667: f=134.7869
BFGS iter 668: f=134.78445
BFGS iter 669: f=134.78244
BFGS iter 670: f=134.78121
BFGS iter 671: f=134.77882
BFGS iter 672: f=134.77488
BFGS iter 673: f=134.77264
BFGS iter 674: f=134.77063
BFGS iter 675: f=134.76617
BFGS iter 676: f=134.75069
BFGS iter 677: f=134.73885
BFGS iter 678: f=134.72287
BFGS iter 679: f=134.67638
BFGS iter 680: f=134.66104
BFGS iter 681: f=134.64518
BFGS iter 682: f=134.63507
BFGS iter 683: f=134.62739
BFGS iter 684: f=134.6211
BFGS iter 685: f=134.61112
BFGS iter 686: f=134.59999
BFGS iter 687: f=134.58873
BFGS iter 688: f=134.579
BFGS iter 689: f=134.56878
BFGS iter 690: f=134.55457
BFGS iter 691: f=134.54874
BFGS iter 692: f=134.53881
BFGS iter 693: f=134.52581
BFGS iter 694: f=134.51882
BFGS iter 695: f=134.5081
BFGS iter 696: f=134.5007
BFGS iter 697: f=134.49515
BFGS iter 698: f=134.49053
BFGS iter 699: f=134.48236
BFGS iter 700: f=134.4778
BFGS iter 701: f=134.47261
BFGS iter 702: f=134.47016
BFGS iter 703: f=134.46647
BFGS iter 704: f=134.4627
BFGS iter 705: f=134.45858
BFGS iter 706: f=134.45451
BFGS iter 707: f=134.44966
BFGS iter 708: f=134.43941
BFGS iter 709: f=134.43264
BFGS iter 710: f=134.42881
BFGS iter 711: f=134.42156
BFGS iter 712: f=134.41975
BFGS iter 713: f=134.41592
BFGS iter 714: f=134.41292
BFGS iter 715: f=134.40734
BFGS iter 716: f=134.40174
BFGS iter 717: f=134.39754
BFGS iter 718: f=134.39367
BFGS iter 719: f=134.38765
BFGS iter 720: f=134.38213
BFGS iter 721: f=134.37538
BFGS iter 722: f=134.37351
BFGS iter 723: f=134.37064
BFGS iter 724: f=134.36762
BFGS iter 725: f=134.36586
BFGS iter 726: f=134.36339
BFGS iter 727: f=134.36137
BFGS iter 728: f=134.35931
BFGS iter 729: f=134.35738
BFGS iter 730: f=134.35482
BFGS iter 731: f=134.35241
BFGS iter 732: f=134.35063
BFGS iter 733: f=134.34889
BFGS iter 734: f=134.34789
BFGS iter 735: f=134.3464
BFGS iter 736: f=134.34556
BFGS iter 737: f=134.34478
BFGS iter 738: f=134.34363
BFGS iter 739: f=134.3433
BFGS iter 740: f=134.34266
BFGS iter 741: f=134.34226
BFGS iter 742: f=134.34196
BFGS iter 743: f=134.34167
BFGS iter 744: f=134.34142
BFGS iter 745: f=134.34121
BFGS iter 746: f=134.34099
BFGS iter 747: f=134.34084
BFGS iter 748: f=134.34077
BFGS iter 749: f=134.34071
BFGS iter 750: f=134.34063
BFGS iter 751: f=134.34053
BFGS iter 752: f=134.34041
BFGS iter 753: f=134.34005
BFGS iter 754: f=134.33967
BFGS iter 755: f=134.33881
BFGS iter 756: f=134.338
BFGS iter 757: f=134.33777
BFGS iter 758: f=134.33736
BFGS iter 759: f=134.33715
BFGS iter 760: f=134.33702
BFGS iter 761: f=134.33693
BFGS iter 762: f=134.33685
BFGS iter 763: f=134.33673
BFGS iter 764: f=134.33658
BFGS iter 765: f=134.33643
BFGS iter 766: f=134.33634
BFGS iter 767: f=134.33633
BFGS iter 768: f=134.33631
BFGS iter 769: f=134.33631
BFGS iter 770: f=134.33631
BFGS iter 771: f=134.3363
BFGS iter 772: f=134.33629
BFGS iter 773: f=134.33627
BFGS iter 774: f=134.33619
BFGS iter 775: f=134.33592
BFGS iter 776: f=134.33466
BFGS iter 777: f=134.33298
BFGS iter 778: f=134.33224
BFGS iter 779: f=134.32812
BFGS iter 780: f=134.32295
BFGS iter 781: f=134.31254
BFGS iter 782: f=134.30868
BFGS iter 783: f=134.29634
BFGS iter 784: f=134.28162
BFGS iter 785: f=134.27374
BFGS iter 786: f=134.26733
BFGS iter 787: f=134.26016
BFGS iter 788: f=134.24854
BFGS iter 789: f=134.23829
BFGS iter 790: f=134.23376
BFGS iter 791: f=134.22497
BFGS iter 792: f=134.21936
BFGS iter 793: f=134.21463
BFGS iter 794: f=134.20966
BFGS iter 795: f=134.20715
BFGS iter 796: f=134.20596
BFGS iter 797: f=134.20538
BFGS iter 798: f=134.2049
BFGS iter 799: f=134.2041
BFGS iter 800: f=134.2013
BFGS iter 801: f=134.19754
BFGS iter 802: f=134.19168
BFGS iter 803: f=134.18908
BFGS iter 804: f=134.18664
BFGS iter 805: f=134.18053
BFGS iter 806: f=134.15852
BFGS iter 807: f=134.1246
BFGS iter 808: f=134.07557
BFGS iter 809: f=134.04867
BFGS iter 810: f=133.9766
BFGS iter 811: f=133.95893
BFGS iter 812: f=133.94004
BFGS iter 813: f=133.92158
BFGS iter 814: f=133.91261
BFGS iter 815: f=133.90644
BFGS iter 816: f=133.90065
BFGS iter 817: f=133.88848
BFGS iter 818: f=133.87919
BFGS iter 819: f=133.86456
BFGS iter 820: f=133.84969
BFGS iter 821: f=133.83484
BFGS iter 822: f=133.82249
BFGS iter 823: f=133.81559
BFGS iter 824: f=133.80891
BFGS iter 825: f=133.80661
BFGS iter 826: f=133.79676
BFGS iter 827: f=133.78996
BFGS iter 828: f=133.78358
BFGS iter 829: f=133.78144
BFGS iter 830: f=133.77978
BFGS iter 831: f=133.77854
BFGS iter 832: f=133.77755
BFGS iter 833: f=133.77666
BFGS iter 834: f=133.77553
BFGS iter 835: f=133.77332
BFGS iter 836: f=133.77007
BFGS iter 837: f=133.76481
BFGS iter 838: f=133.76108
BFGS iter 839: f=133.7564
BFGS iter 840: f=133.74814
BFGS iter 841: f=133.74265
BFGS iter 842: f=133.7291
BFGS iter 843: f=133.72179
BFGS iter 844: f=133.71656
BFGS iter 845: f=133.71301
BFGS iter 846: f=133.71059
BFGS iter 847: f=133.70891
BFGS iter 848: f=133.70762
BFGS iter 849: f=133.70605
BFGS iter 850: f=133.70371
BFGS iter 851: f=133.69977
BFGS iter 852: f=133.69137
BFGS iter 853: f=133.6872
BFGS iter 854: f=133.6753
BFGS iter 855: f=133.65729
BFGS iter 856: f=133.6504
BFGS iter 857: f=133.641
BFGS iter 858: f=133.63581
BFGS iter 859: f=133.62615
BFGS iter 860: f=133.62006
BFGS iter 861: f=133.6154
BFGS iter 862: f=133.60483
BFGS iter 863: f=133.59411
BFGS iter 864: f=133.58363
BFGS iter 865: f=133.57357
BFGS iter 866: f=133.5626
BFGS iter 867: f=133.5562
BFGS iter 868: f=133.54805
BFGS iter 869: f=133.53706
BFGS iter 870: f=133.53135
BFGS iter 871: f=133.52068
BFGS iter 872: f=133.51634
BFGS iter 873: f=133.51344
BFGS iter 874: f=133.50794
BFGS iter 875: f=133.50546
BFGS iter 876: f=133.50222
BFGS iter 877: f=133.49877
BFGS iter 878: f=133.4958
BFGS iter 879: f=133.49353
BFGS iter 880: f=133.49232
BFGS iter 881: f=133.49141
BFGS iter 882: f=133.49074
BFGS iter 883: f=133.49031
BFGS iter 884: f=133.48993
BFGS iter 885: f=133.48965
BFGS iter 886: f=133.4894
BFGS iter 887: f=133.48909
BFGS iter 888: f=133.48887
BFGS iter 889: f=133.48864
BFGS iter 890: f=133.48844
BFGS iter 891: f=133.48814
BFGS iter 892: f=133.4878
BFGS iter 893: f=133.48684
BFGS iter 894: f=133.48366
BFGS iter 895: f=133.47857
BFGS iter 896: f=133.47109
BFGS iter 897: f=133.46276
BFGS iter 898: f=133.44983
BFGS iter 899: f=133.43499
BFGS iter 900: f=133.43137
BFGS iter 901: f=133.40713
BFGS iter 902: f=133.35649
BFGS iter 903: f=133.34117
BFGS iter 904: f=133.32724
BFGS iter 905: f=133.31987
BFGS iter 906: f=133.31011
BFGS iter 907: f=133.29881
BFGS iter 908: f=133.28609
BFGS iter 909: f=133.27768
BFGS iter 910: f=133.27099
BFGS iter 911: f=133.26675
BFGS iter 912: f=133.26396
BFGS iter 913: f=133.26179
BFGS iter 914: f=133.25969
BFGS iter 915: f=133.25781
BFGS iter 916: f=133.25684
BFGS iter 917: f=133.25627
BFGS iter 918: f=133.25575
BFGS iter 919: f=133.25496
BFGS iter 920: f=133.25441
BFGS iter 921: f=133.2535
BFGS iter 922: f=133.25307
BFGS iter 923: f=133.25289
BFGS iter 924: f=133.25276
BFGS iter 925: f=133.25256
BFGS iter 926: f=133.25209
BFGS iter 927: f=133.25083
BFGS iter 928: f=133.24428
BFGS iter 929: f=133.23907
BFGS iter 930: f=133.23014
BFGS iter 931: f=133.22293
BFGS iter 932: f=133.20218
BFGS iter 933: f=133.19351
BFGS iter 934: f=133.1813
BFGS iter 935: f=133.17763
BFGS iter 936: f=133.16927
BFGS iter 937: f=133.16151
BFGS iter 938: f=133.15057
BFGS iter 939: f=133.13616
BFGS iter 940: f=133.13137
BFGS iter 941: f=133.1242
BFGS iter 942: f=133.11941
BFGS iter 943: f=133.11668
BFGS iter 944: f=133.10967
BFGS iter 945: f=133.10574
BFGS iter 946: f=133.09956
BFGS iter 947: f=133.09636
BFGS iter 948: f=133.09369
BFGS iter 949: f=133.09001
BFGS iter 950: f=133.08843
BFGS iter 951: f=133.08663
BFGS iter 952: f=133.08543
BFGS iter 953: f=133.08366
BFGS iter 954: f=133.08251
BFGS iter 955: f=133.08193
BFGS iter 956: f=133.08084
BFGS iter 957: f=133.0804
BFGS iter 958: f=133.08001
BFGS iter 959: f=133.07986
BFGS iter 960: f=133.07969
BFGS iter 961: f=133.07955
BFGS iter 962: f=133.07944
BFGS iter 963: f=133.07935
BFGS iter 964: f=133.07928
BFGS iter 965: f=133.07917
BFGS iter 966: f=133.0791
BFGS iter 967: f=133.07891
BFGS iter 968: f=133.07858
BFGS iter 969: f=133.0783
BFGS iter 970: f=133.07746
BFGS iter 971: f=133.07596
BFGS iter 972: f=133.07462
BFGS iter 973: f=133.07083
BFGS iter 974: f=133.06872
BFGS iter 975: f=133.06444
BFGS iter 976: f=133.06142
BFGS iter 977: f=133.05346
BFGS iter 978: f=133.04745
BFGS iter 979: f=133.04562
BFGS iter 980: f=133.04062
BFGS iter 981: f=133.03905
BFGS iter 982: f=133.03816
BFGS iter 983: f=133.03795
BFGS iter 984: f=133.03791
BFGS iter 985: f=133.03789
BFGS iter 986: f=133.03788
BFGS iter 987: f=133.03788
BFGS iter 988: f=133.03787
BFGS iter 989: f=133.03786
BFGS iter 990: f=133.03773
BFGS iter 991: f=133.03696
BFGS iter 992: f=133.03517
BFGS iter 993: f=133.03313
BFGS iter 994: f=133.03111
BFGS iter 995: f=133.02872
BFGS iter 996: f=133.02503
BFGS iter 997: f=133.02303
BFGS iter 998: f=133.02164
BFGS iter 999: f=133.01979
BFGS ended due to small decr. in 50 iterations
step limit reached
MTPR training ended
Rescaling...
   scaling = 0.0095296327, condition number = 95.460636
   scaling = 0.010395963, condition number = 83.900288
   scaling = 0.011435559, condition number = 70.201122
   scaling = 0.012579115, condition number = 62.639084
   scaling = 0.013722671, condition number = 57.460386
Rescaling to 0.013722671... done
Rescaling...
   scaling = 0.011435559, condition number = 70.201122
   scaling = 0.012475156, condition number = 62.606152
   scaling = 0.013722671, condition number = 57.460386
   scaling = 0.015094938, condition number = 50.798
   scaling = 0.016467205, condition number = 51.222365
Rescaling to 0.015094938... done
Rescaling...
   scaling = 0.012579115, condition number = 62.639084
   scaling = 0.013722671, condition number = 57.460386
   scaling = 0.015094938, condition number = 50.798
   scaling = 0.016604432, condition number = 51.267095
   scaling = 0.018113926, condition number = 51.785765
Rescaling to 0.015094938... done
_________________Errors report_________________
Energy:
	Errors checked for 50 configurations
	Maximal absolute difference = 71.3993
	Average absolute difference = 8.2868
	RMS     absolute difference = 13.1297

Energy per atom:
	Errors checked for 50 configurations
	Maximal absolute difference = 4.46245
	Average absolute difference = 0.517925
	RMS     absolute difference = 0.820608

Forces:
	Errors checked for 800 atoms
	Maximal absolute difference = 186.128
	Average absolute difference = 15.7867
	RMS     absolute difference = 24.1676
	Max(ForceDiff) / Max(Force) = 0.0238295
	RMS(ForceDiff) / RMS(Force) = 0.042712

Stresses (in energy units):
	Errors checked for 50 configurations
	Maximal absolute difference = 1016.96
	Average absolute difference = 556.757
	RMS     absolute difference = 602.724
	Max(StresDiff) / Max(Stres) = 18.0385
	RMS(StresDiff) / RMS(Stres) = 32.7307

Virial stresses (in pressure units):
	Errors checked for 50 configurations
	Maximal absolute difference = 6538.24
	Average absolute difference = 2386.27
	RMS     absolute difference = 2846.19
	Max(StresDiff) / Max(Stres) = 16.0096
	RMS(StresDiff) / RMS(Stres) = 26.742
_______________________________________________

	batch_size = 9999
	swap_limit = 0
	weight_scaling = 2
	energy_weight = 1.000000
	force_weight = 0.000000
	init_value = 0.000001
	site_en_weight = 0.000000
	stress_weight = 0.000000
	threshold = 1.001000
Selection: state saved to "mtp_initial.mtp"
training complete
