Selection data was not found in MTP and will be set
Selection by configurations is set
WARNING: File mtp_initial.mtp already exists and will be overwritten during the training procedure!
Basic trainer initialization complete
	auto-minmax-magmom = false
	init_random = false
	no_mindist_update = false
	skip_preinit = false
	iteration_limit = 1000
	weight_scaling = 1
	weight_scaling_forces = 0
	energy_weight = 1.000000
	force_weight = 0.010000
	penalty_weight = 0.000001
	scale_by_force = 0.000000
	select_factor = 1.000000
	stress_weight = 0.001000
	tolerance = 0.001000
	log = stdout
	save_to = mtp_initial.mtp
10 configurations found in the training set
Following atomic numbers will be added to the MTP potential: 0
Minimal interatomic distance in the training set is 3.17326. MTP's mindist will be updated
Rescaling...
   scaling = 0.83333333, condition number = 3086.9283
   scaling = 0.90909091, condition number = 16682.253
   scaling = 1, condition number = 10554.436
   scaling = 1.1, condition number = 29425.054
   scaling = 1.2, condition number = 37757.572
Rescaling to 0.83333333... done
Rescaling...
   scaling = 0.69444444, condition number = 7414.7326
   scaling = 0.75757576, condition number = 9595.5389
   scaling = 0.83333333, condition number = 12734.811
   scaling = 0.91666667, condition number = 16909.807
   scaling = 1, condition number = 21914.96
Rescaling to 0.69444444... done
Rescaling...
   scaling = 0.5787037, condition number = 4328.6936
   scaling = 0.63131313, condition number = 5594.5695
   scaling = 0.69444444, condition number = 7414.7326
   scaling = 0.76388889, condition number = 9835.4827
   scaling = 0.83333333, condition number = 12734.811
Rescaling to 0.5787037... done
Rescaling...
   scaling = 0.48225309, condition number = 2537.9299
   scaling = 0.52609428, condition number = 3272.8409
   scaling = 0.5787037, condition number = 4328.6936
   scaling = 0.63657407, condition number = 5732.6903
   scaling = 0.69444444, condition number = 7414.7326
Rescaling to 0.48225309... done
Rescaling...
   scaling = 0.40187757, condition number = 1496.3593
   scaling = 0.4384119, condition number = 1923.7595
   scaling = 0.48225309, condition number = 2537.9299
   scaling = 0.5304784, condition number = 3353.1117
   scaling = 0.5787037, condition number = 4328.6936
Rescaling to 0.40187757... done
Rescaling...
   scaling = 0.33489798, condition number = 889.84279
   scaling = 0.36534325, condition number = 1138.8422
   scaling = 0.40187757, condition number = 1496.3593
   scaling = 0.44206533, condition number = 1970.3435
   scaling = 0.48225309, condition number = 2537.9451
Rescaling to 0.33489798... done
Rescaling...
   scaling = 0.27908165, condition number = 535.87254
   scaling = 0.30445271, condition number = 681.33653
   scaling = 0.33489798, condition number = 889.84279
   scaling = 0.36838777, condition number = 1166.1228
   scaling = 0.40187757, condition number = 1496.3593
Rescaling to 0.27908165... done
Rescaling...
   scaling = 0.23256804, condition number = 326.35259
   scaling = 0.25371059, condition number = 385.75427
   scaling = 0.27908165, condition number = 535.87254
   scaling = 0.30698981, condition number = 697.23561
   scaling = 0.33489798, condition number = 889.84279
Rescaling to 0.23256804... done
Rescaling...
   scaling = 0.1938067, condition number = 206.78959
   scaling = 0.21142549, condition number = 256.96031
   scaling = 0.23256804, condition number = 326.35259
   scaling = 0.25582484, condition number = 397.73308
   scaling = 0.27908165, condition number = 535.87254
Rescaling to 0.1938067... done
Rescaling...
   scaling = 0.16150558, condition number = 134.91209
   scaling = 0.17618791, condition number = 164.57273
   scaling = 0.1938067, condition number = 206.78959
   scaling = 0.21318737, condition number = 262.44037
   scaling = 0.23256804, condition number = 326.35259
Rescaling to 0.16150558... done
Rescaling...
   scaling = 0.13458799, condition number = 92.232769
   scaling = 0.14682326, condition number = 109.87173
   scaling = 0.16150558, condition number = 134.91209
   scaling = 0.17765614, condition number = 167.80503
   scaling = 0.1938067, condition number = 206.79485
Rescaling to 0.13458799... done
Rescaling...
   scaling = 0.11215665, condition number = 66.688976
   scaling = 0.12235271, condition number = 77.284617
   scaling = 0.13458799, condition number = 92.232769
   scaling = 0.14804678, condition number = 111.79545
   scaling = 0.16150558, condition number = 134.91209
Rescaling to 0.11215665... done
Rescaling...
   scaling = 0.093463879, condition number = 52.751026
   scaling = 0.1019606, condition number = 64.529701
   scaling = 0.11215665, condition number = 66.688976
   scaling = 0.12337232, condition number = 78.430254
   scaling = 0.13458799, condition number = 92.232769
Rescaling to 0.093463879... done
Rescaling...
   scaling = 0.077886566, condition number = 44.502368
   scaling = 0.084967163, condition number = 46.094593
   scaling = 0.093463879, condition number = 52.751026
   scaling = 0.10281027, condition number = 64.237094
   scaling = 0.11215665, condition number = 66.688976
Rescaling to 0.077886566... done
Rescaling...
   scaling = 0.064905472, condition number = 36.62953
   scaling = 0.070805969, condition number = 40.752687
   scaling = 0.077886566, condition number = 44.502368
   scaling = 0.085675222, condition number = 46.140697
   scaling = 0.093463879, condition number = 52.75135
Rescaling to 0.064905472... done
Rescaling...
   scaling = 0.054087893, condition number = 28.207418
   scaling = 0.059004974, condition number = 32.19305
   scaling = 0.064905472, condition number = 36.62953
   scaling = 0.071396019, condition number = 41.424754
   scaling = 0.077886566, condition number = 44.503103
Rescaling to 0.054087893... done
Rescaling...
   scaling = 0.045073244, condition number = 24.958997
   scaling = 0.049170812, condition number = 26.122181
   scaling = 0.054087893, condition number = 28.207418
   scaling = 0.059496682, condition number = 32.858625
   scaling = 0.064905472, condition number = 36.62953
Rescaling to 0.045073244... done
Rescaling...
   scaling = 0.037561037, condition number = 40.214924
   scaling = 0.040975676, condition number = 41.617784
   scaling = 0.045073244, condition number = 24.958997
   scaling = 0.049580569, condition number = 26.299421
   scaling = 0.054087893, condition number = 28.207309
Rescaling to 0.045073244... done
Pre-training started
MTPR training started on 1 core(s)
BFGS iter 0: f=0.0005297723
BFGS iter 1: f=0.00052976626
BFGS iter 2: f=0.00052976117
BFGS iter 3: f=0.00052974876
BFGS iter 4: f=0.00052970664
BFGS iter 5: f=0.00052917244
BFGS iter 6: f=0.00052865162
BFGS iter 7: f=0.00052618038
BFGS iter 8: f=0.00052084693
BFGS iter 9: f=0.00051516912
BFGS iter 10: f=0.00049480727
BFGS iter 11: f=0.00047679488
BFGS iter 12: f=0.00046691712
BFGS iter 13: f=0.00046246211
BFGS iter 14: f=0.00045074946
BFGS iter 15: f=0.00044801997
BFGS iter 16: f=0.00044687943
BFGS iter 17: f=0.00044655176
BFGS iter 18: f=0.00044636403
BFGS iter 19: f=0.00044632183
BFGS iter 20: f=0.00044631396
BFGS iter 21: f=0.00044631236
BFGS iter 22: f=0.00044631219
BFGS iter 23: f=0.00044631166
BFGS iter 24: f=0.00044630516
BFGS iter 25: f=0.00043920593
BFGS iter 26: f=0.00043920341
BFGS iter 27: f=0.00043919757
BFGS iter 28: f=0.00043918189
BFGS iter 29: f=0.000438977
BFGS iter 30: f=0.00043895514
BFGS iter 31: f=0.00043869858
BFGS iter 32: f=0.00043720225
BFGS iter 33: f=0.00043546578
BFGS iter 34: f=0.00043487908
BFGS iter 35: f=0.00043445606
BFGS iter 36: f=0.00043419466
BFGS iter 37: f=0.00043388552
BFGS iter 38: f=0.00043377457
BFGS iter 39: f=0.00043374695
BFGS iter 40: f=0.00043372766
BFGS iter 41: f=0.00043372632
BFGS iter 42: f=0.00043372579
BFGS iter 43: f=0.00043372505
BFGS iter 44: f=0.00043370252
BFGS iter 45: f=0.00043369559
BFGS iter 46: f=0.00043368068
BFGS iter 47: f=0.00043366797
BFGS iter 48: f=0.00043365171
BFGS iter 49: f=0.00043364244
BFGS iter 50: f=0.0004336285
BFGS iter 51: f=0.00043360751
BFGS iter 52: f=0.00043358162
BFGS iter 53: f=0.00043356832
BFGS iter 54: f=0.00043355581
BFGS iter 55: f=0.00043353135
BFGS iter 56: f=0.00043352039
BFGS iter 57: f=0.00043350492
BFGS iter 58: f=0.00043347719
BFGS iter 59: f=0.00043345859
BFGS iter 60: f=0.00043344234
BFGS iter 61: f=0.00043340423
BFGS iter 62: f=0.00043337197
BFGS iter 63: f=0.00043335845
BFGS iter 64: f=0.00043333045
BFGS iter 65: f=0.00043330684
BFGS iter 66: f=0.00043325797
BFGS iter 67: f=0.00043322031
BFGS iter 68: f=0.00043319349
BFGS iter 69: f=0.00043316445
BFGS iter 70: f=0.00041886254
BFGS iter 71: f=0.00041886109
BFGS iter 72: f=0.00041885856
BFGS iter 73: f=0.00041877371
BFGS iter 74: f=0.0004184897
step limit reached
MTPR training ended
Rescaling...
   scaling = 0.037561037, condition number = 31.218762
   scaling = 0.040975676, condition number = 27.604992
   scaling = 0.045073244, condition number = 20.552738
   scaling = 0.049580569, condition number = 19.934753
   scaling = 0.054087893, condition number = 28.811291
Rescaling to 0.049580569... done
Rescaling...
   scaling = 0.04131714, condition number = 26.776289
   scaling = 0.045073244, condition number = 20.552738
   scaling = 0.049580569, condition number = 19.934753
   scaling = 0.054538625, condition number = 30.365781
   scaling = 0.059496682, condition number = 35.154038
Rescaling to 0.049580569... done
Pre-training ended
Iteration limit is 1000
Convergence tolerance is 0.001
Energy weight: 1
Force weight: 0.01
Stress weight: 0.001
MTPR training started on 1 core(s)
BFGS iter 0: f=0.0004142004
BFGS iter 1: f=0.00041420027
BFGS iter 2: f=0.00041419972
BFGS iter 3: f=0.00041419497
BFGS iter 4: f=0.00041414925
BFGS iter 5: f=0.00041414738
BFGS iter 6: f=0.00041413413
BFGS iter 7: f=0.00041402383
BFGS iter 8: f=0.00041378325
BFGS iter 9: f=0.00041316492
BFGS iter 10: f=0.00041265258
BFGS iter 11: f=0.00041220157
BFGS iter 12: f=0.00041203542
BFGS iter 13: f=0.00041191044
BFGS iter 14: f=0.00041183435
BFGS iter 15: f=0.00041180761
BFGS iter 16: f=0.00041179774
BFGS iter 17: f=0.00041179679
BFGS iter 18: f=0.00041179614
BFGS iter 19: f=0.00041179219
BFGS iter 20: f=0.00041178542
BFGS iter 21: f=0.00041177004
BFGS iter 22: f=0.0004117625
BFGS iter 23: f=0.00041174229
BFGS iter 24: f=0.00041173202
BFGS iter 25: f=0.00041055216
BFGS iter 26: f=0.00041055193
BFGS iter 27: f=0.00041055098
BFGS iter 28: f=0.00041054774
BFGS iter 29: f=0.00041053979
BFGS iter 30: f=0.00041047888
BFGS iter 31: f=0.00041045388
BFGS iter 32: f=0.0004102703
BFGS iter 33: f=0.00041000274
BFGS iter 34: f=0.00040989443
BFGS iter 35: f=0.00040977397
BFGS iter 36: f=0.00040969044
BFGS iter 37: f=0.00040958995
BFGS iter 38: f=0.00040957514
BFGS iter 39: f=0.00040956926
BFGS iter 40: f=0.00040956759
BFGS iter 41: f=0.00040956708
BFGS iter 42: f=0.00040956463
BFGS iter 43: f=0.0004095572
BFGS iter 44: f=0.00040955153
BFGS iter 45: f=0.0004095478
BFGS iter 46: f=0.00040953826
BFGS iter 47: f=0.00040953034
BFGS iter 48: f=0.00040952125
BFGS iter 49: f=0.00040951131
BFGS iter 50: f=0.0004095022
BFGS iter 51: f=0.00040949519
BFGS iter 52: f=0.00040948316
BFGS iter 53: f=0.00040947438
BFGS iter 54: f=0.0004094621
BFGS iter 55: f=0.00040945231
BFGS iter 56: f=0.00040943906
BFGS iter 57: f=0.00040943271
BFGS iter 58: f=0.00040942098
BFGS iter 59: f=0.00040939807
BFGS iter 60: f=0.00040938094
BFGS iter 61: f=0.00040937157
BFGS iter 62: f=0.00040935471
BFGS iter 63: f=0.0004093356
BFGS iter 64: f=0.00040931807
BFGS iter 65: f=0.00040930378
BFGS iter 66: f=0.00040929482
BFGS iter 67: f=0.00040928273
BFGS iter 68: f=0.00040925874
BFGS iter 69: f=0.00040922222
BFGS iter 70: f=0.00040793438
BFGS iter 71: f=0.000407917
BFGS iter 72: f=0.0004078306
BFGS iter 73: f=0.00040754947
BFGS iter 74: f=0.00040746547
BFGS iter 75: f=0.00040729969
BFGS iter 76: f=0.00040725631
BFGS iter 77: f=0.00040724125
BFGS iter 78: f=0.0004072381
BFGS iter 79: f=0.00040723656
BFGS iter 80: f=0.00040723069
BFGS iter 81: f=0.00040722977
BFGS iter 82: f=0.00040722955
BFGS iter 83: f=0.00040722904
BFGS iter 84: f=0.00040721885
BFGS iter 85: f=0.00040721421
BFGS iter 86: f=0.00040720238
BFGS iter 87: f=0.00040719488
BFGS iter 88: f=0.00040718519
BFGS iter 89: f=0.00040717827
BFGS iter 90: f=0.00040717221
BFGS iter 91: f=0.00040716499
BFGS iter 92: f=0.00040715915
BFGS iter 93: f=0.00040714578
BFGS iter 94: f=0.00040713635
BFGS iter 95: f=0.00040712668
BFGS iter 96: f=0.0004071227
BFGS iter 97: f=0.00040711472
BFGS iter 98: f=0.00040709747
BFGS iter 99: f=0.00040709265
BFGS iter 100: f=0.00040629935
BFGS iter 101: f=0.00040620277
BFGS iter 102: f=0.00040605551
BFGS iter 103: f=0.00040593451
BFGS iter 104: f=0.00040589208
BFGS iter 105: f=0.0004058738
BFGS iter 106: f=0.0004058709
BFGS iter 107: f=0.00040586719
BFGS iter 108: f=0.00040585516
BFGS iter 109: f=0.00040585455
BFGS iter 110: f=0.00040585435
BFGS iter 111: f=0.00040585385
BFGS iter 112: f=0.0004058401
BFGS iter 113: f=0.00040582171
BFGS iter 114: f=0.00040580953
BFGS iter 115: f=0.0004057911
BFGS iter 116: f=0.00040578586
BFGS iter 117: f=0.00040577171
BFGS iter 118: f=0.00040576326
BFGS iter 119: f=0.00040574031
BFGS iter 120: f=0.00040573013
BFGS iter 121: f=0.00040571219
BFGS iter 122: f=0.00040569161
BFGS iter 123: f=0.00040567916
BFGS iter 124: f=0.00040567257
BFGS iter 125: f=0.00040566124
BFGS iter 126: f=0.00040564475
BFGS iter 127: f=0.00040563345
BFGS iter 128: f=0.00040560921
BFGS iter 129: f=0.00040558164
BFGS iter 130: f=0.00040556327
BFGS iter 131: f=0.00040555399
BFGS iter 132: f=0.00040553741
BFGS iter 133: f=0.00040551798
BFGS iter 134: f=0.00040549836
BFGS iter 135: f=0.00040545913
BFGS iter 136: f=0.00040543748
BFGS iter 137: f=0.00040540445
BFGS iter 138: f=0.00040537447
BFGS iter 139: f=0.00040535169
BFGS iter 140: f=0.00040531583
BFGS iter 141: f=0.00040530052
BFGS iter 142: f=0.00040526881
BFGS iter 143: f=0.00040524559
BFGS iter 144: f=0.00040519657
BFGS iter 145: f=0.00040516929
BFGS iter 146: f=0.00040513912
BFGS iter 147: f=0.00040508555
BFGS iter 148: f=0.00040506332
BFGS iter 149: f=0.00040501402
BFGS iter 150: f=0.00040150561
BFGS iter 151: f=0.00040149634
BFGS iter 152: f=0.00040143453
BFGS iter 153: f=0.00040134475
BFGS iter 154: f=0.00040132393
BFGS iter 155: f=0.00040130454
BFGS iter 156: f=0.0004012741
BFGS iter 157: f=0.00040126562
BFGS iter 158: f=0.00040125275
BFGS iter 159: f=0.00040120724
BFGS iter 160: f=0.00040106982
BFGS iter 161: f=0.00040099525
BFGS iter 162: f=0.00040098185
BFGS iter 163: f=0.00040098121
BFGS iter 164: f=0.00040098104
BFGS iter 165: f=0.00040098088
BFGS iter 166: f=0.00040098047
BFGS iter 167: f=0.00040094451
BFGS iter 168: f=0.00040092987
BFGS iter 169: f=0.00040088988
BFGS iter 170: f=0.00040085453
BFGS iter 171: f=0.00040082975
BFGS iter 172: f=0.0004008076
BFGS iter 173: f=0.000400767
BFGS iter 174: f=0.00040073077
BFGS iter 175: f=0.00040071014
BFGS iter 176: f=0.00040070109
BFGS iter 177: f=0.00040068851
BFGS iter 178: f=0.00040065582
BFGS iter 179: f=0.0004006288
BFGS iter 180: f=0.00040061693
BFGS iter 181: f=0.00040060066
BFGS iter 182: f=0.00040056292
BFGS iter 183: f=0.00040054528
BFGS iter 184: f=0.00040051569
BFGS iter 185: f=0.00040050694
BFGS iter 186: f=0.00040048877
BFGS iter 187: f=0.00040045709
BFGS iter 188: f=0.00040044695
BFGS iter 189: f=0.00040042977
BFGS iter 190: f=0.00040042322
BFGS iter 191: f=0.0004004064
BFGS iter 192: f=0.00040038408
BFGS iter 193: f=0.00040036882
BFGS iter 194: f=0.00040034892
BFGS iter 195: f=0.00040033784
BFGS iter 196: f=0.00040032984
BFGS iter 197: f=0.00040032119
BFGS iter 198: f=0.00040031539
BFGS iter 199: f=0.00040030473
BFGS iter 200: f=0.00040028359
BFGS iter 201: f=0.00040025283
BFGS iter 202: f=0.00040022499
BFGS iter 203: f=0.000400206
BFGS iter 204: f=0.00040017949
BFGS iter 205: f=0.00040017088
BFGS iter 206: f=0.00040015473
BFGS iter 207: f=0.00040013579
BFGS iter 208: f=0.00040010668
BFGS iter 209: f=0.00040008831
BFGS iter 210: f=0.00040004702
BFGS iter 211: f=0.00039997422
BFGS iter 212: f=0.00039993531
BFGS iter 213: f=0.00039987794
BFGS iter 214: f=0.00039980317
BFGS iter 215: f=0.00039975424
BFGS iter 216: f=0.00039964845
BFGS iter 217: f=0.00039960068
BFGS iter 218: f=0.00039951669
BFGS iter 219: f=0.00039945999
BFGS iter 220: f=0.00039941035
BFGS iter 221: f=0.00039937179
BFGS iter 222: f=0.00039929725
BFGS iter 223: f=0.00039923437
BFGS iter 224: f=0.00039910041
BFGS iter 225: f=0.00039901243
BFGS iter 226: f=0.00039893306
BFGS iter 227: f=0.00039886361
BFGS iter 228: f=0.00039878639
BFGS iter 229: f=0.00039869508
BFGS iter 230: f=0.00039856958
BFGS iter 231: f=0.00039845346
BFGS iter 232: f=0.00039832497
BFGS iter 233: f=0.00039815989
BFGS iter 234: f=0.00039808854
BFGS iter 235: f=0.00039802411
BFGS iter 236: f=0.00039795472
BFGS iter 237: f=0.00039789197
BFGS iter 238: f=0.00039786543
BFGS iter 239: f=0.00039783603
BFGS iter 240: f=0.00039783012
BFGS iter 241: f=0.00039782821
BFGS iter 242: f=0.0003978269
BFGS iter 243: f=0.00039782623
BFGS iter 244: f=0.00039782532
BFGS iter 245: f=0.00039782267
BFGS iter 246: f=0.00039780768
BFGS iter 247: f=0.00039779495
BFGS iter 248: f=0.00039774887
BFGS iter 249: f=0.00039763434
BFGS iter 250: f=0.00039614627
BFGS iter 251: f=0.00039614615
BFGS iter 252: f=0.00039614404
BFGS iter 253: f=0.00039614085
BFGS iter 254: f=0.00039613441
BFGS iter 255: f=0.00039613297
BFGS iter 256: f=0.00039612998
BFGS iter 257: f=0.00039612849
BFGS iter 258: f=0.00039611899
BFGS iter 259: f=0.00039610808
BFGS iter 260: f=0.00039599383
BFGS iter 261: f=0.00039555351
BFGS iter 262: f=0.00039533604
BFGS iter 263: f=0.00039526119
BFGS iter 264: f=0.0003952375
BFGS iter 265: f=0.00039523185
BFGS iter 266: f=0.00039523117
BFGS iter 267: f=0.00039523094
BFGS iter 268: f=0.00039522676
BFGS iter 269: f=0.00039508193
BFGS iter 270: f=0.00039503289
BFGS iter 271: f=0.00039491413
BFGS iter 272: f=0.00039483533
BFGS iter 273: f=0.00039476264
BFGS iter 274: f=0.00039467186
BFGS iter 275: f=0.00039463538
BFGS iter 276: f=0.00039460967
BFGS iter 277: f=0.00039454066
BFGS iter 278: f=0.00039452301
BFGS iter 279: f=0.00039448433
BFGS iter 280: f=0.00039444458
BFGS iter 281: f=0.00039442431
BFGS iter 282: f=0.00039440076
BFGS iter 283: f=0.0003943886
BFGS iter 284: f=0.00039437338
BFGS iter 285: f=0.00039436961
BFGS iter 286: f=0.00039436444
BFGS iter 287: f=0.0003943563
BFGS iter 288: f=0.00039435548
BFGS iter 289: f=0.00039435427
BFGS iter 290: f=0.00039435337
BFGS iter 291: f=0.00039435223
BFGS iter 292: f=0.00039435125
BFGS iter 293: f=0.00039434923
BFGS iter 294: f=0.00039434088
BFGS iter 295: f=0.00039433795
BFGS iter 296: f=0.00039430343
BFGS iter 297: f=0.00039427115
BFGS iter 298: f=0.00039411963
BFGS iter 299: f=0.00039400359
BFGS iter 300: f=0.00039368694
BFGS iter 301: f=0.00039355702
BFGS iter 302: f=0.00039332407
BFGS iter 303: f=0.00039314216
BFGS iter 304: f=0.00039286621
BFGS iter 305: f=0.00039269277
BFGS iter 306: f=0.00039245915
BFGS iter 307: f=0.00039234871
BFGS iter 308: f=0.00039231503
BFGS iter 309: f=0.00039228847
BFGS iter 310: f=0.0003922767
BFGS iter 311: f=0.00039226891
BFGS iter 312: f=0.0003922545
BFGS iter 313: f=0.00039223623
BFGS iter 314: f=0.00039219304
BFGS iter 315: f=0.00039206696
BFGS iter 316: f=0.00039190819
BFGS iter 317: f=0.00039171865
BFGS iter 318: f=0.00039158529
BFGS iter 319: f=0.0003914798
BFGS iter 320: f=0.0003913521
BFGS iter 321: f=0.0003912254
BFGS iter 322: f=0.00039106832
BFGS iter 323: f=0.00039091619
BFGS iter 324: f=0.00039063589
BFGS iter 325: f=0.00039054224
BFGS iter 326: f=0.00039035472
BFGS iter 327: f=0.00039023971
BFGS iter 328: f=0.00039007149
BFGS iter 329: f=0.00038980559
BFGS iter 330: f=0.00038962291
BFGS iter 331: f=0.00038927475
BFGS iter 332: f=0.0003889197
BFGS iter 333: f=0.00038865728
BFGS iter 334: f=0.00038816686
BFGS iter 335: f=0.00038793606
BFGS iter 336: f=0.00038780592
BFGS iter 337: f=0.00038753226
BFGS iter 338: f=0.00038728386
BFGS iter 339: f=0.00038691245
BFGS iter 340: f=0.00038661309
BFGS iter 341: f=0.00038637255
BFGS iter 342: f=0.00038593492
BFGS iter 343: f=0.00038571306
BFGS iter 344: f=0.00038512334
BFGS iter 345: f=0.00038463957
BFGS iter 346: f=0.00038404729
BFGS iter 347: f=0.00038390578
BFGS iter 348: f=0.00038357151
BFGS iter 349: f=0.00038282795
BFGS iter 350: f=0.00038251913
BFGS iter 351: f=0.00038162853
BFGS iter 352: f=0.00038117195
BFGS iter 353: f=0.00038087311
BFGS iter 354: f=0.000380424
BFGS iter 355: f=0.00037995825
BFGS iter 356: f=0.00037928859
BFGS iter 357: f=0.00037897892
BFGS iter 358: f=0.00037803353
BFGS iter 359: f=0.00037754442
BFGS iter 360: f=0.00037701683
BFGS iter 361: f=0.00037677117
BFGS iter 362: f=0.00037623935
BFGS iter 363: f=0.00037565297
BFGS iter 364: f=0.0003752994
BFGS iter 365: f=0.00037496655
BFGS iter 366: f=0.00037447364
BFGS iter 367: f=0.00037422491
BFGS iter 368: f=0.00037400286
BFGS iter 369: f=0.0003737466
BFGS iter 370: f=0.00037360559
BFGS iter 371: f=0.00037348171
BFGS iter 372: f=0.00037335202
BFGS iter 373: f=0.00037323534
BFGS iter 374: f=0.00037316762
BFGS iter 375: f=0.00037309644
BFGS iter 376: f=0.0003729311
BFGS iter 377: f=0.00037271286
BFGS iter 378: f=0.00037265254
BFGS iter 379: f=0.00037247966
BFGS iter 380: f=0.00037242226
BFGS iter 381: f=0.00037215491
BFGS iter 382: f=0.00037182091
BFGS iter 383: f=0.00037167481
BFGS iter 384: f=0.00037094507
BFGS iter 385: f=0.00037025568
BFGS iter 386: f=0.00036915704
BFGS iter 387: f=0.00036804124
BFGS iter 388: f=0.00036689837
BFGS iter 389: f=0.00036525241
BFGS iter 390: f=0.00036381866
BFGS iter 391: f=0.00036199833
BFGS iter 392: f=0.00036095019
BFGS iter 393: f=0.00036049119
BFGS iter 394: f=0.00036013226
BFGS iter 395: f=0.00036007633
BFGS iter 396: f=0.00036003998
BFGS iter 397: f=0.00036003758
BFGS iter 398: f=0.00036003258
BFGS iter 399: f=0.00036001709
*
BFGS iter 400: f=0.00036198518
BFGS iter 401: f=0.00036198509
BFGS iter 402: f=0.00036198377
BFGS iter 403: f=0.00036198112
BFGS iter 404: f=0.0003619754
BFGS iter 405: f=0.00036196305
BFGS iter 406: f=0.00036195863
BFGS iter 407: f=0.0003619485
BFGS iter 408: f=0.00036193795
BFGS iter 409: f=0.00036190894
BFGS iter 410: f=0.00036190373
BFGS iter 411: f=0.00036189546
BFGS iter 412: f=0.00036188292
BFGS iter 413: f=0.00036188012
BFGS iter 414: f=0.00036187243
BFGS iter 415: f=0.00036177735
BFGS iter 416: f=0.00036176689
BFGS iter 417: f=0.00036176644
BFGS iter 418: f=0.00036176399
BFGS iter 419: f=0.00036174689
BFGS iter 420: f=0.00036167356
BFGS iter 421: f=0.00036166674
BFGS iter 422: f=0.0003616661
BFGS iter 423: f=0.00036166607
BFGS iter 424: f=0.00036166578
BFGS iter 425: f=0.00036166386
BFGS iter 426: f=0.00036163019
BFGS iter 427: f=0.00036156586
BFGS iter 428: f=0.00036150712
BFGS iter 429: f=0.00036145562
BFGS iter 430: f=0.00036143144
BFGS iter 431: f=0.00036139807
BFGS iter 432: f=0.00036135082
BFGS iter 433: f=0.00036130695
BFGS iter 434: f=0.00036127771
BFGS iter 435: f=0.00036124471
BFGS iter 436: f=0.00036121138
BFGS iter 437: f=0.00036119241
BFGS iter 438: f=0.0003611759
BFGS iter 439: f=0.00036115469
BFGS iter 440: f=0.00036113019
BFGS iter 441: f=0.00036111185
BFGS iter 442: f=0.0003610943
BFGS iter 443: f=0.00036107788
BFGS iter 444: f=0.00036107293
BFGS iter 445: f=0.00036106454
BFGS iter 446: f=0.0003610592
BFGS iter 447: f=0.00036105541
BFGS iter 448: f=0.00036105266
BFGS iter 449: f=0.00036105056
BFGS ended due to small decr. in 50 iterations
MTPR training ended
Rescaling...
   scaling = 0.04131714, condition number = 32.476778
   scaling = 0.045073244, condition number = 33.515205
   scaling = 0.049580569, condition number = 23.800869
   scaling = 0.054538625, condition number = 17.548777
   scaling = 0.059496682, condition number = 14.2797
Rescaling to 0.059496682... done
Rescaling...
   scaling = 0.049580569, condition number = 23.80089
   scaling = 0.054087893, condition number = 18.043273
   scaling = 0.059496682, condition number = 14.279698
   scaling = 0.06544635, condition number = 24.843518
   scaling = 0.071396019, condition number = 24.882081
Rescaling to 0.059496682... done
_________________Errors report_________________
Energy:
	Errors checked for 10 configurations
	Maximal absolute difference = 0.0217173
	Average absolute difference = 0.00825702
	RMS     absolute difference = 0.0118325

Energy per atom:
	Errors checked for 10 configurations
	Maximal absolute difference = 0.0217173
	Average absolute difference = 0.00825702
	RMS     absolute difference = 0.0118325

Forces:
	Errors checked for 10 atoms
	Maximal absolute difference = 0
	Average absolute difference = 0
	RMS     absolute difference = 0
	Max(ForceDiff) / Max(Force) = 0
	RMS(ForceDiff) / RMS(Force) = 0

Stresses (in energy units):
	Errors checked for 10 configurations
	Maximal absolute difference = 1.20084
	Average absolute difference = 0.274004
	RMS     absolute difference = 0.453411
	Max(StresDiff) / Max(Stres) = 7.03524
	RMS(StresDiff) / RMS(Stres) = 3.40544

Virial stresses (in pressure units):
	Errors checked for 10 configurations
	Maximal absolute difference = 3.71241
	Average absolute difference = 0.862029
	RMS     absolute difference = 1.40806
	Max(StresDiff) / Max(Stres) = 4.33769
	RMS(StresDiff) / RMS(Stres) = 2.70276
_______________________________________________

	batch_size = 9999
	swap_limit = 0
	weight_scaling = 2
	energy_weight = 1.000000
	force_weight = 0.000000
	init_value = 0.000001
	site_en_weight = 0.000000
	stress_weight = 0.000000
	threshold = 1.001000
Selection: state saved to "mtp_initial.mtp"
training complete
