Selection data found
Basic trainer initialization complete
	auto-minmax-magmom = false
	init_random = false
	no_mindist_update = false
	skip_preinit = false
	iteration_limit = 1000
	weight_scaling = 1
	weight_scaling_forces = 0
	energy_weight = 1.000000
	force_weight = 0.010000
	penalty_weight = 0.000001
	scale_by_force = 0.000000
	select_factor = 1.000000
	stress_weight = 0.001000
	tolerance = 0.001000
	log = stdout
	save_to = mtp_V110.mtp
141 configurations found in the training set
Minimal interatomic distance in the training set is 1.56937. MTP's mindist will be updated
Iteration limit is 1000
Convergence tolerance is 0.001
Energy weight: 1
Force weight: 0.01
Stress weight: 0.001
MTPR training started on 1 core(s)
BFGS has exceeded the linesearch limit. Cannot converge further
MTPR training ended
Rescaling...
   scaling = 0.5787037, condition number = 48.24478
   scaling = 0.63131313, condition number = 32.211988
   scaling = 0.69444444, condition number = 22.016865
   scaling = 0.76388889, condition number = 35.096407
   scaling = 0.83333333, condition number = 50.315409
Rescaling to 0.69444444... done
_________________Errors report_________________
Energy:
	Errors checked for 141 configurations
	Maximal absolute difference = 0.021332
	Average absolute difference = 0.000571657
	RMS     absolute difference = 0.00314356

Energy per atom:
	Errors checked for 141 configurations
	Maximal absolute difference = 0.021332
	Average absolute difference = 0.00057161
	RMS     absolute difference = 0.00314356

Forces:
	Errors checked for 272 atoms
	Maximal absolute difference = 0.00189325
	Average absolute difference = 0.00182364
	RMS     absolute difference = 0.00185812
	Max(ForceDiff) / Max(Force) = 0.00123233
	RMS(ForceDiff) / RMS(Force) = 0.00123233

Stresses (in energy units):
	Errors checked for 141 configurations
	Maximal absolute difference = 1.07453
	Average absolute difference = 0.0357077
	RMS     absolute difference = 0.11911
	Max(StresDiff) / Max(Stres) = 0.304623
	RMS(StresDiff) / RMS(Stres) = 0.0350302

Virial stresses (in pressure units):
	Errors checked for 141 configurations
	Maximal absolute difference = 3.32193
	Average absolute difference = 0.486067
	RMS     absolute difference = 0.575093
	Max(StresDiff) / Max(Stres) = 0.0376853
	RMS(StresDiff) / RMS(Stres) = 0.00676851
_______________________________________________

	batch_size = 9999
	swap_limit = 0
	weight_scaling = 2
	energy_weight = 1.000000
	force_weight = 0.000000
	init_value = 0.000001
	site_en_weight = 0.000000
	stress_weight = 0.000000
	threshold = 1.001000
Selection: state saved to "mtp_V110.mtp"
training complete
