Selection data found
Basic trainer initialization complete
	auto-minmax-magmom = false
	init_random = false
	no_mindist_update = false
	skip_preinit = false
	iteration_limit = 1000
	weight_scaling = 1
	weight_scaling_forces = 0
	energy_weight = 1.000000
	force_weight = 0.010000
	penalty_weight = 0.000001
	scale_by_force = 0.000000
	select_factor = 1.000000
	stress_weight = 0.001000
	tolerance = 0.001000
	log = stdout
	save_to = mtp_V3.mtp
42 configurations found in the training set
Minimal interatomic distance in the training set is 1.54422. MTP's mindist will be updated
Iteration limit is 1000
Convergence tolerance is 0.001
Energy weight: 1
Force weight: 0.01
Stress weight: 0.001
MTPR training started on 1 core(s)
BFGS iter 0: f=0.0110631
BFGS iter 1: f=0.011063
BFGS iter 2: f=0.011063
BFGS iter 3: f=0.011063
BFGS iter 4: f=0.011063
BFGS iter 5: f=0.011063
BFGS iter 6: f=0.011063
BFGS iter 7: f=0.0110629
BFGS iter 8: f=0.0110624
BFGS iter 9: f=0.0110622
BFGS iter 10: f=0.0110611
BFGS iter 11: f=0.0110604
BFGS iter 12: f=0.0110596
BFGS iter 13: f=0.0110589
BFGS iter 14: f=0.0110583
BFGS iter 15: f=0.0110579
BFGS iter 16: f=0.0110565
BFGS iter 17: f=0.0110562
BFGS iter 18: f=0.0110551
BFGS iter 19: f=0.0110547
BFGS iter 20: f=0.0110544
BFGS iter 21: f=0.0110544
BFGS iter 22: f=0.0110542
BFGS iter 23: f=0.0110541
BFGS iter 24: f=0.0110538
BFGS iter 25: f=0.0097180741
BFGS iter 26: f=0.0097180735
BFGS iter 27: f=0.0097180691
BFGS iter 28: f=0.0097180645
BFGS iter 29: f=0.0097180556
BFGS iter 30: f=0.0097180477
BFGS iter 31: f=0.0097180394
BFGS iter 32: f=0.0097180304
BFGS iter 33: f=0.0097179221
BFGS iter 34: f=0.0097174635
BFGS iter 35: f=0.0097168261
BFGS iter 36: f=0.0097161461
BFGS iter 37: f=0.0097152038
BFGS iter 38: f=0.009715049
BFGS iter 39: f=0.0097147739
BFGS iter 40: f=0.009714472
BFGS iter 41: f=0.0097139679
BFGS iter 42: f=0.0097131041
BFGS iter 43: f=0.0097126307
BFGS iter 44: f=0.0097121248
BFGS iter 45: f=0.009711735
BFGS iter 46: f=0.0097113844
BFGS iter 47: f=0.0097109095
BFGS iter 48: f=0.0097107294
BFGS iter 49: f=0.0097105761
BFGS iter 50: f=0.0097104828
BFGS iter 51: f=0.0097103963
BFGS iter 52: f=0.0097103586
BFGS iter 53: f=0.0097102857
BFGS iter 54: f=0.0097100786
BFGS iter 55: f=0.0097096522
BFGS iter 56: f=0.0097093665
BFGS iter 57: f=0.0097085705
BFGS iter 58: f=0.0097081498
BFGS iter 59: f=0.0097079367
BFGS iter 60: f=0.0097077291
BFGS iter 61: f=0.0097075711
BFGS iter 62: f=0.0097074444
BFGS iter 63: f=0.0097073738
BFGS iter 64: f=0.0097072965
BFGS iter 65: f=0.0097067332
BFGS iter 66: f=0.0097060897
BFGS iter 67: f=0.0097051766
BFGS iter 68: f=0.0097043383
BFGS iter 69: f=0.009703406
BFGS iter 70: f=0.0097020972
BFGS iter 71: f=0.0097019828
BFGS iter 72: f=0.0097010047
BFGS iter 73: f=0.0097004993
BFGS iter 74: f=0.0097002633
BFGS iter 75: f=0.0097001031
BFGS iter 76: f=0.0097000449
BFGS iter 77: f=0.0096999099
BFGS iter 78: f=0.0096987316
BFGS iter 79: f=0.0096980561
BFGS iter 80: f=0.0096978367
BFGS iter 81: f=0.0096977464
BFGS iter 82: f=0.009697686
BFGS iter 83: f=0.0096976137
BFGS iter 84: f=0.0096975331
BFGS iter 85: f=0.0096971844
BFGS iter 86: f=0.0096969259
BFGS iter 87: f=0.0096966044
BFGS iter 88: f=0.0096961609
BFGS iter 89: f=0.0096957845
BFGS iter 90: f=0.0096950196
BFGS iter 91: f=0.0096947397
BFGS iter 92: f=0.0096941461
BFGS iter 93: f=0.0096938831
BFGS iter 94: f=0.0096934072
BFGS iter 95: f=0.0096930898
BFGS iter 96: f=0.0096925276
BFGS iter 97: f=0.0096923787
BFGS iter 98: f=0.0096920479
BFGS iter 99: f=0.0096916456
*
BFGS iter 100: f=0.0097087275
BFGS iter 101: f=0.0097076909
BFGS iter 102: f=0.0097063851
BFGS iter 103: f=0.0097054874
BFGS iter 104: f=0.0097050809
BFGS iter 105: f=0.0097049172
BFGS iter 106: f=0.0097047401
BFGS iter 107: f=0.0097042731
BFGS iter 108: f=0.0097032898
BFGS iter 109: f=0.0097028247
BFGS iter 110: f=0.0097026487
BFGS iter 111: f=0.0097023577
BFGS iter 112: f=0.0097021512
BFGS iter 113: f=0.0097018521
BFGS iter 114: f=0.0097016426
BFGS iter 115: f=0.0097014658
BFGS iter 116: f=0.0097012388
BFGS iter 117: f=0.0097010541
BFGS iter 118: f=0.0097007553
BFGS iter 119: f=0.0097005673
BFGS iter 120: f=0.0096999582
BFGS iter 121: f=0.0096996882
BFGS iter 122: f=0.0096991652
BFGS iter 123: f=0.0096983714
BFGS iter 124: f=0.0096980999
BFGS iter 125: f=0.0096976584
BFGS iter 126: f=0.0096970696
BFGS iter 127: f=0.0096965594
BFGS iter 128: f=0.009696186
BFGS iter 129: f=0.0096956975
BFGS iter 130: f=0.009695324
BFGS iter 131: f=0.0096949847
BFGS iter 132: f=0.0096949062
BFGS iter 133: f=0.0096948038
BFGS iter 134: f=0.009694733
BFGS iter 135: f=0.0096946758
BFGS iter 136: f=0.0096946465
BFGS iter 137: f=0.0096946218
BFGS iter 138: f=0.0096945822
BFGS iter 139: f=0.0096943627
BFGS iter 140: f=0.0096941083
BFGS iter 141: f=0.009693601
BFGS iter 142: f=0.0096932923
BFGS iter 143: f=0.0096931736
BFGS iter 144: f=0.0096930289
BFGS iter 145: f=0.0096928586
BFGS iter 146: f=0.0096927424
BFGS iter 147: f=0.0096926095
BFGS iter 148: f=0.0096924731
BFGS iter 149: f=0.0096923018
*
BFGS iter 150: f=0.0097121484
BFGS iter 151: f=0.0097121274
BFGS iter 152: f=0.0097118788
BFGS iter 153: f=0.0097113538
BFGS iter 154: f=0.0097110701
BFGS iter 155: f=0.0097108715
BFGS iter 156: f=0.0097102448
BFGS iter 157: f=0.009709313
BFGS iter 158: f=0.0097078576
BFGS iter 159: f=0.0097073329
BFGS iter 160: f=0.0097071695
BFGS iter 161: f=0.0097071054
BFGS iter 162: f=0.0097069752
BFGS iter 163: f=0.009706297
BFGS iter 164: f=0.0097060011
BFGS iter 165: f=0.0097059166
BFGS iter 166: f=0.009705868
BFGS iter 167: f=0.0097058152
BFGS iter 168: f=0.0097057982
BFGS iter 169: f=0.0097057893
BFGS iter 170: f=0.0097057843
BFGS iter 171: f=0.0097057402
BFGS iter 172: f=0.0097055691
BFGS iter 173: f=0.0097050661
BFGS iter 174: f=0.0097048032
BFGS iter 175: f=0.0097046315
BFGS iter 176: f=0.0097045024
BFGS iter 177: f=0.0097044432
BFGS iter 178: f=0.00970441
BFGS iter 179: f=0.0097043897
BFGS iter 180: f=0.0097043746
BFGS iter 181: f=0.0097043622
BFGS iter 182: f=0.0097043525
BFGS iter 183: f=0.0097043413
BFGS iter 184: f=0.0097042284
BFGS iter 185: f=0.009704039
BFGS iter 186: f=0.0097039543
BFGS iter 187: f=0.0097038637
BFGS iter 188: f=0.0097038279
BFGS iter 189: f=0.0097038115
BFGS iter 190: f=0.0097038025
BFGS iter 191: f=0.0097037942
BFGS iter 192: f=0.009703791
BFGS iter 193: f=0.0097037896
BFGS iter 194: f=0.0097037887
BFGS iter 195: f=0.0097037852
BFGS iter 196: f=0.0097037647
BFGS iter 197: f=0.0097036261
BFGS iter 198: f=0.0097034877
BFGS iter 199: f=0.0097032574
BFGS ended due to small decr. in 50 iterations
MTPR training ended
Rescaling...
   scaling = 0.019760646, condition number = 25.594481
   scaling = 0.021557069, condition number = 28.223025
   scaling = 0.023712776, condition number = 22.199939
   scaling = 0.026084053, condition number = 16.480425
   scaling = 0.028455331, condition number = 15.569651
Rescaling to 0.028455331... done
Rescaling...
   scaling = 0.023712776, condition number = 22.200009
   scaling = 0.025868483, condition number = 15.94599
   scaling = 0.028455331, condition number = 15.569651
   scaling = 0.031300864, condition number = 22.552709
   scaling = 0.034146397, condition number = 31.211236
Rescaling to 0.028455331... done
_________________Errors report_________________
Energy:
	Errors checked for 42 configurations
	Maximal absolute difference = 0.244896
	Average absolute difference = 0.0604706
	RMS     absolute difference = 0.108738

Energy per atom:
	Errors checked for 42 configurations
	Maximal absolute difference = 0.122448
	Average absolute difference = 0.0304006
	RMS     absolute difference = 0.0543724

Forces:
	Errors checked for 74 atoms
	Maximal absolute difference = 0.162117
	Average absolute difference = 0.0375238
	RMS     absolute difference = 0.0592632
	Max(ForceDiff) / Max(Force) = 0.0672381
	RMS(ForceDiff) / RMS(Force) = 0.047532

Stresses (in energy units):
	Errors checked for 42 configurations
	Maximal absolute difference = 6.8433
	Average absolute difference = 1.65691
	RMS     absolute difference = 2.65726
	Max(StresDiff) / Max(Stres) = 1.17245
	RMS(StresDiff) / RMS(Stres) = 0.575782

Virial stresses (in pressure units):
	Errors checked for 42 configurations
	Maximal absolute difference = 176.338
	Average absolute difference = 40.4682
	RMS     absolute difference = 66.5039
	Max(StresDiff) / Max(Stres) = 1.13728
	RMS(StresDiff) / RMS(Stres) = 0.57423
_______________________________________________

	batch_size = 9999
	swap_limit = 0
	weight_scaling = 2
	energy_weight = 1.000000
	force_weight = 0.000000
	init_value = 0.000001
	site_en_weight = 0.000000
	stress_weight = 0.000000
	threshold = 1.001000
Selection: state saved to "mtp_V3.mtp"
training complete
