Selection data found
Basic trainer initialization complete
	auto-minmax-magmom = false
	init_random = false
	no_mindist_update = false
	skip_preinit = false
	iteration_limit = 1000
	weight_scaling = 1
	weight_scaling_forces = 0
	energy_weight = 1.000000
	force_weight = 0.010000
	penalty_weight = 0.000001
	scale_by_force = 0.000000
	select_factor = 1.000000
	stress_weight = 0.001000
	tolerance = 0.001000
	log = stdout
	save_to = mtp_V107.mtp
138 configurations found in the training set
Minimal interatomic distance in the training set is 1.56937. MTP's mindist will be updated
Iteration limit is 1000
Convergence tolerance is 0.001
Energy weight: 1
Force weight: 0.01
Stress weight: 0.001
MTPR training started on 1 core(s)
BFGS has exceeded the linesearch limit. Cannot converge further
MTPR training ended
Rescaling...
   scaling = 0.5787037, condition number = 50.667104
   scaling = 0.63131313, condition number = 34.036129
   scaling = 0.69444444, condition number = 22.797047
   scaling = 0.76388889, condition number = 32.393219
   scaling = 0.83333333, condition number = 51.360821
Rescaling to 0.69444444... done
_________________Errors report_________________
Energy:
	Errors checked for 138 configurations
	Maximal absolute difference = 0.0213767
	Average absolute difference = 0.000588167
	RMS     absolute difference = 0.00317575

Energy per atom:
	Errors checked for 138 configurations
	Maximal absolute difference = 0.0213767
	Average absolute difference = 0.000588132
	RMS     absolute difference = 0.00317575

Forces:
	Errors checked for 266 atoms
	Maximal absolute difference = 0.00186403
	Average absolute difference = 0.00179395
	RMS     absolute difference = 0.00182866
	Max(ForceDiff) / Max(Force) = 0.00121332
	RMS(ForceDiff) / RMS(Force) = 0.00121332

Stresses (in energy units):
	Errors checked for 138 configurations
	Maximal absolute difference = 1.0844
	Average absolute difference = 0.0359645
	RMS     absolute difference = 0.120484
	Max(StresDiff) / Max(Stres) = 0.307422
	RMS(StresDiff) / RMS(Stres) = 0.0354637

Virial stresses (in pressure units):
	Errors checked for 138 configurations
	Maximal absolute difference = 3.35245
	Average absolute difference = 0.484238
	RMS     absolute difference = 0.575718
	Max(StresDiff) / Max(Stres) = 0.0380315
	RMS(StresDiff) / RMS(Stres) = 0.00678149
_______________________________________________

	batch_size = 9999
	swap_limit = 0
	weight_scaling = 2
	energy_weight = 1.000000
	force_weight = 0.000000
	init_value = 0.000001
	site_en_weight = 0.000000
	stress_weight = 0.000000
	threshold = 1.001000
Selection: state saved to "mtp_V107.mtp"
training complete
