Selection data found
Basic trainer initialization complete
	auto-minmax-magmom = false
	init_random = false
	no_mindist_update = false
	skip_preinit = false
	iteration_limit = 1000
	weight_scaling = 1
	weight_scaling_forces = 0
	energy_weight = 1.000000
	force_weight = 0.010000
	penalty_weight = 0.000001
	scale_by_force = 0.000000
	select_factor = 1.000000
	stress_weight = 0.001000
	tolerance = 0.001000
	log = stdout
	save_to = mtp_V102.mtp
133 configurations found in the training set
Minimal interatomic distance in the training set is 1.56937. MTP's mindist will be updated
Iteration limit is 1000
Convergence tolerance is 0.001
Energy weight: 1
Force weight: 0.01
Stress weight: 0.001
MTPR training started on 1 core(s)
BFGS iter 0: f=0.00023651
BFGS iter 1: f=0.00023651
BFGS iter 2: f=0.00023651
BFGS iter 3: f=0.00023651
BFGS iter 4: f=0.00023651
BFGS iter 5: f=0.00023651
BFGS iter 6: f=0.00023651
BFGS iter 7: f=0.00023651
BFGS iter 8: f=0.00023651
BFGS iter 9: f=0.00023651
BFGS iter 10: f=0.00023651
BFGS iter 11: f=0.00023651
BFGS iter 12: f=0.000236509
BFGS iter 13: f=0.000236509
BFGS iter 14: f=0.000236509
BFGS iter 15: f=0.000236508
BFGS iter 16: f=0.000236507
BFGS iter 17: f=0.000236506
BFGS iter 18: f=0.000236506
BFGS iter 19: f=0.000236506
BFGS iter 20: f=0.000236505
BFGS iter 21: f=0.000236503
BFGS iter 22: f=0.000236502
BFGS iter 23: f=0.0002365
BFGS iter 24: f=0.0002365
BFGS iter 25: f=3.6043496e-05
BFGS iter 26: f=3.6043496e-05
BFGS iter 27: f=3.6043496e-05
BFGS iter 28: f=3.6043485e-05
BFGS iter 29: f=3.6043483e-05
BFGS iter 30: f=3.6043482e-05
BFGS iter 31: f=3.6043472e-05
BFGS iter 32: f=3.6043463e-05
BFGS iter 33: f=3.6043453e-05
BFGS iter 34: f=3.6043443e-05
BFGS iter 35: f=3.6043409e-05
BFGS iter 36: f=3.6043353e-05
BFGS iter 37: f=3.6043159e-05
BFGS iter 38: f=3.6042908e-05
BFGS iter 39: f=3.6042222e-05
BFGS iter 40: f=3.6041608e-05
BFGS iter 41: f=3.6039636e-05
BFGS iter 42: f=3.6037995e-05
BFGS iter 43: f=3.603463e-05
BFGS iter 44: f=3.6030171e-05
BFGS iter 45: f=3.6027569e-05
BFGS iter 46: f=3.6024945e-05
BFGS iter 47: f=3.602085e-05
BFGS iter 48: f=3.6017002e-05
BFGS iter 49: f=3.601557e-05
BFGS iter 50: f=3.6011307e-05
BFGS iter 51: f=3.6008674e-05
BFGS iter 52: f=3.6005848e-05
BFGS iter 53: f=3.6000315e-05
BFGS iter 54: f=3.5998083e-05
BFGS iter 55: f=3.5996579e-05
BFGS iter 56: f=3.599568e-05
BFGS iter 57: f=3.5995061e-05
BFGS iter 58: f=3.5993416e-05
BFGS iter 59: f=3.5989198e-05
BFGS iter 60: f=3.5987369e-05
BFGS iter 61: f=3.5985396e-05
BFGS iter 62: f=3.5983695e-05
BFGS iter 63: f=3.5981418e-05
BFGS iter 64: f=3.5973705e-05
BFGS iter 65: f=3.5962949e-05
BFGS iter 66: f=3.5957527e-05
BFGS iter 67: f=3.595507e-05
BFGS iter 68: f=3.5953779e-05
BFGS iter 69: f=3.5952961e-05
*
BFGS iter 70: f=3.598134e-05
BFGS iter 71: f=3.5979534e-05
BFGS iter 72: f=3.5979266e-05
BFGS iter 73: f=3.5978655e-05
BFGS iter 74: f=3.5978122e-05
BFGS iter 75: f=3.5977714e-05
BFGS iter 76: f=3.5977118e-05
BFGS iter 77: f=3.5975393e-05
BFGS iter 78: f=3.5974645e-05
BFGS iter 79: f=3.5974491e-05
BFGS iter 80: f=3.5974462e-05
BFGS iter 81: f=3.5974418e-05
BFGS iter 82: f=3.5973679e-05
BFGS iter 83: f=3.5971113e-05
BFGS iter 84: f=3.5970031e-05
BFGS iter 85: f=3.596965e-05
BFGS iter 86: f=3.596945e-05
BFGS iter 87: f=3.5969317e-05
BFGS iter 88: f=3.5969229e-05
BFGS iter 89: f=3.5969092e-05
BFGS iter 90: f=3.5968781e-05
BFGS iter 91: f=3.5968503e-05
BFGS iter 92: f=3.5967306e-05
BFGS iter 93: f=3.5966911e-05
BFGS iter 94: f=3.59648e-05
BFGS iter 95: f=3.5961016e-05
BFGS iter 96: f=3.5958989e-05
BFGS iter 97: f=3.5958307e-05
BFGS iter 98: f=3.5958165e-05
BFGS iter 99: f=3.5957984e-05
*
BFGS iter 100: f=3.598806e-05
BFGS iter 101: f=3.5985814e-05
BFGS iter 102: f=3.598369e-05
BFGS iter 103: f=3.5981691e-05
BFGS iter 104: f=3.5979687e-05
BFGS iter 105: f=3.5977595e-05
BFGS iter 106: f=3.5975765e-05
BFGS iter 107: f=3.5974969e-05
BFGS iter 108: f=3.5973849e-05
BFGS iter 109: f=3.5971793e-05
BFGS iter 110: f=3.597043e-05
BFGS iter 111: f=3.5968799e-05
BFGS iter 112: f=3.5967682e-05
BFGS iter 113: f=3.5966649e-05
BFGS iter 114: f=3.5964744e-05
BFGS iter 115: f=3.5963934e-05
BFGS iter 116: f=3.59625e-05
BFGS iter 117: f=3.5961583e-05
BFGS iter 118: f=3.5960485e-05
BFGS iter 119: f=3.5959703e-05
BFGS iter 120: f=3.5958004e-05
BFGS iter 121: f=3.5957207e-05
BFGS iter 122: f=3.5955419e-05
BFGS iter 123: f=3.5953776e-05
BFGS iter 124: f=3.5952805e-05
BFGS iter 125: f=3.5951939e-05
BFGS iter 126: f=3.5951563e-05
BFGS iter 127: f=3.5951117e-05
BFGS iter 128: f=3.5950718e-05
BFGS iter 129: f=3.5949356e-05
BFGS iter 130: f=3.5948471e-05
BFGS iter 131: f=3.5947241e-05
BFGS iter 132: f=3.5946478e-05
BFGS iter 133: f=3.5945934e-05
BFGS iter 134: f=3.5945503e-05
BFGS iter 135: f=3.5945056e-05
BFGS iter 136: f=3.5944879e-05
BFGS iter 137: f=3.5944657e-05
BFGS iter 138: f=3.5944193e-05
BFGS iter 139: f=3.5943842e-05
BFGS iter 140: f=3.5942985e-05
BFGS iter 141: f=3.594276e-05
BFGS iter 142: f=3.5942563e-05
BFGS iter 143: f=3.5942431e-05
BFGS iter 144: f=3.5942349e-05
BFGS iter 145: f=3.5942175e-05
BFGS iter 146: f=3.594198e-05
BFGS iter 147: f=3.594163e-05
BFGS iter 148: f=3.594146e-05
BFGS iter 149: f=3.5941135e-05
*
BFGS iter 150: f=3.5983518e-05
BFGS iter 151: f=3.5980072e-05
BFGS iter 152: f=3.5977704e-05
BFGS iter 153: f=3.5976745e-05
BFGS iter 154: f=3.5976183e-05
BFGS iter 155: f=3.5975196e-05
BFGS iter 156: f=3.5973406e-05
BFGS iter 157: f=3.5973072e-05
BFGS iter 158: f=3.5973027e-05
BFGS iter 159: f=3.5972986e-05
BFGS iter 160: f=3.5972924e-05
BFGS iter 161: f=3.5972561e-05
BFGS iter 162: f=3.5971015e-05
BFGS iter 163: f=3.5967751e-05
BFGS iter 164: f=3.596652e-05
BFGS iter 165: f=3.5966082e-05
BFGS iter 166: f=3.5966043e-05
BFGS iter 167: f=3.596599e-05
BFGS iter 168: f=3.5965955e-05
BFGS iter 169: f=3.5965912e-05
BFGS iter 170: f=3.5965845e-05
BFGS iter 171: f=3.5965425e-05
BFGS iter 172: f=3.5963145e-05
BFGS iter 173: f=3.5962598e-05
BFGS iter 174: f=3.5961436e-05
BFGS iter 175: f=3.5960375e-05
BFGS iter 176: f=3.5959738e-05
BFGS iter 177: f=3.5958997e-05
BFGS iter 178: f=3.5958131e-05
BFGS iter 179: f=3.5957695e-05
BFGS iter 180: f=3.5957089e-05
BFGS iter 181: f=3.5956608e-05
BFGS iter 182: f=3.5956281e-05
BFGS iter 183: f=3.5955637e-05
BFGS iter 184: f=3.5955511e-05
BFGS iter 185: f=3.5955257e-05
BFGS iter 186: f=3.5955121e-05
BFGS iter 187: f=3.5954977e-05
BFGS iter 188: f=3.5954859e-05
BFGS iter 189: f=3.595481e-05
BFGS iter 190: f=3.595472e-05
BFGS iter 191: f=3.5954615e-05
BFGS iter 192: f=3.5954384e-05
BFGS iter 193: f=3.5954237e-05
BFGS iter 194: f=3.5954171e-05
BFGS iter 195: f=3.5954132e-05
BFGS iter 196: f=3.5954107e-05
BFGS iter 197: f=3.5954036e-05
BFGS iter 198: f=3.5953997e-05
BFGS iter 199: f=3.5953923e-05
BFGS ended due to small decr. in 50 iterations
MTPR training ended
Rescaling...
   scaling = 0.63657407, condition number = 28.570679
   scaling = 0.69444444, condition number = 21.88455
   scaling = 0.76388889, condition number = 37.303734
   scaling = 0.84027778, condition number = 52.045813
   scaling = 0.91666667, condition number = 48.010428
Rescaling to 0.69444444... done
Rescaling...
   scaling = 0.5787037, condition number = 43.97784
   scaling = 0.63131313, condition number = 29.636165
   scaling = 0.69444444, condition number = 21.884581
   scaling = 0.76388889, condition number = 37.303734
   scaling = 0.83333333, condition number = 52.478197
Rescaling to 0.69444444... done
_________________Errors report_________________
Energy:
	Errors checked for 133 configurations
	Maximal absolute difference = 0.0213416
	Average absolute difference = 0.000616855
	RMS     absolute difference = 0.00324843

Energy per atom:
	Errors checked for 133 configurations
	Maximal absolute difference = 0.0213416
	Average absolute difference = 0.000616804
	RMS     absolute difference = 0.00324843

Forces:
	Errors checked for 256 atoms
	Maximal absolute difference = 0.00216326
	Average absolute difference = 0.00207876
	RMS     absolute difference = 0.00212059
	Max(ForceDiff) / Max(Force) = 0.00140809
	RMS(ForceDiff) / RMS(Force) = 0.00140809

Stresses (in energy units):
	Errors checked for 133 configurations
	Maximal absolute difference = 1.08176
	Average absolute difference = 0.0376261
	RMS     absolute difference = 0.122597
	Max(StresDiff) / Max(Stres) = 0.306674
	RMS(StresDiff) / RMS(Stres) = 0.0361386

Virial stresses (in pressure units):
	Errors checked for 133 configurations
	Maximal absolute difference = 3.34429
	Average absolute difference = 0.504968
	RMS     absolute difference = 0.594489
	Max(StresDiff) / Max(Stres) = 0.037939
	RMS(StresDiff) / RMS(Stres) = 0.0070129
_______________________________________________

	batch_size = 9999
	swap_limit = 0
	weight_scaling = 2
	energy_weight = 1.000000
	force_weight = 0.000000
	init_value = 0.000001
	site_en_weight = 0.000000
	stress_weight = 0.000000
	threshold = 1.001000
Selection: state saved to "mtp_V102.mtp"
training complete
