Selection data found
Basic trainer initialization complete
	auto-minmax-magmom = false
	init_random = false
	no_mindist_update = false
	skip_preinit = false
	iteration_limit = 1000
	weight_scaling = 1
	weight_scaling_forces = 0
	energy_weight = 1.000000
	force_weight = 0.010000
	penalty_weight = 0.000001
	scale_by_force = 0.000000
	select_factor = 1.000000
	stress_weight = 0.001000
	tolerance = 0.001000
	log = stdout
	save_to = mtp_V2.mtp
31 configurations found in the training set
Minimal interatomic distance in the training set is 1.54422. MTP's mindist will be updated
Iteration limit is 1000
Convergence tolerance is 0.001
Energy weight: 1
Force weight: 0.01
Stress weight: 0.001
MTPR training started on 1 core(s)
BFGS iter 0: f=0.0104055
BFGS iter 1: f=0.0104048
BFGS iter 2: f=0.0104047
BFGS iter 3: f=0.0104047
BFGS iter 4: f=0.0104046
BFGS iter 5: f=0.0104046
BFGS iter 6: f=0.0104045
BFGS iter 7: f=0.0104039
BFGS iter 8: f=0.0104027
BFGS iter 9: f=0.0104015
BFGS iter 10: f=0.0103989
BFGS iter 11: f=0.0103968
BFGS iter 12: f=0.0103948
BFGS iter 13: f=0.0103934
BFGS iter 14: f=0.0103922
BFGS iter 15: f=0.0103895
BFGS iter 16: f=0.0103868
BFGS iter 17: f=0.0103851
BFGS iter 18: f=0.0103839
BFGS iter 19: f=0.0103815
BFGS iter 20: f=0.0103773
BFGS iter 21: f=0.0103762
BFGS iter 22: f=0.0103744
BFGS iter 23: f=0.0103732
BFGS iter 24: f=0.0103711
BFGS iter 25: f=0.0089231557
BFGS iter 26: f=0.0089231543
BFGS iter 27: f=0.0089231477
BFGS iter 28: f=0.0089231267
BFGS iter 29: f=0.0089230911
BFGS iter 30: f=0.0089230808
BFGS iter 31: f=0.0089230426
BFGS iter 32: f=0.0089228255
BFGS iter 33: f=0.0089226244
BFGS iter 34: f=0.0089222862
BFGS iter 35: f=0.0089206381
BFGS iter 36: f=0.0089187697
BFGS iter 37: f=0.0089172953
BFGS iter 38: f=0.0089162438
BFGS iter 39: f=0.0089154371
BFGS iter 40: f=0.0089142464
BFGS iter 41: f=0.0089134993
BFGS iter 42: f=0.0089117605
BFGS iter 43: f=0.0089107399
BFGS iter 44: f=0.0089098782
BFGS iter 45: f=0.0089085258
BFGS iter 46: f=0.0089079322
BFGS iter 47: f=0.0089075146
BFGS iter 48: f=0.0089065635
BFGS iter 49: f=0.0089058866
BFGS iter 50: f=0.0089051182
BFGS iter 51: f=0.008904287
BFGS iter 52: f=0.0089040952
BFGS iter 53: f=0.0089034756
BFGS iter 54: f=0.0089027664
BFGS iter 55: f=0.0089024031
BFGS iter 56: f=0.0089018319
BFGS iter 57: f=0.0089009116
BFGS iter 58: f=0.0089001547
BFGS iter 59: f=0.0088996602
BFGS iter 60: f=0.0088993332
BFGS iter 61: f=0.0088990889
BFGS iter 62: f=0.0088987171
BFGS iter 63: f=0.0088982694
BFGS iter 64: f=0.0088979641
BFGS iter 65: f=0.0088975009
BFGS iter 66: f=0.0088966196
BFGS iter 67: f=0.008895833
BFGS iter 68: f=0.0088955742
BFGS iter 69: f=0.008895484
*
BFGS iter 70: f=0.0089047536
BFGS iter 71: f=0.0089044116
BFGS iter 72: f=0.0089042109
BFGS iter 73: f=0.008903409
BFGS iter 74: f=0.0089018239
BFGS iter 75: f=0.0089011494
BFGS iter 76: f=0.008900689
BFGS iter 77: f=0.0088987595
BFGS iter 78: f=0.0088946699
BFGS iter 79: f=0.0088923483
BFGS iter 80: f=0.008891368
BFGS iter 81: f=0.00889095
BFGS iter 82: f=0.0088903326
BFGS iter 83: f=0.0088898104
BFGS iter 84: f=0.0088895435
BFGS iter 85: f=0.0088890235
BFGS iter 86: f=0.0088887419
BFGS iter 87: f=0.0088883352
BFGS iter 88: f=0.0088881458
BFGS iter 89: f=0.0088881144
BFGS iter 90: f=0.0088880742
BFGS iter 91: f=0.0088877797
BFGS iter 92: f=0.0088874434
BFGS iter 93: f=0.0088872516
BFGS iter 94: f=0.008887022
BFGS iter 95: f=0.0088866135
BFGS iter 96: f=0.0088862999
BFGS iter 97: f=0.0088862013
BFGS iter 98: f=0.0088860546
BFGS iter 99: f=0.008885983
*
BFGS iter 100: f=0.0089230146
BFGS iter 101: f=0.0089224906
BFGS iter 102: f=0.0089220125
BFGS iter 103: f=0.0089213985
BFGS iter 104: f=0.0089172858
BFGS iter 105: f=0.008913734
BFGS iter 106: f=0.0089118905
BFGS iter 107: f=0.0089100572
BFGS iter 108: f=0.0089094261
BFGS iter 109: f=0.0089091939
BFGS iter 110: f=0.0089090752
BFGS iter 111: f=0.0089089717
BFGS iter 112: f=0.0089088033
BFGS iter 113: f=0.0089084988
BFGS iter 114: f=0.0089084438
BFGS iter 115: f=0.0089084322
BFGS iter 116: f=0.0089084149
BFGS iter 117: f=0.0089082921
BFGS iter 118: f=0.0089079936
BFGS iter 119: f=0.0089077949
BFGS iter 120: f=0.0089076668
BFGS iter 121: f=0.0089075889
BFGS iter 122: f=0.0089075382
BFGS iter 123: f=0.0089074997
BFGS iter 124: f=0.0089074248
BFGS iter 125: f=0.0089073223
BFGS iter 126: f=0.008906971
BFGS iter 127: f=0.008906663
BFGS iter 128: f=0.0089063048
BFGS iter 129: f=0.008906184
BFGS iter 130: f=0.0089057055
BFGS iter 131: f=0.0089054275
BFGS iter 132: f=0.0089051401
BFGS iter 133: f=0.0089049319
BFGS iter 134: f=0.0089047854
BFGS iter 135: f=0.0089047204
BFGS iter 136: f=0.0089047135
BFGS iter 137: f=0.0089047105
BFGS iter 138: f=0.0089047081
BFGS iter 139: f=0.0089047012
BFGS iter 140: f=0.0089046757
BFGS iter 141: f=0.0089045981
BFGS iter 142: f=0.0089043605
BFGS iter 143: f=0.0089039626
BFGS iter 144: f=0.008903904
BFGS iter 145: f=0.0089038108
BFGS iter 146: f=0.0089037349
BFGS iter 147: f=0.0089036584
BFGS iter 148: f=0.0089035309
BFGS iter 149: f=0.0089034585
*
BFGS iter 150: f=0.0089484771
BFGS iter 151: f=0.0089483648
BFGS iter 152: f=0.0089479787
BFGS iter 153: f=0.0089446367
BFGS iter 154: f=0.0089445141
BFGS iter 155: f=0.0089431105
BFGS iter 156: f=0.0089424792
BFGS iter 157: f=0.008939455
BFGS iter 158: f=0.0089375746
BFGS iter 159: f=0.0089369811
BFGS iter 160: f=0.0089368976
BFGS iter 161: f=0.0089367314
BFGS iter 162: f=0.008936594
BFGS iter 163: f=0.0089364774
BFGS iter 164: f=0.0089364019
BFGS iter 165: f=0.0089362712
BFGS iter 166: f=0.008935958
BFGS iter 167: f=0.008934289
BFGS iter 168: f=0.0089329824
BFGS iter 169: f=0.0089318054
BFGS iter 170: f=0.0089311224
BFGS iter 171: f=0.0089307897
BFGS iter 172: f=0.0089305837
BFGS iter 173: f=0.0089304784
BFGS iter 174: f=0.0089303656
BFGS iter 175: f=0.0089303084
BFGS iter 176: f=0.0089302879
BFGS iter 177: f=0.0089302669
BFGS iter 178: f=0.0089302302
BFGS iter 179: f=0.008929968
BFGS iter 180: f=0.0089293381
BFGS iter 181: f=0.0089287728
BFGS iter 182: f=0.0089285948
BFGS iter 183: f=0.0089285426
BFGS iter 184: f=0.0089284962
BFGS iter 185: f=0.0089284687
BFGS iter 186: f=0.0089284203
BFGS iter 187: f=0.0089283963
BFGS iter 188: f=0.0089283857
BFGS iter 189: f=0.0089283837
BFGS iter 190: f=0.008928383
BFGS iter 191: f=0.0089283821
BFGS iter 192: f=0.0089283808
BFGS iter 193: f=0.0089283792
BFGS iter 194: f=0.0089283751
BFGS iter 195: f=0.0089283501
BFGS iter 196: f=0.0089282443
BFGS iter 197: f=0.0089277361
BFGS iter 198: f=0.0089275096
BFGS iter 199: f=0.0089271332
BFGS ended due to small decr. in 50 iterations
MTPR training ended
Rescaling...
   scaling = 0.016467205, condition number = 31.279317
   scaling = 0.017964224, condition number = 19.942102
   scaling = 0.019760646, condition number = 18.903211
   scaling = 0.021736711, condition number = 12.898225
   scaling = 0.023712776, condition number = 12.034208
Rescaling to 0.023712776... done
Rescaling...
   scaling = 0.019760646, condition number = 18.903211
   scaling = 0.021557069, condition number = 13.506081
   scaling = 0.023712776, condition number = 12.034207
   scaling = 0.026084053, condition number = 12.408823
   scaling = 0.028455331, condition number = 16.178501
Rescaling to 0.023712776... done
_________________Errors report_________________
Energy:
	Errors checked for 31 configurations
	Maximal absolute difference = 0.248313
	Average absolute difference = 0.0551815
	RMS     absolute difference = 0.10447

Energy per atom:
	Errors checked for 31 configurations
	Maximal absolute difference = 0.124156
	Average absolute difference = 0.0277758
	RMS     absolute difference = 0.0522384

Forces:
	Errors checked for 52 atoms
	Maximal absolute difference = 0.193358
	Average absolute difference = 0.0398179
	RMS     absolute difference = 0.0682566
	Max(ForceDiff) / Max(Force) = 0.0801953
	RMS(ForceDiff) / RMS(Force) = 0.0562066

Stresses (in energy units):
	Errors checked for 31 configurations
	Maximal absolute difference = 6.66439
	Average absolute difference = 1.54559
	RMS     absolute difference = 2.50337
	Max(StresDiff) / Max(Stres) = 1.1418
	RMS(StresDiff) / RMS(Stres) = 0.575228

Virial stresses (in pressure units):
	Errors checked for 31 configurations
	Maximal absolute difference = 171.728
	Average absolute difference = 37.4862
	RMS     absolute difference = 62.5952
	Max(StresDiff) / Max(Stres) = 1.10754
	RMS(StresDiff) / RMS(Stres) = 0.57312
_______________________________________________

	batch_size = 9999
	swap_limit = 0
	weight_scaling = 2
	energy_weight = 1.000000
	force_weight = 0.000000
	init_value = 0.000001
	site_en_weight = 0.000000
	stress_weight = 0.000000
	threshold = 1.001000
Selection: state saved to "mtp_V2.mtp"
training complete
