Selection data found
Basic trainer initialization complete
	auto-minmax-magmom = false
	init_random = false
	no_mindist_update = false
	skip_preinit = false
	iteration_limit = 1000
	weight_scaling = 1
	weight_scaling_forces = 0
	energy_weight = 1.000000
	force_weight = 0.010000
	penalty_weight = 0.000001
	scale_by_force = 0.000000
	select_factor = 1.000000
	stress_weight = 0.001000
	tolerance = 0.001000
	log = stdout
	save_to = mtp_V73.mtp
104 configurations found in the training set
Minimal interatomic distance in the training set is 1.56937. MTP's mindist will be updated
Iteration limit is 1000
Convergence tolerance is 0.001
Energy weight: 1
Force weight: 0.01
Stress weight: 0.001
MTPR training started on 1 core(s)
BFGS has exceeded the linesearch limit. Cannot converge further
MTPR training ended
Rescaling...
   scaling = 0.9320081, condition number = 19.975006
   scaling = 1.0167361, condition number = 19.04729
   scaling = 1.1184097, condition number = 18.958226
   scaling = 1.2302507, condition number = 23.145177
   scaling = 1.3420917, condition number = 36.076569
Rescaling to 1.1184097... done
_________________Errors report_________________
Energy:
	Errors checked for 104 configurations
	Maximal absolute difference = 0.0214832
	Average absolute difference = 0.000799651
	RMS     absolute difference = 0.00367285

Energy per atom:
	Errors checked for 104 configurations
	Maximal absolute difference = 0.0214832
	Average absolute difference = 0.000799636
	RMS     absolute difference = 0.00367285

Forces:
	Errors checked for 198 atoms
	Maximal absolute difference = 0.00072848
	Average absolute difference = 0.000691688
	RMS     absolute difference = 0.000709846
	Max(ForceDiff) / Max(Force) = 0.000474175
	RMS(ForceDiff) / RMS(Force) = 0.000474175

Stresses (in energy units):
	Errors checked for 104 configurations
	Maximal absolute difference = 1.11253
	Average absolute difference = 0.0403005
	RMS     absolute difference = 0.13838
	Max(StresDiff) / Max(Stres) = 0.315395
	RMS(StresDiff) / RMS(Stres) = 0.0412609

Virial stresses (in pressure units):
	Errors checked for 104 configurations
	Maximal absolute difference = 3.4394
	Average absolute difference = 0.450233
	RMS     absolute difference = 0.577789
	Max(StresDiff) / Max(Stres) = 0.0390179
	RMS(StresDiff) / RMS(Stres) = 0.0068945
_______________________________________________

	batch_size = 9999
	swap_limit = 0
	weight_scaling = 2
	energy_weight = 1.000000
	force_weight = 0.000000
	init_value = 0.000001
	site_en_weight = 0.000000
	stress_weight = 0.000000
	threshold = 1.001000
Selection: state saved to "mtp_V73.mtp"
training complete
