Selection data found
Basic trainer initialization complete
	auto-minmax-magmom = false
	init_random = false
	no_mindist_update = false
	skip_preinit = false
	iteration_limit = 1000
	weight_scaling = 1
	weight_scaling_forces = 0
	energy_weight = 1.000000
	force_weight = 0.010000
	penalty_weight = 0.000001
	scale_by_force = 0.000000
	select_factor = 1.000000
	stress_weight = 0.001000
	tolerance = 0.001000
	log = stdout
	save_to = mtp_V83.mtp
114 configurations found in the training set
Minimal interatomic distance in the training set is 1.56937. MTP's mindist will be updated
Iteration limit is 1000
Convergence tolerance is 0.001
Energy weight: 1
Force weight: 0.01
Stress weight: 0.001
MTPR training started on 1 core(s)
BFGS has exceeded the linesearch limit. Cannot converge further
MTPR training ended
Rescaling...
   scaling = 0.9320081, condition number = 18.372433
   scaling = 1.0167361, condition number = 17.656087
   scaling = 1.1184097, condition number = 17.662888
   scaling = 1.2302507, condition number = 17.940364
   scaling = 1.3420917, condition number = 22.778046
Rescaling to 1.0167361... done
Rescaling...
   scaling = 0.84728009, condition number = 20.198432
   scaling = 0.92430556, condition number = 18.479522
   scaling = 1.0167361, condition number = 17.656087
   scaling = 1.1184097, condition number = 17.662844
   scaling = 1.2200833, condition number = 17.930781
Rescaling to 1.0167361... done
_________________Errors report_________________
Energy:
	Errors checked for 114 configurations
	Maximal absolute difference = 0.0214957
	Average absolute difference = 0.000719757
	RMS     absolute difference = 0.00349826

Energy per atom:
	Errors checked for 114 configurations
	Maximal absolute difference = 0.0214957
	Average absolute difference = 0.000719742
	RMS     absolute difference = 0.00349826

Forces:
	Errors checked for 218 atoms
	Maximal absolute difference = 0.000905829
	Average absolute difference = 0.000864278
	RMS     absolute difference = 0.00088481
	Max(ForceDiff) / Max(Force) = 0.000589614
	RMS(ForceDiff) / RMS(Force) = 0.000589614

Stresses (in energy units):
	Errors checked for 114 configurations
	Maximal absolute difference = 1.11379
	Average absolute difference = 0.0389576
	RMS     absolute difference = 0.132474
	Max(StresDiff) / Max(Stres) = 0.315752
	RMS(StresDiff) / RMS(Stres) = 0.0393171

Virial stresses (in pressure units):
	Errors checked for 114 configurations
	Maximal absolute difference = 3.44329
	Average absolute difference = 0.468221
	RMS     absolute difference = 0.581404
	Max(StresDiff) / Max(Stres) = 0.039062
	RMS(StresDiff) / RMS(Stres) = 0.00690549
_______________________________________________

	batch_size = 9999
	swap_limit = 0
	weight_scaling = 2
	energy_weight = 1.000000
	force_weight = 0.000000
	init_value = 0.000001
	site_en_weight = 0.000000
	stress_weight = 0.000000
	threshold = 1.001000
Selection: state saved to "mtp_V83.mtp"
training complete
