Selection data found
Basic trainer initialization complete
	auto-minmax-magmom = false
	init_random = false
	no_mindist_update = false
	skip_preinit = false
	iteration_limit = 1000
	weight_scaling = 1
	weight_scaling_forces = 0
	energy_weight = 1.000000
	force_weight = 0.010000
	penalty_weight = 0.000001
	scale_by_force = 0.000000
	select_factor = 1.000000
	stress_weight = 0.001000
	tolerance = 0.001000
	log = stdout
	save_to = mtp_V69.mtp
100 configurations found in the training set
Minimal interatomic distance in the training set is 1.56937. MTP's mindist will be updated
Iteration limit is 1000
Convergence tolerance is 0.001
Energy weight: 1
Force weight: 0.01
Stress weight: 0.001
MTPR training started on 1 core(s)
BFGS has exceeded the linesearch limit. Cannot converge further
MTPR training ended
Rescaling...
   scaling = 0.9320081, condition number = 21.294785
   scaling = 1.0167361, condition number = 20.257682
   scaling = 1.1184097, condition number = 20.159367
   scaling = 1.2302507, condition number = 23.589534
   scaling = 1.3420917, condition number = 35.374509
Rescaling to 1.1184097... done
_________________Errors report_________________
Energy:
	Errors checked for 100 configurations
	Maximal absolute difference = 0.0214635
	Average absolute difference = 0.000835992
	RMS     absolute difference = 0.00375192

Energy per atom:
	Errors checked for 100 configurations
	Maximal absolute difference = 0.0214635
	Average absolute difference = 0.000835976
	RMS     absolute difference = 0.00375192

Forces:
	Errors checked for 190 atoms
	Maximal absolute difference = 0.000703319
	Average absolute difference = 0.000666302
	RMS     absolute difference = 0.000684561
	Max(ForceDiff) / Max(Force) = 0.000457798
	RMS(ForceDiff) / RMS(Force) = 0.000457798

Stresses (in energy units):
	Errors checked for 100 configurations
	Maximal absolute difference = 1.10921
	Average absolute difference = 0.0412572
	RMS     absolute difference = 0.140958
	Max(StresDiff) / Max(Stres) = 0.314455
	RMS(StresDiff) / RMS(Stres) = 0.042119

Virial stresses (in pressure units):
	Errors checked for 100 configurations
	Maximal absolute difference = 3.42914
	Average absolute difference = 0.4512
	RMS     absolute difference = 0.582772
	Max(StresDiff) / Max(Stres) = 0.0389015
	RMS(StresDiff) / RMS(Stres) = 0.0069688
_______________________________________________

	batch_size = 9999
	swap_limit = 0
	weight_scaling = 2
	energy_weight = 1.000000
	force_weight = 0.000000
	init_value = 0.000001
	site_en_weight = 0.000000
	stress_weight = 0.000000
	threshold = 1.001000
Selection: state saved to "mtp_V69.mtp"
training complete
