Selection data found
Basic trainer initialization complete
	auto-minmax-magmom = false
	init_random = false
	no_mindist_update = false
	skip_preinit = false
	iteration_limit = 1000
	weight_scaling = 1
	weight_scaling_forces = 0
	energy_weight = 1.000000
	force_weight = 0.010000
	penalty_weight = 0.000001
	scale_by_force = 0.000000
	select_factor = 1.000000
	stress_weight = 0.001000
	tolerance = 0.001000
	log = stdout
	save_to = mtp_V92.mtp
123 configurations found in the training set
Minimal interatomic distance in the training set is 1.56937. MTP's mindist will be updated
Iteration limit is 1000
Convergence tolerance is 0.001
Energy weight: 1
Force weight: 0.01
Stress weight: 0.001
MTPR training started on 1 core(s)
BFGS iter 0: f=7.20554e-05
BFGS iter 1: f=7.20554e-05
BFGS iter 2: f=7.20554e-05
BFGS iter 3: f=7.20554e-05
BFGS iter 4: f=7.20554e-05
BFGS iter 5: f=7.20554e-05
BFGS iter 6: f=7.20554e-05
BFGS iter 7: f=7.20554e-05
BFGS iter 8: f=7.20554e-05
BFGS iter 9: f=7.20554e-05
BFGS iter 10: f=7.20554e-05
BFGS iter 11: f=7.20554e-05
BFGS iter 12: f=7.20553e-05
BFGS iter 13: f=7.20552e-05
BFGS iter 14: f=7.20551e-05
BFGS iter 15: f=7.2055e-05
BFGS iter 16: f=7.20548e-05
BFGS iter 17: f=7.20545e-05
BFGS iter 18: f=7.20539e-05
BFGS iter 19: f=7.20537e-05
BFGS iter 20: f=7.20534e-05
BFGS iter 21: f=7.20533e-05
BFGS iter 22: f=7.20529e-05
BFGS iter 23: f=7.20526e-05
BFGS iter 24: f=7.20521e-05
BFGS iter 25: f=3.6879647e-05
BFGS iter 26: f=3.6879647e-05
BFGS iter 27: f=3.6879647e-05
BFGS iter 28: f=3.6879643e-05
BFGS iter 29: f=3.6879643e-05
BFGS iter 30: f=3.6879642e-05
BFGS iter 31: f=3.687964e-05
BFGS iter 32: f=3.6879638e-05
BFGS iter 33: f=3.6879637e-05
BFGS iter 34: f=3.6879635e-05
BFGS iter 35: f=3.6879628e-05
BFGS iter 36: f=3.687962e-05
BFGS iter 37: f=3.6879594e-05
BFGS iter 38: f=3.6879566e-05
BFGS iter 39: f=3.6879128e-05
BFGS iter 40: f=3.687871e-05
BFGS iter 41: f=3.6878329e-05
BFGS iter 42: f=3.6877827e-05
BFGS iter 43: f=3.6877381e-05
BFGS iter 44: f=3.687683e-05
BFGS iter 45: f=3.6875759e-05
BFGS iter 46: f=3.6874162e-05
BFGS iter 47: f=3.6872281e-05
BFGS iter 48: f=3.6870782e-05
BFGS iter 49: f=3.6869509e-05
BFGS iter 50: f=3.6869339e-05
BFGS iter 51: f=3.6868792e-05
BFGS iter 52: f=3.6868495e-05
BFGS iter 53: f=3.6867757e-05
BFGS iter 54: f=3.6867141e-05
BFGS iter 55: f=3.6865485e-05
BFGS iter 56: f=3.6865136e-05
BFGS iter 57: f=3.6864725e-05
BFGS iter 58: f=3.6864473e-05
BFGS iter 59: f=3.6863425e-05
BFGS iter 60: f=3.6862045e-05
BFGS iter 61: f=3.6861456e-05
BFGS iter 62: f=3.6860831e-05
BFGS iter 63: f=3.6860438e-05
BFGS iter 64: f=3.6859737e-05
BFGS iter 65: f=3.685898e-05
BFGS iter 66: f=3.6858404e-05
BFGS iter 67: f=3.685687e-05
BFGS iter 68: f=3.6855927e-05
BFGS iter 69: f=3.6854384e-05
*
BFGS iter 70: f=3.6857197e-05
BFGS iter 71: f=3.6855788e-05
BFGS iter 72: f=3.6855493e-05
BFGS iter 73: f=3.6855358e-05
BFGS iter 74: f=3.6855275e-05
BFGS iter 75: f=3.6855237e-05
BFGS iter 76: f=3.6855187e-05
BFGS iter 77: f=3.6854899e-05
BFGS iter 78: f=3.6854511e-05
BFGS iter 79: f=3.6854154e-05
BFGS iter 80: f=3.6854122e-05
BFGS iter 81: f=3.6854108e-05
BFGS iter 82: f=3.6854098e-05
BFGS iter 83: f=3.6853271e-05
BFGS iter 84: f=3.6852411e-05
BFGS iter 85: f=3.6852067e-05
BFGS iter 86: f=3.6851939e-05
BFGS iter 87: f=3.6851831e-05
BFGS iter 88: f=3.6851523e-05
BFGS iter 89: f=3.6851401e-05
BFGS iter 90: f=3.6851169e-05
BFGS iter 91: f=3.6851053e-05
BFGS iter 92: f=3.685064e-05
BFGS iter 93: f=3.6848671e-05
BFGS iter 94: f=3.6847062e-05
BFGS iter 95: f=3.6844925e-05
BFGS iter 96: f=3.6843795e-05
BFGS iter 97: f=3.6843468e-05
BFGS iter 98: f=3.6843221e-05
BFGS iter 99: f=3.6843145e-05
*
BFGS iter 100: f=3.6854634e-05
BFGS iter 101: f=3.6854312e-05
BFGS iter 102: f=3.685368e-05
BFGS iter 103: f=3.68532e-05
BFGS iter 104: f=3.6852203e-05
BFGS iter 105: f=3.6851502e-05
BFGS iter 106: f=3.6850813e-05
BFGS iter 107: f=3.6850329e-05
BFGS iter 108: f=3.684937e-05
BFGS iter 109: f=3.6849183e-05
BFGS iter 110: f=3.6848349e-05
BFGS iter 111: f=3.6847596e-05
BFGS iter 112: f=3.6846982e-05
BFGS iter 113: f=3.684643e-05
BFGS iter 114: f=3.6845953e-05
BFGS iter 115: f=3.6845543e-05
BFGS iter 116: f=3.6845319e-05
BFGS iter 117: f=3.684518e-05
BFGS iter 118: f=3.6844837e-05
BFGS iter 119: f=3.6844524e-05
BFGS iter 120: f=3.6844244e-05
BFGS iter 121: f=3.6844052e-05
BFGS iter 122: f=3.6843809e-05
BFGS iter 123: f=3.6843738e-05
BFGS iter 124: f=3.6843641e-05
BFGS iter 125: f=3.6843446e-05
BFGS iter 126: f=3.6842458e-05
BFGS iter 127: f=3.6839942e-05
BFGS iter 128: f=3.6839662e-05
BFGS iter 129: f=3.6838413e-05
BFGS iter 130: f=3.6837714e-05
BFGS iter 131: f=3.6835367e-05
BFGS iter 132: f=3.6834462e-05
BFGS iter 133: f=3.6833602e-05
BFGS iter 134: f=3.6833146e-05
BFGS iter 135: f=3.6832981e-05
BFGS iter 136: f=3.6832935e-05
BFGS iter 137: f=3.683286e-05
BFGS iter 138: f=3.6832254e-05
BFGS iter 139: f=3.6831762e-05
BFGS iter 140: f=3.6831592e-05
BFGS iter 141: f=3.6831558e-05
BFGS iter 142: f=3.6831383e-05
BFGS iter 143: f=3.6830882e-05
BFGS iter 144: f=3.6829943e-05
BFGS iter 145: f=3.6829154e-05
BFGS iter 146: f=3.6827909e-05
BFGS iter 147: f=3.6827524e-05
BFGS iter 148: f=3.6827071e-05
BFGS iter 149: f=3.6826596e-05
*
BFGS iter 150: f=3.6841674e-05
BFGS iter 151: f=3.6841592e-05
BFGS iter 152: f=3.6841252e-05
BFGS iter 153: f=3.6841053e-05
BFGS iter 154: f=3.6840985e-05
BFGS iter 155: f=3.6840945e-05
BFGS iter 156: f=3.6840806e-05
BFGS iter 157: f=3.6840388e-05
BFGS iter 158: f=3.683974e-05
BFGS iter 159: f=3.683968e-05
BFGS iter 160: f=3.6839648e-05
BFGS iter 161: f=3.6839612e-05
BFGS iter 162: f=3.6839519e-05
BFGS iter 163: f=3.6839212e-05
BFGS iter 164: f=3.6837732e-05
BFGS iter 165: f=3.683712e-05
BFGS iter 166: f=3.683578e-05
BFGS iter 167: f=3.6834797e-05
BFGS iter 168: f=3.6834436e-05
BFGS iter 169: f=3.6833853e-05
BFGS iter 170: f=3.6833529e-05
BFGS iter 171: f=3.6833038e-05
BFGS iter 172: f=3.6832013e-05
BFGS iter 173: f=3.6830057e-05
BFGS iter 174: f=3.6829684e-05
BFGS iter 175: f=3.6829236e-05
BFGS iter 176: f=3.6828869e-05
BFGS iter 177: f=3.6828482e-05
BFGS iter 178: f=3.6828087e-05
BFGS iter 179: f=3.6827594e-05
BFGS iter 180: f=3.6827228e-05
BFGS iter 181: f=3.6826975e-05
BFGS iter 182: f=3.6826572e-05
BFGS iter 183: f=3.6826395e-05
BFGS iter 184: f=3.6825888e-05
BFGS iter 185: f=3.6825687e-05
BFGS iter 186: f=3.6825311e-05
BFGS iter 187: f=3.6825148e-05
BFGS iter 188: f=3.6824842e-05
BFGS iter 189: f=3.6824661e-05
BFGS iter 190: f=3.6824368e-05
BFGS iter 191: f=3.6824104e-05
BFGS iter 192: f=3.6823883e-05
BFGS iter 193: f=3.6823565e-05
BFGS iter 194: f=3.6823342e-05
BFGS iter 195: f=3.6822913e-05
BFGS iter 196: f=3.682254e-05
BFGS iter 197: f=3.6821935e-05
BFGS iter 198: f=3.6821556e-05
BFGS iter 199: f=3.6821149e-05
BFGS ended due to small decr. in 50 iterations
MTPR training ended
Rescaling...
   scaling = 0.84728009, condition number = 28.786734
   scaling = 0.92430556, condition number = 26.501667
   scaling = 1.0167361, condition number = 25.800738
   scaling = 1.1184097, condition number = 26.852567
   scaling = 1.2200833, condition number = 29.152152
Rescaling to 1.0167361... done
_________________Errors report_________________
Energy:
	Errors checked for 123 configurations
	Maximal absolute difference = 0.0214546
	Average absolute difference = 0.000669548
	RMS     absolute difference = 0.00337443

Energy per atom:
	Errors checked for 123 configurations
	Maximal absolute difference = 0.0214546
	Average absolute difference = 0.000669533
	RMS     absolute difference = 0.00337443

Forces:
	Errors checked for 236 atoms
	Maximal absolute difference = 0.000737029
	Average absolute difference = 0.000705799
	RMS     absolute difference = 0.000721245
	Max(ForceDiff) / Max(Force) = 0.000479739
	RMS(ForceDiff) / RMS(Force) = 0.000479739

Stresses (in energy units):
	Errors checked for 123 configurations
	Maximal absolute difference = 1.10508
	Average absolute difference = 0.0368264
	RMS     absolute difference = 0.127333
	Max(StresDiff) / Max(Stres) = 0.313285
	RMS(StresDiff) / RMS(Stres) = 0.0376594

Virial stresses (in pressure units):
	Errors checked for 123 configurations
	Maximal absolute difference = 3.41638
	Average absolute difference = 0.451833
	RMS     absolute difference = 0.561084
	Max(StresDiff) / Max(Stres) = 0.0387568
	RMS(StresDiff) / RMS(Stres) = 0.00664082
_______________________________________________

	batch_size = 9999
	swap_limit = 0
	weight_scaling = 2
	energy_weight = 1.000000
	force_weight = 0.000000
	init_value = 0.000001
	site_en_weight = 0.000000
	stress_weight = 0.000000
	threshold = 1.001000
Selection: state saved to "mtp_V92.mtp"
training complete
