Selection data found
Basic trainer initialization complete
	auto-minmax-magmom = false
	init_random = false
	no_mindist_update = false
	skip_preinit = false
	iteration_limit = 1000
	weight_scaling = 1
	weight_scaling_forces = 0
	energy_weight = 1.000000
	force_weight = 0.010000
	penalty_weight = 0.000001
	scale_by_force = 0.000000
	select_factor = 1.000000
	stress_weight = 0.001000
	tolerance = 0.001000
	log = stdout
	save_to = mtp_V87.mtp
118 configurations found in the training set
Minimal interatomic distance in the training set is 1.56937. MTP's mindist will be updated
Iteration limit is 1000
Convergence tolerance is 0.001
Energy weight: 1
Force weight: 0.01
Stress weight: 0.001
MTPR training started on 1 core(s)
BFGS has exceeded the linesearch limit. Cannot converge further
MTPR training ended
Rescaling...
   scaling = 0.84728009, condition number = 28.998991
   scaling = 0.92430556, condition number = 26.509443
   scaling = 1.0167361, condition number = 25.583221
   scaling = 1.1184097, condition number = 26.279797
   scaling = 1.2200833, condition number = 27.904297
Rescaling to 1.0167361... done
_________________Errors report_________________
Energy:
	Errors checked for 118 configurations
	Maximal absolute difference = 0.0214645
	Average absolute difference = 0.000696838
	RMS     absolute difference = 0.00344338

Energy per atom:
	Errors checked for 118 configurations
	Maximal absolute difference = 0.0214645
	Average absolute difference = 0.000696822
	RMS     absolute difference = 0.00344338

Forces:
	Errors checked for 226 atoms
	Maximal absolute difference = 0.000766695
	Average absolute difference = 0.00073277
	RMS     absolute difference = 0.000749541
	Max(ForceDiff) / Max(Force) = 0.000499049
	RMS(ForceDiff) / RMS(Force) = 0.000499049

Stresses (in energy units):
	Errors checked for 118 configurations
	Maximal absolute difference = 1.10708
	Average absolute difference = 0.03773
	RMS     absolute difference = 0.13001
	Max(StresDiff) / Max(Stres) = 0.313851
	RMS(StresDiff) / RMS(Stres) = 0.0385231

Virial stresses (in pressure units):
	Errors checked for 118 configurations
	Maximal absolute difference = 3.42255
	Average absolute difference = 0.454555
	RMS     absolute difference = 0.567374
	Max(StresDiff) / Max(Stres) = 0.0388268
	RMS(StresDiff) / RMS(Stres) = 0.0067279
_______________________________________________

	batch_size = 9999
	swap_limit = 0
	weight_scaling = 2
	energy_weight = 1.000000
	force_weight = 0.000000
	init_value = 0.000001
	site_en_weight = 0.000000
	stress_weight = 0.000000
	threshold = 1.001000
Selection: state saved to "mtp_V87.mtp"
training complete
