Selection data found
Basic trainer initialization complete
	auto-minmax-magmom = false
	init_random = false
	no_mindist_update = false
	skip_preinit = false
	iteration_limit = 1000
	weight_scaling = 1
	weight_scaling_forces = 0
	energy_weight = 1.000000
	force_weight = 0.010000
	penalty_weight = 0.000001
	scale_by_force = 0.000000
	select_factor = 1.000000
	stress_weight = 0.001000
	tolerance = 0.001000
	log = stdout
	save_to = mtp_V93.mtp
124 configurations found in the training set
Minimal interatomic distance in the training set is 1.56937. MTP's mindist will be updated
Iteration limit is 1000
Convergence tolerance is 0.001
Energy weight: 1
Force weight: 0.01
Stress weight: 0.001
MTPR training started on 1 core(s)
BFGS iter 0: f=7.17277e-05
BFGS iter 1: f=7.17277e-05
BFGS iter 2: f=7.17277e-05
BFGS iter 3: f=7.17277e-05
BFGS iter 4: f=7.17277e-05
BFGS iter 5: f=7.17277e-05
BFGS iter 6: f=7.17277e-05
BFGS iter 7: f=7.17277e-05
BFGS iter 8: f=7.17277e-05
BFGS iter 9: f=7.17277e-05
BFGS iter 10: f=7.17277e-05
BFGS iter 11: f=7.17277e-05
BFGS iter 12: f=7.17276e-05
BFGS iter 13: f=7.17274e-05
BFGS iter 14: f=7.17274e-05
BFGS iter 15: f=7.17272e-05
BFGS iter 16: f=7.1727e-05
BFGS iter 17: f=7.17268e-05
BFGS iter 18: f=7.17264e-05
BFGS iter 19: f=7.17261e-05
BFGS iter 20: f=7.17258e-05
BFGS iter 21: f=7.1725e-05
BFGS iter 22: f=7.17247e-05
BFGS iter 23: f=7.17244e-05
BFGS iter 24: f=7.17237e-05
BFGS iter 25: f=3.6612579e-05
BFGS has exceeded the linesearch limit. Cannot converge further
MTPR training ended
Rescaling...
   scaling = 0.84728009, condition number = 28.193617
   scaling = 0.92430556, condition number = 25.987984
   scaling = 1.0167361, condition number = 25.316631
   scaling = 1.1184097, condition number = 26.344537
   scaling = 1.2200833, condition number = 28.603011
Rescaling to 1.0167361... done
_________________Errors report_________________
Energy:
	Errors checked for 124 configurations
	Maximal absolute difference = 0.0214651
	Average absolute difference = 0.00066223
	RMS     absolute difference = 0.00335784

Energy per atom:
	Errors checked for 124 configurations
	Maximal absolute difference = 0.0214651
	Average absolute difference = 0.000662215
	RMS     absolute difference = 0.00335784

Forces:
	Errors checked for 238 atoms
	Maximal absolute difference = 0.000738678
	Average absolute difference = 0.000707641
	RMS     absolute difference = 0.000722993
	Max(ForceDiff) / Max(Force) = 0.000480813
	RMS(ForceDiff) / RMS(Force) = 0.000480813

Stresses (in energy units):
	Errors checked for 124 configurations
	Maximal absolute difference = 1.10691
	Average absolute difference = 0.0366706
	RMS     absolute difference = 0.126891
	Max(StresDiff) / Max(Stres) = 0.313802
	RMS(StresDiff) / RMS(Stres) = 0.0375153

Virial stresses (in pressure units):
	Errors checked for 124 configurations
	Maximal absolute difference = 3.42203
	Average absolute difference = 0.451967
	RMS     absolute difference = 0.560501
	Max(StresDiff) / Max(Stres) = 0.0388208
	RMS(StresDiff) / RMS(Stres) = 0.00663156
_______________________________________________

	batch_size = 9999
	swap_limit = 0
	weight_scaling = 2
	energy_weight = 1.000000
	force_weight = 0.000000
	init_value = 0.000001
	site_en_weight = 0.000000
	stress_weight = 0.000000
	threshold = 1.001000
Selection: state saved to "mtp_V93.mtp"
training complete
