Selection data found
Basic trainer initialization complete
	auto-minmax-magmom = false
	init_random = false
	no_mindist_update = false
	skip_preinit = false
	iteration_limit = 1000
	weight_scaling = 1
	weight_scaling_forces = 0
	energy_weight = 1.000000
	force_weight = 0.010000
	penalty_weight = 0.000001
	scale_by_force = 0.000000
	select_factor = 1.000000
	stress_weight = 0.001000
	tolerance = 0.001000
	log = stdout
	save_to = mtp_V51.mtp
82 configurations found in the training set
Minimal interatomic distance in the training set is 1.56937. MTP's mindist will be updated
Iteration limit is 1000
Convergence tolerance is 0.001
Energy weight: 1
Force weight: 0.01
Stress weight: 0.001
MTPR training started on 1 core(s)
BFGS iter 0: f=6.18569e-05
BFGS ended due to small decr. for 1 iteration
BFGS iter 1: f=6.18569e-05
MTPR training ended
Rescaling...
   scaling = 1.0423669, condition number = 29.640748
   scaling = 1.1371276, condition number = 27.303629
   scaling = 1.2508403, condition number = 26.868433
   scaling = 1.3759243, condition number = 28.449405
   scaling = 1.5010084, condition number = 30.851772
Rescaling to 1.2508403... done
_________________Errors report_________________
Energy:
	Errors checked for 82 configurations
	Maximal absolute difference = 0.0215502
	Average absolute difference = 0.00103259
	RMS     absolute difference = 0.00415314

Energy per atom:
	Errors checked for 82 configurations
	Maximal absolute difference = 0.0215502
	Average absolute difference = 0.00103256
	RMS     absolute difference = 0.00415314

Forces:
	Errors checked for 154 atoms
	Maximal absolute difference = 0.0012815
	Average absolute difference = 0.00119829
	RMS     absolute difference = 0.0012392
	Max(ForceDiff) / Max(Force) = 0.000834142
	RMS(ForceDiff) / RMS(Force) = 0.000834142

Stresses (in energy units):
	Errors checked for 82 configurations
	Maximal absolute difference = 1.12602
	Average absolute difference = 0.0469714
	RMS     absolute difference = 0.155821
	Max(StresDiff) / Max(Stres) = 0.319219
	RMS(StresDiff) / RMS(Stres) = 0.0471378

Virial stresses (in pressure units):
	Errors checked for 82 configurations
	Maximal absolute difference = 3.4811
	Average absolute difference = 0.456244
	RMS     absolute difference = 0.611203
	Max(StresDiff) / Max(Stres) = 0.039491
	RMS(StresDiff) / RMS(Stres) = 0.00739957
_______________________________________________

	batch_size = 9999
	swap_limit = 0
	weight_scaling = 2
	energy_weight = 1.000000
	force_weight = 0.000000
	init_value = 0.000001
	site_en_weight = 0.000000
	stress_weight = 0.000000
	threshold = 1.001000
Selection: state saved to "mtp_V51.mtp"
training complete
