Selection data found
Basic trainer initialization complete
	auto-minmax-magmom = false
	init_random = false
	no_mindist_update = false
	skip_preinit = false
	iteration_limit = 1000
	weight_scaling = 1
	weight_scaling_forces = 0
	energy_weight = 1.000000
	force_weight = 0.010000
	penalty_weight = 0.000001
	scale_by_force = 0.000000
	select_factor = 1.000000
	stress_weight = 0.001000
	tolerance = 0.001000
	log = stdout
	save_to = mtp_V64.mtp
95 configurations found in the training set
Minimal interatomic distance in the training set is 1.56937. MTP's mindist will be updated
Iteration limit is 1000
Convergence tolerance is 0.001
Energy weight: 1
Force weight: 0.01
Stress weight: 0.001
MTPR training started on 1 core(s)
BFGS iter 0: f=6.51381e-05
BFGS ended due to small decr. for 1 iteration
BFGS iter 1: f=6.51381e-05
MTPR training ended
Rescaling...
   scaling = 0.9320081, condition number = 32.947296
   scaling = 1.0167361, condition number = 30.894683
   scaling = 1.1184097, condition number = 29.440643
   scaling = 1.2302507, condition number = 33.399848
   scaling = 1.3420917, condition number = 43.176573
Rescaling to 1.1184097... done
_________________Errors report_________________
Energy:
	Errors checked for 95 configurations
	Maximal absolute difference = 0.0214925
	Average absolute difference = 0.000876742
	RMS     absolute difference = 0.00384467

Energy per atom:
	Errors checked for 95 configurations
	Maximal absolute difference = 0.0214925
	Average absolute difference = 0.000876717
	RMS     absolute difference = 0.00384467

Forces:
	Errors checked for 180 atoms
	Maximal absolute difference = 0.000919362
	Average absolute difference = 0.000868286
	RMS     absolute difference = 0.000893459
	Max(ForceDiff) / Max(Force) = 0.000598422
	RMS(ForceDiff) / RMS(Force) = 0.000598422

Stresses (in energy units):
	Errors checked for 95 configurations
	Maximal absolute difference = 1.11447
	Average absolute difference = 0.0427954
	RMS     absolute difference = 0.144706
	Max(StresDiff) / Max(Stres) = 0.315945
	RMS(StresDiff) / RMS(Stres) = 0.0433658

Virial stresses (in pressure units):
	Errors checked for 95 configurations
	Maximal absolute difference = 3.44539
	Average absolute difference = 0.457981
	RMS     absolute difference = 0.593767
	Max(StresDiff) / Max(Stres) = 0.0390859
	RMS(StresDiff) / RMS(Stres) = 0.00712113
_______________________________________________

	batch_size = 9999
	swap_limit = 0
	weight_scaling = 2
	energy_weight = 1.000000
	force_weight = 0.000000
	init_value = 0.000001
	site_en_weight = 0.000000
	stress_weight = 0.000000
	threshold = 1.001000
Selection: state saved to "mtp_V64.mtp"
training complete
