Selection data found
Basic trainer initialization complete
	auto-minmax-magmom = false
	init_random = false
	no_mindist_update = false
	skip_preinit = false
	iteration_limit = 1000
	weight_scaling = 1
	weight_scaling_forces = 0
	energy_weight = 1.000000
	force_weight = 0.010000
	penalty_weight = 0.000001
	scale_by_force = 0.000000
	select_factor = 1.000000
	stress_weight = 0.001000
	tolerance = 0.001000
	log = stdout
	save_to = mtp_V30.mtp
299 configurations found in the training set
Minimal interatomic distance in the training set is 1.54422. MTP's mindist will be updated
Iteration limit is 1000
Convergence tolerance is 0.001
Energy weight: 1
Force weight: 0.01
Stress weight: 0.001
MTPR training started on 1 core(s)
BFGS iter 0: f=0.275073
BFGS iter 1: f=0.275073
BFGS iter 2: f=0.275073
BFGS iter 3: f=0.275073
BFGS iter 4: f=0.275072
BFGS iter 5: f=0.275072
BFGS iter 6: f=0.275072
BFGS iter 7: f=0.275071
BFGS iter 8: f=0.275071
BFGS iter 9: f=0.275071
BFGS iter 10: f=0.275071
BFGS iter 11: f=0.27507
BFGS iter 12: f=0.275069
BFGS iter 13: f=0.275068
BFGS iter 14: f=0.275066
BFGS iter 15: f=0.275066
BFGS iter 16: f=0.275065
BFGS iter 17: f=0.275064
BFGS iter 18: f=0.275062
BFGS iter 19: f=0.275061
BFGS iter 20: f=0.27506
BFGS iter 21: f=0.27506
BFGS iter 22: f=0.275059
BFGS iter 23: f=0.275059
BFGS iter 24: f=0.275059
BFGS iter 25: f=0.0076128731
BFGS iter 26: f=0.0076128432
BFGS iter 27: f=0.0076127182
BFGS iter 28: f=0.0076126016
BFGS iter 29: f=0.0076114291
BFGS iter 30: f=0.007611376
BFGS iter 31: f=0.0076111663
BFGS iter 32: f=0.0076108636
BFGS iter 33: f=0.0076107685
BFGS iter 34: f=0.0076107193
BFGS iter 35: f=0.0076104208
BFGS iter 36: f=0.0076096544
BFGS iter 37: f=0.0076090593
BFGS iter 38: f=0.0076078356
BFGS iter 39: f=0.0076058819
BFGS iter 40: f=0.0076057599
BFGS iter 41: f=0.007605189
BFGS iter 42: f=0.0076043711
BFGS iter 43: f=0.0076036745
BFGS iter 44: f=0.0076029589
BFGS iter 45: f=0.0076025
BFGS iter 46: f=0.007602272
BFGS iter 47: f=0.0076021037
BFGS iter 48: f=0.0076018799
BFGS iter 49: f=0.0076015042
BFGS iter 50: f=0.0076010984
BFGS iter 51: f=0.0076003662
BFGS iter 52: f=0.0076000134
BFGS iter 53: f=0.007599588
BFGS iter 54: f=0.0075993574
BFGS iter 55: f=0.0075992033
BFGS iter 56: f=0.0075991254
BFGS iter 57: f=0.0075990615
BFGS iter 58: f=0.0075989804
BFGS iter 59: f=0.007598881
BFGS iter 60: f=0.0075988099
BFGS iter 61: f=0.0075987853
BFGS iter 62: f=0.0075987731
BFGS iter 63: f=0.0075987624
BFGS iter 64: f=0.0075987571
BFGS iter 65: f=0.0075987528
BFGS iter 66: f=0.0075987452
BFGS iter 67: f=0.0075987159
BFGS iter 68: f=0.0075986985
BFGS iter 69: f=0.0075986746
BFGS iter 70: f=0.007548624
BFGS iter 71: f=0.0075476413
BFGS iter 72: f=0.0075459134
BFGS iter 73: f=0.0075426783
BFGS iter 74: f=0.0075413762
BFGS iter 75: f=0.0075408353
BFGS iter 76: f=0.0075401808
BFGS iter 77: f=0.0075400732
BFGS iter 78: f=0.0075399612
BFGS iter 79: f=0.0075399193
BFGS iter 80: f=0.0075398956
BFGS iter 81: f=0.0075398785
BFGS iter 82: f=0.0075398558
BFGS iter 83: f=0.0075398501
BFGS iter 84: f=0.0075398457
BFGS iter 85: f=0.0075398447
BFGS iter 86: f=0.0075398434
BFGS iter 87: f=0.0075398312
BFGS iter 88: f=0.0075397976
BFGS iter 89: f=0.0075397403
BFGS iter 90: f=0.0075397172
BFGS iter 91: f=0.0075397135
BFGS iter 92: f=0.0075397119
BFGS iter 93: f=0.0075397066
BFGS iter 94: f=0.0075396686
BFGS iter 95: f=0.0075395972
BFGS iter 96: f=0.0075395716
BFGS iter 97: f=0.0075395594
BFGS iter 98: f=0.0075395471
BFGS iter 99: f=0.0075395425
*
BFGS iter 100: f=0.0075407897
BFGS iter 101: f=0.0075346894
BFGS iter 102: f=0.0075335688
BFGS iter 103: f=0.0075331827
BFGS iter 104: f=0.007533015
BFGS iter 105: f=0.0075328895
BFGS iter 106: f=0.0075328273
BFGS iter 107: f=0.0075327926
BFGS iter 108: f=0.0075327737
BFGS iter 109: f=0.0075327636
BFGS iter 110: f=0.0075327601
BFGS iter 111: f=0.0075327593
BFGS iter 112: f=0.0075327591
BFGS iter 113: f=0.007532759
BFGS iter 114: f=0.0075327588
BFGS iter 115: f=0.0075327569
BFGS iter 116: f=0.0075327533
BFGS iter 117: f=0.0075327497
BFGS iter 118: f=0.0075327496
BFGS iter 119: f=0.0075327495
BFGS iter 120: f=0.0075327492
BFGS iter 121: f=0.0075327483
BFGS iter 122: f=0.0075327479
BFGS iter 123: f=0.0075327479
BFGS iter 124: f=0.0075327479
BFGS iter 125: f=0.0075327479
BFGS iter 126: f=0.0075327477
BFGS iter 127: f=0.007532734
BFGS iter 128: f=0.0075326767
BFGS iter 129: f=0.0075325957
BFGS iter 130: f=0.007532517
BFGS iter 131: f=0.0075324735
BFGS iter 132: f=0.0075323949
BFGS iter 133: f=0.0075323627
BFGS iter 134: f=0.0075323323
BFGS iter 135: f=0.0075323132
BFGS iter 136: f=0.0075323034
BFGS iter 137: f=0.0075322952
BFGS iter 138: f=0.0075322884
BFGS iter 139: f=0.0075322837
BFGS iter 140: f=0.0075322776
BFGS iter 141: f=0.0075322705
BFGS iter 142: f=0.0075322572
BFGS iter 143: f=0.0075322466
BFGS iter 144: f=0.007532235
BFGS iter 145: f=0.007532228
BFGS iter 146: f=0.0075322201
BFGS iter 147: f=0.0075322107
BFGS iter 148: f=0.0075322024
BFGS iter 149: f=0.0075321961
*
BFGS iter 150: f=0.0075505606
BFGS iter 151: f=0.007548533
BFGS iter 152: f=0.0075441312
BFGS iter 153: f=0.007543513
BFGS iter 154: f=0.0075430036
BFGS iter 155: f=0.0075428969
BFGS iter 156: f=0.0075428571
BFGS iter 157: f=0.0075428215
BFGS iter 158: f=0.0075427997
BFGS iter 159: f=0.0075427815
BFGS iter 160: f=0.0075427697
BFGS iter 161: f=0.007542763
BFGS iter 162: f=0.007542754
BFGS iter 163: f=0.0075427443
BFGS iter 164: f=0.0075427363
BFGS iter 165: f=0.0075427298
BFGS iter 166: f=0.0075427234
BFGS iter 167: f=0.0075427135
BFGS iter 168: f=0.0075427105
BFGS iter 169: f=0.0075427101
BFGS iter 170: f=0.0075427098
BFGS iter 171: f=0.0075427094
BFGS iter 172: f=0.0075427081
BFGS iter 173: f=0.0075427033
BFGS iter 174: f=0.0075426958
BFGS iter 175: f=0.0075426865
BFGS iter 176: f=0.0075426811
BFGS iter 177: f=0.0075426758
BFGS iter 178: f=0.0075426746
BFGS iter 179: f=0.0075426744
BFGS iter 180: f=0.0075426741
BFGS iter 181: f=0.0075426738
BFGS iter 182: f=0.0075426736
BFGS iter 183: f=0.0075426736
BFGS iter 184: f=0.0075426735
BFGS iter 185: f=0.0075426735
BFGS iter 186: f=0.0075426735
BFGS iter 187: f=0.0075426735
BFGS iter 188: f=0.0075426735
BFGS iter 189: f=0.0075426735
BFGS iter 190: f=0.0075426735
BFGS iter 191: f=0.0075426734
BFGS iter 192: f=0.0075426716
BFGS iter 193: f=0.0075426324
BFGS iter 194: f=0.0075423932
BFGS iter 195: f=0.0075421801
BFGS iter 196: f=0.0075414797
BFGS iter 197: f=0.0075406983
BFGS iter 198: f=0.0075398886
BFGS iter 199: f=0.0075394346
BFGS ended due to small decr. in 50 iterations
MTPR training ended
Rescaling...
   scaling = 0.058033715, condition number = 14.527411
   scaling = 0.063309508, condition number = 13.872147
   scaling = 0.069640458, condition number = 13.451286
   scaling = 0.076604504, condition number = 16.219583
   scaling = 0.08356855, condition number = 15.555923
Rescaling to 0.069640458... done
_________________Errors report_________________
Energy:
	Errors checked for 299 configurations
	Maximal absolute difference = 0.216599
	Average absolute difference = 0.0560727
	RMS     absolute difference = 0.0976481

Energy per atom:
	Errors checked for 299 configurations
	Maximal absolute difference = 0.108299
	Average absolute difference = 0.0281294
	RMS     absolute difference = 0.0488348

Forces:
	Errors checked for 588 atoms
	Maximal absolute difference = 0.136165
	Average absolute difference = 0.0543477
	RMS     absolute difference = 0.0736047
	Max(ForceDiff) / Max(Force) = 0.0564746
	RMS(ForceDiff) / RMS(Force) = 0.0526252

Stresses (in energy units):
	Errors checked for 299 configurations
	Maximal absolute difference = 3.05522
	Average absolute difference = 1.67113
	RMS     absolute difference = 1.88205
	Max(StresDiff) / Max(Stres) = 0.523444
	RMS(StresDiff) / RMS(Stres) = 0.3619

Virial stresses (in pressure units):
	Errors checked for 299 configurations
	Maximal absolute difference = 78.7269
	Average absolute difference = 41.0671
	RMS     absolute difference = 46.7902
	Max(StresDiff) / Max(Stres) = 0.507742
	RMS(StresDiff) / RMS(Stres) = 0.358391
_______________________________________________

	batch_size = 9999
	swap_limit = 0
	weight_scaling = 2
	energy_weight = 1.000000
	force_weight = 0.000000
	init_value = 0.000001
	site_en_weight = 0.000000
	stress_weight = 0.000000
	threshold = 1.001000
Selection: state saved to "mtp_V30.mtp"
training complete
