Selection data found
Basic trainer initialization complete
	auto-minmax-magmom = false
	init_random = false
	no_mindist_update = false
	skip_preinit = false
	iteration_limit = 1000
	weight_scaling = 1
	weight_scaling_forces = 0
	energy_weight = 1.000000
	force_weight = 0.010000
	penalty_weight = 0.000001
	scale_by_force = 0.000000
	select_factor = 1.000000
	stress_weight = 0.001000
	tolerance = 0.001000
	log = stdout
	save_to = mtp_V89.mtp
120 configurations found in the training set
Minimal interatomic distance in the training set is 1.56937. MTP's mindist will be updated
Iteration limit is 1000
Convergence tolerance is 0.001
Energy weight: 1
Force weight: 0.01
Stress weight: 0.001
MTPR training started on 1 core(s)
BFGS has exceeded the linesearch limit. Cannot converge further
MTPR training ended
Rescaling...
   scaling = 0.84728009, condition number = 28.873007
   scaling = 0.92430556, condition number = 26.438717
   scaling = 1.0167361, condition number = 25.547896
   scaling = 1.1184097, condition number = 26.271565
   scaling = 1.2200833, condition number = 27.938535
Rescaling to 1.0167361... done
_________________Errors report_________________
Energy:
	Errors checked for 120 configurations
	Maximal absolute difference = 0.0214645
	Average absolute difference = 0.00068527
	RMS     absolute difference = 0.00341458

Energy per atom:
	Errors checked for 120 configurations
	Maximal absolute difference = 0.0214645
	Average absolute difference = 0.000685254
	RMS     absolute difference = 0.00341458

Forces:
	Errors checked for 230 atoms
	Maximal absolute difference = 0.000766188
	Average absolute difference = 0.000732875
	RMS     absolute difference = 0.000749346
	Max(ForceDiff) / Max(Force) = 0.000498719
	RMS(ForceDiff) / RMS(Force) = 0.000498719

Stresses (in energy units):
	Errors checked for 120 configurations
	Maximal absolute difference = 1.10708
	Average absolute difference = 0.0373648
	RMS     absolute difference = 0.128938
	Max(StresDiff) / Max(Stres) = 0.313851
	RMS(StresDiff) / RMS(Stres) = 0.0381761

Virial stresses (in pressure units):
	Errors checked for 120 configurations
	Maximal absolute difference = 3.42255
	Average absolute difference = 0.453558
	RMS     absolute difference = 0.564918
	Max(StresDiff) / Max(Stres) = 0.0388268
	RMS(StresDiff) / RMS(Stres) = 0.00669362
_______________________________________________

	batch_size = 9999
	swap_limit = 0
	weight_scaling = 2
	energy_weight = 1.000000
	force_weight = 0.000000
	init_value = 0.000001
	site_en_weight = 0.000000
	stress_weight = 0.000000
	threshold = 1.001000
Selection: state saved to "mtp_V89.mtp"
training complete
