Selection data found
Basic trainer initialization complete
	auto-minmax-magmom = false
	init_random = false
	no_mindist_update = false
	skip_preinit = false
	iteration_limit = 1000
	weight_scaling = 1
	weight_scaling_forces = 0
	energy_weight = 1.000000
	force_weight = 0.010000
	penalty_weight = 0.000001
	scale_by_force = 0.000000
	select_factor = 1.000000
	stress_weight = 0.001000
	tolerance = 0.001000
	log = stdout
	save_to = mtp_V98.mtp
129 configurations found in the training set
Minimal interatomic distance in the training set is 1.56937. MTP's mindist will be updated
Iteration limit is 1000
Convergence tolerance is 0.001
Energy weight: 1
Force weight: 0.01
Stress weight: 0.001
MTPR training started on 1 core(s)
BFGS iter 0: f=0.000330864
BFGS iter 1: f=0.000330864
BFGS iter 2: f=0.000330864
BFGS iter 3: f=0.000330864
BFGS iter 4: f=0.000330864
BFGS iter 5: f=0.000330864
BFGS iter 6: f=0.000330864
BFGS iter 7: f=0.000330864
BFGS iter 8: f=0.000330864
BFGS iter 9: f=0.000330864
BFGS iter 10: f=0.000330864
BFGS iter 11: f=0.000330863
BFGS iter 12: f=0.000330863
BFGS iter 13: f=0.000330862
BFGS iter 14: f=0.000330861
BFGS iter 15: f=0.00033086
BFGS iter 16: f=0.000330858
BFGS iter 17: f=0.000330856
BFGS iter 18: f=0.000330856
BFGS iter 19: f=0.000330855
BFGS iter 20: f=0.000330854
BFGS iter 21: f=0.000330849
BFGS iter 22: f=0.000330848
BFGS iter 23: f=0.000330846
BFGS iter 24: f=0.000330844
BFGS iter 25: f=3.7749208e-05
BFGS iter 26: f=3.7749208e-05
BFGS iter 27: f=3.7749207e-05
BFGS iter 28: f=3.7749183e-05
BFGS iter 29: f=3.7749179e-05
BFGS iter 30: f=3.7749176e-05
BFGS iter 31: f=3.7749158e-05
BFGS iter 32: f=3.7749113e-05
BFGS iter 33: f=3.774909e-05
BFGS iter 34: f=3.7749073e-05
BFGS iter 35: f=3.77489e-05
BFGS iter 36: f=3.7748678e-05
BFGS iter 37: f=3.7748635e-05
BFGS iter 38: f=3.7747987e-05
BFGS iter 39: f=3.7745667e-05
BFGS iter 40: f=3.7743669e-05
BFGS iter 41: f=3.7737921e-05
BFGS iter 42: f=3.7735255e-05
BFGS iter 43: f=3.773322e-05
BFGS iter 44: f=3.7729365e-05
BFGS iter 45: f=3.7726438e-05
BFGS iter 46: f=3.7724743e-05
BFGS iter 47: f=3.7720627e-05
BFGS iter 48: f=3.7716299e-05
BFGS iter 49: f=3.771212e-05
BFGS iter 50: f=3.7709802e-05
BFGS iter 51: f=3.770675e-05
BFGS iter 52: f=3.7705525e-05
BFGS iter 53: f=3.7704937e-05
BFGS iter 54: f=3.7704014e-05
BFGS iter 55: f=3.7703214e-05
BFGS iter 56: f=3.7702165e-05
BFGS iter 57: f=3.7697587e-05
BFGS iter 58: f=3.7693711e-05
BFGS iter 59: f=3.7692928e-05
BFGS iter 60: f=3.7691297e-05
BFGS iter 61: f=3.7689051e-05
BFGS iter 62: f=3.7684363e-05
BFGS iter 63: f=3.767046e-05
BFGS iter 64: f=3.7669384e-05
BFGS iter 65: f=3.7667694e-05
BFGS iter 66: f=3.7666883e-05
BFGS iter 67: f=3.7666194e-05
BFGS iter 68: f=3.7664156e-05
BFGS iter 69: f=3.7662763e-05
*
BFGS iter 70: f=3.7724536e-05
BFGS iter 71: f=3.7720928e-05
BFGS iter 72: f=3.7720484e-05
BFGS iter 73: f=3.7719156e-05
BFGS iter 74: f=3.7715999e-05
BFGS iter 75: f=3.7714399e-05
BFGS iter 76: f=3.7713253e-05
BFGS iter 77: f=3.7713031e-05
BFGS iter 78: f=3.7712881e-05
BFGS iter 79: f=3.7712814e-05
BFGS iter 80: f=3.7712745e-05
BFGS iter 81: f=3.7711505e-05
BFGS iter 82: f=3.7703158e-05
BFGS iter 83: f=3.7701287e-05
BFGS iter 84: f=3.7700535e-05
BFGS iter 85: f=3.7700222e-05
BFGS iter 86: f=3.7700114e-05
BFGS iter 87: f=3.7699923e-05
BFGS iter 88: f=3.7699373e-05
BFGS iter 89: f=3.7698642e-05
BFGS iter 90: f=3.7697084e-05
BFGS iter 91: f=3.7694553e-05
BFGS iter 92: f=3.7690909e-05
BFGS iter 93: f=3.768941e-05
BFGS iter 94: f=3.7688179e-05
BFGS iter 95: f=3.7686137e-05
BFGS iter 96: f=3.7684745e-05
BFGS iter 97: f=3.7679888e-05
BFGS iter 98: f=3.7678195e-05
BFGS iter 99: f=3.767677e-05
*
BFGS iter 100: f=3.7747896e-05
BFGS iter 101: f=3.7745692e-05
BFGS iter 102: f=3.7742117e-05
BFGS iter 103: f=3.7739118e-05
BFGS iter 104: f=3.7736304e-05
BFGS iter 105: f=3.7734122e-05
BFGS iter 106: f=3.7732304e-05
BFGS iter 107: f=3.7730982e-05
BFGS iter 108: f=3.7728786e-05
BFGS iter 109: f=3.772766e-05
BFGS iter 110: f=3.7725902e-05
BFGS iter 111: f=3.7724958e-05
BFGS iter 112: f=3.7722236e-05
BFGS iter 113: f=3.7720231e-05
BFGS iter 114: f=3.7719226e-05
BFGS iter 115: f=3.7718608e-05
BFGS iter 116: f=3.7718276e-05
BFGS iter 117: f=3.7717898e-05
BFGS iter 118: f=3.7716144e-05
BFGS iter 119: f=3.7713794e-05
BFGS iter 120: f=3.77119e-05
BFGS iter 121: f=3.7710633e-05
BFGS iter 122: f=3.7710084e-05
BFGS iter 123: f=3.7708281e-05
BFGS iter 124: f=3.7706837e-05
BFGS iter 125: f=3.7703092e-05
BFGS iter 126: f=3.7702257e-05
BFGS iter 127: f=3.7699414e-05
BFGS iter 128: f=3.7698196e-05
BFGS iter 129: f=3.7695455e-05
BFGS iter 130: f=3.7688764e-05
BFGS iter 131: f=3.7684367e-05
BFGS iter 132: f=3.7678368e-05
BFGS iter 133: f=3.7676573e-05
BFGS iter 134: f=3.7673839e-05
BFGS iter 135: f=3.7670327e-05
BFGS iter 136: f=3.7666143e-05
BFGS iter 137: f=3.7663568e-05
BFGS iter 138: f=3.7662242e-05
BFGS iter 139: f=3.7661115e-05
BFGS iter 140: f=3.7660149e-05
BFGS iter 141: f=3.7659499e-05
BFGS iter 142: f=3.7658993e-05
BFGS iter 143: f=3.7658054e-05
BFGS iter 144: f=3.7657796e-05
BFGS iter 145: f=3.7657685e-05
BFGS iter 146: f=3.7657631e-05
BFGS iter 147: f=3.765758e-05
BFGS iter 148: f=3.7657543e-05
BFGS iter 149: f=3.7657516e-05
*
BFGS iter 150: f=3.7781342e-05
BFGS iter 151: f=3.7780579e-05
BFGS iter 152: f=3.7779168e-05
BFGS iter 153: f=3.7777635e-05
BFGS iter 154: f=3.7776039e-05
BFGS iter 155: f=3.777495e-05
BFGS iter 156: f=3.7774281e-05
BFGS iter 157: f=3.777388e-05
BFGS iter 158: f=3.7773694e-05
BFGS iter 159: f=3.777358e-05
BFGS iter 160: f=3.7773219e-05
BFGS iter 161: f=3.7773077e-05
BFGS iter 162: f=3.7772696e-05
BFGS iter 163: f=3.7771132e-05
BFGS iter 164: f=3.7767525e-05
BFGS iter 165: f=3.7764573e-05
BFGS iter 166: f=3.776291e-05
BFGS iter 167: f=3.7761168e-05
BFGS iter 168: f=3.7759031e-05
BFGS iter 169: f=3.775768e-05
BFGS iter 170: f=3.7755931e-05
BFGS iter 171: f=3.7754689e-05
BFGS iter 172: f=3.7752966e-05
BFGS iter 173: f=3.7752133e-05
BFGS iter 174: f=3.775109e-05
BFGS iter 175: f=3.774983e-05
BFGS iter 176: f=3.7748825e-05
BFGS iter 177: f=3.7747279e-05
BFGS iter 178: f=3.7746532e-05
BFGS iter 179: f=3.7746104e-05
BFGS iter 180: f=3.7745913e-05
BFGS iter 181: f=3.7745746e-05
BFGS iter 182: f=3.7745678e-05
BFGS iter 183: f=3.7745666e-05
BFGS iter 184: f=3.7745654e-05
BFGS iter 185: f=3.7745638e-05
BFGS iter 186: f=3.7745579e-05
BFGS iter 187: f=3.7745207e-05
BFGS iter 188: f=3.7744135e-05
BFGS iter 189: f=3.7743407e-05
BFGS iter 190: f=3.7740972e-05
BFGS iter 191: f=3.7738865e-05
BFGS iter 192: f=3.7737032e-05
BFGS iter 193: f=3.7736206e-05
BFGS iter 194: f=3.7735474e-05
BFGS iter 195: f=3.7735239e-05
BFGS iter 196: f=3.7735012e-05
BFGS iter 197: f=3.7734844e-05
BFGS iter 198: f=3.773464e-05
BFGS iter 199: f=3.7734332e-05
BFGS ended due to small decr. in 50 iterations
MTPR training ended
Rescaling...
   scaling = 0.58352623, condition number = 44.68277
   scaling = 0.63657407, condition number = 29.920881
   scaling = 0.70023148, condition number = 31.211925
   scaling = 0.77025463, condition number = 53.593753
   scaling = 0.84027778, condition number = 49.812149
Rescaling to 0.63657407... done
Rescaling...
   scaling = 0.5304784, condition number = 69.359267
   scaling = 0.5787037, condition number = 46.469141
   scaling = 0.63657407, condition number = 29.920772
   scaling = 0.70023148, condition number = 31.21193
   scaling = 0.76388889, condition number = 53.96987
Rescaling to 0.63657407... done
_________________Errors report_________________
Energy:
	Errors checked for 129 configurations
	Maximal absolute difference = 0.0213582
	Average absolute difference = 0.00068021
	RMS     absolute difference = 0.00333019

Energy per atom:
	Errors checked for 129 configurations
	Maximal absolute difference = 0.0213582
	Average absolute difference = 0.00068016
	RMS     absolute difference = 0.00333019

Forces:
	Errors checked for 248 atoms
	Maximal absolute difference = 0.00296888
	Average absolute difference = 0.00284916
	RMS     absolute difference = 0.0029084
	Max(ForceDiff) / Max(Force) = 0.00193247
	RMS(ForceDiff) / RMS(Force) = 0.00193247

Stresses (in energy units):
	Errors checked for 129 configurations
	Maximal absolute difference = 1.09291
	Average absolute difference = 0.0395367
	RMS     absolute difference = 0.124788
	Max(StresDiff) / Max(Stres) = 0.309834
	RMS(StresDiff) / RMS(Stres) = 0.036831

Virial stresses (in pressure units):
	Errors checked for 129 configurations
	Maximal absolute difference = 3.37875
	Average absolute difference = 0.532927
	RMS     absolute difference = 0.619291
	Max(StresDiff) / Max(Stres) = 0.0383299
	RMS(StresDiff) / RMS(Stres) = 0.00731471
_______________________________________________

	batch_size = 9999
	swap_limit = 0
	weight_scaling = 2
	energy_weight = 1.000000
	force_weight = 0.000000
	init_value = 0.000001
	site_en_weight = 0.000000
	stress_weight = 0.000000
	threshold = 1.001000
Selection: state saved to "mtp_V98.mtp"
training complete
