Selection data found
Basic trainer initialization complete
	auto-minmax-magmom = false
	init_random = false
	no_mindist_update = false
	skip_preinit = false
	iteration_limit = 1000
	weight_scaling = 1
	weight_scaling_forces = 0
	energy_weight = 1.000000
	force_weight = 0.010000
	penalty_weight = 0.000001
	scale_by_force = 0.000000
	select_factor = 1.000000
	stress_weight = 0.001000
	tolerance = 0.001000
	log = stdout
	save_to = mtp_V5.mtp
36 configurations found in the training set
Minimal interatomic distance in the training set is 1.56937. MTP's mindist will be updated
Iteration limit is 1000
Convergence tolerance is 0.001
Energy weight: 1
Force weight: 0.01
Stress weight: 0.001
MTPR training started on 1 core(s)
BFGS iter 0: f=0.000320106
BFGS iter 1: f=0.000320106
BFGS iter 2: f=0.000320106
BFGS iter 3: f=0.000320106
BFGS iter 4: f=0.000320106
BFGS iter 5: f=0.000320106
BFGS iter 6: f=0.000320106
BFGS iter 7: f=0.000320105
BFGS iter 8: f=0.000320105
BFGS iter 9: f=0.000320104
BFGS iter 10: f=0.000320101
BFGS iter 11: f=0.000320096
BFGS iter 12: f=0.000320092
BFGS iter 13: f=0.000320089
BFGS iter 14: f=0.000320084
BFGS iter 15: f=0.000320075
BFGS iter 16: f=0.000320068
BFGS iter 17: f=0.000320059
BFGS iter 18: f=0.000320042
BFGS iter 19: f=0.000320033
BFGS iter 20: f=0.000320018
BFGS iter 21: f=0.00032001
BFGS iter 22: f=0.000320004
BFGS iter 23: f=0.000320001
BFGS iter 24: f=0.000319997
BFGS iter 25: f=0.00021820036
BFGS iter 26: f=0.00021820036
BFGS iter 27: f=0.00021820035
BFGS iter 28: f=0.00021820032
BFGS iter 29: f=0.00021820031
BFGS iter 30: f=0.00021820027
BFGS iter 31: f=0.00021820018
BFGS iter 32: f=0.00021819998
BFGS iter 33: f=0.00021819973
BFGS iter 34: f=0.00021819903
BFGS iter 35: f=0.00021819624
BFGS iter 36: f=0.00021819252
BFGS iter 37: f=0.00021818995
BFGS iter 38: f=0.00021818682
BFGS iter 39: f=0.00021818308
BFGS iter 40: f=0.00021817908
BFGS iter 41: f=0.00021817411
BFGS iter 42: f=0.00021816801
BFGS iter 43: f=0.0002181539
BFGS iter 44: f=0.00021813985
BFGS iter 45: f=0.00021813275
BFGS iter 46: f=0.00021812797
BFGS iter 47: f=0.00021811735
BFGS iter 48: f=0.00021811303
BFGS iter 49: f=0.00021810884
BFGS iter 50: f=0.0002181067
BFGS iter 51: f=0.00021809716
BFGS iter 52: f=0.00021808242
BFGS iter 53: f=0.00021806809
BFGS iter 54: f=0.00021806069
BFGS iter 55: f=0.00021805355
BFGS iter 56: f=0.00021804835
BFGS iter 57: f=0.00021803143
BFGS iter 58: f=0.00021801098
BFGS iter 59: f=0.0002179952
BFGS iter 60: f=0.00021798956
BFGS iter 61: f=0.00021798388
BFGS iter 62: f=0.00021798012
BFGS iter 63: f=0.00021797619
BFGS iter 64: f=0.00021797427
BFGS iter 65: f=0.00021797306
BFGS iter 66: f=0.00021797055
BFGS iter 67: f=0.00021796794
BFGS iter 68: f=0.00021796386
BFGS iter 69: f=0.00021795497
BFGS iter 70: f=0.00021788081
BFGS iter 71: f=0.00021787992
BFGS iter 72: f=0.00021787965
BFGS iter 73: f=0.00021787728
BFGS iter 74: f=0.00021787557
BFGS iter 75: f=0.00021787341
BFGS iter 76: f=0.00021787245
BFGS iter 77: f=0.00021787156
BFGS iter 78: f=0.00021787037
BFGS iter 79: f=0.00021786613
BFGS iter 80: f=0.00021785796
BFGS iter 81: f=0.00021784807
BFGS iter 82: f=0.00021783252
BFGS iter 83: f=0.00021781892
BFGS iter 84: f=0.00021781268
BFGS iter 85: f=0.00021780518
BFGS iter 86: f=0.00021779893
BFGS iter 87: f=0.00021778973
BFGS iter 88: f=0.00021778454
BFGS iter 89: f=0.00021777408
BFGS iter 90: f=0.00021776712
BFGS iter 91: f=0.00021776042
BFGS iter 92: f=0.00021775687
BFGS iter 93: f=0.00021775177
BFGS iter 94: f=0.00021774944
BFGS iter 95: f=0.00021774828
BFGS iter 96: f=0.00021774725
BFGS iter 97: f=0.00021774646
BFGS iter 98: f=0.00021774623
BFGS iter 99: f=0.00021774597
BFGS iter 100: f=0.00021767928
BFGS iter 101: f=0.0002176789
BFGS iter 102: f=0.00021767687
BFGS iter 103: f=0.00021767645
BFGS iter 104: f=0.00021767549
BFGS iter 105: f=0.00021767149
BFGS iter 106: f=0.00021766901
BFGS iter 107: f=0.00021766754
BFGS iter 108: f=0.00021766589
BFGS iter 109: f=0.00021765602
BFGS iter 110: f=0.00021763753
BFGS iter 111: f=0.00021763542
BFGS iter 112: f=0.00021763489
BFGS iter 113: f=0.00021763362
BFGS iter 114: f=0.00021763131
BFGS iter 115: f=0.00021763063
BFGS iter 116: f=0.0002176298
BFGS iter 117: f=0.00021762911
BFGS iter 118: f=0.00021762887
BFGS iter 119: f=0.00021762861
BFGS iter 120: f=0.00021762283
BFGS iter 121: f=0.00021760876
BFGS iter 122: f=0.00021760214
BFGS iter 123: f=0.00021759981
BFGS iter 124: f=0.00021759906
BFGS iter 125: f=0.00021759846
BFGS iter 126: f=0.00021759794
BFGS iter 127: f=0.00021759761
BFGS iter 128: f=0.00021759741
BFGS iter 129: f=0.00021759705
BFGS iter 130: f=0.00021759508
BFGS iter 131: f=0.00021757167
BFGS iter 132: f=0.00021755668
BFGS iter 133: f=0.00021753149
BFGS iter 134: f=0.0002175134
BFGS iter 135: f=0.00021749973
BFGS iter 136: f=0.00021749051
BFGS iter 137: f=0.00021747099
BFGS iter 138: f=0.00021746151
BFGS iter 139: f=0.00021745058
BFGS iter 140: f=0.0002174353
BFGS iter 141: f=0.00021742684
BFGS iter 142: f=0.00021741196
BFGS iter 143: f=0.00021739995
BFGS iter 144: f=0.00021738946
BFGS iter 145: f=0.0002173739
BFGS iter 146: f=0.00021736604
BFGS iter 147: f=0.00021735438
BFGS iter 148: f=0.00021734645
BFGS iter 149: f=0.00021732758
*
BFGS iter 150: f=0.00021755512
BFGS iter 151: f=0.00021755443
BFGS iter 152: f=0.00021755397
BFGS iter 153: f=0.00021755184
BFGS iter 154: f=0.00021755093
BFGS iter 155: f=0.00021754881
BFGS iter 156: f=0.0002175382
BFGS iter 157: f=0.00021752979
BFGS iter 158: f=0.00021752798
BFGS iter 159: f=0.00021752614
BFGS iter 160: f=0.00021752261
BFGS iter 161: f=0.0002175191
BFGS iter 162: f=0.00021751879
BFGS iter 163: f=0.00021751845
BFGS iter 164: f=0.00021751821
BFGS iter 165: f=0.00021751785
BFGS iter 166: f=0.00021751583
BFGS iter 167: f=0.00021751341
BFGS iter 168: f=0.00021751285
BFGS iter 169: f=0.00021751261
BFGS iter 170: f=0.00021751225
BFGS iter 171: f=0.00021751124
BFGS iter 172: f=0.00021750573
BFGS iter 173: f=0.00021748924
BFGS iter 174: f=0.00021744686
BFGS iter 175: f=0.00021743185
BFGS iter 176: f=0.0002174226
BFGS iter 177: f=0.00021741431
BFGS iter 178: f=0.00021740587
BFGS iter 179: f=0.00021739175
BFGS iter 180: f=0.00021737756
BFGS iter 181: f=0.00021734814
BFGS iter 182: f=0.00021733331
BFGS iter 183: f=0.00021731677
BFGS iter 184: f=0.00021730833
BFGS iter 185: f=0.00021729136
BFGS iter 186: f=0.00021727989
BFGS iter 187: f=0.00021726061
BFGS iter 188: f=0.00021724899
BFGS iter 189: f=0.00021724079
BFGS iter 190: f=0.00021723097
BFGS iter 191: f=0.00021721636
BFGS iter 192: f=0.00021720664
BFGS iter 193: f=0.00021719695
BFGS iter 194: f=0.00021718949
BFGS iter 195: f=0.00021717805
BFGS iter 196: f=0.00021716916
BFGS iter 197: f=0.0002171481
BFGS iter 198: f=0.0002171358
BFGS iter 199: f=0.00021712467
BFGS ended due to small decr. in 50 iterations
MTPR training ended
Rescaling...
   scaling = 0.04131714, condition number = 17.246476
   scaling = 0.045073244, condition number = 11.71054
   scaling = 0.049580569, condition number = 11.62767
   scaling = 0.054538625, condition number = 16.014885
   scaling = 0.059496682, condition number = 15.453112
Rescaling to 0.049580569... done
_________________Errors report_________________
Energy:
	Errors checked for 36 configurations
	Maximal absolute difference = 0.0214246
	Average absolute difference = 0.0029755
	RMS     absolute difference = 0.00702068

Energy per atom:
	Errors checked for 36 configurations
	Maximal absolute difference = 0.0214246
	Average absolute difference = 0.00297548
	RMS     absolute difference = 0.00702068

Forces:
	Errors checked for 62 atoms
	Maximal absolute difference = 0.0779236
	Average absolute difference = 0.0653553
	RMS     absolute difference = 0.0713633
	Max(ForceDiff) / Max(Force) = 0.0507213
	RMS(ForceDiff) / RMS(Force) = 0.0507213

Stresses (in energy units):
	Errors checked for 36 configurations
	Maximal absolute difference = 1.08932
	Average absolute difference = 0.172202
	RMS     absolute difference = 0.265602
	Max(StresDiff) / Max(Stres) = 0.308816
	RMS(StresDiff) / RMS(Stres) = 0.0885772

Virial stresses (in pressure units):
	Errors checked for 36 configurations
	Maximal absolute difference = 3.36765
	Average absolute difference = 2.20035
	RMS     absolute difference = 2.35263
	Max(StresDiff) / Max(Stres) = 0.0382039
	RMS(StresDiff) / RMS(Stres) = 0.0314049
_______________________________________________

	batch_size = 9999
	swap_limit = 0
	weight_scaling = 2
	energy_weight = 1.000000
	force_weight = 0.000000
	init_value = 0.000001
	site_en_weight = 0.000000
	stress_weight = 0.000000
	threshold = 1.001000
Selection: state saved to "mtp_V5.mtp"
training complete
