Selection data found
Basic trainer initialization complete
	auto-minmax-magmom = false
	init_random = false
	no_mindist_update = false
	skip_preinit = false
	iteration_limit = 1000
	weight_scaling = 1
	weight_scaling_forces = 0
	energy_weight = 1.000000
	force_weight = 0.010000
	penalty_weight = 0.000001
	scale_by_force = 0.000000
	select_factor = 1.000000
	stress_weight = 0.001000
	tolerance = 0.001000
	log = stdout
	save_to = mtp_V6.mtp
72 configurations found in the training set
Minimal interatomic distance in the training set is 1.54422. MTP's mindist will be updated
Iteration limit is 1000
Convergence tolerance is 0.001
Energy weight: 1
Force weight: 0.01
Stress weight: 0.001
MTPR training started on 1 core(s)
BFGS iter 0: f=0.0140618
BFGS iter 1: f=0.0140618
BFGS iter 2: f=0.0140618
BFGS iter 3: f=0.0140618
BFGS iter 4: f=0.0140617
BFGS iter 5: f=0.0140617
BFGS iter 6: f=0.0140617
BFGS iter 7: f=0.0140617
BFGS iter 8: f=0.0140617
BFGS iter 9: f=0.0140616
BFGS iter 10: f=0.0140606
BFGS iter 11: f=0.0140604
BFGS iter 12: f=0.0140602
BFGS iter 13: f=0.01406
BFGS iter 14: f=0.0140597
BFGS iter 15: f=0.0140595
BFGS iter 16: f=0.0140594
BFGS iter 17: f=0.0140591
BFGS iter 18: f=0.0140588
BFGS iter 19: f=0.0140586
BFGS iter 20: f=0.0140584
BFGS iter 21: f=0.0140584
BFGS iter 22: f=0.0140583
BFGS iter 23: f=0.0140581
BFGS iter 24: f=0.0140577
BFGS iter 25: f=0.011069145
BFGS iter 26: f=0.011069145
BFGS iter 27: f=0.011069145
BFGS iter 28: f=0.011069145
BFGS iter 29: f=0.011069142
BFGS iter 30: f=0.011069139
BFGS iter 31: f=0.011069137
BFGS iter 32: f=0.011069135
BFGS iter 33: f=0.011069092
BFGS iter 34: f=0.011069049
BFGS iter 35: f=0.011068182
BFGS iter 36: f=0.011067946
BFGS iter 37: f=0.011067792
BFGS iter 38: f=0.011067642
BFGS iter 39: f=0.011067499
BFGS iter 40: f=0.01106735
BFGS iter 41: f=0.011067236
BFGS iter 42: f=0.011067058
BFGS iter 43: f=0.011066635
BFGS iter 44: f=0.01106653
BFGS iter 45: f=0.011066465
BFGS iter 46: f=0.01106643
BFGS iter 47: f=0.011066377
BFGS iter 48: f=0.011066082
BFGS iter 49: f=0.011065905
BFGS iter 50: f=0.011065774
BFGS iter 51: f=0.0110656
BFGS iter 52: f=0.011065534
BFGS iter 53: f=0.011065487
BFGS iter 54: f=0.011065472
BFGS iter 55: f=0.011065461
BFGS iter 56: f=0.01106545
BFGS iter 57: f=0.011065438
BFGS iter 58: f=0.01106541
BFGS iter 59: f=0.011065378
BFGS iter 60: f=0.011065294
BFGS iter 61: f=0.011065233
BFGS iter 62: f=0.011065201
BFGS iter 63: f=0.011065182
BFGS iter 64: f=0.011065132
BFGS iter 65: f=0.011065015
BFGS iter 66: f=0.011064971
BFGS iter 67: f=0.011064932
BFGS iter 68: f=0.011064811
BFGS iter 69: f=0.011064478
*
BFGS iter 70: f=0.011070359
BFGS iter 71: f=0.011070314
BFGS iter 72: f=0.011070189
BFGS iter 73: f=0.011069597
BFGS iter 74: f=0.011068917
BFGS iter 75: f=0.011068325
BFGS iter 76: f=0.0110678
BFGS iter 77: f=0.011067322
BFGS iter 78: f=0.011066756
BFGS iter 79: f=0.011066308
BFGS iter 80: f=0.011066032
BFGS iter 81: f=0.011065845
BFGS iter 82: f=0.011065714
BFGS iter 83: f=0.011065635
BFGS iter 84: f=0.011065538
BFGS iter 85: f=0.011065471
BFGS iter 86: f=0.011065282
BFGS iter 87: f=0.011065225
BFGS iter 88: f=0.011065197
BFGS iter 89: f=0.011065184
BFGS iter 90: f=0.011065169
BFGS iter 91: f=0.011065135
BFGS iter 92: f=0.01106511
BFGS iter 93: f=0.011065095
BFGS iter 94: f=0.011065087
BFGS iter 95: f=0.011065079
BFGS iter 96: f=0.011065064
BFGS iter 97: f=0.011064971
BFGS iter 98: f=0.011064642
BFGS iter 99: f=0.011064537
*
BFGS iter 100: f=0.011077617
BFGS iter 101: f=0.011077611
BFGS iter 102: f=0.011077312
BFGS iter 103: f=0.011076596
BFGS iter 104: f=0.011076325
BFGS iter 105: f=0.011075766
BFGS iter 106: f=0.011075451
BFGS iter 107: f=0.011075098
BFGS iter 108: f=0.011074469
BFGS iter 109: f=0.011073782
BFGS iter 110: f=0.011073415
BFGS iter 111: f=0.011073253
BFGS iter 112: f=0.011073167
BFGS iter 113: f=0.011073076
BFGS iter 114: f=0.011073004
BFGS iter 115: f=0.011072947
BFGS iter 116: f=0.011072894
BFGS iter 117: f=0.011072842
BFGS iter 118: f=0.011072771
BFGS iter 119: f=0.011072642
BFGS iter 120: f=0.011072567
BFGS iter 121: f=0.011072519
BFGS iter 122: f=0.011072424
BFGS iter 123: f=0.011072189
BFGS iter 124: f=0.011071959
BFGS iter 125: f=0.011071674
BFGS iter 126: f=0.01107143
BFGS iter 127: f=0.011071063
BFGS iter 128: f=0.011070774
BFGS iter 129: f=0.011070529
BFGS iter 130: f=0.011070277
BFGS iter 131: f=0.011070062
BFGS iter 132: f=0.01106985
BFGS iter 133: f=0.011069673
BFGS iter 134: f=0.011069527
BFGS iter 135: f=0.011069279
BFGS iter 136: f=0.011069113
BFGS iter 137: f=0.011068891
BFGS iter 138: f=0.011068718
BFGS iter 139: f=0.011068566
BFGS iter 140: f=0.011068376
BFGS iter 141: f=0.011068338
BFGS iter 142: f=0.01106822
BFGS iter 143: f=0.011068143
BFGS iter 144: f=0.011068039
BFGS iter 145: f=0.011067967
BFGS iter 146: f=0.011067897
BFGS iter 147: f=0.011067781
BFGS iter 148: f=0.011067547
BFGS iter 149: f=0.011067445
*
BFGS iter 150: f=0.011110994
BFGS iter 151: f=0.011110955
BFGS iter 152: f=0.011110583
BFGS iter 153: f=0.011110475
BFGS iter 154: f=0.011110349
BFGS iter 155: f=0.01111006
BFGS iter 156: f=0.011108874
BFGS iter 157: f=0.011107548
BFGS iter 158: f=0.011106283
BFGS iter 159: f=0.011106007
BFGS iter 160: f=0.011105858
BFGS iter 161: f=0.011105701
BFGS iter 162: f=0.011105404
BFGS iter 163: f=0.011104873
BFGS iter 164: f=0.011104387
BFGS iter 165: f=0.011103895
BFGS iter 166: f=0.011103544
BFGS iter 167: f=0.011103183
BFGS iter 168: f=0.011103069
BFGS iter 169: f=0.01110298
BFGS iter 170: f=0.011102953
BFGS iter 171: f=0.011102931
BFGS iter 172: f=0.011102871
BFGS iter 173: f=0.011102687
BFGS iter 174: f=0.011102356
BFGS iter 175: f=0.011102141
BFGS iter 176: f=0.011101701
BFGS iter 177: f=0.011100939
BFGS iter 178: f=0.011100221
BFGS iter 179: f=0.011099672
BFGS iter 180: f=0.01109868
BFGS iter 181: f=0.01109832
BFGS iter 182: f=0.011097803
BFGS iter 183: f=0.011097277
BFGS iter 184: f=0.011097003
BFGS iter 185: f=0.011096823
BFGS iter 186: f=0.011096732
BFGS iter 187: f=0.011096535
BFGS iter 188: f=0.011096268
BFGS iter 189: f=0.011096086
BFGS iter 190: f=0.011095818
BFGS iter 191: f=0.01109547
BFGS iter 192: f=0.011095235
BFGS iter 193: f=0.011095047
BFGS iter 194: f=0.011094915
BFGS iter 195: f=0.011094785
BFGS iter 196: f=0.011094647
BFGS iter 197: f=0.011094557
BFGS iter 198: f=0.011094321
BFGS iter 199: f=0.011094184
BFGS ended due to small decr. in 50 iterations
MTPR training ended
Rescaling...
   scaling = 0.028455331, condition number = 22.905973
   scaling = 0.031042179, condition number = 19.403552
   scaling = 0.034146397, condition number = 22.093864
   scaling = 0.037561037, condition number = 19.616957
   scaling = 0.040975676, condition number = 28.085678
Rescaling to 0.031042179... done
Rescaling...
   scaling = 0.025868483, condition number = 26.521148
   scaling = 0.028220163, condition number = 22.67811
   scaling = 0.031042179, condition number = 19.403545
   scaling = 0.034146397, condition number = 22.093872
   scaling = 0.037250615, condition number = 18.98164
Rescaling to 0.037250615... done
Rescaling...
   scaling = 0.031042179, condition number = 19.403518
   scaling = 0.033864195, condition number = 22.616966
   scaling = 0.037250615, condition number = 18.981641
   scaling = 0.040975676, condition number = 28.085666
   scaling = 0.044700738, condition number = 41.673249
Rescaling to 0.037250615... done
_________________Errors report_________________
Energy:
	Errors checked for 72 configurations
	Maximal absolute difference = 0.239557
	Average absolute difference = 0.0692606
	RMS     absolute difference = 0.115861

Energy per atom:
	Errors checked for 72 configurations
	Maximal absolute difference = 0.119779
	Average absolute difference = 0.0347084
	RMS     absolute difference = 0.0579318

Forces:
	Errors checked for 134 atoms
	Maximal absolute difference = 0.181199
	Average absolute difference = 0.0384827
	RMS     absolute difference = 0.0633474
	Max(ForceDiff) / Max(Force) = 0.0751524
	RMS(ForceDiff) / RMS(Force) = 0.0483453

Stresses (in energy units):
	Errors checked for 72 configurations
	Maximal absolute difference = 6.84771
	Average absolute difference = 1.87882
	RMS     absolute difference = 2.87923
	Max(StresDiff) / Max(Stres) = 1.1732
	RMS(StresDiff) / RMS(Stres) = 0.58676

Virial stresses (in pressure units):
	Errors checked for 72 configurations
	Maximal absolute difference = 176.452
	Average absolute difference = 46.361
	RMS     absolute difference = 72.0849
	Max(StresDiff) / Max(Stres) = 1.13801
	RMS(StresDiff) / RMS(Stres) = 0.585317
_______________________________________________

	batch_size = 9999
	swap_limit = 0
	weight_scaling = 2
	energy_weight = 1.000000
	force_weight = 0.000000
	init_value = 0.000001
	site_en_weight = 0.000000
	stress_weight = 0.000000
	threshold = 1.001000
Selection: state saved to "mtp_V6.mtp"
training complete
