Selection data found
Basic trainer initialization complete
	auto-minmax-magmom = false
	init_random = false
	no_mindist_update = false
	skip_preinit = false
	iteration_limit = 1000
	weight_scaling = 1
	weight_scaling_forces = 0
	energy_weight = 1.000000
	force_weight = 0.010000
	penalty_weight = 0.000001
	scale_by_force = 0.000000
	select_factor = 1.000000
	stress_weight = 0.001000
	tolerance = 0.001000
	log = stdout
	save_to = mtp_V9.mtp
101 configurations found in the training set
Minimal interatomic distance in the training set is 1.54422. MTP's mindist will be updated
Iteration limit is 1000
Convergence tolerance is 0.001
Energy weight: 1
Force weight: 0.01
Stress weight: 0.001
MTPR training started on 1 core(s)
BFGS iter 0: f=0.0195106
BFGS iter 1: f=0.0195105
BFGS iter 2: f=0.0195105
BFGS iter 3: f=0.0195105
BFGS iter 4: f=0.0195104
BFGS iter 5: f=0.0195104
BFGS iter 6: f=0.0195102
BFGS iter 7: f=0.0195098
BFGS iter 8: f=0.0195087
BFGS iter 9: f=0.0195084
BFGS iter 10: f=0.0195035
BFGS iter 11: f=0.0194964
BFGS iter 12: f=0.0194917
BFGS iter 13: f=0.01949
BFGS iter 14: f=0.0194887
BFGS iter 15: f=0.0194873
BFGS iter 16: f=0.0194848
BFGS iter 17: f=0.0194829
BFGS iter 18: f=0.0194785
BFGS iter 19: f=0.0194764
BFGS iter 20: f=0.0194751
BFGS iter 21: f=0.0194744
BFGS iter 22: f=0.019474
BFGS iter 23: f=0.0194736
BFGS iter 24: f=0.019473
BFGS iter 25: f=0.011442956
BFGS iter 26: f=0.011442954
BFGS iter 27: f=0.011442944
BFGS iter 28: f=0.011442932
BFGS iter 29: f=0.01144292
BFGS iter 30: f=0.011442829
BFGS iter 31: f=0.011442815
BFGS iter 32: f=0.011442272
BFGS iter 33: f=0.011442133
BFGS iter 34: f=0.011441984
BFGS iter 35: f=0.011434524
BFGS iter 36: f=0.011432748
BFGS iter 37: f=0.011430326
BFGS iter 38: f=0.011427443
BFGS iter 39: f=0.011426051
BFGS iter 40: f=0.011423713
BFGS iter 41: f=0.011420539
BFGS iter 42: f=0.011417573
BFGS iter 43: f=0.011416077
BFGS iter 44: f=0.011414775
BFGS iter 45: f=0.01141428
BFGS iter 46: f=0.011413227
BFGS iter 47: f=0.011410789
BFGS iter 48: f=0.011408689
BFGS iter 49: f=0.011407114
BFGS iter 50: f=0.011406439
BFGS iter 51: f=0.011405317
BFGS iter 52: f=0.011403649
BFGS iter 53: f=0.011401719
BFGS iter 54: f=0.011400565
BFGS iter 55: f=0.011399188
BFGS iter 56: f=0.01139778
BFGS iter 57: f=0.011396334
BFGS iter 58: f=0.011394189
BFGS iter 59: f=0.011392463
BFGS iter 60: f=0.011391626
BFGS iter 61: f=0.011390335
BFGS iter 62: f=0.011389247
BFGS iter 63: f=0.011388153
BFGS iter 64: f=0.011387031
BFGS iter 65: f=0.011385172
BFGS iter 66: f=0.01138341
BFGS iter 67: f=0.011382265
BFGS iter 68: f=0.01138151
BFGS iter 69: f=0.011380534
BFGS iter 70: f=0.011321231
BFGS iter 71: f=0.011321124
BFGS iter 72: f=0.011321028
BFGS iter 73: f=0.011320733
BFGS iter 74: f=0.011320063
BFGS iter 75: f=0.011319885
BFGS iter 76: f=0.011319308
BFGS iter 77: f=0.011317746
BFGS iter 78: f=0.011315438
BFGS iter 79: f=0.011314003
BFGS iter 80: f=0.011306454
BFGS iter 81: f=0.011291576
BFGS iter 82: f=0.011281101
BFGS iter 83: f=0.011276414
BFGS iter 84: f=0.011269245
BFGS iter 85: f=0.011263685
BFGS iter 86: f=0.011257401
BFGS iter 87: f=0.011248022
BFGS iter 88: f=0.011242793
BFGS iter 89: f=0.011238991
BFGS iter 90: f=0.011236877
BFGS iter 91: f=0.011235257
BFGS iter 92: f=0.011234449
BFGS iter 93: f=0.011234204
BFGS iter 94: f=0.011234056
BFGS iter 95: f=0.011233242
BFGS iter 96: f=0.011232519
BFGS iter 97: f=0.011231575
BFGS iter 98: f=0.011224928
BFGS iter 99: f=0.011217964
BFGS iter 100: f=0.011083818
BFGS iter 101: f=0.011083717
BFGS iter 102: f=0.011083616
BFGS iter 103: f=0.011083566
BFGS iter 104: f=0.011082459
BFGS iter 105: f=0.011081775
BFGS iter 106: f=0.011080366
BFGS iter 107: f=0.011077361
BFGS iter 108: f=0.011043754
BFGS iter 109: f=0.011038083
BFGS iter 110: f=0.011036468
BFGS iter 111: f=0.011032778
BFGS iter 112: f=0.011028039
BFGS iter 113: f=0.011025326
BFGS iter 114: f=0.011021877
BFGS iter 115: f=0.011017282
BFGS iter 116: f=0.011011014
BFGS iter 117: f=0.011001944
BFGS iter 118: f=0.010995009
BFGS iter 119: f=0.010977451
BFGS iter 120: f=0.010971058
BFGS iter 121: f=0.010962586
BFGS iter 122: f=0.010957934
BFGS iter 123: f=0.010942779
BFGS iter 124: f=0.010931423
BFGS iter 125: f=0.010925882
BFGS iter 126: f=0.010918431
BFGS iter 127: f=0.010914567
BFGS iter 128: f=0.010911078
BFGS iter 129: f=0.01090744
BFGS iter 130: f=0.010904143
BFGS iter 131: f=0.010903052
BFGS iter 132: f=0.010902491
BFGS iter 133: f=0.010901979
BFGS iter 134: f=0.01090156
BFGS iter 135: f=0.010901169
BFGS iter 136: f=0.010900218
BFGS iter 137: f=0.010897442
BFGS iter 138: f=0.010891417
BFGS iter 139: f=0.010889325
BFGS iter 140: f=0.010887769
BFGS iter 141: f=0.010887037
BFGS iter 142: f=0.01088664
BFGS iter 143: f=0.0108863
BFGS iter 144: f=0.010885893
BFGS iter 145: f=0.010883731
BFGS iter 146: f=0.010879335
BFGS iter 147: f=0.010872303
BFGS iter 148: f=0.010856715
BFGS iter 149: f=0.010835689
BFGS iter 150: f=0.01042144
BFGS iter 151: f=0.010421236
BFGS iter 152: f=0.010421219
BFGS iter 153: f=0.010420826
BFGS iter 154: f=0.010419017
BFGS iter 155: f=0.010417647
BFGS iter 156: f=0.010415222
BFGS iter 157: f=0.010414355
BFGS iter 158: f=0.010413178
BFGS iter 159: f=0.010405539
BFGS iter 160: f=0.010400345
BFGS iter 161: f=0.010397833
BFGS iter 162: f=0.010397435
BFGS iter 163: f=0.010396988
BFGS iter 164: f=0.010396276
BFGS iter 165: f=0.010392684
BFGS iter 166: f=0.010390285
BFGS iter 167: f=0.010388675
BFGS iter 168: f=0.010387357
BFGS iter 169: f=0.010386114
BFGS iter 170: f=0.010382524
BFGS iter 171: f=0.010370281
BFGS iter 172: f=0.010365851
BFGS iter 173: f=0.010362318
BFGS iter 174: f=0.010360688
BFGS iter 175: f=0.010359429
BFGS iter 176: f=0.01035891
BFGS iter 177: f=0.010358508
BFGS iter 178: f=0.010357684
BFGS iter 179: f=0.010355871
BFGS iter 180: f=0.010342696
BFGS iter 181: f=0.010332738
BFGS iter 182: f=0.010322555
BFGS iter 183: f=0.010311979
BFGS iter 184: f=0.010306087
BFGS iter 185: f=0.010304289
BFGS iter 186: f=0.010301913
BFGS iter 187: f=0.010299406
BFGS iter 188: f=0.010293716
BFGS iter 189: f=0.010285191
BFGS iter 190: f=0.010277791
BFGS iter 191: f=0.010273459
BFGS iter 192: f=0.010269732
BFGS iter 193: f=0.01026716
BFGS iter 194: f=0.010263783
BFGS iter 195: f=0.010260334
BFGS iter 196: f=0.010257474
BFGS iter 197: f=0.010255442
BFGS iter 198: f=0.010253464
BFGS iter 199: f=0.010251354
BFGS iter 200: f=0.010248589
BFGS iter 201: f=0.010247383
BFGS iter 202: f=0.010246697
BFGS iter 203: f=0.010242476
BFGS iter 204: f=0.01023807
BFGS iter 205: f=0.010230061
BFGS iter 206: f=0.01021797
BFGS iter 207: f=0.010203684
BFGS iter 208: f=0.010192526
BFGS iter 209: f=0.010189433
BFGS iter 210: f=0.010188555
BFGS iter 211: f=0.010188396
BFGS iter 212: f=0.010188225
BFGS iter 213: f=0.010188086
BFGS iter 214: f=0.010187926
BFGS iter 215: f=0.010186474
BFGS iter 216: f=0.01018256
BFGS iter 217: f=0.010180901
BFGS iter 218: f=0.010179152
BFGS iter 219: f=0.01017825
BFGS iter 220: f=0.010177092
BFGS iter 221: f=0.01017599
BFGS iter 222: f=0.010175119
BFGS iter 223: f=0.010174801
BFGS iter 224: f=0.010174426
BFGS iter 225: f=0.010174256
BFGS iter 226: f=0.010174164
BFGS iter 227: f=0.010174076
BFGS iter 228: f=0.010174025
BFGS iter 229: f=0.010173997
BFGS iter 230: f=0.010173974
BFGS iter 231: f=0.010173933
BFGS iter 232: f=0.010173336
BFGS iter 233: f=0.010171833
BFGS iter 234: f=0.010169512
BFGS iter 235: f=0.010167913
BFGS iter 236: f=0.01016202
BFGS iter 237: f=0.010148413
BFGS iter 238: f=0.010134757
BFGS iter 239: f=0.010125603
BFGS iter 240: f=0.010121128
BFGS iter 241: f=0.010114598
BFGS iter 242: f=0.010107048
BFGS iter 243: f=0.010103333
BFGS iter 244: f=0.010099777
BFGS iter 245: f=0.01009634
BFGS iter 246: f=0.010093321
BFGS iter 247: f=0.010089983
BFGS iter 248: f=0.010084881
BFGS iter 249: f=0.010082312
Regularization parameters updated. Hessian in BFGS is reset
*
BFGS iter 250: f=0.011148282
BFGS iter 251: f=0.011148258
BFGS iter 252: f=0.011148205
BFGS iter 253: f=0.011147663
BFGS iter 254: f=0.011146206
BFGS iter 255: f=0.011143927
BFGS iter 256: f=0.011143025
BFGS iter 257: f=0.011141337
BFGS iter 258: f=0.011139822
BFGS iter 259: f=0.01113135
BFGS iter 260: f=0.01108727
BFGS iter 261: f=0.011008979
BFGS iter 262: f=0.010942683
BFGS iter 263: f=0.010859844
BFGS iter 264: f=0.010799912
BFGS iter 265: f=0.010729547
BFGS iter 266: f=0.010689026
BFGS iter 267: f=0.010642419
BFGS iter 268: f=0.010598614
BFGS iter 269: f=0.010565398
BFGS iter 270: f=0.010527425
BFGS iter 271: f=0.010512149
BFGS iter 272: f=0.010503067
BFGS iter 273: f=0.010489778
BFGS iter 274: f=0.010465875
BFGS iter 275: f=0.010426245
BFGS iter 276: f=0.010408314
BFGS iter 277: f=0.010366935
BFGS iter 278: f=0.010304983
BFGS iter 279: f=0.010279266
BFGS iter 280: f=0.010241943
BFGS iter 281: f=0.010208396
BFGS iter 282: f=0.010177734
BFGS iter 283: f=0.010159682
BFGS iter 284: f=0.010143858
BFGS iter 285: f=0.010131394
BFGS iter 286: f=0.010116288
BFGS iter 287: f=0.010094387
BFGS iter 288: f=0.010070985
BFGS iter 289: f=0.010054246
BFGS iter 290: f=0.010040117
BFGS iter 291: f=0.010020844
BFGS iter 292: f=0.010001056
BFGS iter 293: f=0.0099722865
BFGS iter 294: f=0.0099460474
BFGS iter 295: f=0.0099124745
BFGS iter 296: f=0.0099007659
BFGS iter 297: f=0.0098851873
BFGS iter 298: f=0.0098777195
BFGS iter 299: f=0.0098726453
BFGS iter 300: f=0.0098639295
BFGS iter 301: f=0.0098463968
BFGS iter 302: f=0.009830041
BFGS iter 303: f=0.0098132486
BFGS iter 304: f=0.0098091059
BFGS iter 305: f=0.009791975
BFGS iter 306: f=0.0097524034
BFGS iter 307: f=0.0097104076
BFGS iter 308: f=0.0096340333
BFGS iter 309: f=0.0095954068
BFGS iter 310: f=0.0095169024
BFGS iter 311: f=0.009441634
BFGS iter 312: f=0.0094327669
BFGS iter 313: f=0.0094004223
BFGS iter 314: f=0.0093819765
BFGS iter 315: f=0.0093576458
BFGS iter 316: f=0.0093469697
BFGS iter 317: f=0.009341557
BFGS iter 318: f=0.0093324003
BFGS iter 319: f=0.0093141684
BFGS iter 320: f=0.0092866979
BFGS iter 321: f=0.0092673401
BFGS iter 322: f=0.0092532827
BFGS iter 323: f=0.0092468545
BFGS iter 324: f=0.0092404206
BFGS iter 325: f=0.009234854
BFGS iter 326: f=0.0092251931
BFGS iter 327: f=0.0092119628
BFGS iter 328: f=0.0091908214
BFGS iter 329: f=0.0091760772
BFGS iter 330: f=0.0091598805
BFGS iter 331: f=0.0091547561
BFGS iter 332: f=0.0091523905
BFGS iter 333: f=0.009149751
BFGS iter 334: f=0.0091409353
BFGS iter 335: f=0.0091309569
BFGS iter 336: f=0.0091167565
BFGS iter 337: f=0.0091126403
BFGS iter 338: f=0.0091083551
BFGS iter 339: f=0.009105038
BFGS iter 340: f=0.0091001707
BFGS iter 341: f=0.0090922323
BFGS iter 342: f=0.0090824746
BFGS iter 343: f=0.0090757365
BFGS iter 344: f=0.0090722899
BFGS iter 345: f=0.009068422
BFGS iter 346: f=0.0090633214
BFGS iter 347: f=0.0090554165
BFGS iter 348: f=0.0090460934
BFGS iter 349: f=0.0090350805
BFGS iter 350: f=0.0090288431
BFGS iter 351: f=0.0090248153
BFGS iter 352: f=0.0090202771
BFGS iter 353: f=0.0090125134
BFGS iter 354: f=0.0090037312
BFGS iter 355: f=0.0089881148
BFGS iter 356: f=0.0089791593
BFGS iter 357: f=0.0089467951
BFGS iter 358: f=0.008924085
BFGS iter 359: f=0.0089066907
BFGS iter 360: f=0.0088853983
BFGS iter 361: f=0.0088623811
BFGS iter 362: f=0.0088419073
BFGS iter 363: f=0.0088256291
BFGS iter 364: f=0.008806554
BFGS iter 365: f=0.0087854257
BFGS iter 366: f=0.0087741792
BFGS iter 367: f=0.0087517035
BFGS iter 368: f=0.0087375318
BFGS iter 369: f=0.0087246636
BFGS iter 370: f=0.0087119077
BFGS iter 371: f=0.008686929
BFGS iter 372: f=0.008660187
BFGS iter 373: f=0.0086309196
BFGS iter 374: f=0.0086119991
BFGS iter 375: f=0.0085950205
BFGS iter 376: f=0.0085740822
BFGS iter 377: f=0.0085545649
BFGS iter 378: f=0.0085333355
BFGS iter 379: f=0.0085037417
BFGS iter 380: f=0.0084717944
BFGS iter 381: f=0.0084408211
BFGS iter 382: f=0.008402292
BFGS iter 383: f=0.0083623121
BFGS iter 384: f=0.0083356576
BFGS iter 385: f=0.0083196807
BFGS iter 386: f=0.008310302
BFGS iter 387: f=0.0083050048
BFGS iter 388: f=0.008301706
BFGS iter 389: f=0.0082963582
BFGS iter 390: f=0.00829359
BFGS iter 391: f=0.0082920394
BFGS iter 392: f=0.0082913673
BFGS iter 393: f=0.0082908676
BFGS iter 394: f=0.0082900574
BFGS iter 395: f=0.008289048
BFGS iter 396: f=0.0082883829
BFGS iter 397: f=0.0082878019
BFGS iter 398: f=0.0082868351
BFGS iter 399: f=0.0082852116
*
BFGS iter 400: f=0.010699947
BFGS iter 401: f=0.010699229
BFGS iter 402: f=0.010694808
BFGS iter 403: f=0.01069201
BFGS iter 404: f=0.010690957
BFGS iter 405: f=0.010689287
BFGS iter 406: f=0.01068419
BFGS iter 407: f=0.010679805
BFGS iter 408: f=0.010675985
BFGS iter 409: f=0.010669546
BFGS iter 410: f=0.010666801
BFGS iter 411: f=0.010658323
BFGS iter 412: f=0.010653537
BFGS iter 413: f=0.010626606
BFGS iter 414: f=0.010565758
BFGS iter 415: f=0.01055567
BFGS iter 416: f=0.010554399
BFGS iter 417: f=0.010552573
BFGS iter 418: f=0.010547049
BFGS iter 419: f=0.010510761
BFGS iter 420: f=0.010491172
BFGS iter 421: f=0.010486479
BFGS iter 422: f=0.010485564
BFGS iter 423: f=0.010483047
BFGS iter 424: f=0.010476797
BFGS iter 425: f=0.010471205
BFGS iter 426: f=0.010460536
BFGS iter 427: f=0.010422288
BFGS iter 428: f=0.01038607
BFGS iter 429: f=0.010369511
BFGS iter 430: f=0.010353041
BFGS iter 431: f=0.010348575
BFGS iter 432: f=0.010346641
BFGS iter 433: f=0.01034476
BFGS iter 434: f=0.010342391
BFGS iter 435: f=0.010337875
BFGS iter 436: f=0.010331881
BFGS iter 437: f=0.010326498
BFGS iter 438: f=0.010323376
BFGS iter 439: f=0.010319813
BFGS iter 440: f=0.010313253
BFGS iter 441: f=0.010302104
BFGS iter 442: f=0.010297749
BFGS iter 443: f=0.010294391
BFGS iter 444: f=0.010284203
BFGS iter 445: f=0.010275028
BFGS iter 446: f=0.010270761
BFGS iter 447: f=0.010269594
BFGS iter 448: f=0.010269054
BFGS iter 449: f=0.010268446
BFGS ended due to small decr. in 50 iterations
MTPR training ended
Rescaling...
   scaling = 0.028220163, condition number = 19.95333
   scaling = 0.030785632, condition number = 27.545179
   scaling = 0.033864195, condition number = 16.059147
   scaling = 0.037250615, condition number = 23.204023
   scaling = 0.040637035, condition number = 24.464068
Rescaling to 0.033864195... done
_________________Errors report_________________
Energy:
	Errors checked for 101 configurations
	Maximal absolute difference = 0.222491
	Average absolute difference = 0.0643744
	RMS     absolute difference = 0.105755

Energy per atom:
	Errors checked for 101 configurations
	Maximal absolute difference = 0.111245
	Average absolute difference = 0.0323269
	RMS     absolute difference = 0.0528838

Forces:
	Errors checked for 192 atoms
	Maximal absolute difference = 0.152718
	Average absolute difference = 0.0284049
	RMS     absolute difference = 0.0511887
	Max(ForceDiff) / Max(Force) = 0.0633397
	RMS(ForceDiff) / RMS(Force) = 0.0381818

Stresses (in energy units):
	Errors checked for 101 configurations
	Maximal absolute difference = 6.80143
	Average absolute difference = 1.84224
	RMS     absolute difference = 2.65656
	Max(StresDiff) / Max(Stres) = 1.16527
	RMS(StresDiff) / RMS(Stres) = 0.529212

Virial stresses (in pressure units):
	Errors checked for 101 configurations
	Maximal absolute difference = 165.053
	Average absolute difference = 45.1821
	RMS     absolute difference = 65.6909
	Max(StresDiff) / Max(Stres) = 1.06449
	RMS(StresDiff) / RMS(Stres) = 0.521366
_______________________________________________

	batch_size = 9999
	swap_limit = 0
	weight_scaling = 2
	energy_weight = 1.000000
	force_weight = 0.000000
	init_value = 0.000001
	site_en_weight = 0.000000
	stress_weight = 0.000000
	threshold = 1.001000
Selection: state saved to "mtp_V9.mtp"
training complete
