Selection data found
Basic trainer initialization complete
	auto-minmax-magmom = false
	init_random = false
	no_mindist_update = false
	skip_preinit = false
	iteration_limit = 1000
	weight_scaling = 1
	weight_scaling_forces = 0
	energy_weight = 1.000000
	force_weight = 0.010000
	penalty_weight = 0.000001
	scale_by_force = 0.000000
	select_factor = 1.000000
	stress_weight = 0.001000
	tolerance = 0.001000
	log = stdout
	save_to = mtp_V71.mtp
102 configurations found in the training set
Minimal interatomic distance in the training set is 1.56937. MTP's mindist will be updated
Iteration limit is 1000
Convergence tolerance is 0.001
Energy weight: 1
Force weight: 0.01
Stress weight: 0.001
MTPR training started on 1 core(s)
BFGS iter 0: f=6.30458e-05
BFGS has exceeded the linesearch limit. Cannot converge further
MTPR training ended
Rescaling...
   scaling = 0.9320081, condition number = 21.211596
   scaling = 1.0167361, condition number = 20.202046
   scaling = 1.1184097, condition number = 20.122878
   scaling = 1.2302507, condition number = 23.926034
   scaling = 1.3420917, condition number = 35.501856
Rescaling to 1.1184097... done
_________________Errors report_________________
Energy:
	Errors checked for 102 configurations
	Maximal absolute difference = 0.0214634
	Average absolute difference = 0.000819786
	RMS     absolute difference = 0.00371507

Energy per atom:
	Errors checked for 102 configurations
	Maximal absolute difference = 0.0214634
	Average absolute difference = 0.00081977
	RMS     absolute difference = 0.00371507

Forces:
	Errors checked for 194 atoms
	Maximal absolute difference = 0.000705746
	Average absolute difference = 0.000669367
	RMS     absolute difference = 0.000687316
	Max(ForceDiff) / Max(Force) = 0.000459377
	RMS(ForceDiff) / RMS(Force) = 0.000459377

Stresses (in energy units):
	Errors checked for 102 configurations
	Maximal absolute difference = 1.10918
	Average absolute difference = 0.0407544
	RMS     absolute difference = 0.139585
	Max(StresDiff) / Max(Stres) = 0.314447
	RMS(StresDiff) / RMS(Stres) = 0.0416635

Virial stresses (in pressure units):
	Errors checked for 102 configurations
	Maximal absolute difference = 3.42905
	Average absolute difference = 0.449956
	RMS     absolute difference = 0.579564
	Max(StresDiff) / Max(Stres) = 0.0389006
	RMS(StresDiff) / RMS(Stres) = 0.0069229
_______________________________________________

	batch_size = 9999
	swap_limit = 0
	weight_scaling = 2
	energy_weight = 1.000000
	force_weight = 0.000000
	init_value = 0.000001
	site_en_weight = 0.000000
	stress_weight = 0.000000
	threshold = 1.001000
Selection: state saved to "mtp_V71.mtp"
training complete
