Selection data found
Basic trainer initialization complete
	auto-minmax-magmom = false
	init_random = false
	no_mindist_update = false
	skip_preinit = false
	iteration_limit = 1000
	weight_scaling = 1
	weight_scaling_forces = 0
	energy_weight = 1.000000
	force_weight = 0.010000
	penalty_weight = 0.000001
	scale_by_force = 0.000000
	select_factor = 1.000000
	stress_weight = 0.001000
	tolerance = 0.001000
	log = stdout
	save_to = mtp_V27.mtp
58 configurations found in the training set
Minimal interatomic distance in the training set is 1.56937. MTP's mindist will be updated
Iteration limit is 1000
Convergence tolerance is 0.001
Energy weight: 1
Force weight: 0.01
Stress weight: 0.001
MTPR training started on 1 core(s)
BFGS iter 0: f=0.000328314
BFGS iter 1: f=0.000328314
BFGS iter 2: f=0.000328313
BFGS iter 3: f=0.000328313
BFGS iter 4: f=0.000328313
BFGS iter 5: f=0.000328312
BFGS iter 6: f=0.000328312
BFGS iter 7: f=0.000328311
BFGS iter 8: f=0.00032831
BFGS iter 9: f=0.00032831
BFGS iter 10: f=0.000328305
BFGS iter 11: f=0.000328304
BFGS iter 12: f=0.000328303
BFGS iter 13: f=0.000328298
BFGS iter 14: f=0.000328292
BFGS iter 15: f=0.000328285
BFGS iter 16: f=0.000328276
BFGS iter 17: f=0.000328272
BFGS iter 18: f=0.000328265
BFGS iter 19: f=0.000328255
BFGS iter 20: f=0.000328247
BFGS iter 21: f=0.000328245
BFGS iter 22: f=0.000328242
BFGS iter 23: f=0.000328236
BFGS iter 24: f=0.000328233
BFGS iter 25: f=0.00018145428
BFGS iter 26: f=0.00018145428
BFGS iter 27: f=0.00018145423
BFGS iter 28: f=0.00018145418
BFGS iter 29: f=0.00018145351
BFGS iter 30: f=0.0001814532
BFGS iter 31: f=0.00018145286
BFGS iter 32: f=0.00018145203
BFGS iter 33: f=0.00018145139
BFGS iter 34: f=0.0001814512
BFGS iter 35: f=0.00018144785
BFGS iter 36: f=0.00018144744
BFGS iter 37: f=0.00018144646
BFGS iter 38: f=0.00018144111
BFGS iter 39: f=0.00018143777
BFGS iter 40: f=0.00018143313
BFGS iter 41: f=0.00018142663
BFGS iter 42: f=0.00018142122
BFGS iter 43: f=0.00018141268
BFGS iter 44: f=0.00018140882
BFGS iter 45: f=0.00018140675
BFGS iter 46: f=0.00018140408
BFGS iter 47: f=0.00018140068
BFGS iter 48: f=0.00018139709
BFGS iter 49: f=0.00018139542
BFGS iter 50: f=0.00018139265
BFGS iter 51: f=0.00018138106
BFGS iter 52: f=0.00018137229
BFGS iter 53: f=0.00018136574
BFGS iter 54: f=0.00018136423
BFGS iter 55: f=0.00018136324
BFGS iter 56: f=0.00018136067
BFGS iter 57: f=0.00018135935
BFGS iter 58: f=0.00018135825
BFGS iter 59: f=0.00018135694
BFGS iter 60: f=0.00018135583
BFGS iter 61: f=0.00018135052
BFGS iter 62: f=0.00018134337
BFGS iter 63: f=0.0001813382
BFGS iter 64: f=0.00018132913
BFGS iter 65: f=0.00018132166
BFGS iter 66: f=0.00018131566
BFGS iter 67: f=0.00018131408
BFGS iter 68: f=0.00018131253
BFGS iter 69: f=0.00018131104
BFGS iter 70: f=0.00018123093
BFGS iter 71: f=0.00018122901
BFGS iter 72: f=0.00018122754
BFGS iter 73: f=0.00018122732
BFGS iter 74: f=0.00018122334
BFGS iter 75: f=0.00018121844
BFGS iter 76: f=0.00018121694
BFGS iter 77: f=0.00018121406
BFGS iter 78: f=0.0001812099
BFGS iter 79: f=0.00018120564
BFGS iter 80: f=0.0001812032
BFGS iter 81: f=0.00018120134
BFGS iter 82: f=0.00018119991
BFGS iter 83: f=0.00018119708
BFGS iter 84: f=0.00018119468
BFGS iter 85: f=0.00018119265
BFGS iter 86: f=0.00018119191
BFGS iter 87: f=0.00018119096
BFGS iter 88: f=0.00018118969
BFGS iter 89: f=0.00018118814
BFGS iter 90: f=0.00018118458
BFGS iter 91: f=0.0001811809
BFGS iter 92: f=0.00018117655
BFGS iter 93: f=0.0001811671
BFGS iter 94: f=0.00018115438
BFGS iter 95: f=0.0001811422
BFGS iter 96: f=0.0001811328
BFGS iter 97: f=0.00018112054
BFGS iter 98: f=0.00018110609
BFGS iter 99: f=0.00018109442
*
BFGS iter 100: f=0.00018110867
BFGS iter 101: f=0.00018110567
BFGS iter 102: f=0.00018110502
BFGS iter 103: f=0.00018110465
BFGS iter 104: f=0.00018110388
BFGS iter 105: f=0.00018110209
BFGS iter 106: f=0.00018109959
BFGS iter 107: f=0.00018109416
BFGS iter 108: f=0.00018107922
BFGS iter 109: f=0.00018106298
BFGS iter 110: f=0.000181042
BFGS iter 111: f=0.00018103696
BFGS iter 112: f=0.00018103054
BFGS iter 113: f=0.00018102591
BFGS iter 114: f=0.00018102358
BFGS iter 115: f=0.0001810224
BFGS iter 116: f=0.00018102038
BFGS iter 117: f=0.00018101874
BFGS iter 118: f=0.0001810119
BFGS iter 119: f=0.00018100375
BFGS iter 120: f=0.00018099528
BFGS iter 121: f=0.00018096999
BFGS iter 122: f=0.00018094264
BFGS iter 123: f=0.00018091405
BFGS iter 124: f=0.00018089265
BFGS iter 125: f=0.0001808607
BFGS iter 126: f=0.00018083355
BFGS iter 127: f=0.00018081122
BFGS iter 128: f=0.00018079269
BFGS iter 129: f=0.00018078234
BFGS iter 130: f=0.00018077579
BFGS iter 131: f=0.00018077376
BFGS iter 132: f=0.00018077106
BFGS iter 133: f=0.00018076678
BFGS iter 134: f=0.00018076238
BFGS iter 135: f=0.00018076103
BFGS iter 136: f=0.00018075923
BFGS iter 137: f=0.00018074402
BFGS iter 138: f=0.00018070205
BFGS iter 139: f=0.00018069689
BFGS iter 140: f=0.0001806854
BFGS iter 141: f=0.00018067843
BFGS iter 142: f=0.00018067351
BFGS iter 143: f=0.00018066683
BFGS iter 144: f=0.00018066132
BFGS iter 145: f=0.00018065369
BFGS iter 146: f=0.00018065076
BFGS iter 147: f=0.00018064727
BFGS iter 148: f=0.00018064513
BFGS iter 149: f=0.00018064339
BFGS iter 150: f=0.00018062609
BFGS iter 151: f=0.00018062592
BFGS iter 152: f=0.00018062517
BFGS iter 153: f=0.00018062262
BFGS iter 154: f=0.0001806198
BFGS iter 155: f=0.00018061661
BFGS iter 156: f=0.00018061293
BFGS iter 157: f=0.00018060778
BFGS iter 158: f=0.00018060123
BFGS iter 159: f=0.00018059226
BFGS iter 160: f=0.00018058084
BFGS iter 161: f=0.00018057829
BFGS iter 162: f=0.00018057616
BFGS iter 163: f=0.00018057201
BFGS iter 164: f=0.00018056795
BFGS iter 165: f=0.00018056637
BFGS iter 166: f=0.00018056426
BFGS iter 167: f=0.00018054486
BFGS iter 168: f=0.00018051731
BFGS iter 169: f=0.00018047159
BFGS iter 170: f=0.000180433
BFGS iter 171: f=0.00018041437
BFGS iter 172: f=0.00018040077
BFGS iter 173: f=0.00018039134
BFGS iter 174: f=0.00018038579
BFGS iter 175: f=0.00018036656
BFGS iter 176: f=0.00018035552
BFGS iter 177: f=0.00018034906
BFGS iter 178: f=0.00018034268
BFGS iter 179: f=0.00018033669
BFGS iter 180: f=0.00018033377
BFGS iter 181: f=0.00018033066
BFGS iter 182: f=0.00018032687
BFGS iter 183: f=0.00018032544
BFGS iter 184: f=0.00018032387
BFGS iter 185: f=0.00018032312
BFGS iter 186: f=0.00018032191
BFGS iter 187: f=0.00018031946
BFGS iter 188: f=0.00018031601
BFGS iter 189: f=0.00018031539
BFGS iter 190: f=0.0001803148
BFGS iter 191: f=0.00018031434
BFGS iter 192: f=0.0001803112
BFGS iter 193: f=0.00018031
BFGS iter 194: f=0.00018030886
BFGS iter 195: f=0.00018030772
BFGS iter 196: f=0.0001803053
BFGS iter 197: f=0.00018030305
BFGS iter 198: f=0.00018029946
BFGS iter 199: f=0.0001802956
BFGS iter 200: f=0.00018029156
BFGS iter 201: f=0.00018027742
BFGS iter 202: f=0.00018026382
BFGS iter 203: f=0.00018025055
BFGS iter 204: f=0.00018022994
BFGS iter 205: f=0.00018022225
BFGS iter 206: f=0.00018021343
BFGS iter 207: f=0.00018020676
BFGS iter 208: f=0.00018020156
BFGS iter 209: f=0.00018019756
BFGS iter 210: f=0.00018018732
BFGS iter 211: f=0.00018017745
BFGS iter 212: f=0.00018016926
BFGS iter 213: f=0.00018016581
BFGS iter 214: f=0.00018016362
BFGS iter 215: f=0.00018016092
BFGS iter 216: f=0.00018015835
BFGS iter 217: f=0.00018015737
BFGS iter 218: f=0.00018015587
BFGS iter 219: f=0.00018015442
BFGS iter 220: f=0.00018015094
BFGS iter 221: f=0.00018014446
BFGS iter 222: f=0.00018013053
BFGS iter 223: f=0.00018011828
BFGS iter 224: f=0.00018007034
BFGS iter 225: f=0.00018000415
BFGS iter 226: f=0.00017993882
BFGS iter 227: f=0.00017989834
BFGS iter 228: f=0.00017983297
BFGS iter 229: f=0.00017980936
BFGS iter 230: f=0.00017978742
BFGS iter 231: f=0.00017975771
BFGS iter 232: f=0.0001797379
BFGS iter 233: f=0.00017972428
BFGS iter 234: f=0.00017971823
BFGS iter 235: f=0.00017971571
BFGS iter 236: f=0.00017971463
BFGS iter 237: f=0.00017971311
BFGS iter 238: f=0.00017970793
BFGS iter 239: f=0.00017970198
BFGS iter 240: f=0.00017969739
BFGS iter 241: f=0.00017969034
BFGS iter 242: f=0.00017967953
BFGS iter 243: f=0.00017966844
BFGS iter 244: f=0.00017965623
BFGS iter 245: f=0.00017964814
BFGS iter 246: f=0.00017964142
BFGS iter 247: f=0.00017963788
BFGS iter 248: f=0.0001796337
BFGS iter 249: f=0.00017962624
*
BFGS iter 250: f=0.00017963955
BFGS iter 251: f=0.00017963943
BFGS iter 252: f=0.00017963941
BFGS iter 253: f=0.00017963676
BFGS iter 254: f=0.00017963657
BFGS iter 255: f=0.00017963583
BFGS iter 256: f=0.00017963483
BFGS iter 257: f=0.00017963339
BFGS iter 258: f=0.0001796277
BFGS iter 259: f=0.00017961639
BFGS iter 260: f=0.00017961056
BFGS iter 261: f=0.00017960859
BFGS iter 262: f=0.00017960736
BFGS iter 263: f=0.00017960604
BFGS iter 264: f=0.00017960358
BFGS iter 265: f=0.00017959931
BFGS iter 266: f=0.00017959151
BFGS iter 267: f=0.00017956173
BFGS iter 268: f=0.00017955276
BFGS iter 269: f=0.00017954508
BFGS iter 270: f=0.00017954334
BFGS iter 271: f=0.0001795422
BFGS iter 272: f=0.00017954162
BFGS iter 273: f=0.000179541
BFGS iter 274: f=0.00017953921
BFGS iter 275: f=0.00017952798
BFGS iter 276: f=0.00017951665
BFGS iter 277: f=0.00017948652
BFGS iter 278: f=0.00017945765
BFGS iter 279: f=0.00017945123
BFGS iter 280: f=0.00017944706
BFGS iter 281: f=0.00017944241
BFGS iter 282: f=0.00017943025
BFGS iter 283: f=0.00017941882
BFGS iter 284: f=0.00017939743
BFGS iter 285: f=0.00017938597
BFGS iter 286: f=0.000179372
BFGS iter 287: f=0.00017935644
BFGS iter 288: f=0.00017934403
BFGS iter 289: f=0.00017933419
BFGS iter 290: f=0.00017932262
BFGS iter 291: f=0.00017928199
BFGS iter 292: f=0.00017922832
BFGS iter 293: f=0.00017915469
BFGS iter 294: f=0.00017912323
BFGS iter 295: f=0.0001791084
BFGS iter 296: f=0.00017909079
BFGS iter 297: f=0.00017908447
BFGS iter 298: f=0.00017907435
BFGS iter 299: f=0.00017906982
BFGS iter 300: f=0.00017906808
BFGS iter 301: f=0.00017906688
BFGS iter 302: f=0.00017906565
BFGS iter 303: f=0.00017906319
BFGS iter 304: f=0.00017905735
BFGS iter 305: f=0.00017905451
BFGS iter 306: f=0.00017905342
BFGS iter 307: f=0.00017905139
BFGS iter 308: f=0.00017903807
BFGS iter 309: f=0.00017903173
BFGS iter 310: f=0.00017902709
BFGS iter 311: f=0.00017902429
BFGS iter 312: f=0.00017900853
BFGS iter 313: f=0.00017899751
BFGS iter 314: f=0.00017896814
BFGS iter 315: f=0.00017896021
BFGS iter 316: f=0.00017892496
BFGS iter 317: f=0.00017889331
BFGS iter 318: f=0.00017885777
BFGS iter 319: f=0.00017882413
BFGS iter 320: f=0.00017880182
BFGS iter 321: f=0.0001787848
BFGS iter 322: f=0.00017877116
BFGS iter 323: f=0.00017875786
BFGS iter 324: f=0.00017875224
BFGS iter 325: f=0.000178736
BFGS iter 326: f=0.00017872649
BFGS iter 327: f=0.00017871994
BFGS iter 328: f=0.00017871781
BFGS iter 329: f=0.00017871589
BFGS iter 330: f=0.00017870861
BFGS iter 331: f=0.00017869897
BFGS iter 332: f=0.00017868922
BFGS iter 333: f=0.00017867623
BFGS iter 334: f=0.00017866602
BFGS iter 335: f=0.00017864641
BFGS iter 336: f=0.00017859983
BFGS iter 337: f=0.00017857968
BFGS iter 338: f=0.0001785523
BFGS iter 339: f=0.00017851573
BFGS iter 340: f=0.00017850508
BFGS iter 341: f=0.00017849174
BFGS iter 342: f=0.00017847985
BFGS iter 343: f=0.00017845927
BFGS iter 344: f=0.00017843937
BFGS iter 345: f=0.00017841683
BFGS iter 346: f=0.00017840106
BFGS iter 347: f=0.0001783945
BFGS iter 348: f=0.00017838168
BFGS iter 349: f=0.00017837339
BFGS iter 350: f=0.00017836497
BFGS iter 351: f=0.00017835805
BFGS iter 352: f=0.00017835071
BFGS iter 353: f=0.00017833831
BFGS iter 354: f=0.00017833041
BFGS iter 355: f=0.00017831512
BFGS iter 356: f=0.00017827832
BFGS iter 357: f=0.00017821951
BFGS iter 358: f=0.00017819585
BFGS iter 359: f=0.00017817972
BFGS iter 360: f=0.00017815587
BFGS iter 361: f=0.0001781397
BFGS iter 362: f=0.00017812524
BFGS iter 363: f=0.00017811616
BFGS iter 364: f=0.00017810986
BFGS iter 365: f=0.00017810513
BFGS iter 366: f=0.00017809716
BFGS iter 367: f=0.00017809005
BFGS iter 368: f=0.00017808576
BFGS iter 369: f=0.00017808179
BFGS iter 370: f=0.00017807895
BFGS iter 371: f=0.00017807648
BFGS iter 372: f=0.00017807279
BFGS iter 373: f=0.00017806829
BFGS iter 374: f=0.00017806313
BFGS iter 375: f=0.00017805126
BFGS iter 376: f=0.00017801768
BFGS iter 377: f=0.00017801087
BFGS iter 378: f=0.00017796938
BFGS iter 379: f=0.00017794033
BFGS iter 380: f=0.0001779226
BFGS iter 381: f=0.00017790762
BFGS iter 382: f=0.00017790238
BFGS iter 383: f=0.00017790041
BFGS iter 384: f=0.00017789457
BFGS iter 385: f=0.00017788716
BFGS iter 386: f=0.00017787549
BFGS iter 387: f=0.00017786132
BFGS iter 388: f=0.00017783442
BFGS iter 389: f=0.00017782189
BFGS iter 390: f=0.00017780238
BFGS iter 391: f=0.00017778695
BFGS iter 392: f=0.00017777303
BFGS iter 393: f=0.00017776206
BFGS iter 394: f=0.00017774623
BFGS iter 395: f=0.0001777285
BFGS iter 396: f=0.00017772179
BFGS iter 397: f=0.0001777114
BFGS iter 398: f=0.00017769835
BFGS iter 399: f=0.00017768186
*
BFGS iter 400: f=0.00017776179
BFGS iter 401: f=0.00017776162
BFGS iter 402: f=0.00017775145
BFGS iter 403: f=0.00017772869
BFGS iter 404: f=0.00017772442
BFGS iter 405: f=0.00017771173
BFGS iter 406: f=0.00017765942
BFGS iter 407: f=0.00017761016
BFGS iter 408: f=0.00017760076
BFGS iter 409: f=0.00017759538
BFGS iter 410: f=0.00017758715
BFGS iter 411: f=0.00017756406
BFGS iter 412: f=0.00017752092
BFGS iter 413: f=0.00017749752
BFGS iter 414: f=0.00017748449
BFGS iter 415: f=0.00017746989
BFGS iter 416: f=0.00017736019
BFGS iter 417: f=0.00017734221
BFGS iter 418: f=0.00017733947
BFGS iter 419: f=0.00017733873
BFGS iter 420: f=0.00017733509
BFGS iter 421: f=0.00017731283
BFGS iter 422: f=0.00017730743
BFGS iter 423: f=0.00017730668
BFGS iter 424: f=0.00017730659
BFGS iter 425: f=0.00017730658
BFGS iter 426: f=0.00017730656
BFGS iter 427: f=0.00017730307
BFGS iter 428: f=0.00017730015
BFGS iter 429: f=0.00017729901
BFGS iter 430: f=0.00017729896
BFGS iter 431: f=0.00017729852
BFGS iter 432: f=0.00017729351
BFGS iter 433: f=0.00017726481
BFGS iter 434: f=0.00017724041
BFGS iter 435: f=0.00017719173
BFGS iter 436: f=0.00017717733
BFGS iter 437: f=0.00017715967
BFGS iter 438: f=0.00017714645
BFGS iter 439: f=0.00017712951
BFGS iter 440: f=0.00017711541
BFGS iter 441: f=0.00017709261
BFGS iter 442: f=0.00017707652
BFGS iter 443: f=0.0001770635
BFGS iter 444: f=0.00017705357
BFGS iter 445: f=0.00017704041
BFGS iter 446: f=0.00017702351
BFGS iter 447: f=0.00017700857
BFGS iter 448: f=0.00017699577
BFGS iter 449: f=0.00017698218
BFGS iter 450: f=0.00017697457
BFGS iter 451: f=0.00017696649
BFGS iter 452: f=0.00017695875
BFGS iter 453: f=0.00017694884
BFGS iter 454: f=0.00017694212
BFGS iter 455: f=0.00017693085
BFGS iter 456: f=0.00017692476
BFGS iter 457: f=0.00017691844
BFGS iter 458: f=0.00017691432
BFGS iter 459: f=0.00017690919
BFGS iter 460: f=0.00017690404
BFGS iter 461: f=0.00017690116
BFGS iter 462: f=0.0001768985
BFGS iter 463: f=0.000176897
BFGS iter 464: f=0.00017689617
BFGS iter 465: f=0.00017689552
BFGS iter 466: f=0.00017689481
BFGS iter 467: f=0.00017689354
BFGS iter 468: f=0.00017689174
BFGS iter 469: f=0.00017688371
BFGS iter 470: f=0.00017688099
BFGS iter 471: f=0.0001768796
BFGS iter 472: f=0.0001768793
BFGS iter 473: f=0.00017687921
BFGS iter 474: f=0.00017687909
BFGS iter 475: f=0.00017687865
BFGS iter 476: f=0.0001768774
BFGS iter 477: f=0.00017687661
BFGS iter 478: f=0.00017687647
BFGS iter 479: f=0.00017687634
BFGS iter 480: f=0.00017687629
BFGS iter 481: f=0.0001768762
BFGS iter 482: f=0.00017687606
BFGS iter 483: f=0.00017687605
BFGS iter 484: f=0.00017687604
BFGS iter 485: f=0.00017687603
BFGS iter 486: f=0.00017687598
BFGS iter 487: f=0.0001768757
BFGS iter 488: f=0.00017687457
BFGS iter 489: f=0.00017686904
BFGS iter 490: f=0.00017686172
BFGS iter 491: f=0.000176842
BFGS iter 492: f=0.00017681828
BFGS iter 493: f=0.00017679074
BFGS iter 494: f=0.00017677997
BFGS iter 495: f=0.0001767758
BFGS iter 496: f=0.00017677107
BFGS iter 497: f=0.00017676616
BFGS iter 498: f=0.00017676098
BFGS iter 499: f=0.00017675034
BFGS iter 500: f=0.00017674667
BFGS iter 501: f=0.00017674353
BFGS iter 502: f=0.00017674086
BFGS iter 503: f=0.00017673794
BFGS iter 504: f=0.00017673644
BFGS iter 505: f=0.00017673371
BFGS iter 506: f=0.00017673071
BFGS iter 507: f=0.00017671654
BFGS iter 508: f=0.00017671181
BFGS iter 509: f=0.00017670229
BFGS iter 510: f=0.00017669625
BFGS iter 511: f=0.00017669273
BFGS iter 512: f=0.00017668992
BFGS iter 513: f=0.00017668619
BFGS iter 514: f=0.00017668498
BFGS iter 515: f=0.00017668365
BFGS iter 516: f=0.0001766811
BFGS iter 517: f=0.00017667765
BFGS iter 518: f=0.00017667306
BFGS iter 519: f=0.00017666733
BFGS iter 520: f=0.000176665
BFGS iter 521: f=0.00017666063
BFGS iter 522: f=0.00017665927
BFGS iter 523: f=0.00017665661
BFGS iter 524: f=0.00017665488
BFGS iter 525: f=0.00017665035
BFGS iter 526: f=0.00017664853
BFGS iter 527: f=0.00017664488
BFGS iter 528: f=0.00017664326
BFGS iter 529: f=0.00017664137
BFGS iter 530: f=0.00017663911
BFGS iter 531: f=0.00017663738
BFGS iter 532: f=0.00017663582
BFGS iter 533: f=0.00017663511
BFGS iter 534: f=0.00017663398
BFGS iter 535: f=0.00017663313
BFGS iter 536: f=0.00017663132
BFGS iter 537: f=0.00017663088
BFGS iter 538: f=0.00017663021
BFGS iter 539: f=0.00017662962
BFGS iter 540: f=0.00017662941
BFGS iter 541: f=0.00017662888
BFGS iter 542: f=0.00017662827
BFGS iter 543: f=0.00017662788
BFGS iter 544: f=0.00017662737
BFGS iter 545: f=0.00017662691
BFGS iter 546: f=0.0001766266
BFGS iter 547: f=0.00017662615
BFGS iter 548: f=0.00017662473
BFGS iter 549: f=0.00017662458
BFGS ended due to small decr. in 50 iterations
MTPR training ended
Rescaling...
   scaling = 0.10281027, condition number = 23.237754
   scaling = 0.11215665, condition number = 19.922964
   scaling = 0.12337232, condition number = 17.725084
   scaling = 0.13570955, condition number = 14.849093
   scaling = 0.14804678, condition number = 12.370883
Rescaling to 0.14804678... done
Rescaling...
   scaling = 0.12337232, condition number = 17.725078
   scaling = 0.13458799, condition number = 14.994517
   scaling = 0.14804678, condition number = 12.370883
   scaling = 0.16285146, condition number = 12.779599
   scaling = 0.17765614, condition number = 15.10928
Rescaling to 0.14804678... done
_________________Errors report_________________
Energy:
	Errors checked for 58 configurations
	Maximal absolute difference = 0.0214517
	Average absolute difference = 0.00191953
	RMS     absolute difference = 0.0057068

Energy per atom:
	Errors checked for 58 configurations
	Maximal absolute difference = 0.0214517
	Average absolute difference = 0.00191947
	RMS     absolute difference = 0.0057068

Forces:
	Errors checked for 106 atoms
	Maximal absolute difference = 0.0704559
	Average absolute difference = 0.0638091
	RMS     absolute difference = 0.0670502
	Max(ForceDiff) / Max(Force) = 0.0458605
	RMS(ForceDiff) / RMS(Force) = 0.0458605

Stresses (in energy units):
	Errors checked for 58 configurations
	Maximal absolute difference = 1.08978
	Average absolute difference = 0.197469
	RMS     absolute difference = 0.24606
	Max(StresDiff) / Max(Stres) = 0.308946
	RMS(StresDiff) / RMS(Stres) = 0.0766679

Virial stresses (in pressure units):
	Errors checked for 58 configurations
	Maximal absolute difference = 4.35494
	Average absolute difference = 3.77873
	RMS     absolute difference = 4.00583
	Max(StresDiff) / Max(Stres) = 0.0494042
	RMS(StresDiff) / RMS(Stres) = 0.0499535
_______________________________________________

	batch_size = 9999
	swap_limit = 0
	weight_scaling = 2
	energy_weight = 1.000000
	force_weight = 0.000000
	init_value = 0.000001
	site_en_weight = 0.000000
	stress_weight = 0.000000
	threshold = 1.001000
Selection: state saved to "mtp_V27.mtp"
training complete
