Selection data found
Basic trainer initialization complete
	auto-minmax-magmom = false
	init_random = false
	no_mindist_update = false
	skip_preinit = false
	iteration_limit = 1000
	weight_scaling = 1
	weight_scaling_forces = 0
	energy_weight = 1.000000
	force_weight = 0.010000
	penalty_weight = 0.000001
	scale_by_force = 0.000000
	select_factor = 1.000000
	stress_weight = 0.001000
	tolerance = 0.001000
	log = stdout
	save_to = mtp_V43.mtp
416 configurations found in the training set
Minimal interatomic distance in the training set is 1.54422. MTP's mindist will be updated
Iteration limit is 1000
Convergence tolerance is 0.001
Energy weight: 1
Force weight: 0.01
Stress weight: 0.001
MTPR training started on 1 core(s)
BFGS iter 0: f=0.119661
BFGS iter 1: f=0.119661
BFGS iter 2: f=0.119661
BFGS iter 3: f=0.119661
BFGS iter 4: f=0.119661
BFGS iter 5: f=0.119661
BFGS iter 6: f=0.119661
BFGS iter 7: f=0.119661
BFGS iter 8: f=0.119661
BFGS iter 9: f=0.119661
BFGS iter 10: f=0.119661
BFGS iter 11: f=0.119661
BFGS iter 12: f=0.11966
BFGS iter 13: f=0.11966
BFGS iter 14: f=0.11966
BFGS iter 15: f=0.11966
BFGS iter 16: f=0.11966
BFGS iter 17: f=0.11966
BFGS iter 18: f=0.119659
BFGS iter 19: f=0.119659
BFGS iter 20: f=0.119659
BFGS iter 21: f=0.119659
BFGS iter 22: f=0.119659
BFGS iter 23: f=0.119659
BFGS iter 24: f=0.119658
BFGS iter 25: f=0.0063808868
BFGS iter 26: f=0.0063808709
BFGS iter 27: f=0.0063808506
BFGS iter 28: f=0.0063808441
BFGS iter 29: f=0.0063807846
BFGS iter 30: f=0.0063806623
BFGS iter 31: f=0.0063806378
BFGS iter 32: f=0.0063806157
BFGS iter 33: f=0.0063805186
BFGS iter 34: f=0.0063802901
BFGS iter 35: f=0.0063802664
BFGS iter 36: f=0.0063802299
BFGS iter 37: f=0.006379933
BFGS iter 38: f=0.0063799094
BFGS iter 39: f=0.0063799007
BFGS iter 40: f=0.0063798449
BFGS iter 41: f=0.0063796666
BFGS iter 42: f=0.0063793682
BFGS iter 43: f=0.0063788093
BFGS iter 44: f=0.0063786931
BFGS iter 45: f=0.0063786052
BFGS iter 46: f=0.0063784589
BFGS iter 47: f=0.0063784318
BFGS iter 48: f=0.0063784076
BFGS iter 49: f=0.0063782937
BFGS iter 50: f=0.0063780282
BFGS iter 51: f=0.0063777347
BFGS iter 52: f=0.0063775341
BFGS iter 53: f=0.0063773727
BFGS iter 54: f=0.0063771782
BFGS iter 55: f=0.0063770648
BFGS iter 56: f=0.006376993
BFGS iter 57: f=0.0063769549
BFGS iter 58: f=0.0063769247
BFGS iter 59: f=0.0063769157
BFGS iter 60: f=0.0063769108
BFGS iter 61: f=0.0063769081
BFGS iter 62: f=0.0063769065
BFGS iter 63: f=0.0063769041
BFGS iter 64: f=0.0063768992
BFGS iter 65: f=0.0063768952
BFGS iter 66: f=0.0063768938
BFGS iter 67: f=0.0063768936
BFGS iter 68: f=0.0063768935
BFGS iter 69: f=0.0063768934
*
BFGS iter 70: f=0.0064093672
BFGS iter 71: f=0.0064093397
BFGS iter 72: f=0.0064079514
BFGS iter 73: f=0.006407689
BFGS iter 74: f=0.0064076285
BFGS iter 75: f=0.0064075746
BFGS iter 76: f=0.0064075481
BFGS iter 77: f=0.0064075119
BFGS iter 78: f=0.0064074739
BFGS iter 79: f=0.0064074386
BFGS iter 80: f=0.0064074048
BFGS iter 81: f=0.0064073144
BFGS iter 82: f=0.0064072836
BFGS iter 83: f=0.0064072748
BFGS iter 84: f=0.0064072617
BFGS iter 85: f=0.0064072489
BFGS iter 86: f=0.0064072412
BFGS iter 87: f=0.0064072371
BFGS iter 88: f=0.0064072292
BFGS iter 89: f=0.0064071357
BFGS iter 90: f=0.0064070836
BFGS iter 91: f=0.0064070624
BFGS iter 92: f=0.0064070532
BFGS iter 93: f=0.0064070491
BFGS iter 94: f=0.0064070445
BFGS iter 95: f=0.0064070257
BFGS iter 96: f=0.0064070155
BFGS iter 97: f=0.0064070142
BFGS iter 98: f=0.0064070135
BFGS iter 99: f=0.0064070134
*
BFGS iter 100: f=0.0064206958
BFGS iter 101: f=0.0064204545
BFGS iter 102: f=0.00641962
BFGS iter 103: f=0.0064195046
BFGS iter 104: f=0.0064193893
BFGS iter 105: f=0.006419343
BFGS iter 106: f=0.0064193129
BFGS iter 107: f=0.006419269
BFGS iter 108: f=0.0064192437
BFGS iter 109: f=0.0064192219
BFGS iter 110: f=0.0064192087
BFGS iter 111: f=0.0064191974
BFGS iter 112: f=0.0064191642
BFGS iter 113: f=0.0064191536
BFGS iter 114: f=0.0064191506
BFGS iter 115: f=0.0064191469
BFGS iter 116: f=0.0064191397
BFGS iter 117: f=0.0064191342
BFGS iter 118: f=0.0064191336
BFGS iter 119: f=0.0064191335
BFGS iter 120: f=0.0064191335
BFGS iter 121: f=0.0064191335
BFGS iter 122: f=0.0064191335
BFGS iter 123: f=0.0064191335
BFGS iter 124: f=0.0064191335
BFGS iter 125: f=0.0064191335
BFGS iter 126: f=0.0064191334
BFGS iter 127: f=0.0064191319
BFGS iter 128: f=0.0064191253
BFGS iter 129: f=0.0064191152
BFGS iter 130: f=0.0064191031
BFGS iter 131: f=0.006419097
BFGS iter 132: f=0.0064190945
BFGS iter 133: f=0.0064190905
BFGS iter 134: f=0.0064190861
BFGS iter 135: f=0.0064190845
BFGS iter 136: f=0.0064190822
BFGS iter 137: f=0.0064190811
BFGS iter 138: f=0.0064190805
BFGS iter 139: f=0.0064190802
BFGS iter 140: f=0.0064190801
BFGS iter 141: f=0.00641908
BFGS iter 142: f=0.00641908
BFGS iter 143: f=0.00641908
BFGS iter 144: f=0.00641908
BFGS iter 145: f=0.00641908
BFGS iter 146: f=0.00641908
BFGS iter 147: f=0.00641908
BFGS iter 148: f=0.00641908
BFGS iter 149: f=0.0064190795
*
BFGS iter 150: f=0.0064273013
BFGS iter 151: f=0.0064271299
BFGS iter 152: f=0.0064256897
BFGS iter 153: f=0.0064254975
BFGS iter 154: f=0.0064254383
BFGS iter 155: f=0.0064254085
BFGS iter 156: f=0.0064253762
BFGS iter 157: f=0.0064253416
BFGS iter 158: f=0.0064253139
BFGS iter 159: f=0.0064252887
BFGS iter 160: f=0.0064252528
BFGS iter 161: f=0.0064252201
BFGS iter 162: f=0.0064251804
BFGS iter 163: f=0.0064251574
BFGS iter 164: f=0.0064251473
BFGS iter 165: f=0.0064251446
BFGS iter 166: f=0.0064251392
BFGS iter 167: f=0.0064251166
BFGS iter 168: f=0.006425072
BFGS iter 169: f=0.0064250449
BFGS iter 170: f=0.0064249965
BFGS iter 171: f=0.0064249503
BFGS iter 172: f=0.0064249151
BFGS iter 173: f=0.0064249011
BFGS iter 174: f=0.0064248769
BFGS iter 175: f=0.0064248571
BFGS iter 176: f=0.0064248324
BFGS iter 177: f=0.0064248145
BFGS iter 178: f=0.0064248082
BFGS iter 179: f=0.0064247949
BFGS iter 180: f=0.0064247686
BFGS iter 181: f=0.0064247389
BFGS iter 182: f=0.0064247134
BFGS iter 183: f=0.0064246807
BFGS iter 184: f=0.0064246397
BFGS iter 185: f=0.0064244081
BFGS iter 186: f=0.0064242865
BFGS iter 187: f=0.0064239995
BFGS iter 188: f=0.0064238573
BFGS iter 189: f=0.0064236169
BFGS iter 190: f=0.0064234101
BFGS iter 191: f=0.0064232775
BFGS iter 192: f=0.0064229358
BFGS iter 193: f=0.0064227268
BFGS iter 194: f=0.0064221362
BFGS iter 195: f=0.0064219439
BFGS iter 196: f=0.0064217282
BFGS iter 197: f=0.0064214147
BFGS iter 198: f=0.0064212369
BFGS iter 199: f=0.0064210081
BFGS ended due to small decr. in 50 iterations
MTPR training ended
Rescaling...
   scaling = 0.091925405, condition number = 11.68196
   scaling = 0.10028226, condition number = 11.848758
   scaling = 0.11031049, condition number = 13.375911
   scaling = 0.12134153, condition number = 15.938227
   scaling = 0.13237258, condition number = 12.608496
Rescaling to 0.091925405... done
Rescaling...
   scaling = 0.076604504, condition number = 11.158173
   scaling = 0.08356855, condition number = 11.804106
   scaling = 0.091925405, condition number = 11.68196
   scaling = 0.10111795, condition number = 11.887045
   scaling = 0.11031049, condition number = 13.375911
Rescaling to 0.076604504... done
Rescaling...
   scaling = 0.063837087, condition number = 8.6523898
   scaling = 0.069640458, condition number = 9.7801476
   scaling = 0.076604504, condition number = 11.158173
   scaling = 0.084264955, condition number = 11.648781
   scaling = 0.091925405, condition number = 11.68196
Rescaling to 0.063837087... done
Rescaling...
   scaling = 0.053197572, condition number = 9.2710315
   scaling = 0.058033715, condition number = 8.4225952
   scaling = 0.063837087, condition number = 8.6523898
   scaling = 0.070220796, condition number = 9.8862084
   scaling = 0.076604504, condition number = 11.158173
Rescaling to 0.058033715... done
Rescaling...
   scaling = 0.048361429, condition number = 12.958041
   scaling = 0.052757923, condition number = 9.6735929
   scaling = 0.058033715, condition number = 8.4225952
   scaling = 0.063837087, condition number = 8.6523898
   scaling = 0.069640458, condition number = 9.7801476
Rescaling to 0.058033715... done
_________________Errors report_________________
Energy:
	Errors checked for 416 configurations
	Maximal absolute difference = 0.242764
	Average absolute difference = 0.061961
	RMS     absolute difference = 0.102713

Energy per atom:
	Errors checked for 416 configurations
	Maximal absolute difference = 0.121382
	Average absolute difference = 0.0316325
	RMS     absolute difference = 0.0520441

Forces:
	Errors checked for 822 atoms
	Maximal absolute difference = 0.490019
	Average absolute difference = 0.163911
	RMS     absolute difference = 0.227463
	Max(ForceDiff) / Max(Force) = 0.203236
	RMS(ForceDiff) / RMS(Force) = 0.160611

Stresses (in energy units):
	Errors checked for 416 configurations
	Maximal absolute difference = 6.12446
	Average absolute difference = 1.94616
	RMS     absolute difference = 2.62456
	Max(StresDiff) / Max(Stres) = 1.04929
	RMS(StresDiff) / RMS(Stres) = 0.502191

Virial stresses (in pressure units):
	Errors checked for 416 configurations
	Maximal absolute difference = 157.815
	Average absolute difference = 47.6887
	RMS     absolute difference = 65.4302
	Max(StresDiff) / Max(Stres) = 1.01781
	RMS(StresDiff) / RMS(Stres) = 0.498655
_______________________________________________

	batch_size = 9999
	swap_limit = 0
	weight_scaling = 2
	energy_weight = 1.000000
	force_weight = 0.000000
	init_value = 0.000001
	site_en_weight = 0.000000
	stress_weight = 0.000000
	threshold = 1.001000
Selection: state saved to "mtp_V43.mtp"
training complete
