Selection data found
Basic trainer initialization complete
	auto-minmax-magmom = false
	init_random = false
	no_mindist_update = false
	skip_preinit = false
	iteration_limit = 1000
	weight_scaling = 1
	weight_scaling_forces = 0
	energy_weight = 1.000000
	force_weight = 0.010000
	penalty_weight = 0.000001
	scale_by_force = 0.000000
	select_factor = 1.000000
	stress_weight = 0.001000
	tolerance = 0.001000
	log = stdout
	save_to = mtp_V53.mtp
84 configurations found in the training set
Minimal interatomic distance in the training set is 1.56937. MTP's mindist will be updated
Iteration limit is 1000
Convergence tolerance is 0.001
Energy weight: 1
Force weight: 0.01
Stress weight: 0.001
MTPR training started on 1 core(s)
BFGS iter 0: f=0.000129079
BFGS iter 1: f=0.000129079
BFGS iter 2: f=0.000129079
BFGS iter 3: f=0.000129078
BFGS iter 4: f=0.000129078
BFGS iter 5: f=0.000129078
BFGS iter 6: f=0.000129078
BFGS iter 7: f=0.000129078
BFGS iter 8: f=0.000129078
BFGS iter 9: f=0.000129078
BFGS iter 10: f=0.000129078
BFGS iter 11: f=0.000129078
BFGS iter 12: f=0.000129077
BFGS iter 13: f=0.000129076
BFGS iter 14: f=0.00012907
BFGS iter 15: f=0.000129064
BFGS iter 16: f=0.000129062
BFGS iter 17: f=0.00012906
BFGS iter 18: f=0.000129059
BFGS iter 19: f=0.000129058
BFGS iter 20: f=0.000129058
BFGS iter 21: f=0.000129058
BFGS iter 22: f=0.000129057
BFGS iter 23: f=0.000129055
BFGS iter 24: f=0.000129053
BFGS has exceeded the linesearch limit. Cannot converge further
MTPR training ended
Rescaling...
   scaling = 0.72386592, condition number = 33.481878
   scaling = 0.78967191, condition number = 22.680741
   scaling = 0.8686391, condition number = 17.588505
   scaling = 0.95550301, condition number = 20.055947
   scaling = 1.0423669, condition number = 22.80996
Rescaling to 0.8686391... done
_________________Errors report_________________
Energy:
	Errors checked for 84 configurations
	Maximal absolute difference = 0.0215675
	Average absolute difference = 0.00100163
	RMS     absolute difference = 0.00408792

Energy per atom:
	Errors checked for 84 configurations
	Maximal absolute difference = 0.0215675
	Average absolute difference = 0.0010016
	RMS     absolute difference = 0.00408792

Forces:
	Errors checked for 158 atoms
	Maximal absolute difference = 0.00199759
	Average absolute difference = 0.00187116
	RMS     absolute difference = 0.00193334
	Max(ForceDiff) / Max(Force) = 0.00130025
	RMS(ForceDiff) / RMS(Force) = 0.00130025

Stresses (in energy units):
	Errors checked for 84 configurations
	Maximal absolute difference = 1.13339
	Average absolute difference = 0.0472261
	RMS     absolute difference = 0.154482
	Max(StresDiff) / Max(Stres) = 0.321309
	RMS(StresDiff) / RMS(Stres) = 0.0466556

Virial stresses (in pressure units):
	Errors checked for 84 configurations
	Maximal absolute difference = 3.50389
	Average absolute difference = 0.484524
	RMS     absolute difference = 0.628429
	Max(StresDiff) / Max(Stres) = 0.0397495
	RMS(StresDiff) / RMS(Stres) = 0.00759557
_______________________________________________

	batch_size = 9999
	swap_limit = 0
	weight_scaling = 2
	energy_weight = 1.000000
	force_weight = 0.000000
	init_value = 0.000001
	site_en_weight = 0.000000
	stress_weight = 0.000000
	threshold = 1.001000
Selection: state saved to "mtp_V53.mtp"
training complete
