Selection data found
Basic trainer initialization complete
	auto-minmax-magmom = false
	init_random = false
	no_mindist_update = false
	skip_preinit = false
	iteration_limit = 1000
	weight_scaling = 1
	weight_scaling_forces = 0
	energy_weight = 1.000000
	force_weight = 0.010000
	penalty_weight = 0.000001
	scale_by_force = 0.000000
	select_factor = 1.000000
	stress_weight = 0.001000
	tolerance = 0.001000
	log = stdout
	save_to = mtp_V65.mtp
96 configurations found in the training set
Minimal interatomic distance in the training set is 1.56937. MTP's mindist will be updated
Iteration limit is 1000
Convergence tolerance is 0.001
Energy weight: 1
Force weight: 0.01
Stress weight: 0.001
MTPR training started on 1 core(s)
BFGS has exceeded the linesearch limit. Cannot converge further
MTPR training ended
Rescaling...
   scaling = 0.9320081, condition number = 32.95903
   scaling = 1.0167361, condition number = 30.908956
   scaling = 1.1184097, condition number = 29.462637
   scaling = 1.2302507, condition number = 33.331352
   scaling = 1.3420917, condition number = 43.157624
Rescaling to 1.1184097... done
_________________Errors report_________________
Energy:
	Errors checked for 96 configurations
	Maximal absolute difference = 0.0214924
	Average absolute difference = 0.000867747
	RMS     absolute difference = 0.00382468

Energy per atom:
	Errors checked for 96 configurations
	Maximal absolute difference = 0.0214924
	Average absolute difference = 0.000867722
	RMS     absolute difference = 0.00382468

Forces:
	Errors checked for 182 atoms
	Maximal absolute difference = 0.000919802
	Average absolute difference = 0.000869263
	RMS     absolute difference = 0.000894176
	Max(ForceDiff) / Max(Force) = 0.000598708
	RMS(ForceDiff) / RMS(Force) = 0.000598708

Stresses (in energy units):
	Errors checked for 96 configurations
	Maximal absolute difference = 1.11444
	Average absolute difference = 0.0425156
	RMS     absolute difference = 0.143958
	Max(StresDiff) / Max(Stres) = 0.315937
	RMS(StresDiff) / RMS(Stres) = 0.0431154

Virial stresses (in pressure units):
	Errors checked for 96 configurations
	Maximal absolute difference = 3.4453
	Average absolute difference = 0.457318
	RMS     absolute difference = 0.592027
	Max(StresDiff) / Max(Stres) = 0.0390849
	RMS(StresDiff) / RMS(Stres) = 0.00709591
_______________________________________________

	batch_size = 9999
	swap_limit = 0
	weight_scaling = 2
	energy_weight = 1.000000
	force_weight = 0.000000
	init_value = 0.000001
	site_en_weight = 0.000000
	stress_weight = 0.000000
	threshold = 1.001000
Selection: state saved to "mtp_V65.mtp"
training complete
