Selection data found
Basic trainer initialization complete
	auto-minmax-magmom = false
	init_random = false
	no_mindist_update = false
	skip_preinit = false
	iteration_limit = 1000
	weight_scaling = 1
	weight_scaling_forces = 0
	energy_weight = 1.000000
	force_weight = 0.010000
	penalty_weight = 0.000001
	scale_by_force = 0.000000
	select_factor = 1.000000
	stress_weight = 0.001000
	tolerance = 0.001000
	log = stdout
	save_to = mtp_V41.mtp
398 configurations found in the training set
Minimal interatomic distance in the training set is 1.54422. MTP's mindist will be updated
Iteration limit is 1000
Convergence tolerance is 0.001
Energy weight: 1
Force weight: 0.01
Stress weight: 0.001
MTPR training started on 1 core(s)
BFGS iter 0: f=0.116829
BFGS iter 1: f=0.116829
BFGS iter 2: f=0.116829
BFGS iter 3: f=0.116829
BFGS iter 4: f=0.116829
BFGS iter 5: f=0.116829
BFGS iter 6: f=0.116829
BFGS iter 7: f=0.116829
BFGS iter 8: f=0.116829
BFGS iter 9: f=0.116829
BFGS iter 10: f=0.116829
BFGS iter 11: f=0.116829
BFGS iter 12: f=0.116828
BFGS iter 13: f=0.116828
BFGS iter 14: f=0.116828
BFGS iter 15: f=0.116828
BFGS iter 16: f=0.116828
BFGS iter 17: f=0.116827
BFGS iter 18: f=0.116825
BFGS iter 19: f=0.116825
BFGS iter 20: f=0.116825
BFGS iter 21: f=0.116824
BFGS iter 22: f=0.116824
BFGS iter 23: f=0.116823
BFGS iter 24: f=0.116822
BFGS iter 25: f=0.006465423
BFGS iter 26: f=0.0064654108
BFGS iter 27: f=0.0064653876
BFGS iter 28: f=0.0064653777
BFGS iter 29: f=0.0064653389
BFGS iter 30: f=0.0064651676
BFGS iter 31: f=0.0064651516
BFGS iter 32: f=0.0064651369
BFGS iter 33: f=0.0064650074
BFGS iter 34: f=0.0064648929
BFGS iter 35: f=0.0064648198
BFGS iter 36: f=0.006464683
BFGS iter 37: f=0.006464326
BFGS iter 38: f=0.0064643029
BFGS iter 39: f=0.0064641134
BFGS iter 40: f=0.0064640749
BFGS iter 41: f=0.0064637792
BFGS iter 42: f=0.0064627533
BFGS iter 43: f=0.0064617317
BFGS iter 44: f=0.0064611896
BFGS iter 45: f=0.0064609995
BFGS iter 46: f=0.0064605415
BFGS iter 47: f=0.006460258
BFGS iter 48: f=0.0064600853
BFGS iter 49: f=0.0064594794
BFGS iter 50: f=0.0064580615
BFGS iter 51: f=0.006457208
BFGS iter 52: f=0.0064568721
BFGS iter 53: f=0.0064565789
BFGS iter 54: f=0.0064564711
BFGS iter 55: f=0.0064564069
BFGS iter 56: f=0.0064563677
BFGS iter 57: f=0.0064563256
BFGS iter 58: f=0.0064562626
BFGS iter 59: f=0.0064562183
BFGS iter 60: f=0.0064561325
BFGS iter 61: f=0.0064559936
BFGS iter 62: f=0.0064559457
BFGS iter 63: f=0.0064559223
BFGS iter 64: f=0.0064558638
BFGS iter 65: f=0.0064558001
BFGS iter 66: f=0.0064557697
BFGS iter 67: f=0.0064557471
BFGS iter 68: f=0.0064556636
BFGS iter 69: f=0.0064555482
*
BFGS iter 70: f=0.0064979764
BFGS iter 71: f=0.0064978062
BFGS iter 72: f=0.0064977556
BFGS iter 73: f=0.0064959389
BFGS iter 74: f=0.0064955195
BFGS iter 75: f=0.0064953731
BFGS iter 76: f=0.0064951074
BFGS iter 77: f=0.006494421
BFGS iter 78: f=0.0064930627
BFGS iter 79: f=0.0064924708
BFGS iter 80: f=0.0064922465
BFGS iter 81: f=0.0064921397
BFGS iter 82: f=0.0064920411
BFGS iter 83: f=0.0064919724
BFGS iter 84: f=0.0064919406
BFGS iter 85: f=0.0064919255
BFGS iter 86: f=0.0064918992
BFGS iter 87: f=0.0064916891
BFGS iter 88: f=0.0064915939
BFGS iter 89: f=0.0064915744
BFGS iter 90: f=0.0064914606
BFGS iter 91: f=0.0064910898
BFGS iter 92: f=0.0064909403
BFGS iter 93: f=0.0064908956
BFGS iter 94: f=0.0064908929
BFGS iter 95: f=0.0064908926
BFGS iter 96: f=0.0064908924
BFGS iter 97: f=0.0064908902
BFGS iter 98: f=0.0064908767
BFGS iter 99: f=0.0064908375
*
BFGS iter 100: f=0.0065153656
BFGS iter 101: f=0.0065150589
BFGS iter 102: f=0.0065150162
BFGS iter 103: f=0.0065132695
BFGS iter 104: f=0.0065128462
BFGS iter 105: f=0.0065126777
BFGS iter 106: f=0.0065124445
BFGS iter 107: f=0.0065119574
BFGS iter 108: f=0.0065114069
BFGS iter 109: f=0.0065112484
BFGS iter 110: f=0.0065111802
BFGS iter 111: f=0.0065111196
BFGS iter 112: f=0.0065110471
BFGS iter 113: f=0.0065109622
BFGS iter 114: f=0.0065106936
BFGS iter 115: f=0.0065104261
BFGS iter 116: f=0.0065103787
BFGS iter 117: f=0.0065103294
BFGS iter 118: f=0.00651023
BFGS iter 119: f=0.0065100197
BFGS iter 120: f=0.006509931
BFGS iter 121: f=0.0065099263
BFGS iter 122: f=0.0065099249
BFGS iter 123: f=0.0065099244
BFGS iter 124: f=0.0065099195
BFGS iter 125: f=0.0065099005
BFGS iter 126: f=0.006509857
BFGS iter 127: f=0.006509836
BFGS iter 128: f=0.0065098293
BFGS iter 129: f=0.0065098257
BFGS iter 130: f=0.0065098252
BFGS iter 131: f=0.0065098251
BFGS iter 132: f=0.0065098251
BFGS iter 133: f=0.0065098248
BFGS iter 134: f=0.0065098149
BFGS iter 135: f=0.0065097575
BFGS iter 136: f=0.0065094325
BFGS iter 137: f=0.006508786
BFGS iter 138: f=0.0065081771
BFGS iter 139: f=0.0065075394
BFGS iter 140: f=0.0065069391
BFGS iter 141: f=0.0065058598
BFGS iter 142: f=0.0065051503
BFGS iter 143: f=0.0065049179
BFGS iter 144: f=0.0065044511
BFGS iter 145: f=0.0065042221
BFGS iter 146: f=0.0065040164
BFGS iter 147: f=0.00650394
BFGS iter 148: f=0.00650385
BFGS iter 149: f=0.0065037264
*
BFGS iter 150: f=0.0065793403
BFGS iter 151: f=0.0065789725
BFGS iter 152: f=0.0065779957
BFGS iter 153: f=0.0065764937
BFGS iter 154: f=0.0065758559
BFGS iter 155: f=0.0065751313
BFGS iter 156: f=0.0065749899
BFGS iter 157: f=0.0065747287
BFGS iter 158: f=0.0065744708
BFGS iter 159: f=0.0065742371
BFGS iter 160: f=0.0065738223
BFGS iter 161: f=0.0065734986
BFGS iter 162: f=0.0065731766
BFGS iter 163: f=0.0065728287
BFGS iter 164: f=0.0065726379
BFGS iter 165: f=0.0065719549
BFGS iter 166: f=0.0065714674
BFGS iter 167: f=0.0065712474
BFGS iter 168: f=0.0065711232
BFGS iter 169: f=0.0065709305
BFGS iter 170: f=0.0065707375
BFGS iter 171: f=0.0065704964
BFGS iter 172: f=0.0065703628
BFGS iter 173: f=0.0065702903
BFGS iter 174: f=0.0065702581
BFGS iter 175: f=0.0065702002
BFGS iter 176: f=0.0065700868
BFGS iter 177: f=0.0065698
BFGS iter 178: f=0.0065697033
BFGS iter 179: f=0.006569565
BFGS iter 180: f=0.0065695254
BFGS iter 181: f=0.0065694685
BFGS iter 182: f=0.0065693806
BFGS iter 183: f=0.0065693439
BFGS iter 184: f=0.0065693174
BFGS iter 185: f=0.0065692731
BFGS iter 186: f=0.0065690728
BFGS iter 187: f=0.0065688572
BFGS iter 188: f=0.0065685713
BFGS iter 189: f=0.0065685114
BFGS iter 190: f=0.0065684031
BFGS iter 191: f=0.0065683394
BFGS iter 192: f=0.006568311
BFGS iter 193: f=0.0065682678
BFGS iter 194: f=0.0065682498
BFGS iter 195: f=0.0065682311
BFGS iter 196: f=0.0065682191
BFGS iter 197: f=0.0065682152
BFGS iter 198: f=0.0065682122
BFGS iter 199: f=0.0065682072
BFGS ended due to small decr. in 50 iterations
MTPR training ended
Rescaling...
   scaling = 0.08356855, condition number = 13.717821
   scaling = 0.091165691, condition number = 12.416487
   scaling = 0.10028226, condition number = 12.241958
   scaling = 0.11031049, condition number = 13.056682
   scaling = 0.12033871, condition number = 13.53744
Rescaling to 0.10028226... done
_________________Errors report_________________
Energy:
	Errors checked for 398 configurations
	Maximal absolute difference = 0.216484
	Average absolute difference = 0.0549126
	RMS     absolute difference = 0.0994549

Energy per atom:
	Errors checked for 398 configurations
	Maximal absolute difference = 0.108242
	Average absolute difference = 0.0275026
	RMS     absolute difference = 0.0497327

Forces:
	Errors checked for 786 atoms
	Maximal absolute difference = 0.0975737
	Average absolute difference = 0.0438494
	RMS     absolute difference = 0.0563316
	Max(ForceDiff) / Max(Force) = 0.0404687
	RMS(ForceDiff) / RMS(Force) = 0.0398322

Stresses (in energy units):
	Errors checked for 398 configurations
	Maximal absolute difference = 2.32986
	Average absolute difference = 1.30969
	RMS     absolute difference = 1.50916
	Max(StresDiff) / Max(Stres) = 0.39917
	RMS(StresDiff) / RMS(Stres) = 0.28893

Virial stresses (in pressure units):
	Errors checked for 398 configurations
	Maximal absolute difference = 56.5396
	Average absolute difference = 32.4215
	RMS     absolute difference = 37.5731
	Max(StresDiff) / Max(Stres) = 0.364647
	RMS(StresDiff) / RMS(Stres) = 0.286517
_______________________________________________

	batch_size = 9999
	swap_limit = 0
	weight_scaling = 2
	energy_weight = 1.000000
	force_weight = 0.000000
	init_value = 0.000001
	site_en_weight = 0.000000
	stress_weight = 0.000000
	threshold = 1.001000
Selection: state saved to "mtp_V41.mtp"
training complete
