Selection data found
Basic trainer initialization complete
	auto-minmax-magmom = false
	init_random = false
	no_mindist_update = false
	skip_preinit = false
	iteration_limit = 1000
	weight_scaling = 1
	weight_scaling_forces = 0
	energy_weight = 1.000000
	force_weight = 0.010000
	penalty_weight = 0.000001
	scale_by_force = 0.000000
	select_factor = 1.000000
	stress_weight = 0.001000
	tolerance = 0.001000
	log = stdout
	save_to = mtp_V16.mtp
47 configurations found in the training set
Minimal interatomic distance in the training set is 1.56937. MTP's mindist will be updated
Iteration limit is 1000
Convergence tolerance is 0.001
Energy weight: 1
Force weight: 0.01
Stress weight: 0.001
MTPR training started on 1 core(s)
BFGS iter 0: f=0.00028248
BFGS iter 1: f=0.00028248
BFGS iter 2: f=0.00028248
BFGS iter 3: f=0.00028248
BFGS iter 4: f=0.00028248
BFGS iter 5: f=0.00028248
BFGS iter 6: f=0.000282479
BFGS iter 7: f=0.000282479
BFGS iter 8: f=0.000282474
BFGS iter 9: f=0.000282465
BFGS iter 10: f=0.000282457
BFGS iter 11: f=0.000282452
BFGS iter 12: f=0.000282444
BFGS iter 13: f=0.000282432
BFGS iter 14: f=0.000282423
BFGS iter 15: f=0.000282419
BFGS iter 16: f=0.000282414
BFGS iter 17: f=0.000282403
BFGS iter 18: f=0.000282399
BFGS iter 19: f=0.000282394
BFGS iter 20: f=0.000282389
BFGS iter 21: f=0.000282382
BFGS iter 22: f=0.000282379
BFGS iter 23: f=0.000282371
BFGS iter 24: f=0.000282363
BFGS iter 25: f=0.00019271507
BFGS iter 26: f=0.00019271506
BFGS iter 27: f=0.00019271506
BFGS iter 28: f=0.00019271504
BFGS iter 29: f=0.00019271502
BFGS iter 30: f=0.00019271501
BFGS iter 31: f=0.00019271493
BFGS iter 32: f=0.00019271464
BFGS iter 33: f=0.00019270948
BFGS iter 34: f=0.00019270039
BFGS iter 35: f=0.00019269688
BFGS iter 36: f=0.00019268896
BFGS iter 37: f=0.00019267949
BFGS iter 38: f=0.00019266452
BFGS iter 39: f=0.0001926594
BFGS iter 40: f=0.00019265452
BFGS iter 41: f=0.00019264763
BFGS iter 42: f=0.00019264117
BFGS iter 43: f=0.00019263764
BFGS iter 44: f=0.00019263197
BFGS iter 45: f=0.00019262544
BFGS iter 46: f=0.00019262124
BFGS iter 47: f=0.00019261118
BFGS iter 48: f=0.00019260547
BFGS iter 49: f=0.00019259291
BFGS iter 50: f=0.00019258125
BFGS iter 51: f=0.0001925635
BFGS iter 52: f=0.0001925535
BFGS iter 53: f=0.00019254046
BFGS iter 54: f=0.00019252339
BFGS iter 55: f=0.00019251432
BFGS iter 56: f=0.00019250102
BFGS iter 57: f=0.00019247467
BFGS iter 58: f=0.00019246208
BFGS iter 59: f=0.00019244364
BFGS iter 60: f=0.00019243932
BFGS iter 61: f=0.00019242965
BFGS iter 62: f=0.0001924228
BFGS iter 63: f=0.00019241561
BFGS iter 64: f=0.00019241027
BFGS iter 65: f=0.00019240727
BFGS iter 66: f=0.00019240685
BFGS iter 67: f=0.00019240608
BFGS iter 68: f=0.00019240567
BFGS iter 69: f=0.00019240534
BFGS iter 70: f=0.00019237548
BFGS iter 71: f=0.00019237546
BFGS iter 72: f=0.00019237441
BFGS iter 73: f=0.00019237345
BFGS iter 74: f=0.00019236921
BFGS iter 75: f=0.00019236625
BFGS iter 76: f=0.00019236435
BFGS iter 77: f=0.00019236155
BFGS iter 78: f=0.00019234206
BFGS iter 79: f=0.0001923142
BFGS iter 80: f=0.00019228231
BFGS iter 81: f=0.00019226297
BFGS iter 82: f=0.00019222819
BFGS iter 83: f=0.00019220873
BFGS iter 84: f=0.00019219799
BFGS iter 85: f=0.00019219374
BFGS iter 86: f=0.00019218953
BFGS iter 87: f=0.00019218544
BFGS iter 88: f=0.00019218271
BFGS iter 89: f=0.00019218052
BFGS iter 90: f=0.00019217994
BFGS iter 91: f=0.00019217967
BFGS iter 92: f=0.00019217917
BFGS iter 93: f=0.00019217828
BFGS iter 94: f=0.00019217587
BFGS iter 95: f=0.00019217048
BFGS iter 96: f=0.00019216608
BFGS iter 97: f=0.0001921639
BFGS iter 98: f=0.00019216121
BFGS iter 99: f=0.00019215861
*
BFGS iter 100: f=0.00019217845
BFGS iter 101: f=0.00019217834
BFGS iter 102: f=0.0001921748
BFGS iter 103: f=0.00019216264
BFGS iter 104: f=0.00019214873
BFGS iter 105: f=0.0001921285
BFGS iter 106: f=0.00019209938
BFGS iter 107: f=0.00019206409
BFGS iter 108: f=0.00019203795
BFGS iter 109: f=0.00019202927
BFGS iter 110: f=0.00019202436
BFGS iter 111: f=0.00019201641
BFGS iter 112: f=0.00019200438
BFGS iter 113: f=0.0001920003
BFGS iter 114: f=0.00019199843
BFGS iter 115: f=0.00019199659
BFGS iter 116: f=0.00019199591
BFGS iter 117: f=0.00019199544
BFGS iter 118: f=0.00019199507
BFGS iter 119: f=0.00019199331
BFGS iter 120: f=0.0001919915
BFGS iter 121: f=0.0001919895
BFGS iter 122: f=0.00019198852
BFGS iter 123: f=0.00019198817
BFGS iter 124: f=0.00019198804
BFGS iter 125: f=0.00019198774
BFGS iter 126: f=0.00019198451
BFGS iter 127: f=0.00019198214
BFGS iter 128: f=0.00019197851
BFGS iter 129: f=0.00019197288
BFGS iter 130: f=0.00019197035
BFGS iter 131: f=0.00019196938
BFGS iter 132: f=0.00019196927
BFGS iter 133: f=0.00019196915
BFGS iter 134: f=0.00019196815
BFGS iter 135: f=0.00019196684
BFGS iter 136: f=0.00019196577
BFGS iter 137: f=0.00019196457
BFGS iter 138: f=0.00019196303
BFGS iter 139: f=0.00019196168
BFGS iter 140: f=0.00019195997
BFGS iter 141: f=0.00019195925
BFGS iter 142: f=0.00019195892
BFGS iter 143: f=0.00019195859
BFGS iter 144: f=0.00019195826
BFGS iter 145: f=0.00019195769
BFGS iter 146: f=0.00019195708
BFGS iter 147: f=0.00019195584
BFGS iter 148: f=0.00019195375
BFGS iter 149: f=0.0001919499
*
BFGS iter 150: f=0.00019219947
BFGS iter 151: f=0.00019219723
BFGS iter 152: f=0.00019219353
BFGS iter 153: f=0.00019218359
BFGS iter 154: f=0.00019217624
BFGS iter 155: f=0.00019216606
BFGS iter 156: f=0.0001921572
BFGS iter 157: f=0.00019214736
BFGS iter 158: f=0.00019213523
BFGS iter 159: f=0.00019212966
BFGS iter 160: f=0.00019212115
BFGS iter 161: f=0.00019211727
BFGS iter 162: f=0.0001921156
BFGS iter 163: f=0.00019211439
BFGS iter 164: f=0.00019211295
BFGS iter 165: f=0.00019211236
BFGS iter 166: f=0.00019211187
BFGS iter 167: f=0.00019211123
BFGS iter 168: f=0.00019211076
BFGS iter 169: f=0.00019210672
BFGS iter 170: f=0.00019210208
BFGS iter 171: f=0.00019209661
BFGS iter 172: f=0.00019208707
BFGS iter 173: f=0.00019208031
BFGS iter 174: f=0.00019207683
BFGS iter 175: f=0.00019207354
BFGS iter 176: f=0.00019207186
BFGS iter 177: f=0.00019206782
BFGS iter 178: f=0.00019206451
BFGS iter 179: f=0.00019206194
BFGS iter 180: f=0.00019206028
BFGS iter 181: f=0.00019205917
BFGS iter 182: f=0.00019205744
BFGS iter 183: f=0.0001920551
BFGS iter 184: f=0.00019205335
BFGS iter 185: f=0.00019205082
BFGS iter 186: f=0.00019204889
BFGS iter 187: f=0.0001920468
BFGS iter 188: f=0.00019204396
BFGS iter 189: f=0.00019204065
BFGS iter 190: f=0.0001920375
BFGS iter 191: f=0.00019203293
BFGS iter 192: f=0.00019203106
BFGS iter 193: f=0.0001920262
BFGS iter 194: f=0.00019201776
BFGS iter 195: f=0.00019201243
BFGS iter 196: f=0.00019201024
BFGS iter 197: f=0.00019200403
BFGS iter 198: f=0.00019200025
BFGS iter 199: f=0.00019199763
BFGS ended due to small decr. in 50 iterations
MTPR training ended
Rescaling...
   scaling = 0.071990985, condition number = 13.194031
   scaling = 0.078535621, condition number = 13.371735
   scaling = 0.086389183, condition number = 12.027473
   scaling = 0.095028101, condition number = 18.82899
   scaling = 0.10366702, condition number = 36.018446
Rescaling to 0.086389183... done
_________________Errors report_________________
Energy:
	Errors checked for 47 configurations
	Maximal absolute difference = 0.0215837
	Average absolute difference = 0.00227631
	RMS     absolute difference = 0.00619021

Energy per atom:
	Errors checked for 47 configurations
	Maximal absolute difference = 0.0215837
	Average absolute difference = 0.0022763
	RMS     absolute difference = 0.00619021

Forces:
	Errors checked for 84 atoms
	Maximal absolute difference = 0.0749496
	Average absolute difference = 0.0660271
	RMS     absolute difference = 0.070347
	Max(ForceDiff) / Max(Force) = 0.0487855
	RMS(ForceDiff) / RMS(Force) = 0.0487855

Stresses (in energy units):
	Errors checked for 47 configurations
	Maximal absolute difference = 1.09106
	Average absolute difference = 0.171972
	RMS     absolute difference = 0.242415
	Max(StresDiff) / Max(Stres) = 0.30931
	RMS(StresDiff) / RMS(Stres) = 0.0774406

Virial stresses (in pressure units):
	Errors checked for 47 configurations
	Maximal absolute difference = 3.37304
	Average absolute difference = 2.7648
	RMS     absolute difference = 2.93351
	Max(StresDiff) / Max(Stres) = 0.0382651
	RMS(StresDiff) / RMS(Stres) = 0.0375072
_______________________________________________

	batch_size = 9999
	swap_limit = 0
	weight_scaling = 2
	energy_weight = 1.000000
	force_weight = 0.000000
	init_value = 0.000001
	site_en_weight = 0.000000
	stress_weight = 0.000000
	threshold = 1.001000
Selection: state saved to "mtp_V16.mtp"
training complete
