Selection data found
Basic trainer initialization complete
	auto-minmax-magmom = false
	init_random = false
	no_mindist_update = false
	skip_preinit = false
	iteration_limit = 1000
	weight_scaling = 1
	weight_scaling_forces = 0
	energy_weight = 1.000000
	force_weight = 0.010000
	penalty_weight = 0.000001
	scale_by_force = 0.000000
	select_factor = 1.000000
	stress_weight = 0.001000
	tolerance = 0.001000
	log = stdout
	save_to = mtp_V60.mtp
91 configurations found in the training set
Minimal interatomic distance in the training set is 1.56937. MTP's mindist will be updated
Iteration limit is 1000
Convergence tolerance is 0.001
Energy weight: 1
Force weight: 0.01
Stress weight: 0.001
MTPR training started on 1 core(s)
BFGS iter 0: f=0.000255513
BFGS iter 1: f=0.000255513
BFGS iter 2: f=0.000255513
BFGS iter 3: f=0.000255513
BFGS iter 4: f=0.000255513
BFGS iter 5: f=0.000255513
BFGS iter 6: f=0.000255513
BFGS iter 7: f=0.000255513
BFGS iter 8: f=0.000255513
BFGS iter 9: f=0.000255513
BFGS iter 10: f=0.000255512
BFGS iter 11: f=0.00025551
BFGS iter 12: f=0.000255508
BFGS iter 13: f=0.000255501
BFGS iter 14: f=0.000255487
BFGS iter 15: f=0.00025547
BFGS iter 16: f=0.000255468
BFGS iter 17: f=0.00025544
BFGS iter 18: f=0.000255396
BFGS iter 19: f=0.000255386
BFGS iter 20: f=0.000255378
BFGS iter 21: f=0.000255369
BFGS iter 22: f=0.000255356
BFGS iter 23: f=0.000255347
BFGS iter 24: f=0.000255337
BFGS iter 25: f=5.1575758e-05
BFGS iter 26: f=5.1575758e-05
BFGS iter 27: f=5.1575756e-05
BFGS iter 28: f=5.1575709e-05
BFGS iter 29: f=5.1575706e-05
BFGS iter 30: f=5.1575698e-05
BFGS iter 31: f=5.1575659e-05
BFGS iter 32: f=5.1575612e-05
BFGS iter 33: f=5.1575577e-05
BFGS iter 34: f=5.1574546e-05
BFGS iter 35: f=5.1573903e-05
BFGS iter 36: f=5.1572473e-05
BFGS iter 37: f=5.1568189e-05
BFGS iter 38: f=5.1566743e-05
BFGS iter 39: f=5.1563553e-05
BFGS iter 40: f=5.1539613e-05
BFGS iter 41: f=5.1536954e-05
BFGS iter 42: f=5.1524449e-05
BFGS iter 43: f=5.1493255e-05
BFGS iter 44: f=5.1467876e-05
BFGS iter 45: f=5.1459842e-05
BFGS iter 46: f=5.1425259e-05
BFGS iter 47: f=5.1409688e-05
BFGS iter 48: f=5.1402714e-05
BFGS iter 49: f=5.138861e-05
BFGS iter 50: f=5.1366722e-05
BFGS iter 51: f=5.1345728e-05
BFGS iter 52: f=5.1311768e-05
BFGS iter 53: f=5.1302973e-05
BFGS iter 54: f=5.1288397e-05
BFGS iter 55: f=5.1271308e-05
BFGS iter 56: f=5.1257446e-05
BFGS iter 57: f=5.1227337e-05
BFGS iter 58: f=5.1212294e-05
BFGS iter 59: f=5.1196997e-05
BFGS iter 60: f=5.1176217e-05
BFGS iter 61: f=5.1156192e-05
BFGS iter 62: f=5.1148873e-05
BFGS iter 63: f=5.1133374e-05
BFGS iter 64: f=5.1122554e-05
BFGS iter 65: f=5.1110237e-05
BFGS iter 66: f=5.1094808e-05
BFGS iter 67: f=5.1074165e-05
BFGS iter 68: f=5.1057727e-05
BFGS iter 69: f=5.1028732e-05
BFGS iter 70: f=5.098885e-05
BFGS iter 71: f=5.098863e-05
BFGS iter 72: f=5.0988332e-05
BFGS iter 73: f=5.0988209e-05
BFGS iter 74: f=5.0988064e-05
BFGS iter 75: f=5.0987562e-05
BFGS iter 76: f=5.0983212e-05
BFGS iter 77: f=5.0980726e-05
BFGS iter 78: f=5.0979327e-05
BFGS iter 79: f=5.0978765e-05
BFGS iter 80: f=5.0978561e-05
BFGS iter 81: f=5.0978094e-05
BFGS iter 82: f=5.097215e-05
BFGS iter 83: f=5.0971016e-05
BFGS iter 84: f=5.0969817e-05
BFGS iter 85: f=5.0969446e-05
BFGS iter 86: f=5.0969053e-05
BFGS iter 87: f=5.0968653e-05
BFGS iter 88: f=5.0967803e-05
BFGS iter 89: f=5.0958327e-05
BFGS iter 90: f=5.0953953e-05
BFGS iter 91: f=5.0948988e-05
BFGS iter 92: f=5.0947839e-05
BFGS iter 93: f=5.0947177e-05
BFGS iter 94: f=5.0945558e-05
BFGS iter 95: f=5.0940594e-05
BFGS iter 96: f=5.093657e-05
BFGS iter 97: f=5.093094e-05
BFGS iter 98: f=5.0927479e-05
BFGS iter 99: f=5.0921103e-05
*
BFGS iter 100: f=5.1002388e-05
BFGS iter 101: f=5.1000641e-05
BFGS iter 102: f=5.0999972e-05
BFGS iter 103: f=5.0999599e-05
BFGS iter 104: f=5.0998122e-05
BFGS iter 105: f=5.0995056e-05
BFGS iter 106: f=5.0992606e-05
BFGS iter 107: f=5.0987258e-05
BFGS iter 108: f=5.0983147e-05
BFGS iter 109: f=5.0981387e-05
BFGS iter 110: f=5.0978451e-05
BFGS iter 111: f=5.0973967e-05
BFGS iter 112: f=5.0971541e-05
BFGS iter 113: f=5.0965519e-05
BFGS iter 114: f=5.0960708e-05
BFGS iter 115: f=5.0958563e-05
BFGS iter 116: f=5.0957225e-05
BFGS iter 117: f=5.0954831e-05
BFGS iter 118: f=5.0953294e-05
BFGS iter 119: f=5.0951468e-05
BFGS iter 120: f=5.0948656e-05
BFGS iter 121: f=5.0947409e-05
BFGS iter 122: f=5.0945373e-05
BFGS iter 123: f=5.0944343e-05
BFGS iter 124: f=5.0942701e-05
BFGS iter 125: f=5.0941345e-05
BFGS iter 126: f=5.0939545e-05
BFGS iter 127: f=5.0937945e-05
BFGS iter 128: f=5.0935999e-05
BFGS iter 129: f=5.0932435e-05
BFGS iter 130: f=5.0930338e-05
BFGS iter 131: f=5.0928518e-05
BFGS iter 132: f=5.0924203e-05
BFGS iter 133: f=5.0912332e-05
BFGS iter 134: f=5.0899223e-05
BFGS iter 135: f=5.0885426e-05
BFGS iter 136: f=5.0879587e-05
BFGS iter 137: f=5.0874373e-05
BFGS iter 138: f=5.0864334e-05
BFGS iter 139: f=5.0850793e-05
BFGS iter 140: f=5.0845234e-05
BFGS iter 141: f=5.0840224e-05
BFGS iter 142: f=5.0835263e-05
BFGS iter 143: f=5.0830995e-05
BFGS iter 144: f=5.0827728e-05
BFGS iter 145: f=5.0825382e-05
BFGS iter 146: f=5.0823036e-05
BFGS iter 147: f=5.0822376e-05
BFGS iter 148: f=5.082191e-05
BFGS iter 149: f=5.0820753e-05
*
BFGS iter 150: f=5.1007507e-05
BFGS iter 151: f=5.1004512e-05
BFGS iter 152: f=5.1004118e-05
BFGS iter 153: f=5.100346e-05
BFGS iter 154: f=5.1000885e-05
BFGS iter 155: f=5.0998141e-05
BFGS iter 156: f=5.0996504e-05
BFGS iter 157: f=5.0993367e-05
BFGS iter 158: f=5.0983883e-05
BFGS iter 159: f=5.0980075e-05
BFGS iter 160: f=5.0975722e-05
BFGS iter 161: f=5.0969461e-05
BFGS iter 162: f=5.0965471e-05
BFGS iter 163: f=5.0963174e-05
BFGS iter 164: f=5.09611e-05
BFGS iter 165: f=5.0953083e-05
BFGS iter 166: f=5.0948029e-05
BFGS iter 167: f=5.0935892e-05
BFGS iter 168: f=5.0930833e-05
BFGS iter 169: f=5.0913414e-05
BFGS iter 170: f=5.0901294e-05
BFGS iter 171: f=5.0896741e-05
BFGS iter 172: f=5.0891919e-05
BFGS iter 173: f=5.0890241e-05
BFGS iter 174: f=5.088938e-05
BFGS iter 175: f=5.0889106e-05
BFGS iter 176: f=5.0888711e-05
BFGS iter 177: f=5.0888e-05
BFGS iter 178: f=5.0884759e-05
BFGS iter 179: f=5.0881195e-05
BFGS iter 180: f=5.0876824e-05
BFGS iter 181: f=5.0872449e-05
BFGS iter 182: f=5.0868273e-05
BFGS iter 183: f=5.0866554e-05
BFGS iter 184: f=5.0863447e-05
BFGS iter 185: f=5.0860802e-05
BFGS iter 186: f=5.0855173e-05
BFGS iter 187: f=5.0844002e-05
BFGS iter 188: f=5.0836379e-05
BFGS iter 189: f=5.0832028e-05
BFGS iter 190: f=5.0825313e-05
BFGS iter 191: f=5.0821995e-05
BFGS iter 192: f=5.0813113e-05
BFGS iter 193: f=5.0808876e-05
BFGS iter 194: f=5.0802109e-05
BFGS iter 195: f=5.0797952e-05
BFGS iter 196: f=5.0794053e-05
BFGS iter 197: f=5.0790347e-05
BFGS iter 198: f=5.0785801e-05
BFGS iter 199: f=5.0774652e-05
BFGS ended due to small decr. in 50 iterations
MTPR training ended
Rescaling...
   scaling = 0.59329219, condition number = 48.522001
   scaling = 0.64722785, condition number = 61.437699
   scaling = 0.71195063, condition number = 40.921366
   scaling = 0.7831457, condition number = 37.421473
   scaling = 0.85434076, condition number = 31.343814
Rescaling to 0.85434076... done
Rescaling...
   scaling = 0.71195063, condition number = 40.921316
   scaling = 0.77667342, condition number = 38.217187
   scaling = 0.85434076, condition number = 31.343746
   scaling = 0.93977484, condition number = 28.187609
   scaling = 1.0252089, condition number = 27.552384
Rescaling to 1.0252089... done
Rescaling...
   scaling = 0.85434076, condition number = 31.343885
   scaling = 0.9320081, condition number = 28.348287
   scaling = 1.0252089, condition number = 27.552237
   scaling = 1.1277298, condition number = 24.603685
   scaling = 1.2302507, condition number = 24.50133
Rescaling to 1.2302507... done
Rescaling...
   scaling = 1.0252089, condition number = 27.552242
   scaling = 1.1184097, condition number = 24.673886
   scaling = 1.2302507, condition number = 24.501334
   scaling = 1.3532758, condition number = 26.189124
   scaling = 1.4763008, condition number = 25.51204
Rescaling to 1.2302507... done
_________________Errors report_________________
Energy:
	Errors checked for 91 configurations
	Maximal absolute difference = 0.0214592
	Average absolute difference = 0.000977469
	RMS     absolute difference = 0.00398362

Energy per atom:
	Errors checked for 91 configurations
	Maximal absolute difference = 0.0214592
	Average absolute difference = 0.000977427
	RMS     absolute difference = 0.00398362

Forces:
	Errors checked for 172 atoms
	Maximal absolute difference = 0.000432522
	Average absolute difference = 0.000407375
	RMS     absolute difference = 0.00041976
	Max(ForceDiff) / Max(Force) = 0.000281533
	RMS(ForceDiff) / RMS(Force) = 0.000281533

Stresses (in energy units):
	Errors checked for 91 configurations
	Maximal absolute difference = 1.10999
	Average absolute difference = 0.0441136
	RMS     absolute difference = 0.147859
	Max(StresDiff) / Max(Stres) = 0.314676
	RMS(StresDiff) / RMS(Stres) = 0.0444254

Virial stresses (in pressure units):
	Errors checked for 91 configurations
	Maximal absolute difference = 3.43156
	Average absolute difference = 0.441206
	RMS     absolute difference = 0.585996
	Max(StresDiff) / Max(Stres) = 0.0389289
	RMS(StresDiff) / RMS(Stres) = 0.00704618
_______________________________________________

	batch_size = 9999
	swap_limit = 0
	weight_scaling = 2
	energy_weight = 1.000000
	force_weight = 0.000000
	init_value = 0.000001
	site_en_weight = 0.000000
	stress_weight = 0.000000
	threshold = 1.001000
Selection: state saved to "mtp_V60.mtp"
training complete
