Selection data found
Basic trainer initialization complete
	auto-minmax-magmom = false
	init_random = false
	no_mindist_update = false
	skip_preinit = false
	iteration_limit = 1000
	weight_scaling = 1
	weight_scaling_forces = 0
	energy_weight = 1.000000
	force_weight = 0.010000
	penalty_weight = 0.000001
	scale_by_force = 0.000000
	select_factor = 1.000000
	stress_weight = 0.001000
	tolerance = 0.001000
	log = stdout
	save_to = mtp_V104.mtp
135 configurations found in the training set
Minimal interatomic distance in the training set is 1.56937. MTP's mindist will be updated
Iteration limit is 1000
Convergence tolerance is 0.001
Energy weight: 1
Force weight: 0.01
Stress weight: 0.001
MTPR training started on 1 core(s)
BFGS iter 0: f=0.000381794
BFGS iter 1: f=0.000381794
BFGS iter 2: f=0.000381794
BFGS iter 3: f=0.000381794
BFGS iter 4: f=0.000381794
BFGS iter 5: f=0.000381794
BFGS iter 6: f=0.000381794
BFGS iter 7: f=0.000381794
BFGS iter 8: f=0.000381794
BFGS iter 9: f=0.000381794
BFGS iter 10: f=0.000381793
BFGS iter 11: f=0.000381793
BFGS iter 12: f=0.000381793
BFGS iter 13: f=0.000381792
BFGS iter 14: f=0.000381791
BFGS iter 15: f=0.00038179
BFGS iter 16: f=0.000381789
BFGS iter 17: f=0.000381788
BFGS iter 18: f=0.000381786
BFGS iter 19: f=0.000381785
BFGS iter 20: f=0.000381783
BFGS iter 21: f=0.000381781
BFGS iter 22: f=0.000381778
BFGS iter 23: f=0.000381776
BFGS iter 24: f=0.000381775
BFGS iter 25: f=3.6976065e-05
BFGS iter 26: f=3.6976065e-05
BFGS iter 27: f=3.6976064e-05
BFGS iter 28: f=3.6976039e-05
BFGS iter 29: f=3.6976031e-05
BFGS iter 30: f=3.6976028e-05
BFGS iter 31: f=3.6976e-05
BFGS iter 32: f=3.6975966e-05
BFGS iter 33: f=3.6975935e-05
BFGS iter 34: f=3.697592e-05
BFGS iter 35: f=3.6975784e-05
BFGS iter 36: f=3.6975464e-05
BFGS iter 37: f=3.6975176e-05
BFGS iter 38: f=3.697436e-05
BFGS iter 39: f=3.6973239e-05
BFGS iter 40: f=3.6966246e-05
BFGS iter 41: f=3.6963933e-05
BFGS iter 42: f=3.6958329e-05
BFGS iter 43: f=3.6953688e-05
BFGS iter 44: f=3.6948798e-05
BFGS iter 45: f=3.6946358e-05
BFGS iter 46: f=3.6941211e-05
BFGS iter 47: f=3.6938731e-05
BFGS iter 48: f=3.6933818e-05
BFGS iter 49: f=3.692677e-05
BFGS iter 50: f=3.692475e-05
BFGS iter 51: f=3.6919761e-05
BFGS iter 52: f=3.6918447e-05
BFGS iter 53: f=3.6918053e-05
BFGS iter 54: f=3.6917316e-05
BFGS iter 55: f=3.6916769e-05
BFGS iter 56: f=3.6915154e-05
BFGS iter 57: f=3.6905888e-05
BFGS iter 58: f=3.6899048e-05
BFGS iter 59: f=3.6895272e-05
BFGS iter 60: f=3.689176e-05
BFGS iter 61: f=3.6890944e-05
BFGS iter 62: f=3.6890531e-05
BFGS iter 63: f=3.6889105e-05
BFGS iter 64: f=3.6886172e-05
BFGS iter 65: f=3.6885843e-05
BFGS iter 66: f=3.6885299e-05
BFGS iter 67: f=3.6884832e-05
BFGS iter 68: f=3.6883633e-05
BFGS iter 69: f=3.6881968e-05
*
BFGS iter 70: f=3.694995e-05
BFGS iter 71: f=3.6944218e-05
BFGS iter 72: f=3.6942739e-05
BFGS iter 73: f=3.6942082e-05
BFGS iter 74: f=3.6941849e-05
BFGS iter 75: f=3.6941735e-05
BFGS iter 76: f=3.6941581e-05
BFGS iter 77: f=3.6941304e-05
BFGS iter 78: f=3.6941238e-05
BFGS iter 79: f=3.6941164e-05
BFGS iter 80: f=3.6941043e-05
BFGS iter 81: f=3.6940821e-05
BFGS iter 82: f=3.6939077e-05
BFGS iter 83: f=3.6937307e-05
BFGS iter 84: f=3.6934563e-05
BFGS iter 85: f=3.6932948e-05
BFGS iter 86: f=3.6931822e-05
BFGS iter 87: f=3.6930026e-05
BFGS iter 88: f=3.6927952e-05
BFGS iter 89: f=3.6926918e-05
BFGS iter 90: f=3.6925034e-05
BFGS iter 91: f=3.6922921e-05
BFGS iter 92: f=3.6921522e-05
BFGS iter 93: f=3.6920905e-05
BFGS iter 94: f=3.6919822e-05
BFGS iter 95: f=3.6918558e-05
BFGS iter 96: f=3.691641e-05
BFGS iter 97: f=3.6915901e-05
BFGS iter 98: f=3.6914288e-05
BFGS iter 99: f=3.6912477e-05
*
BFGS iter 100: f=3.6987658e-05
BFGS iter 101: f=3.6978415e-05
BFGS iter 102: f=3.6976617e-05
BFGS iter 103: f=3.6975282e-05
BFGS iter 104: f=3.6973939e-05
BFGS iter 105: f=3.6972502e-05
BFGS iter 106: f=3.6970197e-05
BFGS iter 107: f=3.69668e-05
BFGS iter 108: f=3.6963779e-05
BFGS iter 109: f=3.6962475e-05
BFGS iter 110: f=3.6961399e-05
BFGS iter 111: f=3.6960574e-05
BFGS iter 112: f=3.6958132e-05
BFGS iter 113: f=3.6955022e-05
BFGS iter 114: f=3.695059e-05
BFGS iter 115: f=3.6949278e-05
BFGS iter 116: f=3.6947411e-05
BFGS iter 117: f=3.6944792e-05
BFGS iter 118: f=3.6943014e-05
BFGS iter 119: f=3.6941103e-05
BFGS iter 120: f=3.6939453e-05
BFGS iter 121: f=3.6937141e-05
BFGS iter 122: f=3.6934099e-05
BFGS iter 123: f=3.6927732e-05
BFGS iter 124: f=3.6925331e-05
BFGS iter 125: f=3.6923095e-05
BFGS iter 126: f=3.6919938e-05
BFGS iter 127: f=3.6917358e-05
BFGS iter 128: f=3.6912286e-05
BFGS iter 129: f=3.6907471e-05
BFGS iter 130: f=3.690392e-05
BFGS iter 131: f=3.6899103e-05
BFGS iter 132: f=3.6896237e-05
BFGS iter 133: f=3.6890297e-05
BFGS iter 134: f=3.6887321e-05
BFGS iter 135: f=3.6882735e-05
BFGS iter 136: f=3.687859e-05
BFGS iter 137: f=3.687225e-05
BFGS iter 138: f=3.6869284e-05
BFGS iter 139: f=3.6865879e-05
BFGS iter 140: f=3.686171e-05
BFGS iter 141: f=3.6858495e-05
BFGS iter 142: f=3.6855726e-05
BFGS iter 143: f=3.6850235e-05
BFGS iter 144: f=3.6847324e-05
BFGS iter 145: f=3.684525e-05
BFGS iter 146: f=3.6844652e-05
BFGS iter 147: f=3.6843654e-05
BFGS iter 148: f=3.6843128e-05
BFGS iter 149: f=3.6842552e-05
*
BFGS iter 150: f=3.69424e-05
BFGS iter 151: f=3.6938383e-05
BFGS iter 152: f=3.6933924e-05
BFGS iter 153: f=3.6931882e-05
BFGS iter 154: f=3.6930675e-05
BFGS iter 155: f=3.6929638e-05
BFGS iter 156: f=3.6929125e-05
BFGS iter 157: f=3.6928346e-05
BFGS iter 158: f=3.6927364e-05
BFGS iter 159: f=3.692707e-05
BFGS iter 160: f=3.692687e-05
BFGS iter 161: f=3.6922344e-05
BFGS iter 162: f=3.6913201e-05
BFGS iter 163: f=3.690759e-05
BFGS iter 164: f=3.689685e-05
BFGS iter 165: f=3.6892119e-05
BFGS iter 166: f=3.6884405e-05
BFGS iter 167: f=3.6882001e-05
BFGS iter 168: f=3.6874852e-05
BFGS iter 169: f=3.6871096e-05
BFGS iter 170: f=3.6865497e-05
BFGS iter 171: f=3.6863109e-05
BFGS iter 172: f=3.6859348e-05
BFGS iter 173: f=3.6855459e-05
BFGS iter 174: f=3.6852536e-05
BFGS iter 175: f=3.6850938e-05
BFGS iter 176: f=3.6849468e-05
BFGS iter 177: f=3.684795e-05
BFGS iter 178: f=3.6847148e-05
BFGS iter 179: f=3.6846638e-05
BFGS iter 180: f=3.6846417e-05
BFGS iter 181: f=3.684609e-05
BFGS iter 182: f=3.6845286e-05
BFGS iter 183: f=3.6844886e-05
BFGS iter 184: f=3.6844756e-05
BFGS iter 185: f=3.6844619e-05
BFGS iter 186: f=3.684455e-05
BFGS iter 187: f=3.6844388e-05
BFGS iter 188: f=3.6844073e-05
BFGS iter 189: f=3.6843855e-05
BFGS iter 190: f=3.6841766e-05
BFGS iter 191: f=3.6838187e-05
BFGS iter 192: f=3.6836386e-05
BFGS iter 193: f=3.6834282e-05
BFGS iter 194: f=3.6833596e-05
BFGS iter 195: f=3.683245e-05
BFGS iter 196: f=3.6831713e-05
BFGS iter 197: f=3.6831078e-05
BFGS iter 198: f=3.6830894e-05
BFGS iter 199: f=3.6830548e-05
BFGS ended due to small decr. in 50 iterations
MTPR training ended
Rescaling...
   scaling = 0.5787037, condition number = 25.624029
   scaling = 0.63131313, condition number = 68.24231
   scaling = 0.69444444, condition number = 31.212083
   scaling = 0.76388889, condition number = 24.41343
   scaling = 0.83333333, condition number = 28.212479
Rescaling to 0.76388889... done
Rescaling...
   scaling = 0.63657407, condition number = 67.851271
   scaling = 0.69444444, condition number = 31.21189
   scaling = 0.76388889, condition number = 24.41343
   scaling = 0.84027778, condition number = 28.635904
   scaling = 0.91666667, condition number = 36.044947
Rescaling to 0.76388889... done
_________________Errors report_________________
Energy:
	Errors checked for 135 configurations
	Maximal absolute difference = 0.0212912
	Average absolute difference = 0.0005957
	RMS     absolute difference = 0.00322799

Energy per atom:
	Errors checked for 135 configurations
	Maximal absolute difference = 0.0212912
	Average absolute difference = 0.000595653
	RMS     absolute difference = 0.00322799

Forces:
	Errors checked for 260 atoms
	Maximal absolute difference = 0.00153934
	Average absolute difference = 0.00148013
	RMS     absolute difference = 0.00150945
	Max(ForceDiff) / Max(Force) = 0.00100197
	RMS(ForceDiff) / RMS(Force) = 0.00100197

Stresses (in energy units):
	Errors checked for 135 configurations
	Maximal absolute difference = 1.06928
	Average absolute difference = 0.0382207
	RMS     absolute difference = 0.121738
	Max(StresDiff) / Max(Stres) = 0.303134
	RMS(StresDiff) / RMS(Stres) = 0.0358638

Virial stresses (in pressure units):
	Errors checked for 135 configurations
	Maximal absolute difference = 3.30569
	Average absolute difference = 0.530601
	RMS     absolute difference = 0.614677
	Max(StresDiff) / Max(Stres) = 0.0375011
	RMS(StresDiff) / RMS(Stres) = 0.00724669
_______________________________________________

	batch_size = 9999
	swap_limit = 0
	weight_scaling = 2
	energy_weight = 1.000000
	force_weight = 0.000000
	init_value = 0.000001
	site_en_weight = 0.000000
	stress_weight = 0.000000
	threshold = 1.001000
Selection: state saved to "mtp_V104.mtp"
training complete
