Selection data found
Basic trainer initialization complete
	auto-minmax-magmom = false
	init_random = false
	no_mindist_update = false
	skip_preinit = false
	iteration_limit = 1000
	weight_scaling = 1
	weight_scaling_forces = 0
	energy_weight = 1.000000
	force_weight = 0.010000
	penalty_weight = 0.000001
	scale_by_force = 0.000000
	select_factor = 1.000000
	stress_weight = 0.001000
	tolerance = 0.001000
	log = stdout
	save_to = mtp_V23.mtp
54 configurations found in the training set
Minimal interatomic distance in the training set is 1.56937. MTP's mindist will be updated
Iteration limit is 1000
Convergence tolerance is 0.001
Energy weight: 1
Force weight: 0.01
Stress weight: 0.001
MTPR training started on 1 core(s)
BFGS iter 0: f=0.000931491
BFGS iter 1: f=0.000931491
BFGS iter 2: f=0.000931491
BFGS iter 3: f=0.000931484
BFGS iter 4: f=0.000931453
BFGS iter 5: f=0.000931418
BFGS iter 6: f=0.000931384
BFGS iter 7: f=0.000931292
BFGS iter 8: f=0.000931124
BFGS iter 9: f=0.000930952
BFGS iter 10: f=0.000930777
BFGS iter 11: f=0.000930739
BFGS iter 12: f=0.000930706
BFGS iter 13: f=0.000930673
BFGS iter 14: f=0.000930634
BFGS iter 15: f=0.000930447
BFGS iter 16: f=0.000930292
BFGS iter 17: f=0.000930247
BFGS iter 18: f=0.000930235
BFGS iter 19: f=0.000930221
BFGS iter 20: f=0.000930211
BFGS iter 21: f=0.000930145
BFGS iter 22: f=0.000930073
BFGS iter 23: f=0.000929942
BFGS iter 24: f=0.000929887
BFGS iter 25: f=0.00025823917
BFGS iter 26: f=0.00025823908
BFGS iter 27: f=0.00025823849
BFGS iter 28: f=0.00025823394
BFGS iter 29: f=0.00025820239
BFGS iter 30: f=0.00025817152
BFGS iter 31: f=0.00025813957
BFGS iter 32: f=0.00025806879
BFGS iter 33: f=0.00025795355
BFGS iter 34: f=0.0002578296
BFGS iter 35: f=0.00025771977
BFGS iter 36: f=0.00025763478
BFGS iter 37: f=0.00025758918
BFGS iter 38: f=0.00025757461
BFGS iter 39: f=0.00025756103
BFGS iter 40: f=0.00025745009
BFGS iter 41: f=0.00025721545
BFGS iter 42: f=0.00025710103
BFGS iter 43: f=0.00025706843
BFGS iter 44: f=0.00025700858
BFGS iter 45: f=0.00025699037
BFGS iter 46: f=0.00025697166
BFGS iter 47: f=0.0002569565
BFGS iter 48: f=0.00025692651
BFGS iter 49: f=0.000256798
BFGS iter 50: f=0.00025673276
BFGS iter 51: f=0.00025665984
BFGS iter 52: f=0.00025660515
BFGS iter 53: f=0.00025657641
BFGS iter 54: f=0.00025656774
BFGS iter 55: f=0.00025656223
BFGS iter 56: f=0.00025655647
BFGS iter 57: f=0.00025655102
BFGS iter 58: f=0.00025654937
BFGS iter 59: f=0.00025654612
BFGS iter 60: f=0.00025652883
BFGS iter 61: f=0.00025645646
BFGS iter 62: f=0.00025631837
BFGS iter 63: f=0.00025628926
BFGS iter 64: f=0.00025620445
BFGS iter 65: f=0.00025606478
BFGS iter 66: f=0.0002560288
BFGS iter 67: f=0.00025598583
BFGS iter 68: f=0.00025592369
BFGS iter 69: f=0.00025583268
BFGS iter 70: f=0.00025538378
BFGS iter 71: f=0.00025538077
BFGS iter 72: f=0.00025536483
BFGS iter 73: f=0.00025519997
BFGS iter 74: f=0.00025507649
BFGS iter 75: f=0.00025501545
BFGS iter 76: f=0.00025484934
BFGS iter 77: f=0.00025461416
BFGS iter 78: f=0.00025455884
BFGS iter 79: f=0.0002545118
BFGS iter 80: f=0.00025441598
BFGS iter 81: f=0.00025427845
BFGS iter 82: f=0.00025422532
BFGS iter 83: f=0.00025419978
BFGS iter 84: f=0.00025416718
BFGS iter 85: f=0.00025412594
BFGS iter 86: f=0.00025411188
BFGS iter 87: f=0.00025410255
BFGS iter 88: f=0.00025409555
BFGS iter 89: f=0.00025408644
BFGS iter 90: f=0.00025406898
BFGS iter 91: f=0.00025403561
BFGS iter 92: f=0.00025398998
BFGS iter 93: f=0.00025394273
BFGS iter 94: f=0.00025390574
BFGS iter 95: f=0.00025386855
BFGS iter 96: f=0.00025382485
BFGS iter 97: f=0.0002537714
BFGS iter 98: f=0.00025373205
BFGS iter 99: f=0.00025365954
BFGS iter 100: f=0.00025301556
BFGS iter 101: f=0.00025299511
BFGS iter 102: f=0.00025281924
BFGS iter 103: f=0.00025253138
BFGS iter 104: f=0.00025239316
BFGS iter 105: f=0.00025230654
BFGS iter 106: f=0.00025216054
BFGS iter 107: f=0.00025205612
BFGS iter 108: f=0.00025197929
BFGS iter 109: f=0.00025184957
BFGS iter 110: f=0.00025178405
BFGS iter 111: f=0.00025174221
BFGS iter 112: f=0.00025171732
BFGS iter 113: f=0.00025169773
BFGS iter 114: f=0.00025168872
BFGS iter 115: f=0.0002516738
BFGS iter 116: f=0.00025166474
BFGS iter 117: f=0.00025165813
BFGS iter 118: f=0.00025165159
BFGS iter 119: f=0.00025164843
BFGS iter 120: f=0.0002516372
BFGS iter 121: f=0.00025162543
BFGS iter 122: f=0.00025160657
BFGS iter 123: f=0.00025154321
BFGS iter 124: f=0.00025150675
BFGS iter 125: f=0.00025141818
BFGS iter 126: f=0.00025120958
BFGS iter 127: f=0.00025085366
BFGS iter 128: f=0.00025064101
BFGS iter 129: f=0.00025016105
BFGS iter 130: f=0.00024998491
BFGS iter 131: f=0.00024980162
BFGS iter 132: f=0.00024964186
BFGS iter 133: f=0.0002494645
BFGS iter 134: f=0.00024939627
BFGS iter 135: f=0.00024931731
BFGS iter 136: f=0.00024921472
BFGS iter 137: f=0.00024915654
BFGS iter 138: f=0.00024911346
BFGS iter 139: f=0.00024907441
BFGS iter 140: f=0.00024902017
BFGS iter 141: f=0.00024896711
BFGS iter 142: f=0.00024889533
BFGS iter 143: f=0.00024880452
BFGS iter 144: f=0.00024874877
BFGS iter 145: f=0.00024867331
BFGS iter 146: f=0.0002486082
BFGS iter 147: f=0.00024850104
BFGS iter 148: f=0.00024840184
BFGS iter 149: f=0.00024818106
BFGS iter 150: f=0.00024807498
BFGS iter 151: f=0.00024803651
BFGS iter 152: f=0.00024799181
BFGS iter 153: f=0.00024795138
BFGS iter 154: f=0.00024787511
BFGS iter 155: f=0.00024772343
BFGS iter 156: f=0.00024768506
BFGS iter 157: f=0.00024766216
BFGS iter 158: f=0.00024763037
BFGS iter 159: f=0.00024746371
BFGS iter 160: f=0.0002473973
BFGS iter 161: f=0.00024731635
BFGS iter 162: f=0.00024719586
BFGS iter 163: f=0.00024711326
BFGS iter 164: f=0.00024686752
BFGS iter 165: f=0.00024672372
BFGS iter 166: f=0.00024658267
BFGS iter 167: f=0.00024656042
BFGS iter 168: f=0.00024652655
BFGS iter 169: f=0.00024649753
BFGS iter 170: f=0.00024649046
BFGS iter 171: f=0.00024647838
BFGS iter 172: f=0.00024645408
BFGS iter 173: f=0.00024642375
BFGS iter 174: f=0.00024641559
BFGS iter 175: f=0.00024640429
BFGS iter 176: f=0.00024638533
BFGS iter 177: f=0.00024637397
BFGS iter 178: f=0.00024635695
BFGS iter 179: f=0.00024632849
BFGS iter 180: f=0.00024628118
BFGS iter 181: f=0.00024626564
BFGS iter 182: f=0.00024623077
BFGS iter 183: f=0.00024608329
BFGS iter 184: f=0.00024563982
BFGS iter 185: f=0.0002453014
BFGS iter 186: f=0.00024489788
BFGS iter 187: f=0.00024445249
BFGS iter 188: f=0.00024423578
BFGS iter 189: f=0.0002441029
BFGS iter 190: f=0.00024399553
BFGS iter 191: f=0.00024393679
BFGS iter 192: f=0.00024382941
BFGS iter 193: f=0.00024373833
BFGS iter 194: f=0.00024366893
BFGS iter 195: f=0.00024360988
BFGS iter 196: f=0.00024357226
BFGS iter 197: f=0.00024354384
BFGS iter 198: f=0.00024348058
BFGS iter 199: f=0.00024338468
BFGS iter 200: f=0.00024305798
BFGS iter 201: f=0.00024280476
BFGS iter 202: f=0.0002424629
BFGS iter 203: f=0.00024222535
BFGS iter 204: f=0.00024198275
BFGS iter 205: f=0.00024173001
BFGS iter 206: f=0.00024157635
BFGS iter 207: f=0.0002414957
BFGS iter 208: f=0.00024139068
BFGS iter 209: f=0.0002413335
BFGS iter 210: f=0.00024126515
BFGS iter 211: f=0.00024115624
BFGS iter 212: f=0.00024085012
BFGS iter 213: f=0.00024078217
BFGS iter 214: f=0.00024054883
BFGS iter 215: f=0.00024038651
BFGS iter 216: f=0.00024018259
BFGS iter 217: f=0.00023992044
BFGS iter 218: f=0.00023973806
BFGS iter 219: f=0.00023944396
BFGS iter 220: f=0.00023906227
BFGS iter 221: f=0.00023873179
BFGS iter 222: f=0.00023840107
BFGS iter 223: f=0.0002381654
BFGS iter 224: f=0.0002378029
BFGS iter 225: f=0.00023762448
BFGS iter 226: f=0.00023737524
BFGS iter 227: f=0.00023708142
BFGS iter 228: f=0.00023678208
BFGS iter 229: f=0.00023656709
BFGS iter 230: f=0.00023637731
BFGS iter 231: f=0.0002362093
BFGS iter 232: f=0.00023612602
BFGS iter 233: f=0.00023604024
BFGS iter 234: f=0.00023596632
BFGS iter 235: f=0.00023591798
BFGS iter 236: f=0.00023588823
BFGS iter 237: f=0.00023585345
BFGS iter 238: f=0.00023582087
BFGS iter 239: f=0.00023579834
BFGS iter 240: f=0.00023575518
BFGS iter 241: f=0.00023568298
BFGS iter 242: f=0.00023556905
BFGS iter 243: f=0.00023547511
BFGS iter 244: f=0.00023544092
BFGS iter 245: f=0.00023537244
BFGS iter 246: f=0.00023534416
BFGS iter 247: f=0.00023533676
BFGS iter 248: f=0.00023533016
BFGS iter 249: f=0.00023532253
BFGS iter 250: f=0.00022337901
BFGS iter 251: f=0.00022336371
BFGS iter 252: f=0.00022335726
BFGS iter 253: f=0.00022334257
BFGS iter 254: f=0.00022330593
BFGS iter 255: f=0.00022329273
BFGS iter 256: f=0.00022326705
BFGS iter 257: f=0.00022323288
BFGS iter 258: f=0.00022321112
BFGS iter 259: f=0.00022319777
BFGS iter 260: f=0.00022314643
BFGS iter 261: f=0.00022308314
BFGS iter 262: f=0.00022304454
BFGS iter 263: f=0.00022302244
BFGS iter 264: f=0.00022297367
BFGS iter 265: f=0.00022267292
BFGS iter 266: f=0.00022253969
BFGS iter 267: f=0.00022244856
BFGS iter 268: f=0.00022225175
BFGS iter 269: f=0.00022186641
BFGS iter 270: f=0.00022109728
BFGS iter 271: f=0.00022061399
BFGS iter 272: f=0.00022001274
BFGS iter 273: f=0.00021951895
BFGS iter 274: f=0.00021920711
BFGS iter 275: f=0.00021895117
BFGS iter 276: f=0.0002186055
BFGS iter 277: f=0.00021842309
BFGS iter 278: f=0.00021835065
BFGS iter 279: f=0.00021824963
BFGS iter 280: f=0.00021815222
BFGS iter 281: f=0.00021803388
BFGS iter 282: f=0.0002178567
BFGS iter 283: f=0.00021765798
BFGS iter 284: f=0.00021739039
BFGS iter 285: f=0.00021724753
BFGS iter 286: f=0.00021709227
BFGS iter 287: f=0.00021702933
BFGS iter 288: f=0.00021693335
BFGS iter 289: f=0.0002168181
BFGS iter 290: f=0.0002167591
BFGS iter 291: f=0.0002166786
BFGS iter 292: f=0.00021659262
BFGS iter 293: f=0.00021656291
BFGS iter 294: f=0.00021653747
BFGS iter 295: f=0.00021648729
BFGS iter 296: f=0.00021645593
BFGS iter 297: f=0.00021638856
BFGS iter 298: f=0.00021630644
BFGS iter 299: f=0.00021619774
BFGS iter 300: f=0.00021610025
BFGS iter 301: f=0.00021595994
BFGS iter 302: f=0.00021585436
BFGS iter 303: f=0.00021570507
BFGS iter 304: f=0.0002155998
BFGS iter 305: f=0.00021535702
BFGS iter 306: f=0.00021502521
BFGS iter 307: f=0.00021484948
BFGS iter 308: f=0.00021447798
BFGS iter 309: f=0.0002141849
BFGS iter 310: f=0.00021399874
BFGS iter 311: f=0.00021376467
BFGS iter 312: f=0.00021366018
BFGS iter 313: f=0.00021353886
BFGS iter 314: f=0.0002134653
BFGS iter 315: f=0.00021342084
BFGS iter 316: f=0.00021337933
BFGS iter 317: f=0.00021333651
BFGS iter 318: f=0.00021330061
BFGS iter 319: f=0.00021325778
BFGS iter 320: f=0.00021323363
BFGS iter 321: f=0.00021321462
BFGS iter 322: f=0.00021319297
BFGS iter 323: f=0.00021316878
BFGS iter 324: f=0.00021315144
BFGS iter 325: f=0.00021312695
BFGS iter 326: f=0.00021310737
BFGS iter 327: f=0.00021308933
BFGS iter 328: f=0.00021308031
BFGS iter 329: f=0.00021307822
BFGS iter 330: f=0.00021307764
BFGS iter 331: f=0.00021307718
BFGS iter 332: f=0.0002130769
BFGS iter 333: f=0.00021307642
BFGS iter 334: f=0.00021307311
BFGS iter 335: f=0.00021301977
BFGS iter 336: f=0.00021279831
BFGS iter 337: f=0.00021273152
BFGS iter 338: f=0.00021266135
BFGS iter 339: f=0.00021248715
BFGS iter 340: f=0.00021241071
BFGS iter 341: f=0.00021224697
BFGS iter 342: f=0.00021217293
BFGS iter 343: f=0.00021203302
BFGS iter 344: f=0.00021190518
BFGS iter 345: f=0.00021185871
BFGS iter 346: f=0.00021168887
BFGS iter 347: f=0.00021164102
BFGS iter 348: f=0.0002115897
BFGS iter 349: f=0.00021155202
BFGS iter 350: f=0.00021148737
BFGS iter 351: f=0.00021146104
BFGS iter 352: f=0.000211434
BFGS iter 353: f=0.00021140223
BFGS iter 354: f=0.00021136219
BFGS iter 355: f=0.00021131276
BFGS iter 356: f=0.0002112491
BFGS iter 357: f=0.00021119771
BFGS iter 358: f=0.00021110262
BFGS iter 359: f=0.0002110728
BFGS iter 360: f=0.00021101131
BFGS iter 361: f=0.00021094359
BFGS iter 362: f=0.00021088909
BFGS iter 363: f=0.00021077481
BFGS iter 364: f=0.00021068579
BFGS iter 365: f=0.00021058311
BFGS iter 366: f=0.00021039717
BFGS iter 367: f=0.00021032856
BFGS iter 368: f=0.00021021205
BFGS iter 369: f=0.00021007381
BFGS iter 370: f=0.00020969319
BFGS iter 371: f=0.00020959729
BFGS iter 372: f=0.00020942028
BFGS iter 373: f=0.00020937798
BFGS iter 374: f=0.00020934832
BFGS iter 375: f=0.00020932539
BFGS iter 376: f=0.00020928429
BFGS iter 377: f=0.00020920107
BFGS iter 378: f=0.0002091375
BFGS iter 379: f=0.00020907157
BFGS iter 380: f=0.00020904622
BFGS iter 381: f=0.00020902337
BFGS iter 382: f=0.00020900985
BFGS iter 383: f=0.00020899696
BFGS iter 384: f=0.00020898351
BFGS iter 385: f=0.00020897391
BFGS iter 386: f=0.00020896182
BFGS iter 387: f=0.00020894981
BFGS iter 388: f=0.0002089375
BFGS iter 389: f=0.00020892325
BFGS iter 390: f=0.0002088661
BFGS iter 391: f=0.00020874977
BFGS iter 392: f=0.00020870658
BFGS iter 393: f=0.00020846787
BFGS iter 394: f=0.00020827632
BFGS iter 395: f=0.00020815793
BFGS iter 396: f=0.00020803933
BFGS iter 397: f=0.00020795375
BFGS iter 398: f=0.00020782858
BFGS iter 399: f=0.00020773253
BFGS iter 400: f=0.0001965367
BFGS iter 401: f=0.00019653328
BFGS iter 402: f=0.00019652026
BFGS iter 403: f=0.00019651903
BFGS iter 404: f=0.00019643277
BFGS iter 405: f=0.00019642739
BFGS iter 406: f=0.00019639425
BFGS iter 407: f=0.00019637943
BFGS iter 408: f=0.00019635725
BFGS iter 409: f=0.0001963083
BFGS iter 410: f=0.00019629156
BFGS iter 411: f=0.00019627834
BFGS iter 412: f=0.00019614002
BFGS iter 413: f=0.00019605919
BFGS iter 414: f=0.00019600119
BFGS iter 415: f=0.00019598333
BFGS iter 416: f=0.00019597548
BFGS iter 417: f=0.00019597231
BFGS iter 418: f=0.00019597174
BFGS iter 419: f=0.00019596685
BFGS iter 420: f=0.00019594363
BFGS iter 421: f=0.00019591104
BFGS iter 422: f=0.00019588645
BFGS iter 423: f=0.00019588066
BFGS iter 424: f=0.00019587683
BFGS iter 425: f=0.0001958734
BFGS iter 426: f=0.00019586874
BFGS iter 427: f=0.00019586577
BFGS iter 428: f=0.00019586115
BFGS iter 429: f=0.00019583019
BFGS iter 430: f=0.00019564532
BFGS iter 431: f=0.000195561
BFGS iter 432: f=0.00019537166
BFGS iter 433: f=0.00019533616
BFGS iter 434: f=0.00019530782
BFGS iter 435: f=0.0001952872
BFGS iter 436: f=0.00019526957
BFGS iter 437: f=0.00019525136
BFGS iter 438: f=0.00019524221
BFGS iter 439: f=0.00019523246
BFGS iter 440: f=0.00019522774
BFGS iter 441: f=0.00019522674
BFGS iter 442: f=0.00019522643
BFGS iter 443: f=0.00019522623
BFGS iter 444: f=0.00019522614
BFGS iter 445: f=0.00019522611
BFGS iter 446: f=0.00019522606
BFGS iter 447: f=0.00019522338
BFGS iter 448: f=0.00019520785
BFGS iter 449: f=0.00019512406
BFGS iter 450: f=0.00019507217
BFGS iter 451: f=0.00019500188
BFGS iter 452: f=0.00019495261
BFGS iter 453: f=0.00019488642
BFGS iter 454: f=0.000194825
BFGS iter 455: f=0.00019480016
BFGS iter 456: f=0.00019474996
BFGS iter 457: f=0.00019473701
BFGS iter 458: f=0.00019471956
BFGS iter 459: f=0.00019467958
BFGS iter 460: f=0.00019465067
BFGS iter 461: f=0.00019463432
BFGS iter 462: f=0.00019461458
BFGS iter 463: f=0.00019459431
BFGS iter 464: f=0.00019457538
BFGS iter 465: f=0.00019455893
BFGS iter 466: f=0.00019454773
BFGS iter 467: f=0.00019452846
BFGS iter 468: f=0.00019450529
BFGS iter 469: f=0.00019448852
BFGS iter 470: f=0.00019447866
BFGS iter 471: f=0.00019447412
BFGS iter 472: f=0.00019447067
BFGS iter 473: f=0.00019446601
BFGS iter 474: f=0.00019445811
BFGS iter 475: f=0.00019445037
BFGS iter 476: f=0.00019444472
BFGS iter 477: f=0.00019444215
BFGS iter 478: f=0.00019443866
BFGS iter 479: f=0.0001944367
BFGS iter 480: f=0.00019443453
BFGS iter 481: f=0.00019443246
BFGS iter 482: f=0.00019443162
BFGS iter 483: f=0.00019443124
BFGS iter 484: f=0.00019443092
BFGS iter 485: f=0.00019443046
BFGS iter 486: f=0.00019442983
BFGS iter 487: f=0.0001944295
BFGS iter 488: f=0.0001944289
BFGS iter 489: f=0.00019442848
BFGS iter 490: f=0.00019442746
BFGS iter 491: f=0.00019442672
BFGS iter 492: f=0.00019442598
BFGS iter 493: f=0.00019442483
BFGS iter 494: f=0.00019442352
BFGS iter 495: f=0.0001944231
BFGS iter 496: f=0.00019442301
BFGS iter 497: f=0.00019442299
BFGS iter 498: f=0.00019442296
BFGS iter 499: f=0.00019442293
BFGS iter 500: f=0.00019442288
BFGS iter 501: f=0.00019442265
BFGS iter 502: f=0.00019441468
BFGS iter 503: f=0.00019439316
BFGS iter 504: f=0.00019436414
BFGS iter 505: f=0.00019434571
BFGS iter 506: f=0.00019432056
BFGS iter 507: f=0.00019431379
BFGS iter 508: f=0.00019429793
BFGS iter 509: f=0.00019428689
BFGS iter 510: f=0.00019427998
BFGS iter 511: f=0.00019426992
BFGS iter 512: f=0.00019425972
BFGS iter 513: f=0.0001942526
BFGS iter 514: f=0.00019424209
BFGS iter 515: f=0.00019423813
BFGS iter 516: f=0.00019423254
BFGS iter 517: f=0.00019422986
BFGS iter 518: f=0.00019422869
BFGS iter 519: f=0.00019422752
BFGS iter 520: f=0.00019422692
BFGS iter 521: f=0.0001942261
BFGS iter 522: f=0.00019422489
BFGS iter 523: f=0.0001942238
BFGS iter 524: f=0.00019422305
BFGS iter 525: f=0.00019422255
BFGS iter 526: f=0.00019422161
BFGS iter 527: f=0.00019422011
BFGS iter 528: f=0.00019421882
BFGS iter 529: f=0.00019421692
BFGS iter 530: f=0.0001942163
BFGS iter 531: f=0.00019421477
BFGS iter 532: f=0.00019421307
BFGS iter 533: f=0.00019421084
BFGS iter 534: f=0.00019420912
BFGS iter 535: f=0.00019420785
BFGS iter 536: f=0.000194207
BFGS iter 537: f=0.00019420562
BFGS iter 538: f=0.0001942042
BFGS iter 539: f=0.00019420314
BFGS iter 540: f=0.00019420265
BFGS iter 541: f=0.00019420238
BFGS iter 542: f=0.00019420231
BFGS iter 543: f=0.00019420225
BFGS iter 544: f=0.00019420218
BFGS iter 545: f=0.00019420206
BFGS iter 546: f=0.00019420172
BFGS iter 547: f=0.00019420165
BFGS iter 548: f=0.00019420155
BFGS iter 549: f=0.00019420143
BFGS iter 550: f=0.00019420131
BFGS iter 551: f=0.00019420126
BFGS iter 552: f=0.00019420123
BFGS iter 553: f=0.00019420121
BFGS iter 554: f=0.00019420119
BFGS iter 555: f=0.00019420117
BFGS iter 556: f=0.00019420101
BFGS iter 557: f=0.00019420077
BFGS iter 558: f=0.00019420014
BFGS iter 559: f=0.00019419533
BFGS iter 560: f=0.00019418856
BFGS iter 561: f=0.00019416495
BFGS iter 562: f=0.00019414958
BFGS iter 563: f=0.00019409141
BFGS iter 564: f=0.00019403416
BFGS iter 565: f=0.00019402374
BFGS iter 566: f=0.00019400079
BFGS iter 567: f=0.00019399534
BFGS iter 568: f=0.00019398149
BFGS iter 569: f=0.00019397363
BFGS iter 570: f=0.00019397127
BFGS iter 571: f=0.0001939703
BFGS iter 572: f=0.00019397013
BFGS iter 573: f=0.00019397008
BFGS iter 574: f=0.00019397005
BFGS iter 575: f=0.00019396994
BFGS iter 576: f=0.00019396935
BFGS iter 577: f=0.0001939684
BFGS iter 578: f=0.00019396792
BFGS iter 579: f=0.00019396771
BFGS iter 580: f=0.00019396753
BFGS iter 581: f=0.00019396707
BFGS iter 582: f=0.00019396625
BFGS iter 583: f=0.00019396568
BFGS iter 584: f=0.00019396465
BFGS iter 585: f=0.00019396339
BFGS iter 586: f=0.00019396264
BFGS iter 587: f=0.0001939608
BFGS iter 588: f=0.00019395949
BFGS iter 589: f=0.00019395862
BFGS iter 590: f=0.00019395803
BFGS iter 591: f=0.00019395782
BFGS iter 592: f=0.0001939576
BFGS iter 593: f=0.00019395744
BFGS iter 594: f=0.00019395736
BFGS iter 595: f=0.00019395733
BFGS iter 596: f=0.00019395722
BFGS iter 597: f=0.00019395712
BFGS iter 598: f=0.00019395709
BFGS iter 599: f=0.00019395708
BFGS iter 600: f=0.00019395707
BFGS iter 601: f=0.00019395705
BFGS iter 602: f=0.000193957
BFGS iter 603: f=0.00019395688
BFGS iter 604: f=0.00019395663
BFGS iter 605: f=0.00019395653
BFGS iter 606: f=0.00019395648
BFGS iter 607: f=0.00019395644
BFGS iter 608: f=0.00019395638
BFGS iter 609: f=0.00019395633
BFGS iter 610: f=0.00019395629
BFGS iter 611: f=0.00019395625
BFGS iter 612: f=0.00019395613
BFGS iter 613: f=0.00019395601
BFGS iter 614: f=0.0001939559
BFGS iter 615: f=0.00019395573
BFGS iter 616: f=0.00019395559
BFGS iter 617: f=0.00019395535
BFGS iter 618: f=0.00019395503
BFGS iter 619: f=0.00019395458
BFGS iter 620: f=0.00019395397
BFGS iter 621: f=0.00019395302
BFGS iter 622: f=0.00019395234
BFGS iter 623: f=0.00019395078
BFGS iter 624: f=0.00019394928
BFGS iter 625: f=0.00019394735
BFGS iter 626: f=0.00019394526
BFGS iter 627: f=0.00019394314
BFGS iter 628: f=0.0001939403
BFGS iter 629: f=0.00019393881
BFGS iter 630: f=0.00019393604
BFGS iter 631: f=0.00019393139
BFGS iter 632: f=0.00019392471
BFGS iter 633: f=0.00019392073
BFGS iter 634: f=0.00019391507
BFGS iter 635: f=0.00019391154
BFGS iter 636: f=0.00019390676
BFGS iter 637: f=0.00019390269
BFGS iter 638: f=0.00019389323
BFGS iter 639: f=0.00019388705
BFGS iter 640: f=0.00019388213
BFGS iter 641: f=0.00019388084
BFGS iter 642: f=0.00019387849
BFGS iter 643: f=0.00019387731
BFGS iter 644: f=0.00019387535
BFGS iter 645: f=0.00019387359
BFGS iter 646: f=0.00019387304
BFGS iter 647: f=0.00019387261
BFGS iter 648: f=0.00019387222
BFGS iter 649: f=0.00019387158
BFGS ended due to small decr. in 50 iterations
MTPR training ended
Rescaling...
   scaling = 0.071396019, condition number = 14.225523
   scaling = 0.077886566, condition number = 14.876995
   scaling = 0.085675222, condition number = 14.453718
   scaling = 0.094242745, condition number = 10.714595
   scaling = 0.10281027, condition number = 10.279285
Rescaling to 0.10281027... done
Rescaling...
   scaling = 0.085675222, condition number = 14.453718
   scaling = 0.093463879, condition number = 10.771961
   scaling = 0.10281027, condition number = 10.279285
   scaling = 0.11309129, condition number = 12.738484
   scaling = 0.12337232, condition number = 10.651888
Rescaling to 0.10281027... done
_________________Errors report_________________
Energy:
	Errors checked for 54 configurations
	Maximal absolute difference = 0.0212838
	Average absolute difference = 0.00207167
	RMS     absolute difference = 0.0058417

Energy per atom:
	Errors checked for 54 configurations
	Maximal absolute difference = 0.0212838
	Average absolute difference = 0.00207152
	RMS     absolute difference = 0.0058417

Forces:
	Errors checked for 98 atoms
	Maximal absolute difference = 0.0761814
	Average absolute difference = 0.0684078
	RMS     absolute difference = 0.07219
	Max(ForceDiff) / Max(Force) = 0.0495872
	RMS(ForceDiff) / RMS(Force) = 0.0495872

Stresses (in energy units):
	Errors checked for 54 configurations
	Maximal absolute difference = 1.06554
	Average absolute difference = 0.166659
	RMS     absolute difference = 0.235004
	Max(StresDiff) / Max(Stres) = 0.302076
	RMS(StresDiff) / RMS(Stres) = 0.0737938

Virial stresses (in pressure units):
	Errors checked for 54 configurations
	Maximal absolute difference = 3.29415
	Average absolute difference = 2.62552
	RMS     absolute difference = 2.72786
	Max(StresDiff) / Max(Stres) = 0.0373701
	RMS(StresDiff) / RMS(Stres) = 0.0342825
_______________________________________________

	batch_size = 9999
	swap_limit = 0
	weight_scaling = 2
	energy_weight = 1.000000
	force_weight = 0.000000
	init_value = 0.000001
	site_en_weight = 0.000000
	stress_weight = 0.000000
	threshold = 1.001000
Selection: state saved to "mtp_V23.mtp"
training complete
