Selection data found
Basic trainer initialization complete
	auto-minmax-magmom = false
	init_random = false
	no_mindist_update = false
	skip_preinit = false
	iteration_limit = 1000
	weight_scaling = 1
	weight_scaling_forces = 0
	energy_weight = 1.000000
	force_weight = 0.010000
	penalty_weight = 0.000001
	scale_by_force = 0.000000
	select_factor = 1.000000
	stress_weight = 0.001000
	tolerance = 0.001000
	log = stdout
	save_to = mtp_V48.mtp
79 configurations found in the training set
Minimal interatomic distance in the training set is 1.56937. MTP's mindist will be updated
Iteration limit is 1000
Convergence tolerance is 0.001
Energy weight: 1
Force weight: 0.01
Stress weight: 0.001
MTPR training started on 1 core(s)
BFGS has exceeded the linesearch limit. Cannot converge further
MTPR training ended
Rescaling...
   scaling = 1.0423669, condition number = 28.116312
   scaling = 1.1371276, condition number = 26.048477
   scaling = 1.2508403, condition number = 25.735524
   scaling = 1.3759243, condition number = 27.239316
   scaling = 1.5010084, condition number = 29.449723
Rescaling to 1.2508403... done
_________________Errors report_________________
Energy:
	Errors checked for 79 configurations
	Maximal absolute difference = 0.0215765
	Average absolute difference = 0.00107117
	RMS     absolute difference = 0.00422882

Energy per atom:
	Errors checked for 79 configurations
	Maximal absolute difference = 0.0215765
	Average absolute difference = 0.00107113
	RMS     absolute difference = 0.00422882

Forces:
	Errors checked for 148 atoms
	Maximal absolute difference = 0.00132393
	Average absolute difference = 0.00123448
	RMS     absolute difference = 0.00127843
	Max(ForceDiff) / Max(Force) = 0.000861763
	RMS(ForceDiff) / RMS(Force) = 0.000861763

Stresses (in energy units):
	Errors checked for 79 configurations
	Maximal absolute difference = 1.12917
	Average absolute difference = 0.0484058
	RMS     absolute difference = 0.158886
	Max(StresDiff) / Max(Stres) = 0.320114
	RMS(StresDiff) / RMS(Stres) = 0.0481919

Virial stresses (in pressure units):
	Errors checked for 79 configurations
	Maximal absolute difference = 3.49085
	Average absolute difference = 0.461474
	RMS     absolute difference = 0.619733
	Max(StresDiff) / Max(Stres) = 0.0396016
	RMS(StresDiff) / RMS(Stres) = 0.0075227
_______________________________________________

	batch_size = 9999
	swap_limit = 0
	weight_scaling = 2
	energy_weight = 1.000000
	force_weight = 0.000000
	init_value = 0.000001
	site_en_weight = 0.000000
	stress_weight = 0.000000
	threshold = 1.001000
Selection: state saved to "mtp_V48.mtp"
training complete
