Selection data found
Basic trainer initialization complete
	auto-minmax-magmom = false
	init_random = false
	no_mindist_update = false
	skip_preinit = false
	iteration_limit = 1000
	weight_scaling = 1
	weight_scaling_forces = 0
	energy_weight = 1.000000
	force_weight = 0.010000
	penalty_weight = 0.000001
	scale_by_force = 0.000000
	select_factor = 1.000000
	stress_weight = 0.001000
	tolerance = 0.001000
	log = stdout
	save_to = mtp_V99.mtp
130 configurations found in the training set
Minimal interatomic distance in the training set is 1.56937. MTP's mindist will be updated
Iteration limit is 1000
Convergence tolerance is 0.001
Energy weight: 1
Force weight: 0.01
Stress weight: 0.001
MTPR training started on 1 core(s)
BFGS iter 0: f=0.00053041
BFGS iter 1: f=0.00053041
BFGS iter 2: f=0.00053041
BFGS iter 3: f=0.00053041
BFGS iter 4: f=0.000530409
BFGS iter 5: f=0.000530409
BFGS iter 6: f=0.000530409
BFGS iter 7: f=0.000530409
BFGS iter 8: f=0.000530408
BFGS iter 9: f=0.000530408
BFGS iter 10: f=0.000530405
BFGS iter 11: f=0.000530403
BFGS iter 12: f=0.000530401
BFGS iter 13: f=0.000530397
BFGS iter 14: f=0.000530393
BFGS iter 15: f=0.000530391
BFGS iter 16: f=0.000530387
BFGS iter 17: f=0.000530383
BFGS iter 18: f=0.000530379
BFGS iter 19: f=0.000530375
BFGS iter 20: f=0.000530374
BFGS iter 21: f=0.000530371
BFGS iter 22: f=0.000530368
BFGS iter 23: f=0.000530353
BFGS iter 24: f=0.000530343
BFGS iter 25: f=3.9344232e-05
BFGS iter 26: f=3.9344232e-05
BFGS iter 27: f=3.934423e-05
BFGS iter 28: f=3.934417e-05
BFGS iter 29: f=3.9344155e-05
BFGS iter 30: f=3.9344148e-05
BFGS iter 31: f=3.9344096e-05
BFGS iter 32: f=3.9343814e-05
BFGS iter 33: f=3.9343733e-05
BFGS iter 34: f=3.9343631e-05
BFGS iter 35: f=3.9343052e-05
BFGS iter 36: f=3.9342388e-05
BFGS iter 37: f=3.9342062e-05
BFGS iter 38: f=3.9341098e-05
BFGS iter 39: f=3.9338576e-05
BFGS iter 40: f=3.9337451e-05
BFGS iter 41: f=3.9334344e-05
BFGS iter 42: f=3.933218e-05
BFGS iter 43: f=3.9326493e-05
BFGS iter 44: f=3.9323847e-05
BFGS iter 45: f=3.9322893e-05
BFGS iter 46: f=3.9319027e-05
BFGS iter 47: f=3.9314233e-05
BFGS iter 48: f=3.929948e-05
BFGS iter 49: f=3.9297115e-05
BFGS iter 50: f=3.929628e-05
BFGS iter 51: f=3.9296009e-05
BFGS iter 52: f=3.9295445e-05
BFGS iter 53: f=3.9290522e-05
BFGS iter 54: f=3.9283123e-05
BFGS iter 55: f=3.9268558e-05
BFGS iter 56: f=3.9260679e-05
BFGS iter 57: f=3.9244911e-05
BFGS iter 58: f=3.9237623e-05
BFGS iter 59: f=3.9224281e-05
BFGS iter 60: f=3.9212447e-05
BFGS iter 61: f=3.9206362e-05
BFGS iter 62: f=3.920192e-05
BFGS iter 63: f=3.9198022e-05
BFGS iter 64: f=3.9196295e-05
BFGS iter 65: f=3.919369e-05
BFGS iter 66: f=3.9188795e-05
BFGS iter 67: f=3.9181265e-05
BFGS iter 68: f=3.9172807e-05
BFGS iter 69: f=3.9166724e-05
*
BFGS iter 70: f=3.934731e-05
BFGS iter 71: f=3.9347034e-05
BFGS iter 72: f=3.9343676e-05
BFGS iter 73: f=3.9339417e-05
BFGS iter 74: f=3.9338343e-05
BFGS iter 75: f=3.933644e-05
BFGS iter 76: f=3.9329553e-05
BFGS iter 77: f=3.9321817e-05
BFGS iter 78: f=3.9315807e-05
BFGS iter 79: f=3.9314573e-05
BFGS iter 80: f=3.9313648e-05
BFGS iter 81: f=3.9308564e-05
BFGS iter 82: f=3.9305906e-05
BFGS iter 83: f=3.9305243e-05
BFGS iter 84: f=3.9304946e-05
BFGS iter 85: f=3.9304153e-05
BFGS iter 86: f=3.9300004e-05
BFGS iter 87: f=3.9288081e-05
BFGS iter 88: f=3.9276488e-05
BFGS iter 89: f=3.9270441e-05
BFGS iter 90: f=3.9257369e-05
BFGS iter 91: f=3.9248301e-05
BFGS iter 92: f=3.9239835e-05
BFGS iter 93: f=3.9229288e-05
BFGS iter 94: f=3.9226247e-05
BFGS iter 95: f=3.9221842e-05
BFGS iter 96: f=3.9213229e-05
BFGS iter 97: f=3.9204382e-05
BFGS iter 98: f=3.9199708e-05
BFGS iter 99: f=3.9190933e-05
*
BFGS iter 100: f=3.9321217e-05
BFGS iter 101: f=3.9320856e-05
BFGS iter 102: f=3.9315466e-05
BFGS iter 103: f=3.9310539e-05
BFGS iter 104: f=3.9298652e-05
BFGS iter 105: f=3.9289147e-05
BFGS iter 106: f=3.9286433e-05
BFGS iter 107: f=3.9285869e-05
BFGS iter 108: f=3.9285261e-05
BFGS iter 109: f=3.9284258e-05
BFGS iter 110: f=3.9281339e-05
BFGS iter 111: f=3.9271203e-05
BFGS iter 112: f=3.9258991e-05
BFGS iter 113: f=3.9246447e-05
BFGS iter 114: f=3.9239658e-05
BFGS iter 115: f=3.9233666e-05
BFGS iter 116: f=3.9229195e-05
BFGS iter 117: f=3.9228151e-05
BFGS iter 118: f=3.922778e-05
BFGS iter 119: f=3.9227321e-05
BFGS iter 120: f=3.9227034e-05
BFGS iter 121: f=3.9226928e-05
BFGS iter 122: f=3.9226733e-05
BFGS iter 123: f=3.9225666e-05
BFGS iter 124: f=3.9223453e-05
BFGS iter 125: f=3.9219569e-05
BFGS iter 126: f=3.9212901e-05
BFGS iter 127: f=3.9206915e-05
BFGS iter 128: f=3.9203641e-05
BFGS iter 129: f=3.9202743e-05
BFGS iter 130: f=3.919977e-05
BFGS iter 131: f=3.919798e-05
BFGS iter 132: f=3.9196549e-05
BFGS iter 133: f=3.9195855e-05
BFGS iter 134: f=3.9195319e-05
BFGS iter 135: f=3.9194984e-05
BFGS iter 136: f=3.919481e-05
BFGS iter 137: f=3.9194642e-05
BFGS iter 138: f=3.9194574e-05
BFGS iter 139: f=3.9194471e-05
BFGS iter 140: f=3.9194343e-05
BFGS iter 141: f=3.9193622e-05
BFGS iter 142: f=3.9190181e-05
BFGS iter 143: f=3.9184915e-05
BFGS iter 144: f=3.9176776e-05
BFGS iter 145: f=3.9169917e-05
BFGS iter 146: f=3.9167483e-05
BFGS iter 147: f=3.9165629e-05
BFGS iter 148: f=3.9164493e-05
BFGS iter 149: f=3.9163648e-05
*
BFGS iter 150: f=3.9531865e-05
BFGS iter 151: f=3.9529264e-05
BFGS iter 152: f=3.9513958e-05
BFGS iter 153: f=3.9509419e-05
BFGS iter 154: f=3.9508179e-05
BFGS iter 155: f=3.9507381e-05
BFGS iter 156: f=3.950692e-05
BFGS iter 157: f=3.9506063e-05
BFGS iter 158: f=3.9503676e-05
BFGS iter 159: f=3.950122e-05
BFGS iter 160: f=3.9497078e-05
BFGS iter 161: f=3.9487783e-05
BFGS iter 162: f=3.9471021e-05
BFGS iter 163: f=3.9460946e-05
BFGS iter 164: f=3.945662e-05
BFGS iter 165: f=3.9454207e-05
BFGS iter 166: f=3.94531e-05
BFGS iter 167: f=3.9451807e-05
BFGS iter 168: f=3.9451422e-05
BFGS iter 169: f=3.9451005e-05
BFGS iter 170: f=3.944892e-05
BFGS iter 171: f=3.9446784e-05
BFGS iter 172: f=3.9444418e-05
BFGS iter 173: f=3.9441025e-05
BFGS iter 174: f=3.943822e-05
BFGS iter 175: f=3.943125e-05
BFGS iter 176: f=3.9419412e-05
BFGS iter 177: f=3.9408238e-05
BFGS iter 178: f=3.9405432e-05
BFGS iter 179: f=3.9403015e-05
BFGS iter 180: f=3.9401924e-05
BFGS iter 181: f=3.9399622e-05
BFGS iter 182: f=3.9397192e-05
BFGS iter 183: f=3.9394286e-05
BFGS iter 184: f=3.9392639e-05
BFGS iter 185: f=3.9391729e-05
BFGS iter 186: f=3.9391328e-05
BFGS iter 187: f=3.9390758e-05
BFGS iter 188: f=3.9390565e-05
BFGS iter 189: f=3.9390463e-05
BFGS iter 190: f=3.9390407e-05
BFGS iter 191: f=3.9390357e-05
BFGS iter 192: f=3.9390307e-05
BFGS iter 193: f=3.9390271e-05
BFGS iter 194: f=3.9390231e-05
BFGS iter 195: f=3.9390135e-05
BFGS iter 196: f=3.9389756e-05
BFGS iter 197: f=3.9388984e-05
BFGS iter 198: f=3.9388642e-05
BFGS iter 199: f=3.9388192e-05
BFGS ended due to small decr. in 50 iterations
MTPR training ended
Rescaling...
   scaling = 0.5304784, condition number = 62.305078
   scaling = 0.5787037, condition number = 41.383106
   scaling = 0.63657407, condition number = 26.625435
   scaling = 0.70023148, condition number = 53.31389
   scaling = 0.76388889, condition number = 54.929143
Rescaling to 0.63657407... done
_________________Errors report_________________
Energy:
	Errors checked for 130 configurations
	Maximal absolute difference = 0.0213366
	Average absolute difference = 0.000673588
	RMS     absolute difference = 0.0033173

Energy per atom:
	Errors checked for 130 configurations
	Maximal absolute difference = 0.0213366
	Average absolute difference = 0.000673534
	RMS     absolute difference = 0.0033173

Forces:
	Errors checked for 250 atoms
	Maximal absolute difference = 0.00300501
	Average absolute difference = 0.00288481
	RMS     absolute difference = 0.00294429
	Max(ForceDiff) / Max(Force) = 0.00195599
	RMS(ForceDiff) / RMS(Force) = 0.00195599

Stresses (in energy units):
	Errors checked for 130 configurations
	Maximal absolute difference = 1.08897
	Average absolute difference = 0.0398562
	RMS     absolute difference = 0.124408
	Max(StresDiff) / Max(Stres) = 0.308718
	RMS(StresDiff) / RMS(Stres) = 0.036707

Virial stresses (in pressure units):
	Errors checked for 130 configurations
	Maximal absolute difference = 3.36658
	Average absolute difference = 0.544606
	RMS     absolute difference = 0.628273
	Max(StresDiff) / Max(Stres) = 0.0381919
	RMS(StresDiff) / RMS(Stres) = 0.0074184
_______________________________________________

	batch_size = 9999
	swap_limit = 0
	weight_scaling = 2
	energy_weight = 1.000000
	force_weight = 0.000000
	init_value = 0.000001
	site_en_weight = 0.000000
	stress_weight = 0.000000
	threshold = 1.001000
Selection: state saved to "mtp_V99.mtp"
training complete
