Selection data found
Basic trainer initialization complete
	auto-minmax-magmom = false
	init_random = false
	no_mindist_update = false
	skip_preinit = false
	iteration_limit = 1000
	weight_scaling = 1
	weight_scaling_forces = 0
	energy_weight = 1.000000
	force_weight = 0.010000
	penalty_weight = 0.000001
	scale_by_force = 0.000000
	select_factor = 1.000000
	stress_weight = 0.001000
	tolerance = 0.001000
	log = stdout
	save_to = mtp_V55.mtp
86 configurations found in the training set
Minimal interatomic distance in the training set is 1.56937. MTP's mindist will be updated
Iteration limit is 1000
Convergence tolerance is 0.001
Energy weight: 1
Force weight: 0.01
Stress weight: 0.001
MTPR training started on 1 core(s)
BFGS iter 0: f=0.000127134
BFGS iter 1: f=0.000127134
BFGS iter 2: f=0.000127134
BFGS iter 3: f=0.000127134
BFGS iter 4: f=0.000127134
BFGS iter 5: f=0.000127134
BFGS iter 6: f=0.000127134
BFGS iter 7: f=0.000127134
BFGS iter 8: f=0.000127134
BFGS iter 9: f=0.000127133
BFGS iter 10: f=0.000127133
BFGS iter 11: f=0.000127133
BFGS iter 12: f=0.000127132
BFGS iter 13: f=0.000127131
BFGS iter 14: f=0.000127123
BFGS iter 15: f=0.000127119
BFGS iter 16: f=0.000127118
BFGS iter 17: f=0.000127116
BFGS iter 18: f=0.000127114
BFGS iter 19: f=0.000127113
BFGS iter 20: f=0.000127113
BFGS iter 21: f=0.000127113
BFGS iter 22: f=0.000127111
BFGS iter 23: f=0.00012711
BFGS iter 24: f=0.000127109
BFGS iter 25: f=5.0764659e-05
BFGS iter 26: f=5.0764659e-05
BFGS iter 27: f=5.0764659e-05
BFGS iter 28: f=5.0764642e-05
BFGS iter 29: f=5.0764639e-05
BFGS iter 30: f=5.0764635e-05
BFGS iter 31: f=5.0764632e-05
BFGS iter 32: f=5.0764625e-05
BFGS iter 33: f=5.0764606e-05
BFGS iter 34: f=5.0764596e-05
BFGS iter 35: f=5.0764564e-05
BFGS iter 36: f=5.0764394e-05
BFGS iter 37: f=5.0764258e-05
BFGS iter 38: f=5.0763685e-05
BFGS iter 39: f=5.0762799e-05
BFGS iter 40: f=5.0759023e-05
BFGS iter 41: f=5.0755183e-05
BFGS iter 42: f=5.0752171e-05
BFGS iter 43: f=5.0750941e-05
BFGS iter 44: f=5.0748451e-05
BFGS iter 45: f=5.0747216e-05
BFGS iter 46: f=5.0746285e-05
BFGS iter 47: f=5.0744385e-05
BFGS iter 48: f=5.074376e-05
BFGS iter 49: f=5.0736717e-05
BFGS iter 50: f=5.0733562e-05
BFGS iter 51: f=5.072912e-05
BFGS iter 52: f=5.0724602e-05
BFGS iter 53: f=5.0723148e-05
BFGS iter 54: f=5.0721991e-05
BFGS iter 55: f=5.0721003e-05
BFGS iter 56: f=5.0719567e-05
BFGS iter 57: f=5.0708654e-05
BFGS iter 58: f=5.070543e-05
BFGS iter 59: f=5.0693289e-05
BFGS iter 60: f=5.0684846e-05
BFGS iter 61: f=5.067905e-05
BFGS iter 62: f=5.0671123e-05
BFGS iter 63: f=5.066498e-05
BFGS iter 64: f=5.0651107e-05
BFGS iter 65: f=5.064482e-05
BFGS iter 66: f=5.0633782e-05
BFGS iter 67: f=5.0625233e-05
BFGS iter 68: f=5.0620396e-05
BFGS iter 69: f=5.0613367e-05
*
BFGS iter 70: f=5.0622715e-05
BFGS iter 71: f=5.0622379e-05
BFGS iter 72: f=5.06219e-05
BFGS iter 73: f=5.0620623e-05
BFGS iter 74: f=5.0618059e-05
BFGS iter 75: f=5.0617486e-05
BFGS iter 76: f=5.0616732e-05
BFGS iter 77: f=5.0612374e-05
BFGS iter 78: f=5.0610091e-05
BFGS iter 79: f=5.0606035e-05
BFGS iter 80: f=5.0603489e-05
BFGS iter 81: f=5.0601826e-05
BFGS iter 82: f=5.0601643e-05
BFGS iter 83: f=5.0601551e-05
BFGS iter 84: f=5.060153e-05
BFGS iter 85: f=5.0601453e-05
BFGS iter 86: f=5.0600327e-05
BFGS iter 87: f=5.0598749e-05
BFGS iter 88: f=5.0597385e-05
BFGS iter 89: f=5.059632e-05
BFGS iter 90: f=5.0595574e-05
BFGS iter 91: f=5.059426e-05
BFGS iter 92: f=5.0593866e-05
BFGS iter 93: f=5.05935e-05
BFGS iter 94: f=5.059316e-05
BFGS iter 95: f=5.0592473e-05
BFGS iter 96: f=5.0592042e-05
BFGS iter 97: f=5.0591193e-05
BFGS iter 98: f=5.0589649e-05
BFGS iter 99: f=5.0587525e-05
*
BFGS iter 100: f=5.0610982e-05
BFGS iter 101: f=5.0610601e-05
BFGS iter 102: f=5.0608941e-05
BFGS iter 103: f=5.060843e-05
BFGS iter 104: f=5.0607607e-05
BFGS iter 105: f=5.0605978e-05
BFGS iter 106: f=5.0603252e-05
BFGS iter 107: f=5.0600573e-05
BFGS iter 108: f=5.0599192e-05
BFGS iter 109: f=5.0597965e-05
BFGS iter 110: f=5.0596767e-05
BFGS iter 111: f=5.0594619e-05
BFGS iter 112: f=5.0592029e-05
BFGS iter 113: f=5.0590781e-05
BFGS iter 114: f=5.0586761e-05
BFGS iter 115: f=5.0584174e-05
BFGS iter 116: f=5.0581524e-05
BFGS iter 117: f=5.0578226e-05
BFGS iter 118: f=5.0573197e-05
BFGS iter 119: f=5.0568375e-05
BFGS iter 120: f=5.0566436e-05
BFGS iter 121: f=5.0563665e-05
BFGS iter 122: f=5.056324e-05
BFGS iter 123: f=5.0562874e-05
BFGS iter 124: f=5.0562556e-05
BFGS iter 125: f=5.0561371e-05
BFGS iter 126: f=5.055666e-05
BFGS iter 127: f=5.0553422e-05
BFGS iter 128: f=5.0552447e-05
BFGS iter 129: f=5.0548596e-05
BFGS iter 130: f=5.0546371e-05
BFGS iter 131: f=5.0544668e-05
BFGS iter 132: f=5.0541731e-05
BFGS iter 133: f=5.0539703e-05
BFGS iter 134: f=5.0537415e-05
BFGS iter 135: f=5.0534736e-05
BFGS iter 136: f=5.0533752e-05
BFGS iter 137: f=5.0531255e-05
BFGS iter 138: f=5.0529862e-05
BFGS iter 139: f=5.0528168e-05
BFGS iter 140: f=5.0525888e-05
BFGS iter 141: f=5.0524591e-05
BFGS iter 142: f=5.0522343e-05
BFGS iter 143: f=5.0520475e-05
BFGS iter 144: f=5.0518799e-05
BFGS iter 145: f=5.0517797e-05
BFGS iter 146: f=5.0517289e-05
BFGS iter 147: f=5.0516937e-05
BFGS iter 148: f=5.0516793e-05
BFGS iter 149: f=5.0516671e-05
*
BFGS iter 150: f=5.062677e-05
BFGS iter 151: f=5.0625262e-05
BFGS iter 152: f=5.062182e-05
BFGS iter 153: f=5.0620943e-05
BFGS iter 154: f=5.0620525e-05
BFGS iter 155: f=5.0619208e-05
BFGS iter 156: f=5.0616307e-05
BFGS iter 157: f=5.061483e-05
BFGS iter 158: f=5.0614503e-05
BFGS iter 159: f=5.0614417e-05
BFGS iter 160: f=5.0614348e-05
BFGS iter 161: f=5.0614259e-05
BFGS iter 162: f=5.0614189e-05
BFGS iter 163: f=5.0614033e-05
BFGS iter 164: f=5.061003e-05
BFGS iter 165: f=5.0605961e-05
BFGS iter 166: f=5.0603357e-05
BFGS iter 167: f=5.0599271e-05
BFGS iter 168: f=5.059533e-05
BFGS iter 169: f=5.0591999e-05
BFGS iter 170: f=5.0590052e-05
BFGS iter 171: f=5.0586074e-05
BFGS iter 172: f=5.0582155e-05
BFGS iter 173: f=5.057941e-05
BFGS iter 174: f=5.057305e-05
BFGS iter 175: f=5.0565406e-05
BFGS iter 176: f=5.0558774e-05
BFGS iter 177: f=5.0556947e-05
BFGS iter 178: f=5.0553364e-05
BFGS iter 179: f=5.0549922e-05
BFGS iter 180: f=5.0547395e-05
BFGS iter 181: f=5.0542783e-05
BFGS iter 182: f=5.0539923e-05
BFGS iter 183: f=5.0536529e-05
BFGS iter 184: f=5.0533348e-05
BFGS iter 185: f=5.0529269e-05
BFGS iter 186: f=5.0528088e-05
BFGS iter 187: f=5.0526346e-05
BFGS iter 188: f=5.0524642e-05
BFGS iter 189: f=5.0522316e-05
BFGS iter 190: f=5.0521294e-05
BFGS iter 191: f=5.0520484e-05
BFGS iter 192: f=5.0519597e-05
BFGS iter 193: f=5.0518683e-05
BFGS iter 194: f=5.0518097e-05
BFGS iter 195: f=5.0517314e-05
BFGS iter 196: f=5.0517088e-05
BFGS iter 197: f=5.0516366e-05
BFGS iter 198: f=5.0515672e-05
BFGS iter 199: f=5.0514327e-05
BFGS ended due to small decr. in 50 iterations
MTPR training ended
Rescaling...
   scaling = 0.72386592, condition number = 26.603039
   scaling = 0.78967191, condition number = 23.179704
   scaling = 0.8686391, condition number = 29.90476
   scaling = 0.95550301, condition number = 31.219061
   scaling = 1.0423669, condition number = 30.615146
Rescaling to 0.78967191... done
Rescaling...
   scaling = 0.65805993, condition number = 37.916549
   scaling = 0.71788356, condition number = 27.450638
   scaling = 0.78967191, condition number = 23.179752
   scaling = 0.8686391, condition number = 29.905128
   scaling = 0.94760629, condition number = 31.470049
Rescaling to 0.78967191... done
_________________Errors report_________________
Energy:
	Errors checked for 86 configurations
	Maximal absolute difference = 0.0214872
	Average absolute difference = 0.00100836
	RMS     absolute difference = 0.0040747

Energy per atom:
	Errors checked for 86 configurations
	Maximal absolute difference = 0.0214872
	Average absolute difference = 0.00100833
	RMS     absolute difference = 0.0040747

Forces:
	Errors checked for 162 atoms
	Maximal absolute difference = 0.00193963
	Average absolute difference = 0.0018199
	RMS     absolute difference = 0.00187881
	Max(ForceDiff) / Max(Force) = 0.00126252
	RMS(ForceDiff) / RMS(Force) = 0.00126252

Stresses (in energy units):
	Errors checked for 86 configurations
	Maximal absolute difference = 1.1179
	Average absolute difference = 0.0471334
	RMS     absolute difference = 0.152111
	Max(StresDiff) / Max(Stres) = 0.31692
	RMS(StresDiff) / RMS(Stres) = 0.0458676

Virial stresses (in pressure units):
	Errors checked for 86 configurations
	Maximal absolute difference = 3.45602
	Average absolute difference = 0.490484
	RMS     absolute difference = 0.627561
	Max(StresDiff) / Max(Stres) = 0.0392065
	RMS(StresDiff) / RMS(Stres) = 0.0075732
_______________________________________________

	batch_size = 9999
	swap_limit = 0
	weight_scaling = 2
	energy_weight = 1.000000
	force_weight = 0.000000
	init_value = 0.000001
	site_en_weight = 0.000000
	stress_weight = 0.000000
	threshold = 1.001000
Selection: state saved to "mtp_V55.mtp"
training complete
