Selection data found
Basic trainer initialization complete
	auto-minmax-magmom = false
	init_random = false
	no_mindist_update = false
	skip_preinit = false
	iteration_limit = 1000
	weight_scaling = 1
	weight_scaling_forces = 0
	energy_weight = 1.000000
	force_weight = 0.010000
	penalty_weight = 0.000001
	scale_by_force = 0.000000
	select_factor = 1.000000
	stress_weight = 0.001000
	tolerance = 0.001000
	log = stdout
	save_to = mtp_V61.mtp
92 configurations found in the training set
Minimal interatomic distance in the training set is 1.56937. MTP's mindist will be updated
Iteration limit is 1000
Convergence tolerance is 0.001
Energy weight: 1
Force weight: 0.01
Stress weight: 0.001
MTPR training started on 1 core(s)
BFGS iter 0: f=5.45391e-05
BFGS iter 1: f=5.45391e-05
BFGS iter 2: f=5.45391e-05
BFGS iter 3: f=5.45391e-05
BFGS iter 4: f=5.45391e-05
BFGS iter 5: f=5.45389e-05
BFGS iter 6: f=5.45388e-05
BFGS iter 7: f=5.45385e-05
BFGS iter 8: f=5.45384e-05
BFGS iter 9: f=5.45381e-05
BFGS iter 10: f=5.45375e-05
BFGS iter 11: f=5.45353e-05
BFGS iter 12: f=5.45348e-05
BFGS iter 13: f=5.45323e-05
BFGS iter 14: f=5.45279e-05
BFGS iter 15: f=5.45236e-05
BFGS iter 16: f=5.4513e-05
BFGS iter 17: f=5.45066e-05
BFGS iter 18: f=5.45023e-05
BFGS iter 19: f=5.44944e-05
BFGS iter 20: f=5.44918e-05
BFGS iter 21: f=5.44868e-05
BFGS iter 22: f=5.44819e-05
BFGS iter 23: f=5.44695e-05
BFGS iter 24: f=5.44683e-05
BFGS iter 25: f=4.753593e-05
BFGS has exceeded the linesearch limit. Cannot converge further
MTPR training ended
Rescaling...
   scaling = 1.0252089, condition number = 26.292023
   scaling = 1.1184097, condition number = 23.049029
   scaling = 1.2302507, condition number = 22.589596
   scaling = 1.3532758, condition number = 25.80268
   scaling = 1.4763008, condition number = 22.974083
Rescaling to 1.2302507... done
_________________Errors report_________________
Energy:
	Errors checked for 92 configurations
	Maximal absolute difference = 0.0214725
	Average absolute difference = 0.000949537
	RMS     absolute difference = 0.00394858

Energy per atom:
	Errors checked for 92 configurations
	Maximal absolute difference = 0.0214725
	Average absolute difference = 0.000949491
	RMS     absolute difference = 0.00394858

Forces:
	Errors checked for 174 atoms
	Maximal absolute difference = 0.000438576
	Average absolute difference = 0.00041337
	RMS     absolute difference = 0.000425786
	Max(ForceDiff) / Max(Force) = 0.000285473
	RMS(ForceDiff) / RMS(Force) = 0.000285473

Stresses (in energy units):
	Errors checked for 92 configurations
	Maximal absolute difference = 1.11106
	Average absolute difference = 0.043791
	RMS     absolute difference = 0.146906
	Max(StresDiff) / Max(Stres) = 0.31498
	RMS(StresDiff) / RMS(Stres) = 0.0441095

Virial stresses (in pressure units):
	Errors checked for 92 configurations
	Maximal absolute difference = 3.43486
	Average absolute difference = 0.442947
	RMS     absolute difference = 0.585444
	Max(StresDiff) / Max(Stres) = 0.0389665
	RMS(StresDiff) / RMS(Stres) = 0.00703481
_______________________________________________

	batch_size = 9999
	swap_limit = 0
	weight_scaling = 2
	energy_weight = 1.000000
	force_weight = 0.000000
	init_value = 0.000001
	site_en_weight = 0.000000
	stress_weight = 0.000000
	threshold = 1.001000
Selection: state saved to "mtp_V61.mtp"
training complete
