Selection data found
Basic trainer initialization complete
	auto-minmax-magmom = false
	init_random = false
	no_mindist_update = false
	skip_preinit = false
	iteration_limit = 1000
	weight_scaling = 1
	weight_scaling_forces = 0
	energy_weight = 1.000000
	force_weight = 0.010000
	penalty_weight = 0.000001
	scale_by_force = 0.000000
	select_factor = 1.000000
	stress_weight = 0.001000
	tolerance = 0.001000
	log = stdout
	save_to = mtp_V25.mtp
56 configurations found in the training set
Minimal interatomic distance in the training set is 1.56937. MTP's mindist will be updated
Iteration limit is 1000
Convergence tolerance is 0.001
Energy weight: 1
Force weight: 0.01
Stress weight: 0.001
MTPR training started on 1 core(s)
BFGS iter 0: f=0.00149041
BFGS iter 1: f=0.00149041
BFGS iter 2: f=0.00149041
BFGS iter 3: f=0.00149039
BFGS iter 4: f=0.00149023
BFGS iter 5: f=0.00149019
BFGS iter 6: f=0.0014901
BFGS iter 7: f=0.0014899
BFGS iter 8: f=0.00148986
BFGS iter 9: f=0.00148983
BFGS iter 10: f=0.00148982
BFGS iter 11: f=0.00148975
BFGS iter 12: f=0.00148972
BFGS iter 13: f=0.00148969
BFGS iter 14: f=0.00148967
BFGS iter 15: f=0.00148967
BFGS iter 16: f=0.00148949
BFGS iter 17: f=0.00148934
BFGS iter 18: f=0.00148921
BFGS iter 19: f=0.00148915
BFGS iter 20: f=0.00148913
BFGS iter 21: f=0.00148912
BFGS iter 22: f=0.00148912
BFGS iter 23: f=0.00148912
BFGS iter 24: f=0.00148906
BFGS iter 25: f=0.00022777195
BFGS iter 26: f=0.00022777162
BFGS iter 27: f=0.00022776491
BFGS iter 28: f=0.00022776114
BFGS iter 29: f=0.00022762704
BFGS iter 30: f=0.0002276014
BFGS iter 31: f=0.00022754209
BFGS iter 32: f=0.00022746679
BFGS iter 33: f=0.00022744305
BFGS iter 34: f=0.00022743776
BFGS iter 35: f=0.00022741103
BFGS iter 36: f=0.00022738285
BFGS iter 37: f=0.00022734667
BFGS iter 38: f=0.00022734056
BFGS iter 39: f=0.00022733749
BFGS iter 40: f=0.00022730597
BFGS iter 41: f=0.00022729025
BFGS iter 42: f=0.00022723864
BFGS iter 43: f=0.0002272273
BFGS iter 44: f=0.00022720541
BFGS iter 45: f=0.00022715232
BFGS iter 46: f=0.0002271165
BFGS iter 47: f=0.00022709069
BFGS iter 48: f=0.00022706761
BFGS iter 49: f=0.00022702398
BFGS iter 50: f=0.00022697086
BFGS iter 51: f=0.00022693237
BFGS iter 52: f=0.00022690227
BFGS iter 53: f=0.00022683883
BFGS iter 54: f=0.00022677235
BFGS iter 55: f=0.00022657911
BFGS iter 56: f=0.0002265158
BFGS iter 57: f=0.00022648881
BFGS iter 58: f=0.00022641138
BFGS iter 59: f=0.00022631394
BFGS iter 60: f=0.00022619245
BFGS iter 61: f=0.00022606537
BFGS iter 62: f=0.00022596406
BFGS iter 63: f=0.00022589969
BFGS iter 64: f=0.00022580601
BFGS iter 65: f=0.00022564097
BFGS iter 66: f=0.00022554741
BFGS iter 67: f=0.00022538131
BFGS iter 68: f=0.00022524707
BFGS iter 69: f=0.00022501108
*
BFGS iter 70: f=0.00022998661
BFGS iter 71: f=0.00022996413
BFGS iter 72: f=0.00022970985
BFGS iter 73: f=0.00022925714
BFGS iter 74: f=0.00022920185
BFGS iter 75: f=0.00022917624
BFGS iter 76: f=0.00022916597
BFGS iter 77: f=0.00022916038
BFGS iter 78: f=0.00022914681
BFGS iter 79: f=0.00022912953
BFGS iter 80: f=0.00022910322
BFGS iter 81: f=0.00022904307
BFGS iter 82: f=0.00022888187
BFGS iter 83: f=0.0002284453
BFGS iter 84: f=0.00022825429
BFGS iter 85: f=0.00022799849
BFGS iter 86: f=0.00022789756
BFGS iter 87: f=0.00022781982
BFGS iter 88: f=0.00022779447
BFGS iter 89: f=0.00022774583
BFGS iter 90: f=0.0002276895
BFGS iter 91: f=0.0002276611
BFGS iter 92: f=0.00022762736
BFGS iter 93: f=0.00022760104
BFGS iter 94: f=0.00022753808
BFGS iter 95: f=0.00022750974
BFGS iter 96: f=0.00022740406
BFGS iter 97: f=0.0002270352
BFGS iter 98: f=0.00022676462
BFGS iter 99: f=0.00022631363
*
BFGS iter 100: f=0.00022850667
BFGS iter 101: f=0.00022836469
BFGS iter 102: f=0.00022818403
BFGS iter 103: f=0.00022809552
BFGS iter 104: f=0.00022793442
BFGS iter 105: f=0.00022791166
BFGS iter 106: f=0.0002278694
BFGS iter 107: f=0.00022778792
BFGS iter 108: f=0.00022776013
BFGS iter 109: f=0.00022774318
BFGS iter 110: f=0.0002277276
BFGS iter 111: f=0.0002276995
BFGS iter 112: f=0.00022755446
BFGS iter 113: f=0.00022747112
BFGS iter 114: f=0.00022736993
BFGS iter 115: f=0.00022724646
BFGS iter 116: f=0.00022717269
BFGS iter 117: f=0.00022699326
BFGS iter 118: f=0.00022689515
BFGS iter 119: f=0.00022678216
BFGS iter 120: f=0.0002266357
BFGS iter 121: f=0.00022654357
BFGS iter 122: f=0.0002264232
BFGS iter 123: f=0.00022636255
BFGS iter 124: f=0.00022631891
BFGS iter 125: f=0.00022630873
BFGS iter 126: f=0.0002262752
BFGS iter 127: f=0.00022617776
BFGS iter 128: f=0.00022598253
BFGS iter 129: f=0.00022590313
BFGS iter 130: f=0.00022577635
BFGS iter 131: f=0.00022562174
BFGS iter 132: f=0.00022522152
BFGS iter 133: f=0.00022487172
BFGS iter 134: f=0.00022466576
BFGS iter 135: f=0.00022456943
BFGS iter 136: f=0.00022449108
BFGS iter 137: f=0.0002242778
BFGS iter 138: f=0.00022397674
BFGS iter 139: f=0.00022372698
BFGS iter 140: f=0.00022357353
BFGS iter 141: f=0.00022327564
BFGS iter 142: f=0.00022304124
BFGS iter 143: f=0.00022269985
BFGS iter 144: f=0.00022259269
BFGS iter 145: f=0.00022246365
BFGS iter 146: f=0.0002223444
BFGS iter 147: f=0.00022214737
BFGS iter 148: f=0.00022192082
BFGS iter 149: f=0.00022156174
*
BFGS iter 150: f=0.00022182832
BFGS iter 151: f=0.00022175518
BFGS iter 152: f=0.00022170894
BFGS iter 153: f=0.00022165798
BFGS iter 154: f=0.00022161591
BFGS iter 155: f=0.00022158982
BFGS iter 156: f=0.00022149307
BFGS iter 157: f=0.00022144096
BFGS iter 158: f=0.00022140658
BFGS iter 159: f=0.00022123243
BFGS iter 160: f=0.00022112399
BFGS iter 161: f=0.00022103364
BFGS iter 162: f=0.00022087917
BFGS iter 163: f=0.00022050501
BFGS iter 164: f=0.00022037899
BFGS iter 165: f=0.00021996496
BFGS iter 166: f=0.00021987447
BFGS iter 167: f=0.00021974207
BFGS iter 168: f=0.00021957457
BFGS iter 169: f=0.00021938392
BFGS iter 170: f=0.00021918244
BFGS iter 171: f=0.00021886536
BFGS iter 172: f=0.00021854129
BFGS iter 173: f=0.00021845175
BFGS iter 174: f=0.00021830231
BFGS iter 175: f=0.00021816939
BFGS iter 176: f=0.0002179585
BFGS iter 177: f=0.0002178089
BFGS iter 178: f=0.0002177489
BFGS iter 179: f=0.00021766134
BFGS iter 180: f=0.00021760961
BFGS iter 181: f=0.00021756534
BFGS iter 182: f=0.00021740076
BFGS iter 183: f=0.00021721105
BFGS iter 184: f=0.00021665335
BFGS iter 185: f=0.00021622122
BFGS iter 186: f=0.00021593231
BFGS iter 187: f=0.00021583092
BFGS iter 188: f=0.00021567302
BFGS iter 189: f=0.00021561992
BFGS iter 190: f=0.00021554662
BFGS iter 191: f=0.00021547352
BFGS iter 192: f=0.00021532724
BFGS iter 193: f=0.00021521128
BFGS iter 194: f=0.00021506351
BFGS iter 195: f=0.00021497318
BFGS iter 196: f=0.00021489815
BFGS iter 197: f=0.0002148574
BFGS iter 198: f=0.00021482038
BFGS iter 199: f=0.00021479895
BFGS iter 200: f=0.0002147679
BFGS iter 201: f=0.00021471229
BFGS iter 202: f=0.00021468993
BFGS iter 203: f=0.00021466373
BFGS iter 204: f=0.00021464883
BFGS iter 205: f=0.00021463658
BFGS iter 206: f=0.00021462739
BFGS iter 207: f=0.00021461126
BFGS iter 208: f=0.00021458318
BFGS iter 209: f=0.00021450579
BFGS iter 210: f=0.00021445994
BFGS iter 211: f=0.00021438233
BFGS iter 212: f=0.0002143126
BFGS iter 213: f=0.00021417901
BFGS iter 214: f=0.00021410691
BFGS iter 215: f=0.00021393969
BFGS iter 216: f=0.00021373967
BFGS iter 217: f=0.00021350081
BFGS iter 218: f=0.00021322054
BFGS iter 219: f=0.00021286914
BFGS iter 220: f=0.0002126492
BFGS iter 221: f=0.00021226034
BFGS iter 222: f=0.00021208465
BFGS iter 223: f=0.00021196702
BFGS iter 224: f=0.00021191843
BFGS iter 225: f=0.00021186472
BFGS iter 226: f=0.00021184094
BFGS iter 227: f=0.00021182849
BFGS iter 228: f=0.00021182163
BFGS iter 229: f=0.00021180768
BFGS iter 230: f=0.00021172265
BFGS iter 231: f=0.00021156593
BFGS iter 232: f=0.00021143123
BFGS iter 233: f=0.00021129989
BFGS iter 234: f=0.00021116308
BFGS iter 235: f=0.00021097201
BFGS iter 236: f=0.00021081131
BFGS iter 237: f=0.00021074826
BFGS iter 238: f=0.00021066405
BFGS iter 239: f=0.00021060071
BFGS iter 240: f=0.00021052111
BFGS iter 241: f=0.00021045422
BFGS iter 242: f=0.00021043092
BFGS iter 243: f=0.00021039585
BFGS iter 244: f=0.00021037019
BFGS iter 245: f=0.00021034412
BFGS iter 246: f=0.00021031667
BFGS iter 247: f=0.00021029982
BFGS iter 248: f=0.00021028124
BFGS iter 249: f=0.0002102574
*
BFGS iter 250: f=0.00021056886
BFGS iter 251: f=0.00021055463
BFGS iter 252: f=0.00021053007
BFGS iter 253: f=0.00021046534
BFGS iter 254: f=0.00021040987
BFGS iter 255: f=0.00021035267
BFGS iter 256: f=0.00021030623
BFGS iter 257: f=0.00021028303
BFGS iter 258: f=0.00021026084
BFGS iter 259: f=0.0002100844
BFGS iter 260: f=0.0002097999
BFGS iter 261: f=0.00020977292
BFGS iter 262: f=0.00020973116
BFGS iter 263: f=0.00020960459
BFGS iter 264: f=0.00020936601
BFGS iter 265: f=0.00020930494
BFGS iter 266: f=0.00020929625
BFGS iter 267: f=0.00020928813
BFGS iter 268: f=0.00020920197
BFGS iter 269: f=0.00020910813
BFGS iter 270: f=0.00020904568
BFGS iter 271: f=0.000208854
BFGS iter 272: f=0.0002085409
BFGS iter 273: f=0.00020826571
BFGS iter 274: f=0.00020796383
BFGS iter 275: f=0.00020767557
BFGS iter 276: f=0.00020738966
BFGS iter 277: f=0.00020714453
BFGS iter 278: f=0.0002068895
BFGS iter 279: f=0.00020664201
BFGS iter 280: f=0.00020643212
BFGS iter 281: f=0.00020622998
BFGS iter 282: f=0.00020603514
BFGS iter 283: f=0.00020579055
BFGS iter 284: f=0.00020559647
BFGS iter 285: f=0.00020532827
BFGS iter 286: f=0.0002051232
BFGS iter 287: f=0.00020495832
BFGS iter 288: f=0.000204822
BFGS iter 289: f=0.00020474982
BFGS iter 290: f=0.00020458165
BFGS iter 291: f=0.00020448847
BFGS iter 292: f=0.00020432696
BFGS iter 293: f=0.00020426231
BFGS iter 294: f=0.0002041361
BFGS iter 295: f=0.0002040531
BFGS iter 296: f=0.00020397348
BFGS iter 297: f=0.0002039031
BFGS iter 298: f=0.00020383733
BFGS iter 299: f=0.00020376951
BFGS iter 300: f=0.0002037137
BFGS iter 301: f=0.00020364857
BFGS iter 302: f=0.00020358452
BFGS iter 303: f=0.00020347068
BFGS iter 304: f=0.000203443
BFGS iter 305: f=0.00020342516
BFGS iter 306: f=0.00020339446
BFGS iter 307: f=0.00020337094
BFGS iter 308: f=0.00020334468
BFGS iter 309: f=0.0002033236
BFGS iter 310: f=0.0002032924
BFGS iter 311: f=0.00020327579
BFGS iter 312: f=0.00020322521
BFGS iter 313: f=0.00020320948
BFGS iter 314: f=0.00020319583
BFGS iter 315: f=0.00020317928
BFGS iter 316: f=0.00020316808
BFGS iter 317: f=0.00020315836
BFGS iter 318: f=0.00020315317
BFGS iter 319: f=0.00020314864
BFGS iter 320: f=0.00020313703
BFGS iter 321: f=0.00020313022
BFGS iter 322: f=0.00020310512
BFGS iter 323: f=0.00020309462
BFGS iter 324: f=0.00020309005
BFGS iter 325: f=0.00020308291
BFGS iter 326: f=0.00020307614
BFGS iter 327: f=0.00020306487
BFGS iter 328: f=0.00020305722
BFGS iter 329: f=0.00020305124
BFGS iter 330: f=0.00020304326
BFGS iter 331: f=0.00020303135
BFGS iter 332: f=0.00020302595
BFGS iter 333: f=0.0002030212
BFGS iter 334: f=0.00020301663
BFGS iter 335: f=0.00020300785
BFGS iter 336: f=0.00020300067
BFGS iter 337: f=0.00020299921
BFGS iter 338: f=0.00020299599
BFGS iter 339: f=0.00020299241
BFGS iter 340: f=0.00020298557
BFGS iter 341: f=0.00020297905
BFGS iter 342: f=0.00020294626
BFGS iter 343: f=0.000202933
BFGS iter 344: f=0.00020288357
BFGS iter 345: f=0.00020286068
BFGS iter 346: f=0.00020280694
BFGS iter 347: f=0.00020276359
BFGS iter 348: f=0.00020269138
BFGS iter 349: f=0.00020266146
BFGS iter 350: f=0.00020260213
BFGS iter 351: f=0.00020254377
BFGS iter 352: f=0.00020248704
BFGS iter 353: f=0.00020241946
BFGS iter 354: f=0.0002023343
BFGS iter 355: f=0.00020231025
BFGS iter 356: f=0.00020226464
BFGS iter 357: f=0.00020223575
BFGS iter 358: f=0.00020217843
BFGS iter 359: f=0.00020214253
BFGS iter 360: f=0.0002020912
BFGS iter 361: f=0.0002020463
BFGS iter 362: f=0.0002020143
BFGS iter 363: f=0.00020194555
BFGS iter 364: f=0.00020187326
BFGS iter 365: f=0.00020176382
BFGS iter 366: f=0.00020166137
BFGS iter 367: f=0.00020143279
BFGS iter 368: f=0.00020126265
BFGS iter 369: f=0.00020097186
BFGS iter 370: f=0.00020077927
BFGS iter 371: f=0.00020041559
BFGS iter 372: f=0.00020027246
BFGS iter 373: f=0.00020002232
BFGS iter 374: f=0.00019983288
BFGS iter 375: f=0.00019965989
BFGS iter 376: f=0.00019955717
BFGS iter 377: f=0.00019945021
BFGS iter 378: f=0.00019940111
BFGS iter 379: f=0.00019931351
BFGS iter 380: f=0.00019927403
BFGS iter 381: f=0.000199234
BFGS iter 382: f=0.00019920574
BFGS iter 383: f=0.00019918341
BFGS iter 384: f=0.00019916036
BFGS iter 385: f=0.00019912934
BFGS iter 386: f=0.00019909744
BFGS iter 387: f=0.00019905521
BFGS iter 388: f=0.00019900086
BFGS iter 389: f=0.00019895601
BFGS iter 390: f=0.0001989245
BFGS iter 391: f=0.00019889005
BFGS iter 392: f=0.00019880635
BFGS iter 393: f=0.00019871906
BFGS iter 394: f=0.00019861356
BFGS iter 395: f=0.00019855417
BFGS iter 396: f=0.00019848651
BFGS iter 397: f=0.00019842007
BFGS iter 398: f=0.00019837363
BFGS iter 399: f=0.00019835738
*
BFGS iter 400: f=0.00020524111
BFGS iter 401: f=0.00020523723
BFGS iter 402: f=0.00020522928
BFGS iter 403: f=0.00020510069
BFGS iter 404: f=0.00020504331
BFGS iter 405: f=0.00020493634
BFGS iter 406: f=0.0002047595
BFGS iter 407: f=0.00020468748
BFGS iter 408: f=0.0002046405
BFGS iter 409: f=0.00020457015
BFGS iter 410: f=0.00020432348
BFGS iter 411: f=0.00020420426
BFGS iter 412: f=0.00020386081
BFGS iter 413: f=0.00020346073
BFGS iter 414: f=0.00020302423
BFGS iter 415: f=0.00020184609
BFGS iter 416: f=0.00020161674
BFGS iter 417: f=0.00020152922
BFGS iter 418: f=0.0002015102
BFGS iter 419: f=0.00020149213
BFGS iter 420: f=0.00020144245
BFGS iter 421: f=0.00020141277
BFGS iter 422: f=0.0002013907
BFGS iter 423: f=0.00020137871
BFGS iter 424: f=0.00020137251
BFGS iter 425: f=0.00020137132
BFGS iter 426: f=0.00020137066
BFGS iter 427: f=0.00020133928
BFGS iter 428: f=0.00020130517
BFGS iter 429: f=0.00020129513
BFGS iter 430: f=0.00020129415
BFGS iter 431: f=0.0002012933
BFGS iter 432: f=0.0002012833
BFGS iter 433: f=0.00020117311
BFGS iter 434: f=0.00020103784
BFGS iter 435: f=0.00020084558
BFGS iter 436: f=0.00020075502
BFGS iter 437: f=0.00020053072
BFGS iter 438: f=0.00020045796
BFGS iter 439: f=0.00020044743
BFGS iter 440: f=0.00020043639
BFGS iter 441: f=0.00020042883
BFGS iter 442: f=0.00020041891
BFGS iter 443: f=0.00020038006
BFGS iter 444: f=0.00020032836
BFGS iter 445: f=0.0002002497
BFGS iter 446: f=0.00020022335
BFGS iter 447: f=0.00020021069
BFGS iter 448: f=0.00020020058
BFGS iter 449: f=0.00020017683
BFGS ended due to small decr. in 50 iterations
MTPR training ended
Rescaling...
   scaling = 0.059496682, condition number = 61.028111
   scaling = 0.064905472, condition number = 53.009145
   scaling = 0.071396019, condition number = 58.812304
   scaling = 0.078535621, condition number = 53.214155
   scaling = 0.085675222, condition number = 46.23776
Rescaling to 0.085675222... done
Rescaling...
   scaling = 0.071396019, condition number = 58.812301
   scaling = 0.077886566, condition number = 53.811505
   scaling = 0.085675222, condition number = 46.23776
   scaling = 0.094242745, condition number = 29.786642
   scaling = 0.10281027, condition number = 20.050052
Rescaling to 0.10281027... done
Rescaling...
   scaling = 0.085675222, condition number = 46.237763
   scaling = 0.093463879, condition number = 31.570285
   scaling = 0.10281027, condition number = 20.050051
   scaling = 0.11309129, condition number = 16.287868
   scaling = 0.12337232, condition number = 14.602382
Rescaling to 0.12337232... done
Rescaling...
   scaling = 0.10281027, condition number = 20.050052
   scaling = 0.11215665, condition number = 16.812333
   scaling = 0.12337232, condition number = 14.602382
   scaling = 0.13570955, condition number = 13.07963
   scaling = 0.14804678, condition number = 10.106384
Rescaling to 0.14804678... done
Rescaling...
   scaling = 0.12337232, condition number = 14.602382
   scaling = 0.13458799, condition number = 13.423731
   scaling = 0.14804678, condition number = 10.106384
   scaling = 0.16285146, condition number = 11.327493
   scaling = 0.17765614, condition number = 15.297671
Rescaling to 0.14804678... done
_________________Errors report_________________
Energy:
	Errors checked for 56 configurations
	Maximal absolute difference = 0.0218334
	Average absolute difference = 0.00200787
	RMS     absolute difference = 0.00584963

Energy per atom:
	Errors checked for 56 configurations
	Maximal absolute difference = 0.0218334
	Average absolute difference = 0.00200787
	RMS     absolute difference = 0.00584963

Forces:
	Errors checked for 102 atoms
	Maximal absolute difference = 0.0762305
	Average absolute difference = 0.0687569
	RMS     absolute difference = 0.0723973
	Max(ForceDiff) / Max(Force) = 0.0496192
	RMS(ForceDiff) / RMS(Force) = 0.0496192

Stresses (in energy units):
	Errors checked for 56 configurations
	Maximal absolute difference = 1.07543
	Average absolute difference = 0.165191
	RMS     absolute difference = 0.227186
	Max(StresDiff) / Max(Stres) = 0.304879
	RMS(StresDiff) / RMS(Stres) = 0.0710518

Virial stresses (in pressure units):
	Errors checked for 56 configurations
	Maximal absolute difference = 3.32472
	Average absolute difference = 2.90052
	RMS     absolute difference = 3.057
	Max(StresDiff) / Max(Stres) = 0.0377169
	RMS(StresDiff) / RMS(Stres) = 0.0382639
_______________________________________________

	batch_size = 9999
	swap_limit = 0
	weight_scaling = 2
	energy_weight = 1.000000
	force_weight = 0.000000
	init_value = 0.000001
	site_en_weight = 0.000000
	stress_weight = 0.000000
	threshold = 1.001000
Selection: state saved to "mtp_V25.mtp"
training complete
