Selection data found
Basic trainer initialization complete
	auto-minmax-magmom = false
	init_random = false
	no_mindist_update = false
	skip_preinit = false
	iteration_limit = 1000
	weight_scaling = 1
	weight_scaling_forces = 0
	energy_weight = 1.000000
	force_weight = 0.010000
	penalty_weight = 0.000001
	scale_by_force = 0.000000
	select_factor = 1.000000
	stress_weight = 0.001000
	tolerance = 0.001000
	log = stdout
	save_to = mtp_V94.mtp
125 configurations found in the training set
Minimal interatomic distance in the training set is 1.56937. MTP's mindist will be updated
Iteration limit is 1000
Convergence tolerance is 0.001
Energy weight: 1
Force weight: 0.01
Stress weight: 0.001
MTPR training started on 1 core(s)
BFGS iter 0: f=7.16708e-05
BFGS ended due to small decr. for 1 iteration
BFGS iter 1: f=7.16708e-05
MTPR training ended
Rescaling...
   scaling = 0.84728009, condition number = 28.138836
   scaling = 0.92430556, condition number = 25.960122
   scaling = 1.0167361, condition number = 25.302802
   scaling = 1.1184097, condition number = 26.347024
   scaling = 1.2200833, condition number = 28.62901
Rescaling to 1.0167361... done
_________________Errors report_________________
Energy:
	Errors checked for 125 configurations
	Maximal absolute difference = 0.0214651
	Average absolute difference = 0.000656945
	RMS     absolute difference = 0.00334438

Energy per atom:
	Errors checked for 125 configurations
	Maximal absolute difference = 0.0214651
	Average absolute difference = 0.00065693
	RMS     absolute difference = 0.00334438

Forces:
	Errors checked for 240 atoms
	Maximal absolute difference = 0.000738649
	Average absolute difference = 0.000707872
	RMS     absolute difference = 0.000723097
	Max(ForceDiff) / Max(Force) = 0.000480794
	RMS(ForceDiff) / RMS(Force) = 0.000480794

Stresses (in energy units):
	Errors checked for 125 configurations
	Maximal absolute difference = 1.10691
	Average absolute difference = 0.0365032
	RMS     absolute difference = 0.126391
	Max(StresDiff) / Max(Stres) = 0.313803
	RMS(StresDiff) / RMS(Stres) = 0.0373542

Virial stresses (in pressure units):
	Errors checked for 125 configurations
	Maximal absolute difference = 3.42204
	Average absolute difference = 0.451498
	RMS     absolute difference = 0.559358
	Max(StresDiff) / Max(Stres) = 0.038821
	RMS(StresDiff) / RMS(Stres) = 0.00661571
_______________________________________________

	batch_size = 9999
	swap_limit = 0
	weight_scaling = 2
	energy_weight = 1.000000
	force_weight = 0.000000
	init_value = 0.000001
	site_en_weight = 0.000000
	stress_weight = 0.000000
	threshold = 1.001000
Selection: state saved to "mtp_V94.mtp"
training complete
