Selection data found
Basic trainer initialization complete
	auto-minmax-magmom = false
	init_random = false
	no_mindist_update = false
	skip_preinit = false
	iteration_limit = 1000
	weight_scaling = 1
	weight_scaling_forces = 0
	energy_weight = 1.000000
	force_weight = 0.010000
	penalty_weight = 0.000001
	scale_by_force = 0.000000
	select_factor = 1.000000
	stress_weight = 0.001000
	tolerance = 0.001000
	log = stdout
	save_to = mtp_V10.mtp
111 configurations found in the training set
Minimal interatomic distance in the training set is 1.54422. MTP's mindist will be updated
Iteration limit is 1000
Convergence tolerance is 0.001
Energy weight: 1
Force weight: 0.01
Stress weight: 0.001
MTPR training started on 1 core(s)
BFGS iter 0: f=0.0693429
BFGS iter 1: f=0.0693429
BFGS iter 2: f=0.0693428
BFGS iter 3: f=0.0693427
BFGS iter 4: f=0.0693426
BFGS iter 5: f=0.0693424
BFGS iter 6: f=0.0693423
BFGS iter 7: f=0.0693408
BFGS iter 8: f=0.0693393
BFGS iter 9: f=0.0693355
BFGS iter 10: f=0.0693286
BFGS iter 11: f=0.0693167
BFGS iter 12: f=0.069302
BFGS iter 13: f=0.0692827
BFGS iter 14: f=0.0692725
BFGS iter 15: f=0.0692625
BFGS iter 16: f=0.0692485
BFGS iter 17: f=0.0692383
BFGS iter 18: f=0.0692315
BFGS iter 19: f=0.0692269
BFGS iter 20: f=0.069225
BFGS iter 21: f=0.0692224
BFGS iter 22: f=0.0692206
BFGS iter 23: f=0.0692184
BFGS iter 24: f=0.069215
BFGS iter 25: f=0.0097376435
BFGS iter 26: f=0.0097376426
BFGS iter 27: f=0.0097375567
BFGS iter 28: f=0.0097375269
BFGS iter 29: f=0.0097374872
BFGS iter 30: f=0.0097374188
BFGS iter 31: f=0.0097372782
BFGS iter 32: f=0.0097364877
BFGS iter 33: f=0.0097341151
BFGS iter 34: f=0.0097318696
BFGS iter 35: f=0.0097280963
BFGS iter 36: f=0.009725589
BFGS iter 37: f=0.0097240292
BFGS iter 38: f=0.0097220022
BFGS iter 39: f=0.0097183901
BFGS iter 40: f=0.0097173872
BFGS iter 41: f=0.009715463
BFGS iter 42: f=0.0097114204
BFGS iter 43: f=0.0097039683
BFGS iter 44: f=0.0096960158
BFGS iter 45: f=0.0096916592
BFGS iter 46: f=0.0096888234
BFGS iter 47: f=0.0096861342
BFGS iter 48: f=0.0096829963
BFGS iter 49: f=0.0096802858
BFGS iter 50: f=0.0096750245
BFGS iter 51: f=0.0096680108
BFGS iter 52: f=0.0096634432
BFGS iter 53: f=0.0096468831
BFGS iter 54: f=0.0096370311
BFGS iter 55: f=0.0096211818
BFGS iter 56: f=0.0096156682
BFGS iter 57: f=0.0096105907
BFGS iter 58: f=0.0096064971
BFGS iter 59: f=0.0096025258
BFGS iter 60: f=0.0095991893
BFGS iter 61: f=0.0095975039
BFGS iter 62: f=0.009596917
BFGS iter 63: f=0.0095963953
BFGS iter 64: f=0.0095952974
BFGS iter 65: f=0.0095944476
BFGS iter 66: f=0.0095936396
BFGS iter 67: f=0.0095923945
BFGS iter 68: f=0.0095890903
BFGS iter 69: f=0.0095828681
*
BFGS iter 70: f=0.0096472407
BFGS iter 71: f=0.0096468522
BFGS iter 72: f=0.009644075
BFGS iter 73: f=0.009636418
BFGS iter 74: f=0.0096351677
BFGS iter 75: f=0.0096307019
BFGS iter 76: f=0.0096285609
BFGS iter 77: f=0.0096258544
BFGS iter 78: f=0.0096226991
BFGS iter 79: f=0.0096198381
BFGS iter 80: f=0.00961756
BFGS iter 81: f=0.0096138041
BFGS iter 82: f=0.0096006937
BFGS iter 83: f=0.0095949359
BFGS iter 84: f=0.0095880666
BFGS iter 85: f=0.0095816135
BFGS iter 86: f=0.0095769932
BFGS iter 87: f=0.0095742867
BFGS iter 88: f=0.0095721829
BFGS iter 89: f=0.009568818
BFGS iter 90: f=0.0095662406
BFGS iter 91: f=0.0095645248
BFGS iter 92: f=0.0095626885
BFGS iter 93: f=0.0095603073
BFGS iter 94: f=0.0095568036
BFGS iter 95: f=0.009551395
BFGS iter 96: f=0.0095466339
BFGS iter 97: f=0.0095449627
BFGS iter 98: f=0.0095382538
BFGS iter 99: f=0.0095318996
*
BFGS iter 100: f=0.0096670553
BFGS iter 101: f=0.0096669184
BFGS iter 102: f=0.0096660647
BFGS iter 103: f=0.0096653299
BFGS iter 104: f=0.0096645659
BFGS iter 105: f=0.0096632587
BFGS iter 106: f=0.009660119
BFGS iter 107: f=0.0096580049
BFGS iter 108: f=0.0096531092
BFGS iter 109: f=0.0096477519
BFGS iter 110: f=0.0096389951
BFGS iter 111: f=0.0096380506
BFGS iter 112: f=0.0096373937
BFGS iter 113: f=0.0096349073
BFGS iter 114: f=0.0096313753
BFGS iter 115: f=0.0096293874
BFGS iter 116: f=0.0096159378
BFGS iter 117: f=0.009604418
BFGS iter 118: f=0.0095991814
BFGS iter 119: f=0.0095969451
BFGS iter 120: f=0.0095960228
BFGS iter 121: f=0.0095954734
BFGS iter 122: f=0.0095950639
BFGS iter 123: f=0.0095879363
BFGS iter 124: f=0.0095720444
BFGS iter 125: f=0.0095567548
BFGS iter 126: f=0.0095485451
BFGS iter 127: f=0.0095414875
BFGS iter 128: f=0.0095393142
BFGS iter 129: f=0.009537946
BFGS iter 130: f=0.0095371101
BFGS iter 131: f=0.0095365335
BFGS iter 132: f=0.0095357787
BFGS iter 133: f=0.0095333527
BFGS iter 134: f=0.0095289505
BFGS iter 135: f=0.009524217
BFGS iter 136: f=0.0095171484
BFGS iter 137: f=0.0095111676
BFGS iter 138: f=0.0095034188
BFGS iter 139: f=0.0094980836
BFGS iter 140: f=0.0094896936
BFGS iter 141: f=0.0094808573
BFGS iter 142: f=0.009471494
BFGS iter 143: f=0.0094654187
BFGS iter 144: f=0.0094605092
BFGS iter 145: f=0.0094538123
BFGS iter 146: f=0.009447314
BFGS iter 147: f=0.0094388161
BFGS iter 148: f=0.0094322683
BFGS iter 149: f=0.0094276489
*
BFGS iter 150: f=0.010147591
BFGS iter 151: f=0.010147544
BFGS iter 152: f=0.010147387
BFGS iter 153: f=0.010146306
BFGS iter 154: f=0.01014539
BFGS iter 155: f=0.010144553
BFGS iter 156: f=0.010143141
BFGS iter 157: f=0.010139442
BFGS iter 158: f=0.010138743
BFGS iter 159: f=0.010130961
BFGS iter 160: f=0.010089476
BFGS iter 161: f=0.010072578
BFGS iter 162: f=0.010053359
BFGS iter 163: f=0.010042739
BFGS iter 164: f=0.010040631
BFGS iter 165: f=0.010039262
BFGS iter 166: f=0.010038195
BFGS iter 167: f=0.010035419
BFGS iter 168: f=0.010018784
BFGS iter 169: f=0.0099947813
BFGS iter 170: f=0.0099915068
BFGS iter 171: f=0.0099871227
BFGS iter 172: f=0.0099844952
BFGS iter 173: f=0.009982964
BFGS iter 174: f=0.009979013
BFGS iter 175: f=0.0099727875
BFGS iter 176: f=0.0099680509
BFGS iter 177: f=0.009964667
BFGS iter 178: f=0.009960612
BFGS iter 179: f=0.0099537051
BFGS iter 180: f=0.0099498966
BFGS iter 181: f=0.0099437293
BFGS iter 182: f=0.0099387648
BFGS iter 183: f=0.0099215109
BFGS iter 184: f=0.0098905297
BFGS iter 185: f=0.0098813657
BFGS iter 186: f=0.0098745892
BFGS iter 187: f=0.0098733712
BFGS iter 188: f=0.0098729493
BFGS iter 189: f=0.0098724026
BFGS iter 190: f=0.0098718628
BFGS iter 191: f=0.0098712376
BFGS iter 192: f=0.0098704409
BFGS iter 193: f=0.0098682311
BFGS iter 194: f=0.0098548285
BFGS iter 195: f=0.0098223097
BFGS iter 196: f=0.0098118825
BFGS iter 197: f=0.009791068
BFGS iter 198: f=0.0097792464
BFGS iter 199: f=0.0097683473
BFGS ended due to small decr. in 50 iterations
MTPR training ended
Rescaling...
   scaling = 0.028220163, condition number = 13.596476
   scaling = 0.030785632, condition number = 17.469449
   scaling = 0.033864195, condition number = 29.861084
   scaling = 0.037250615, condition number = 24.15946
   scaling = 0.040637035, condition number = 23.555769
Rescaling to 0.028220163... done
Rescaling...
   scaling = 0.023516802, condition number = 14.991427
   scaling = 0.025654694, condition number = 13.410784
   scaling = 0.028220163, condition number = 13.596475
   scaling = 0.031042179, condition number = 18.642093
   scaling = 0.033864195, condition number = 29.861084
Rescaling to 0.025654694... done
Rescaling...
   scaling = 0.021378911, condition number = 15.875353
   scaling = 0.023322449, condition number = 15.241268
   scaling = 0.025654694, condition number = 13.410784
   scaling = 0.028220163, condition number = 13.596475
   scaling = 0.030785632, condition number = 17.469449
Rescaling to 0.025654694... done
_________________Errors report_________________
Energy:
	Errors checked for 111 configurations
	Maximal absolute difference = 0.24497
	Average absolute difference = 0.07328
	RMS     absolute difference = 0.116877

Energy per atom:
	Errors checked for 111 configurations
	Maximal absolute difference = 0.122485
	Average absolute difference = 0.0371625
	RMS     absolute difference = 0.058524

Forces:
	Errors checked for 212 atoms
	Maximal absolute difference = 0.149865
	Average absolute difference = 0.0532983
	RMS     absolute difference = 0.0713298
	Max(ForceDiff) / Max(Force) = 0.0621566
	RMS(ForceDiff) / RMS(Force) = 0.0530386

Stresses (in energy units):
	Errors checked for 111 configurations
	Maximal absolute difference = 6.58715
	Average absolute difference = 2.02394
	RMS     absolute difference = 2.90932
	Max(StresDiff) / Max(Stres) = 1.12856
	RMS(StresDiff) / RMS(Stres) = 0.576714

Virial stresses (in pressure units):
	Errors checked for 111 configurations
	Maximal absolute difference = 169.738
	Average absolute difference = 49.1089
	RMS     absolute difference = 72.4248
	Max(StresDiff) / Max(Stres) = 1.09471
	RMS(StresDiff) / RMS(Stres) = 0.571981
_______________________________________________

	batch_size = 9999
	swap_limit = 0
	weight_scaling = 2
	energy_weight = 1.000000
	force_weight = 0.000000
	init_value = 0.000001
	site_en_weight = 0.000000
	stress_weight = 0.000000
	threshold = 1.001000
Selection: state saved to "mtp_V10.mtp"
training complete
