Selection data found
Basic trainer initialization complete
	auto-minmax-magmom = false
	init_random = false
	no_mindist_update = false
	skip_preinit = false
	iteration_limit = 1000
	weight_scaling = 1
	weight_scaling_forces = 0
	energy_weight = 1.000000
	force_weight = 0.010000
	penalty_weight = 0.000001
	scale_by_force = 0.000000
	select_factor = 1.000000
	stress_weight = 0.001000
	tolerance = 0.001000
	log = stdout
	save_to = mtp_V32.mtp
63 configurations found in the training set
Minimal interatomic distance in the training set is 1.56937. MTP's mindist will be updated
Iteration limit is 1000
Convergence tolerance is 0.001
Energy weight: 1
Force weight: 0.01
Stress weight: 0.001
MTPR training started on 1 core(s)
BFGS iter 0: f=0.000325723
BFGS iter 1: f=0.000325723
BFGS iter 2: f=0.000325723
BFGS iter 3: f=0.000325722
BFGS iter 4: f=0.000325722
BFGS iter 5: f=0.000325722
BFGS iter 6: f=0.000325721
BFGS iter 7: f=0.000325717
BFGS iter 8: f=0.000325714
BFGS iter 9: f=0.00032571
BFGS iter 10: f=0.000325708
BFGS iter 11: f=0.000325648
BFGS iter 12: f=0.000325612
BFGS iter 13: f=0.000325528
BFGS iter 14: f=0.000325491
BFGS iter 15: f=0.000325434
BFGS iter 16: f=0.000325285
BFGS iter 17: f=0.000325237
BFGS iter 18: f=0.000325186
BFGS iter 19: f=0.00032513
BFGS iter 20: f=0.000325103
BFGS iter 21: f=0.000325094
BFGS iter 22: f=0.00032509
BFGS iter 23: f=0.000325082
BFGS iter 24: f=0.000325076
BFGS iter 25: f=0.00013181937
BFGS iter 26: f=0.00013181937
BFGS iter 27: f=0.00013181937
BFGS iter 28: f=0.00013181875
BFGS iter 29: f=0.00013181827
BFGS iter 30: f=0.00013181764
BFGS iter 31: f=0.00013181741
BFGS iter 32: f=0.00013181661
BFGS iter 33: f=0.00013181097
BFGS iter 34: f=0.00013180603
BFGS iter 35: f=0.00013180521
BFGS iter 36: f=0.00013177929
BFGS iter 37: f=0.00013175111
BFGS iter 38: f=0.00013171583
BFGS iter 39: f=0.00013169329
BFGS iter 40: f=0.00013161668
BFGS iter 41: f=0.00013158368
BFGS iter 42: f=0.00013154282
BFGS iter 43: f=0.00013147772
BFGS iter 44: f=0.00013140699
BFGS iter 45: f=0.0001312768
BFGS iter 46: f=0.00013118862
BFGS iter 47: f=0.00013110054
BFGS iter 48: f=0.00013098811
BFGS iter 49: f=0.00013094579
BFGS iter 50: f=0.00013088397
BFGS iter 51: f=0.00013079498
BFGS iter 52: f=0.00013075064
BFGS iter 53: f=0.00013068841
BFGS iter 54: f=0.00013066319
BFGS iter 55: f=0.00013059213
BFGS iter 56: f=0.00013054228
BFGS iter 57: f=0.0001304802
BFGS iter 58: f=0.00013038469
BFGS iter 59: f=0.00013034847
BFGS iter 60: f=0.00013027915
BFGS iter 61: f=0.00013021288
BFGS iter 62: f=0.00013015387
BFGS iter 63: f=0.00013006516
BFGS iter 64: f=0.00012991634
BFGS iter 65: f=0.00012980324
BFGS iter 66: f=0.00012956438
BFGS iter 67: f=0.00012950916
BFGS iter 68: f=0.00012941506
BFGS iter 69: f=0.00012922126
BFGS iter 70: f=0.00012913279
BFGS iter 71: f=0.00012913071
BFGS iter 72: f=0.0001291153
BFGS iter 73: f=0.00012904814
BFGS iter 74: f=0.00012901051
BFGS iter 75: f=0.00012899307
BFGS iter 76: f=0.00012898264
BFGS iter 77: f=0.00012895005
BFGS iter 78: f=0.00012893564
BFGS iter 79: f=0.00012892973
BFGS iter 80: f=0.00012892876
BFGS iter 81: f=0.00012892735
BFGS iter 82: f=0.00012892492
BFGS iter 83: f=0.00012890399
BFGS iter 84: f=0.00012882137
BFGS iter 85: f=0.00012880355
BFGS iter 86: f=0.00012874847
BFGS iter 87: f=0.00012872716
BFGS iter 88: f=0.00012871885
BFGS iter 89: f=0.00012871411
BFGS iter 90: f=0.00012870777
BFGS iter 91: f=0.00012868895
BFGS iter 92: f=0.00012865722
BFGS iter 93: f=0.00012864866
BFGS iter 94: f=0.00012864133
BFGS iter 95: f=0.00012863975
BFGS iter 96: f=0.00012863783
BFGS iter 97: f=0.0001285706
BFGS iter 98: f=0.00012853185
BFGS iter 99: f=0.00012845181
*
BFGS iter 100: f=0.00012886442
BFGS iter 101: f=0.00012885947
BFGS iter 102: f=0.00012882694
BFGS iter 103: f=0.00012880196
BFGS iter 104: f=0.00012875946
BFGS iter 105: f=0.00012871147
BFGS iter 106: f=0.00012864551
BFGS iter 107: f=0.00012859937
BFGS iter 108: f=0.00012855841
BFGS iter 109: f=0.00012850238
BFGS iter 110: f=0.00012846569
BFGS iter 111: f=0.00012843073
BFGS iter 112: f=0.00012838437
BFGS iter 113: f=0.00012833756
BFGS iter 114: f=0.00012832023
BFGS iter 115: f=0.00012830635
BFGS iter 116: f=0.00012829164
BFGS iter 117: f=0.00012828117
BFGS iter 118: f=0.00012827389
BFGS iter 119: f=0.00012827229
BFGS iter 120: f=0.00012827069
BFGS iter 121: f=0.00012826667
BFGS iter 122: f=0.00012825259
BFGS iter 123: f=0.00012822313
BFGS iter 124: f=0.00012820242
BFGS iter 125: f=0.00012817671
BFGS iter 126: f=0.0001281612
BFGS iter 127: f=0.00012815162
BFGS iter 128: f=0.00012814973
BFGS iter 129: f=0.00012814575
BFGS iter 130: f=0.00012813916
BFGS iter 131: f=0.00012811997
BFGS iter 132: f=0.0001281091
BFGS iter 133: f=0.00012807671
BFGS iter 134: f=0.00012806653
BFGS iter 135: f=0.00012804647
BFGS iter 136: f=0.00012802967
BFGS iter 137: f=0.00012800643
BFGS iter 138: f=0.00012799214
BFGS iter 139: f=0.00012794609
BFGS iter 140: f=0.0001279244
BFGS iter 141: f=0.00012788621
BFGS iter 142: f=0.0001278086
BFGS iter 143: f=0.00012772867
BFGS iter 144: f=0.000127637
BFGS iter 145: f=0.00012752177
BFGS iter 146: f=0.00012744488
BFGS iter 147: f=0.00012734317
BFGS iter 148: f=0.00012728211
BFGS iter 149: f=0.00012720914
*
BFGS iter 150: f=0.00012903776
BFGS iter 151: f=0.00012903748
BFGS iter 152: f=0.0001290346
BFGS iter 153: f=0.00012901963
BFGS iter 154: f=0.00012901675
BFGS iter 155: f=0.00012901215
BFGS iter 156: f=0.00012899616
BFGS iter 157: f=0.00012893788
BFGS iter 158: f=0.00012882717
BFGS iter 159: f=0.00012878973
BFGS iter 160: f=0.00012875405
BFGS iter 161: f=0.00012866768
BFGS iter 162: f=0.00012863057
BFGS iter 163: f=0.00012860175
BFGS iter 164: f=0.00012849445
BFGS iter 165: f=0.000128349
BFGS iter 166: f=0.00012819212
BFGS iter 167: f=0.00012755964
BFGS iter 168: f=0.00012747413
BFGS iter 169: f=0.00012733379
BFGS iter 170: f=0.00012730467
BFGS iter 171: f=0.00012727864
BFGS iter 172: f=0.0001272639
BFGS iter 173: f=0.00012725191
BFGS iter 174: f=0.00012723349
BFGS iter 175: f=0.00012718652
BFGS iter 176: f=0.00012705694
BFGS iter 177: f=0.00012694705
BFGS iter 178: f=0.00012684818
BFGS iter 179: f=0.00012680585
BFGS iter 180: f=0.00012676166
BFGS iter 181: f=0.00012670989
BFGS iter 182: f=0.00012667921
BFGS iter 183: f=0.00012664138
BFGS iter 184: f=0.00012658183
BFGS iter 185: f=0.00012655958
BFGS iter 186: f=0.00012653194
BFGS iter 187: f=0.00012651768
BFGS iter 188: f=0.00012649699
BFGS iter 189: f=0.00012648942
BFGS iter 190: f=0.00012647957
BFGS iter 191: f=0.00012647319
BFGS iter 192: f=0.00012646706
BFGS iter 193: f=0.00012646219
BFGS iter 194: f=0.00012645996
BFGS iter 195: f=0.00012645787
BFGS iter 196: f=0.00012645647
BFGS iter 197: f=0.00012645413
BFGS iter 198: f=0.00012645037
BFGS iter 199: f=0.0001264449
BFGS iter 200: f=0.00012642282
BFGS iter 201: f=0.00012640676
BFGS iter 202: f=0.00012635573
BFGS iter 203: f=0.0001262255
BFGS iter 204: f=0.00012616684
BFGS iter 205: f=0.00012592137
BFGS iter 206: f=0.00012584096
BFGS iter 207: f=0.00012576413
BFGS iter 208: f=0.00012571658
BFGS iter 209: f=0.00012568488
BFGS iter 210: f=0.00012565851
BFGS iter 211: f=0.00012564459
BFGS iter 212: f=0.00012563525
BFGS iter 213: f=0.00012563336
BFGS iter 214: f=0.00012563213
BFGS iter 215: f=0.00012563132
BFGS iter 216: f=0.00012563096
BFGS iter 217: f=0.00012563032
BFGS iter 218: f=0.00012561099
BFGS iter 219: f=0.0001254922
BFGS iter 220: f=0.00012536254
BFGS iter 221: f=0.00012520235
BFGS iter 222: f=0.0001249033
BFGS iter 223: f=0.0001247168
BFGS iter 224: f=0.00012454825
BFGS iter 225: f=0.00012446622
BFGS iter 226: f=0.0001244142
BFGS iter 227: f=0.00012437432
BFGS iter 228: f=0.00012434033
BFGS iter 229: f=0.00012431163
BFGS iter 230: f=0.00012429466
BFGS iter 231: f=0.00012428048
BFGS iter 232: f=0.00012426074
BFGS iter 233: f=0.00012423881
BFGS iter 234: f=0.00012416028
BFGS iter 235: f=0.00012408901
BFGS iter 236: f=0.00012392139
BFGS iter 237: f=0.00012377206
BFGS iter 238: f=0.00012356776
BFGS iter 239: f=0.00012344794
BFGS iter 240: f=0.00012332452
BFGS iter 241: f=0.00012314253
BFGS iter 242: f=0.00012294631
BFGS iter 243: f=0.00012265098
BFGS iter 244: f=0.00012223977
BFGS iter 245: f=0.00012205598
BFGS iter 246: f=0.00012188997
BFGS iter 247: f=0.0001216653
BFGS iter 248: f=0.00012150066
BFGS iter 249: f=0.00012124108
*
BFGS iter 250: f=0.00013025791
BFGS iter 251: f=0.00013025742
BFGS iter 252: f=0.00013025492
BFGS iter 253: f=0.00013024964
BFGS iter 254: f=0.00013024378
BFGS iter 255: f=0.00013023341
BFGS iter 256: f=0.00013022795
BFGS iter 257: f=0.00013021562
BFGS iter 258: f=0.00013019233
BFGS iter 259: f=0.00013017683
BFGS iter 260: f=0.00013016537
BFGS iter 261: f=0.00013015789
BFGS iter 262: f=0.00013015169
BFGS iter 263: f=0.00013014315
BFGS iter 264: f=0.00013008126
BFGS iter 265: f=0.0001298437
BFGS iter 266: f=0.00012965847
BFGS iter 267: f=0.00012939083
BFGS iter 268: f=0.00012918127
BFGS iter 269: f=0.00012897081
BFGS iter 270: f=0.00012855736
BFGS iter 271: f=0.00012830626
BFGS iter 272: f=0.00012823267
BFGS iter 273: f=0.00012805282
BFGS iter 274: f=0.00012792947
BFGS iter 275: f=0.00012784487
BFGS iter 276: f=0.00012752821
BFGS iter 277: f=0.00012738222
BFGS iter 278: f=0.00012706841
BFGS iter 279: f=0.00012689269
BFGS iter 280: f=0.00012682063
BFGS iter 281: f=0.00012665427
BFGS iter 282: f=0.00012645374
BFGS iter 283: f=0.00012633979
BFGS iter 284: f=0.00012623122
BFGS iter 285: f=0.00012615303
BFGS iter 286: f=0.00012602586
BFGS iter 287: f=0.00012568008
BFGS iter 288: f=0.00012560949
BFGS iter 289: f=0.00012540013
BFGS iter 290: f=0.00012533971
BFGS iter 291: f=0.00012525758
BFGS iter 292: f=0.0001251973
BFGS iter 293: f=0.00012514025
BFGS iter 294: f=0.00012510984
BFGS iter 295: f=0.00012507464
BFGS iter 296: f=0.0001250115
BFGS iter 297: f=0.00012485639
BFGS iter 298: f=0.00012477967
BFGS iter 299: f=0.00012475485
BFGS ended due to small decr. in 50 iterations
MTPR training ended
Rescaling...
   scaling = 0.28140733, condition number = 22.701543
   scaling = 0.30698981, condition number = 25.221639
   scaling = 0.33768879, condition number = 22.492192
   scaling = 0.37145767, condition number = 18.61135
   scaling = 0.40522655, condition number = 19.803166
Rescaling to 0.37145767... done
Rescaling...
   scaling = 0.30954806, condition number = 25.417081
   scaling = 0.33768879, condition number = 22.49039
   scaling = 0.37145767, condition number = 18.611373
   scaling = 0.40860344, condition number = 18.787091
   scaling = 0.44574921, condition number = 17.244556
Rescaling to 0.44574921... done
Rescaling...
   scaling = 0.37145767, condition number = 18.611089
   scaling = 0.40522655, condition number = 19.80326
   scaling = 0.44574921, condition number = 17.244569
   scaling = 0.49032413, condition number = 19.942138
   scaling = 0.53489905, condition number = 25.500615
Rescaling to 0.44574921... done
_________________Errors report_________________
Energy:
	Errors checked for 63 configurations
	Maximal absolute difference = 0.0218474
	Average absolute difference = 0.00168899
	RMS     absolute difference = 0.00528691

Energy per atom:
	Errors checked for 63 configurations
	Maximal absolute difference = 0.0218474
	Average absolute difference = 0.00168882
	RMS     absolute difference = 0.00528691

Forces:
	Errors checked for 116 atoms
	Maximal absolute difference = 0.038418
	Average absolute difference = 0.0351061
	RMS     absolute difference = 0.0367248
	Max(ForceDiff) / Max(Force) = 0.0250067
	RMS(ForceDiff) / RMS(Force) = 0.0250067

Stresses (in energy units):
	Errors checked for 63 configurations
	Maximal absolute difference = 1.2085
	Average absolute difference = 0.148433
	RMS     absolute difference = 0.219251
	Max(StresDiff) / Max(Stres) = 0.342604
	RMS(StresDiff) / RMS(Stres) = 0.0677578

Virial stresses (in pressure units):
	Errors checked for 63 configurations
	Maximal absolute difference = 3.73611
	Average absolute difference = 2.63403
	RMS     absolute difference = 2.7619
	Max(StresDiff) / Max(Stres) = 0.0423839
	RMS(StresDiff) / RMS(Stres) = 0.0341602
_______________________________________________

	batch_size = 9999
	swap_limit = 0
	weight_scaling = 2
	energy_weight = 1.000000
	force_weight = 0.000000
	init_value = 0.000001
	site_en_weight = 0.000000
	stress_weight = 0.000000
	threshold = 1.001000
Selection: state saved to "mtp_V32.mtp"
training complete
