Selection data found
Basic trainer initialization complete
	auto-minmax-magmom = false
	init_random = false
	no_mindist_update = false
	skip_preinit = false
	iteration_limit = 1000
	weight_scaling = 1
	weight_scaling_forces = 0
	energy_weight = 1.000000
	force_weight = 0.010000
	penalty_weight = 0.000001
	scale_by_force = 0.000000
	select_factor = 1.000000
	stress_weight = 0.001000
	tolerance = 0.001000
	log = stdout
	save_to = mtp_V29.mtp
290 configurations found in the training set
Minimal interatomic distance in the training set is 1.54422. MTP's mindist will be updated
Iteration limit is 1000
Convergence tolerance is 0.001
Energy weight: 1
Force weight: 0.01
Stress weight: 0.001
MTPR training started on 1 core(s)
BFGS iter 0: f=0.404037
BFGS iter 1: f=0.404037
BFGS iter 2: f=0.404037
BFGS iter 3: f=0.404037
BFGS iter 4: f=0.404034
BFGS iter 5: f=0.404034
BFGS iter 6: f=0.404033
BFGS iter 7: f=0.404033
BFGS iter 8: f=0.404033
BFGS iter 9: f=0.404032
BFGS iter 10: f=0.404031
BFGS iter 11: f=0.40403
BFGS iter 12: f=0.404029
BFGS iter 13: f=0.404025
BFGS iter 14: f=0.404021
BFGS iter 15: f=0.40402
BFGS iter 16: f=0.40402
BFGS iter 17: f=0.404017
BFGS iter 18: f=0.404015
BFGS iter 19: f=0.404015
BFGS iter 20: f=0.404015
BFGS iter 21: f=0.404015
BFGS iter 22: f=0.404014
BFGS iter 23: f=0.404012
BFGS iter 24: f=0.404011
BFGS iter 25: f=0.0081667034
BFGS iter 26: f=0.0081666629
BFGS iter 27: f=0.0081664362
BFGS iter 28: f=0.0081661553
BFGS iter 29: f=0.0081636665
BFGS iter 30: f=0.0081635748
BFGS iter 31: f=0.0081630953
BFGS iter 32: f=0.0081626138
BFGS iter 33: f=0.0081623821
BFGS iter 34: f=0.0081622424
BFGS iter 35: f=0.0081611164
BFGS iter 36: f=0.0081599073
BFGS iter 37: f=0.0081590881
BFGS iter 38: f=0.008155785
BFGS iter 39: f=0.0081515066
BFGS iter 40: f=0.0081507307
BFGS iter 41: f=0.0081500986
BFGS iter 42: f=0.0081479552
BFGS iter 43: f=0.0081466547
BFGS iter 44: f=0.0081464853
BFGS iter 45: f=0.0081463483
BFGS iter 46: f=0.0081462503
BFGS iter 47: f=0.0081458814
BFGS iter 48: f=0.0081452753
BFGS iter 49: f=0.0081448767
BFGS iter 50: f=0.0081445674
BFGS iter 51: f=0.0081444106
BFGS iter 52: f=0.0081442061
BFGS iter 53: f=0.0081440454
BFGS iter 54: f=0.008143935
BFGS iter 55: f=0.0081438548
BFGS iter 56: f=0.0081437253
BFGS iter 57: f=0.0081435295
BFGS iter 58: f=0.0081433794
BFGS iter 59: f=0.0081429558
BFGS iter 60: f=0.0081425323
BFGS iter 61: f=0.0081422765
BFGS iter 62: f=0.0081420244
BFGS iter 63: f=0.0081419045
BFGS iter 64: f=0.008141747
BFGS iter 65: f=0.0081416292
BFGS iter 66: f=0.0081415164
BFGS iter 67: f=0.0081414304
BFGS iter 68: f=0.0081413888
BFGS iter 69: f=0.00814137
BFGS iter 70: f=0.0080714976
BFGS iter 71: f=0.0080706634
BFGS iter 72: f=0.0080651605
BFGS iter 73: f=0.0080615802
BFGS iter 74: f=0.0080576411
BFGS iter 75: f=0.0080558015
BFGS iter 76: f=0.0080548703
BFGS iter 77: f=0.008054467
BFGS iter 78: f=0.0080541141
BFGS iter 79: f=0.008053735
BFGS iter 80: f=0.0080534107
BFGS iter 81: f=0.0080533355
BFGS iter 82: f=0.0080532995
BFGS iter 83: f=0.0080532902
BFGS iter 84: f=0.0080532772
BFGS iter 85: f=0.0080532655
BFGS iter 86: f=0.0080532491
BFGS iter 87: f=0.0080531708
BFGS iter 88: f=0.0080531323
BFGS iter 89: f=0.0080531214
BFGS iter 90: f=0.0080531136
BFGS iter 91: f=0.0080530893
BFGS iter 92: f=0.0080530632
BFGS iter 93: f=0.008053044
BFGS iter 94: f=0.0080530346
BFGS iter 95: f=0.0080530341
BFGS iter 96: f=0.0080530339
BFGS iter 97: f=0.0080530221
BFGS iter 98: f=0.0080529777
BFGS iter 99: f=0.0080528987
BFGS iter 100: f=0.0080295352
BFGS iter 101: f=0.0080222473
BFGS iter 102: f=0.0080156841
BFGS iter 103: f=0.0080136537
BFGS iter 104: f=0.0080133406
BFGS iter 105: f=0.0080131813
BFGS iter 106: f=0.0080131566
BFGS iter 107: f=0.0080131436
BFGS iter 108: f=0.0080131287
BFGS iter 109: f=0.0080130961
BFGS iter 110: f=0.0080130683
BFGS iter 111: f=0.0080130281
BFGS iter 112: f=0.0080129447
BFGS iter 113: f=0.008012879
BFGS iter 114: f=0.0080128543
BFGS iter 115: f=0.0080128347
BFGS iter 116: f=0.0080128042
BFGS iter 117: f=0.0080127354
BFGS iter 118: f=0.0080127019
BFGS iter 119: f=0.0080126841
BFGS iter 120: f=0.0080126815
BFGS iter 121: f=0.0080126785
BFGS iter 122: f=0.008012677
BFGS iter 123: f=0.0080126769
BFGS iter 124: f=0.0080126769
BFGS iter 125: f=0.0080126768
BFGS iter 126: f=0.0080126765
BFGS iter 127: f=0.0080126753
BFGS iter 128: f=0.0080126747
BFGS iter 129: f=0.0080126746
BFGS iter 130: f=0.0080126746
BFGS iter 131: f=0.0080126746
BFGS iter 132: f=0.0080126746
BFGS iter 133: f=0.0080126737
BFGS iter 134: f=0.0080126689
BFGS iter 135: f=0.0080126292
BFGS iter 136: f=0.00801258
BFGS iter 137: f=0.008012556
BFGS iter 138: f=0.0080125137
BFGS iter 139: f=0.0080125048
BFGS iter 140: f=0.0080125001
BFGS iter 141: f=0.0080124965
BFGS iter 142: f=0.0080124939
BFGS iter 143: f=0.0080124919
BFGS iter 144: f=0.0080124903
BFGS iter 145: f=0.0080124882
BFGS iter 146: f=0.0080124865
BFGS iter 147: f=0.0080124856
BFGS iter 148: f=0.0080124854
BFGS iter 149: f=0.0080124854
BFGS iter 150: f=0.007989771
BFGS iter 151: f=0.0079857835
BFGS iter 152: f=0.0079808032
BFGS iter 153: f=0.007977516
BFGS iter 154: f=0.0079763705
BFGS iter 155: f=0.0079755141
BFGS iter 156: f=0.0079753278
BFGS iter 157: f=0.0079751857
BFGS iter 158: f=0.0079751325
BFGS iter 159: f=0.0079750728
BFGS iter 160: f=0.0079750028
BFGS iter 161: f=0.0079749649
BFGS iter 162: f=0.007974957
BFGS iter 163: f=0.0079749553
BFGS iter 164: f=0.0079749529
BFGS iter 165: f=0.0079749459
BFGS iter 166: f=0.0079749334
BFGS iter 167: f=0.0079749299
BFGS iter 168: f=0.0079749281
BFGS iter 169: f=0.0079749249
BFGS iter 170: f=0.0079749207
BFGS iter 171: f=0.0079749192
BFGS iter 172: f=0.0079749173
BFGS iter 173: f=0.0079749167
BFGS iter 174: f=0.0079749165
BFGS iter 175: f=0.0079749164
BFGS iter 176: f=0.0079749164
BFGS iter 177: f=0.0079749164
BFGS iter 178: f=0.0079749164
BFGS iter 179: f=0.0079749164
BFGS iter 180: f=0.0079749162
BFGS iter 181: f=0.0079749162
BFGS iter 182: f=0.0079749162
BFGS iter 183: f=0.0079749162
BFGS iter 184: f=0.0079749162
BFGS iter 185: f=0.0079749151
BFGS iter 186: f=0.0079749064
BFGS iter 187: f=0.0079747445
BFGS iter 188: f=0.0079746411
BFGS iter 189: f=0.0079742063
BFGS iter 190: f=0.007973865
BFGS iter 191: f=0.007973603
BFGS iter 192: f=0.0079733784
BFGS iter 193: f=0.0079732146
BFGS iter 194: f=0.0079731575
BFGS iter 195: f=0.0079730679
BFGS iter 196: f=0.0079730129
BFGS iter 197: f=0.0079729769
BFGS iter 198: f=0.0079728651
BFGS iter 199: f=0.0079727749
BFGS iter 200: f=0.0079726732
BFGS iter 201: f=0.0079726264
BFGS iter 202: f=0.0079725373
BFGS iter 203: f=0.0079722616
BFGS iter 204: f=0.0079720624
BFGS iter 205: f=0.0079717451
BFGS iter 206: f=0.0079715775
BFGS iter 207: f=0.0079714883
BFGS iter 208: f=0.0079713928
BFGS iter 209: f=0.0079712264
BFGS iter 210: f=0.0079710876
BFGS iter 211: f=0.0079707079
BFGS iter 212: f=0.0079698446
BFGS iter 213: f=0.0079691817
BFGS iter 214: f=0.0079682344
BFGS iter 215: f=0.0079672657
BFGS iter 216: f=0.0079662059
BFGS iter 217: f=0.0079654075
BFGS iter 218: f=0.0079642911
BFGS iter 219: f=0.007962149
BFGS iter 220: f=0.0079607344
BFGS iter 221: f=0.0079588835
BFGS iter 222: f=0.0079567948
BFGS iter 223: f=0.0079545403
BFGS iter 224: f=0.0079537801
BFGS iter 225: f=0.0079526364
BFGS iter 226: f=0.0079516888
BFGS iter 227: f=0.007950789
BFGS iter 228: f=0.0079496201
BFGS iter 229: f=0.0079487106
BFGS iter 230: f=0.0079475579
BFGS iter 231: f=0.0079468267
BFGS iter 232: f=0.0079459144
BFGS iter 233: f=0.0079451973
BFGS iter 234: f=0.0079449728
BFGS iter 235: f=0.0079446192
BFGS iter 236: f=0.0079441281
BFGS iter 237: f=0.0079439349
BFGS iter 238: f=0.0079437691
BFGS iter 239: f=0.0079435047
BFGS iter 240: f=0.0079432553
BFGS iter 241: f=0.0079428459
BFGS iter 242: f=0.007942028
BFGS iter 243: f=0.0079415646
BFGS iter 244: f=0.007941117
BFGS iter 245: f=0.0079408712
BFGS iter 246: f=0.0079406613
BFGS iter 247: f=0.0079402773
BFGS iter 248: f=0.0079400679
BFGS iter 249: f=0.0079396691
*
BFGS iter 250: f=0.0086469297
BFGS iter 251: f=0.0086446781
BFGS iter 252: f=0.0086416563
BFGS iter 253: f=0.0086341854
BFGS iter 254: f=0.0086295759
BFGS iter 255: f=0.0086199595
BFGS iter 256: f=0.0086116462
BFGS iter 257: f=0.0086084929
BFGS iter 258: f=0.0086058905
BFGS iter 259: f=0.0086044521
BFGS iter 260: f=0.0086033686
BFGS iter 261: f=0.0086026534
BFGS iter 262: f=0.0086020032
BFGS iter 263: f=0.0086012213
BFGS iter 264: f=0.008600584
BFGS iter 265: f=0.0086000971
BFGS iter 266: f=0.0085999667
BFGS iter 267: f=0.0085998657
BFGS iter 268: f=0.0085998001
BFGS iter 269: f=0.008599631
BFGS iter 270: f=0.0085993048
BFGS iter 271: f=0.0085984082
BFGS iter 272: f=0.0085967418
BFGS iter 273: f=0.0085947716
BFGS iter 274: f=0.008593381
BFGS iter 275: f=0.0085927568
BFGS iter 276: f=0.0085926607
BFGS iter 277: f=0.0085926074
BFGS iter 278: f=0.0085925525
BFGS iter 279: f=0.0085925256
BFGS iter 280: f=0.0085924744
BFGS iter 281: f=0.0085923553
BFGS iter 282: f=0.0085921521
BFGS iter 283: f=0.0085919467
BFGS iter 284: f=0.0085915323
BFGS iter 285: f=0.0085912698
BFGS iter 286: f=0.0085910491
BFGS iter 287: f=0.0085908396
BFGS iter 288: f=0.008590606
BFGS iter 289: f=0.0085904718
BFGS iter 290: f=0.008590331
BFGS iter 291: f=0.0085902398
BFGS iter 292: f=0.0085901484
BFGS iter 293: f=0.0085901162
BFGS iter 294: f=0.008590097
BFGS iter 295: f=0.0085900649
BFGS iter 296: f=0.0085898403
BFGS iter 297: f=0.0085886476
BFGS iter 298: f=0.0085877351
BFGS iter 299: f=0.0085868263
BFGS ended due to small decr. in 50 iterations
MTPR training ended
Rescaling...
   scaling = 0.052757923, condition number = 16.300321
   scaling = 0.057554098, condition number = 15.617561
   scaling = 0.063309508, condition number = 14.759271
   scaling = 0.069640458, condition number = 13.944295
   scaling = 0.075971409, condition number = 15.414243
Rescaling to 0.069640458... done
Rescaling...
   scaling = 0.058033715, condition number = 15.545152
   scaling = 0.063309508, condition number = 14.759271
   scaling = 0.069640458, condition number = 13.944295
   scaling = 0.076604504, condition number = 14.571701
   scaling = 0.08356855, condition number = 18.826787
Rescaling to 0.069640458... done
_________________Errors report_________________
Energy:
	Errors checked for 290 configurations
	Maximal absolute difference = 0.220498
	Average absolute difference = 0.055991
	RMS     absolute difference = 0.0977362

Energy per atom:
	Errors checked for 290 configurations
	Maximal absolute difference = 0.110249
	Average absolute difference = 0.0280995
	RMS     absolute difference = 0.0488834

Forces:
	Errors checked for 570 atoms
	Maximal absolute difference = 0.128189
	Average absolute difference = 0.0543334
	RMS     absolute difference = 0.0736015
	Max(ForceDiff) / Max(Force) = 0.0531666
	RMS(ForceDiff) / RMS(Force) = 0.0526969

Stresses (in energy units):
	Errors checked for 290 configurations
	Maximal absolute difference = 3.0475
	Average absolute difference = 1.69687
	RMS     absolute difference = 1.90622
	Max(StresDiff) / Max(Stres) = 0.522122
	RMS(StresDiff) / RMS(Stres) = 0.366748

Virial stresses (in pressure units):
	Errors checked for 290 configurations
	Maximal absolute difference = 78.528
	Average absolute difference = 41.6744
	RMS     absolute difference = 47.3294
	Max(StresDiff) / Max(Stres) = 0.506459
	RMS(StresDiff) / RMS(Stres) = 0.362723
_______________________________________________

	batch_size = 9999
	swap_limit = 0
	weight_scaling = 2
	energy_weight = 1.000000
	force_weight = 0.000000
	init_value = 0.000001
	site_en_weight = 0.000000
	stress_weight = 0.000000
	threshold = 1.001000
Selection: state saved to "mtp_V29.mtp"
training complete
