Selection data found
Basic trainer initialization complete
	auto-minmax-magmom = false
	init_random = false
	no_mindist_update = false
	skip_preinit = false
	iteration_limit = 1000
	weight_scaling = 1
	weight_scaling_forces = 0
	energy_weight = 1.000000
	force_weight = 0.010000
	penalty_weight = 0.000001
	scale_by_force = 0.000000
	select_factor = 1.000000
	stress_weight = 0.001000
	tolerance = 0.001000
	log = stdout
	save_to = mtp_V78.mtp
109 configurations found in the training set
Minimal interatomic distance in the training set is 1.56937. MTP's mindist will be updated
Iteration limit is 1000
Convergence tolerance is 0.001
Energy weight: 1
Force weight: 0.01
Stress weight: 0.001
MTPR training started on 1 core(s)
BFGS iter 0: f=6.39219e-05
BFGS iter 1: f=6.39219e-05
BFGS iter 2: f=6.39219e-05
BFGS iter 3: f=6.39219e-05
BFGS iter 4: f=6.39219e-05
BFGS iter 5: f=6.39219e-05
BFGS iter 6: f=6.39219e-05
BFGS iter 7: f=6.39219e-05
BFGS iter 8: f=6.39219e-05
BFGS iter 9: f=6.39219e-05
BFGS iter 10: f=6.39218e-05
BFGS iter 11: f=6.39218e-05
BFGS iter 12: f=6.39217e-05
BFGS iter 13: f=6.39216e-05
BFGS iter 14: f=6.39214e-05
BFGS iter 15: f=6.39213e-05
BFGS iter 16: f=6.39211e-05
BFGS iter 17: f=6.39209e-05
BFGS iter 18: f=6.39204e-05
BFGS iter 19: f=6.39203e-05
BFGS iter 20: f=6.39201e-05
BFGS iter 21: f=6.39196e-05
BFGS iter 22: f=6.39193e-05
BFGS iter 23: f=6.39191e-05
BFGS iter 24: f=6.39185e-05
BFGS has exceeded the linesearch limit. Cannot converge further
MTPR training ended
Rescaling...
   scaling = 0.9320081, condition number = 18.270693
   scaling = 1.0167361, condition number = 17.51336
   scaling = 1.1184097, condition number = 17.464856
   scaling = 1.2302507, condition number = 17.672197
   scaling = 1.3420917, condition number = 22.349086
Rescaling to 1.1184097... done
_________________Errors report_________________
Energy:
	Errors checked for 109 configurations
	Maximal absolute difference = 0.0214996
	Average absolute difference = 0.000749856
	RMS     absolute difference = 0.00357611

Energy per atom:
	Errors checked for 109 configurations
	Maximal absolute difference = 0.0214996
	Average absolute difference = 0.000749843
	RMS     absolute difference = 0.00357611

Forces:
	Errors checked for 208 atoms
	Maximal absolute difference = 0.000806431
	Average absolute difference = 0.00076766
	RMS     absolute difference = 0.000786807
	Max(ForceDiff) / Max(Force) = 0.000524914
	RMS(ForceDiff) / RMS(Force) = 0.000524914

Stresses (in energy units):
	Errors checked for 109 configurations
	Maximal absolute difference = 1.11428
	Average absolute difference = 0.0391754
	RMS     absolute difference = 0.13535
	Max(StresDiff) / Max(Stres) = 0.315891
	RMS(StresDiff) / RMS(Stres) = 0.0402593

Virial stresses (in pressure units):
	Errors checked for 109 configurations
	Maximal absolute difference = 3.44481
	Average absolute difference = 0.451096
	RMS     absolute difference = 0.573737
	Max(StresDiff) / Max(Stres) = 0.0390793
	RMS(StresDiff) / RMS(Stres) = 0.00682951
_______________________________________________

	batch_size = 9999
	swap_limit = 0
	weight_scaling = 2
	energy_weight = 1.000000
	force_weight = 0.000000
	init_value = 0.000001
	site_en_weight = 0.000000
	stress_weight = 0.000000
	threshold = 1.001000
Selection: state saved to "mtp_V78.mtp"
training complete
