Selection data found
Basic trainer initialization complete
	auto-minmax-magmom = false
	init_random = false
	no_mindist_update = false
	skip_preinit = false
	iteration_limit = 1000
	weight_scaling = 1
	weight_scaling_forces = 0
	energy_weight = 1.000000
	force_weight = 0.010000
	penalty_weight = 0.000001
	scale_by_force = 0.000000
	select_factor = 1.000000
	stress_weight = 0.001000
	tolerance = 0.001000
	log = stdout
	save_to = mtp_V31.mtp
62 configurations found in the training set
Minimal interatomic distance in the training set is 1.56937. MTP's mindist will be updated
Iteration limit is 1000
Convergence tolerance is 0.001
Energy weight: 1
Force weight: 0.01
Stress weight: 0.001
MTPR training started on 1 core(s)
BFGS iter 0: f=0.000461162
BFGS iter 1: f=0.000461162
BFGS iter 2: f=0.000461162
BFGS iter 3: f=0.00046116
BFGS iter 4: f=0.000461157
BFGS iter 5: f=0.000461157
BFGS iter 6: f=0.000461156
BFGS iter 7: f=0.000461153
BFGS iter 8: f=0.00046114
BFGS iter 9: f=0.000461124
BFGS iter 10: f=0.000461119
BFGS iter 11: f=0.000461089
BFGS iter 12: f=0.000461066
BFGS iter 13: f=0.000460965
BFGS iter 14: f=0.000460894
BFGS iter 15: f=0.000460851
BFGS iter 16: f=0.000460675
BFGS iter 17: f=0.000460643
BFGS iter 18: f=0.000460611
BFGS iter 19: f=0.00046057
BFGS iter 20: f=0.000460549
BFGS iter 21: f=0.000460513
BFGS iter 22: f=0.000460475
BFGS iter 23: f=0.000460443
BFGS iter 24: f=0.00046039
BFGS iter 25: f=0.00015449897
BFGS iter 26: f=0.00015449897
BFGS iter 27: f=0.00015449896
BFGS iter 28: f=0.00015449824
BFGS iter 29: f=0.00015449624
BFGS iter 30: f=0.00015449566
BFGS iter 31: f=0.00015449322
BFGS iter 32: f=0.00015449261
BFGS iter 33: f=0.00015447752
BFGS iter 34: f=0.00015446804
BFGS iter 35: f=0.00015444994
BFGS iter 36: f=0.00015441158
BFGS iter 37: f=0.0001543927
BFGS iter 38: f=0.00015432623
BFGS iter 39: f=0.00015427101
BFGS iter 40: f=0.00015422908
BFGS iter 41: f=0.00015420738
BFGS iter 42: f=0.00015418959
BFGS iter 43: f=0.00015416148
BFGS iter 44: f=0.00015413812
BFGS iter 45: f=0.00015410367
BFGS iter 46: f=0.00015405223
BFGS iter 47: f=0.00015403097
BFGS iter 48: f=0.00015397254
BFGS iter 49: f=0.00015391806
BFGS iter 50: f=0.00015379981
BFGS iter 51: f=0.00015364432
BFGS iter 52: f=0.00015352663
BFGS iter 53: f=0.00015339533
BFGS iter 54: f=0.00015329428
BFGS iter 55: f=0.00015326314
BFGS iter 56: f=0.00015312593
BFGS iter 57: f=0.00015303224
BFGS iter 58: f=0.00015283214
BFGS iter 59: f=0.00015277362
BFGS iter 60: f=0.00015271781
BFGS iter 61: f=0.00015269596
BFGS iter 62: f=0.00015267968
BFGS iter 63: f=0.00015264895
BFGS iter 64: f=0.00015262417
BFGS iter 65: f=0.00015260494
BFGS iter 66: f=0.00015258883
BFGS iter 67: f=0.00015256782
BFGS iter 68: f=0.00015255518
BFGS iter 69: f=0.00015252868
BFGS iter 70: f=0.0001520772
BFGS iter 71: f=0.00015207718
BFGS iter 72: f=0.00015207679
BFGS iter 73: f=0.00015206658
BFGS iter 74: f=0.00015205967
BFGS iter 75: f=0.0001520531
BFGS iter 76: f=0.0001520431
BFGS iter 77: f=0.00015201478
BFGS iter 78: f=0.00015195073
BFGS iter 79: f=0.00015193048
BFGS iter 80: f=0.00015191271
BFGS iter 81: f=0.00015188013
BFGS iter 82: f=0.00015186059
BFGS iter 83: f=0.00015183608
BFGS iter 84: f=0.00015179741
BFGS iter 85: f=0.00015178586
BFGS iter 86: f=0.00015178284
BFGS iter 87: f=0.00015178051
BFGS iter 88: f=0.00015177452
BFGS iter 89: f=0.00015175065
BFGS iter 90: f=0.00015165284
BFGS iter 91: f=0.00015161629
BFGS iter 92: f=0.00015160888
BFGS iter 93: f=0.00015160287
BFGS iter 94: f=0.00015159576
BFGS iter 95: f=0.00015157559
BFGS iter 96: f=0.00015156573
BFGS iter 97: f=0.00015155765
BFGS iter 98: f=0.0001515528
BFGS iter 99: f=0.00015153264
BFGS iter 100: f=0.00015124771
BFGS iter 101: f=0.00015123049
BFGS iter 102: f=0.00015122425
BFGS iter 103: f=0.00015122141
BFGS iter 104: f=0.00015121546
BFGS iter 105: f=0.00015119547
BFGS iter 106: f=0.00015116522
BFGS iter 107: f=0.00015107337
BFGS iter 108: f=0.00015098266
BFGS iter 109: f=0.00015087857
BFGS iter 110: f=0.00015079733
BFGS iter 111: f=0.00015071577
BFGS iter 112: f=0.00015064673
BFGS iter 113: f=0.00015062995
BFGS iter 114: f=0.00015060318
BFGS iter 115: f=0.00015058113
BFGS iter 116: f=0.00015055151
BFGS iter 117: f=0.00015051103
BFGS iter 118: f=0.00015048839
BFGS iter 119: f=0.00015046949
BFGS iter 120: f=0.00015046165
BFGS iter 121: f=0.00015045724
BFGS iter 122: f=0.0001504544
BFGS iter 123: f=0.00015044859
BFGS iter 124: f=0.00015043174
BFGS iter 125: f=0.00015040373
BFGS iter 126: f=0.00015039675
BFGS iter 127: f=0.00015038689
BFGS iter 128: f=0.00015038269
BFGS iter 129: f=0.00015038026
BFGS iter 130: f=0.00015037939
BFGS iter 131: f=0.00015037891
BFGS iter 132: f=0.0001503742
BFGS iter 133: f=0.00015033628
BFGS iter 134: f=0.0001502861
BFGS iter 135: f=0.0001501619
BFGS iter 136: f=0.00015010668
BFGS iter 137: f=0.00015000972
BFGS iter 138: f=0.00014996696
BFGS iter 139: f=0.0001499322
BFGS iter 140: f=0.00014991055
BFGS iter 141: f=0.0001498956
BFGS iter 142: f=0.00014988442
BFGS iter 143: f=0.00014988018
BFGS iter 144: f=0.00014987794
BFGS iter 145: f=0.00014987559
BFGS iter 146: f=0.00014987413
BFGS iter 147: f=0.00014987378
BFGS iter 148: f=0.00014987355
BFGS iter 149: f=0.00014987204
*
BFGS iter 150: f=0.00015025011
BFGS iter 151: f=0.00015024882
BFGS iter 152: f=0.00015024215
BFGS iter 153: f=0.00015023853
BFGS iter 154: f=0.00015022819
BFGS iter 155: f=0.0001502205
BFGS iter 156: f=0.00015021834
BFGS iter 157: f=0.00015021582
BFGS iter 158: f=0.00015021475
BFGS iter 159: f=0.00015021413
BFGS iter 160: f=0.00015021298
BFGS iter 161: f=0.00015020213
BFGS iter 162: f=0.00015019807
BFGS iter 163: f=0.00015019766
BFGS iter 164: f=0.00015019737
BFGS iter 165: f=0.00015019487
BFGS iter 166: f=0.00015018357
BFGS iter 167: f=0.00015016899
BFGS iter 168: f=0.00015015381
BFGS iter 169: f=0.00015014871
BFGS iter 170: f=0.0001501442
BFGS iter 171: f=0.0001501412
BFGS iter 172: f=0.00015014061
BFGS iter 173: f=0.00015014047
BFGS iter 174: f=0.00015014039
BFGS iter 175: f=0.00015013914
BFGS iter 176: f=0.00015012944
BFGS iter 177: f=0.00015011491
BFGS iter 178: f=0.00015004094
BFGS iter 179: f=0.00014999136
BFGS iter 180: f=0.00014995248
BFGS iter 181: f=0.00014991028
BFGS iter 182: f=0.00014987092
BFGS iter 183: f=0.00014981288
BFGS iter 184: f=0.00014978355
BFGS iter 185: f=0.00014973417
BFGS iter 186: f=0.00014966599
BFGS iter 187: f=0.00014959142
BFGS iter 188: f=0.00014954998
BFGS iter 189: f=0.00014951073
BFGS iter 190: f=0.00014949661
BFGS iter 191: f=0.00014943431
BFGS iter 192: f=0.00014939623
BFGS iter 193: f=0.00014932182
BFGS iter 194: f=0.00014925263
BFGS iter 195: f=0.00014919427
BFGS iter 196: f=0.00014914476
BFGS iter 197: f=0.00014911442
BFGS iter 198: f=0.00014906821
BFGS iter 199: f=0.00014902875
BFGS iter 200: f=0.00014900283
BFGS iter 201: f=0.0001489699
BFGS iter 202: f=0.00014894252
BFGS iter 203: f=0.00014891411
BFGS iter 204: f=0.00014888796
BFGS iter 205: f=0.00014887623
BFGS iter 206: f=0.00014886593
BFGS iter 207: f=0.00014886053
BFGS iter 208: f=0.0001488562
BFGS iter 209: f=0.00014885205
BFGS iter 210: f=0.00014884866
BFGS iter 211: f=0.00014884478
BFGS iter 212: f=0.00014884127
BFGS iter 213: f=0.00014883544
BFGS iter 214: f=0.00014883243
BFGS iter 215: f=0.00014882908
BFGS iter 216: f=0.00014882698
BFGS iter 217: f=0.00014882311
BFGS iter 218: f=0.00014882098
BFGS iter 219: f=0.00014881795
BFGS iter 220: f=0.00014880912
BFGS iter 221: f=0.00014876952
BFGS iter 222: f=0.00014873216
BFGS iter 223: f=0.00014861358
BFGS iter 224: f=0.00014848626
BFGS iter 225: f=0.00014845944
BFGS iter 226: f=0.00014837076
BFGS iter 227: f=0.00014832286
BFGS iter 228: f=0.00014828005
BFGS iter 229: f=0.00014826073
BFGS iter 230: f=0.00014823722
BFGS iter 231: f=0.00014821909
BFGS iter 232: f=0.00014820328
BFGS iter 233: f=0.00014816982
BFGS iter 234: f=0.00014813096
BFGS iter 235: f=0.00014809315
BFGS iter 236: f=0.00014805761
BFGS iter 237: f=0.00014796839
BFGS iter 238: f=0.00014791784
BFGS iter 239: f=0.00014787248
BFGS iter 240: f=0.00014783323
BFGS iter 241: f=0.00014774643
BFGS iter 242: f=0.00014768864
BFGS iter 243: f=0.00014764759
BFGS iter 244: f=0.00014762157
BFGS iter 245: f=0.00014759847
BFGS iter 246: f=0.00014758624
BFGS iter 247: f=0.00014757008
BFGS iter 248: f=0.00014755361
BFGS iter 249: f=0.00014753222
*
BFGS iter 250: f=0.00014763187
BFGS iter 251: f=0.00014763186
BFGS iter 252: f=0.00014762953
BFGS iter 253: f=0.000147627
BFGS iter 254: f=0.00014762219
BFGS iter 255: f=0.00014761877
BFGS iter 256: f=0.00014761637
BFGS iter 257: f=0.00014760887
BFGS iter 258: f=0.00014760518
BFGS iter 259: f=0.00014760379
BFGS iter 260: f=0.00014760065
BFGS iter 261: f=0.00014751652
BFGS iter 262: f=0.00014749869
BFGS iter 263: f=0.00014748983
BFGS iter 264: f=0.00014737095
BFGS iter 265: f=0.0001472144
BFGS iter 266: f=0.0001470865
BFGS iter 267: f=0.00014696396
BFGS iter 268: f=0.00014681027
BFGS iter 269: f=0.00014673025
BFGS iter 270: f=0.0001465995
BFGS iter 271: f=0.00014645959
BFGS iter 272: f=0.00014637175
BFGS iter 273: f=0.00014626911
BFGS iter 274: f=0.00014613996
BFGS iter 275: f=0.00014605225
BFGS iter 276: f=0.00014602949
BFGS iter 277: f=0.00014596215
BFGS iter 278: f=0.00014584797
BFGS iter 279: f=0.00014572254
BFGS iter 280: f=0.00014567936
BFGS iter 281: f=0.00014561041
BFGS iter 282: f=0.00014554965
BFGS iter 283: f=0.00014546764
BFGS iter 284: f=0.00014543505
BFGS iter 285: f=0.00014539303
BFGS iter 286: f=0.00014536495
BFGS iter 287: f=0.00014532236
BFGS iter 288: f=0.00014528223
BFGS iter 289: f=0.00014527201
BFGS iter 290: f=0.00014524368
BFGS iter 291: f=0.00014522505
BFGS iter 292: f=0.00014519347
BFGS iter 293: f=0.00014516661
BFGS iter 294: f=0.00014515609
BFGS iter 295: f=0.00014515391
BFGS iter 296: f=0.00014514761
BFGS iter 297: f=0.00014514211
BFGS iter 298: f=0.00014513442
BFGS iter 299: f=0.00014512661
BFGS iter 300: f=0.00014511848
BFGS iter 301: f=0.00014511313
BFGS iter 302: f=0.00014510699
BFGS iter 303: f=0.00014509921
BFGS iter 304: f=0.0001450972
BFGS iter 305: f=0.00014509544
BFGS iter 306: f=0.00014509136
BFGS iter 307: f=0.0001450835
BFGS iter 308: f=0.00014507898
BFGS iter 309: f=0.00014507084
BFGS iter 310: f=0.00014506873
BFGS iter 311: f=0.00014506117
BFGS iter 312: f=0.00014505343
BFGS iter 313: f=0.00014504641
BFGS iter 314: f=0.00014504085
BFGS iter 315: f=0.00014502833
BFGS iter 316: f=0.00014500674
BFGS iter 317: f=0.00014500025
BFGS iter 318: f=0.0001449819
BFGS iter 319: f=0.00014493917
BFGS iter 320: f=0.00014491106
BFGS iter 321: f=0.00014489733
BFGS iter 322: f=0.00014485269
BFGS iter 323: f=0.00014481595
BFGS iter 324: f=0.0001447956
BFGS iter 325: f=0.00014477165
BFGS iter 326: f=0.00014472662
BFGS iter 327: f=0.00014467633
BFGS iter 328: f=0.00014463928
BFGS iter 329: f=0.00014460983
BFGS iter 330: f=0.00014455747
BFGS iter 331: f=0.00014451991
BFGS iter 332: f=0.00014449289
BFGS iter 333: f=0.00014447056
BFGS iter 334: f=0.00014445234
BFGS iter 335: f=0.00014442774
BFGS iter 336: f=0.00014441129
BFGS iter 337: f=0.00014438693
BFGS iter 338: f=0.0001443685
BFGS iter 339: f=0.00014435627
BFGS iter 340: f=0.00014434849
BFGS iter 341: f=0.00014434521
BFGS iter 342: f=0.0001443431
BFGS iter 343: f=0.00014433945
BFGS iter 344: f=0.00014433474
BFGS iter 345: f=0.000144333
BFGS iter 346: f=0.00014433163
BFGS iter 347: f=0.00014432881
BFGS iter 348: f=0.00014431796
BFGS iter 349: f=0.00014428295
BFGS iter 350: f=0.0001441489
BFGS iter 351: f=0.00014405783
BFGS iter 352: f=0.00014393889
BFGS iter 353: f=0.00014378154
BFGS iter 354: f=0.00014372901
BFGS iter 355: f=0.00014364959
BFGS iter 356: f=0.0001435852
BFGS iter 357: f=0.0001434939
BFGS iter 358: f=0.0001434259
BFGS iter 359: f=0.00014340034
BFGS iter 360: f=0.0001433607
BFGS iter 361: f=0.0001433438
BFGS iter 362: f=0.00014333411
BFGS iter 363: f=0.00014332783
BFGS iter 364: f=0.00014332584
BFGS iter 365: f=0.00014332469
BFGS iter 366: f=0.00014332386
BFGS iter 367: f=0.00014332368
BFGS iter 368: f=0.00014332337
BFGS iter 369: f=0.00014332233
BFGS iter 370: f=0.00014332025
BFGS iter 371: f=0.00014331674
BFGS iter 372: f=0.00014331175
BFGS iter 373: f=0.00014330695
BFGS iter 374: f=0.00014330561
BFGS iter 375: f=0.00014330498
BFGS iter 376: f=0.00014330444
BFGS iter 377: f=0.00014330377
BFGS iter 378: f=0.0001433024
BFGS iter 379: f=0.00014329513
BFGS iter 380: f=0.00014326143
BFGS iter 381: f=0.00014320755
BFGS iter 382: f=0.00014316039
BFGS iter 383: f=0.00014307956
BFGS iter 384: f=0.00014301773
BFGS iter 385: f=0.00014298073
BFGS iter 386: f=0.00014293526
BFGS iter 387: f=0.00014291121
BFGS iter 388: f=0.00014288011
BFGS iter 389: f=0.00014281125
BFGS iter 390: f=0.00014274954
BFGS iter 391: f=0.00014265475
BFGS iter 392: f=0.00014257339
BFGS iter 393: f=0.00014251003
BFGS iter 394: f=0.00014247636
BFGS iter 395: f=0.00014245893
BFGS iter 396: f=0.00014238407
BFGS iter 397: f=0.00014233734
BFGS iter 398: f=0.00014226728
BFGS iter 399: f=0.00014220828
*
BFGS iter 400: f=0.00014698833
BFGS iter 401: f=0.00014698788
BFGS iter 402: f=0.000146986
BFGS iter 403: f=0.00014697958
BFGS iter 404: f=0.00014697504
BFGS iter 405: f=0.00014696144
BFGS iter 406: f=0.00014695659
BFGS iter 407: f=0.00014694047
BFGS iter 408: f=0.00014691247
BFGS iter 409: f=0.00014688047
BFGS iter 410: f=0.00014683623
BFGS iter 411: f=0.00014679247
BFGS iter 412: f=0.00014675399
BFGS iter 413: f=0.0001466116
BFGS iter 414: f=0.00014660061
BFGS iter 415: f=0.00014659403
BFGS iter 416: f=0.00014656729
BFGS iter 417: f=0.0001464988
BFGS iter 418: f=0.00014632331
BFGS iter 419: f=0.00014617119
BFGS iter 420: f=0.00014605274
BFGS iter 421: f=0.00014601123
BFGS iter 422: f=0.00014596802
BFGS iter 423: f=0.00014595621
BFGS iter 424: f=0.00014595111
BFGS iter 425: f=0.00014594466
BFGS iter 426: f=0.0001459306
BFGS iter 427: f=0.00014581708
BFGS iter 428: f=0.00014570147
BFGS iter 429: f=0.00014547291
BFGS iter 430: f=0.00014521522
BFGS iter 431: f=0.00014515725
BFGS iter 432: f=0.0001450499
BFGS iter 433: f=0.00014500274
BFGS iter 434: f=0.00014494938
BFGS iter 435: f=0.00014488767
BFGS iter 436: f=0.00014483122
BFGS iter 437: f=0.00014477016
BFGS iter 438: f=0.00014474256
BFGS iter 439: f=0.00014470042
BFGS iter 440: f=0.00014455456
BFGS iter 441: f=0.00014442278
BFGS iter 442: f=0.00014425738
BFGS iter 443: f=0.0001441631
BFGS iter 444: f=0.00014394783
BFGS iter 445: f=0.0001438617
BFGS iter 446: f=0.00014381733
BFGS iter 447: f=0.00014373986
BFGS iter 448: f=0.00014366884
BFGS iter 449: f=0.00014363687
BFGS ended due to small decr. in 50 iterations
MTPR training ended
Rescaling...
   scaling = 0.19542176, condition number = 30.725842
   scaling = 0.21318737, condition number = 28.410523
   scaling = 0.23450611, condition number = 25.327602
   scaling = 0.25795672, condition number = 20.697038
   scaling = 0.28140733, condition number = 15.936553
Rescaling to 0.28140733... done
Rescaling...
   scaling = 0.23450611, condition number = 25.327621
   scaling = 0.25582484, condition number = 21.408719
   scaling = 0.28140733, condition number = 15.936553
   scaling = 0.30954806, condition number = 15.694746
   scaling = 0.33768879, condition number = 14.674325
Rescaling to 0.33768879... done
Rescaling...
   scaling = 0.28140733, condition number = 15.936553
   scaling = 0.30698981, condition number = 15.920431
   scaling = 0.33768879, condition number = 14.674325
   scaling = 0.37145767, condition number = 15.031663
   scaling = 0.40522655, condition number = 18.215678
Rescaling to 0.33768879... done
_________________Errors report_________________
Energy:
	Errors checked for 62 configurations
	Maximal absolute difference = 0.0214758
	Average absolute difference = 0.00177781
	RMS     absolute difference = 0.00541387

Energy per atom:
	Errors checked for 62 configurations
	Maximal absolute difference = 0.0214758
	Average absolute difference = 0.00177768
	RMS     absolute difference = 0.00541387

Forces:
	Errors checked for 114 atoms
	Maximal absolute difference = 0.0446358
	Average absolute difference = 0.0407204
	RMS     absolute difference = 0.0426331
	Max(ForceDiff) / Max(Force) = 0.0290539
	RMS(ForceDiff) / RMS(Force) = 0.0290539

Stresses (in energy units):
	Errors checked for 62 configurations
	Maximal absolute difference = 1.14019
	Average absolute difference = 0.196152
	RMS     absolute difference = 0.246134
	Max(StresDiff) / Max(Stres) = 0.323236
	RMS(StresDiff) / RMS(Stres) = 0.0761818

Virial stresses (in pressure units):
	Errors checked for 62 configurations
	Maximal absolute difference = 4.31131
	Average absolute difference = 3.78637
	RMS     absolute difference = 3.99407
	Max(StresDiff) / Max(Stres) = 0.0489092
	RMS(StresDiff) / RMS(Stres) = 0.0494755
_______________________________________________

	batch_size = 9999
	swap_limit = 0
	weight_scaling = 2
	energy_weight = 1.000000
	force_weight = 0.000000
	init_value = 0.000001
	site_en_weight = 0.000000
	stress_weight = 0.000000
	threshold = 1.001000
Selection: state saved to "mtp_V31.mtp"
training complete
