Selection data found
Basic trainer initialization complete
	auto-minmax-magmom = false
	init_random = false
	no_mindist_update = false
	skip_preinit = false
	iteration_limit = 1000
	weight_scaling = 1
	weight_scaling_forces = 0
	energy_weight = 1.000000
	force_weight = 0.010000
	penalty_weight = 0.000001
	scale_by_force = 0.000000
	select_factor = 1.000000
	stress_weight = 0.001000
	tolerance = 0.001000
	log = stdout
	save_to = mtp_V101.mtp
132 configurations found in the training set
Minimal interatomic distance in the training set is 1.56937. MTP's mindist will be updated
Iteration limit is 1000
Convergence tolerance is 0.001
Energy weight: 1
Force weight: 0.01
Stress weight: 0.001
MTPR training started on 1 core(s)
BFGS iter 0: f=0.000233801
BFGS iter 1: f=0.000233801
BFGS iter 2: f=0.000233801
BFGS iter 3: f=0.000233801
BFGS iter 4: f=0.000233801
BFGS iter 5: f=0.000233801
BFGS iter 6: f=0.000233801
BFGS iter 7: f=0.000233801
BFGS iter 8: f=0.0002338
BFGS iter 9: f=0.0002338
BFGS iter 10: f=0.000233796
BFGS iter 11: f=0.000233792
BFGS iter 12: f=0.000233789
BFGS iter 13: f=0.000233789
BFGS iter 14: f=0.000233788
BFGS iter 15: f=0.000233786
BFGS iter 16: f=0.000233781
BFGS iter 17: f=0.000233779
BFGS iter 18: f=0.000233778
BFGS iter 19: f=0.000233777
BFGS iter 20: f=0.000233773
BFGS iter 21: f=0.000233764
BFGS iter 22: f=0.000233755
BFGS iter 23: f=0.000233753
BFGS iter 24: f=0.000233751
BFGS iter 25: f=3.6653533e-05
BFGS iter 26: f=3.6653533e-05
BFGS iter 27: f=3.6653532e-05
BFGS iter 28: f=3.6653514e-05
BFGS iter 29: f=3.6653509e-05
BFGS iter 30: f=3.6653505e-05
BFGS iter 31: f=3.665349e-05
BFGS iter 32: f=3.6653479e-05
BFGS iter 33: f=3.6653295e-05
BFGS iter 34: f=3.6653043e-05
BFGS iter 35: f=3.6652872e-05
BFGS iter 36: f=3.6652391e-05
BFGS iter 37: f=3.6650559e-05
BFGS iter 38: f=3.6650135e-05
BFGS iter 39: f=3.6649391e-05
BFGS iter 40: f=3.6648239e-05
BFGS iter 41: f=3.6643535e-05
BFGS iter 42: f=3.6640295e-05
BFGS iter 43: f=3.6628542e-05
BFGS iter 44: f=3.6622559e-05
BFGS iter 45: f=3.6613578e-05
BFGS iter 46: f=3.6600334e-05
BFGS iter 47: f=3.6589175e-05
BFGS iter 48: f=3.6584784e-05
BFGS iter 49: f=3.657503e-05
BFGS iter 50: f=3.6558568e-05
BFGS iter 51: f=3.6513698e-05
BFGS iter 52: f=3.6508922e-05
BFGS iter 53: f=3.6498007e-05
BFGS iter 54: f=3.6494449e-05
BFGS iter 55: f=3.6487436e-05
BFGS iter 56: f=3.647631e-05
BFGS iter 57: f=3.6467384e-05
BFGS iter 58: f=3.644173e-05
BFGS iter 59: f=3.6431092e-05
BFGS iter 60: f=3.6421569e-05
BFGS iter 61: f=3.641443e-05
BFGS iter 62: f=3.6400309e-05
BFGS iter 63: f=3.6391239e-05
BFGS iter 64: f=3.6376635e-05
BFGS iter 65: f=3.6371061e-05
BFGS iter 66: f=3.63636e-05
BFGS iter 67: f=3.6348786e-05
BFGS iter 68: f=3.6341952e-05
BFGS iter 69: f=3.6338394e-05
*
BFGS iter 70: f=3.6344344e-05
BFGS iter 71: f=3.6342067e-05
BFGS iter 72: f=3.6341745e-05
BFGS iter 73: f=3.6341551e-05
BFGS iter 74: f=3.6341454e-05
BFGS iter 75: f=3.6341423e-05
BFGS iter 76: f=3.6341372e-05
BFGS iter 77: f=3.6341112e-05
BFGS iter 78: f=3.6340151e-05
BFGS iter 79: f=3.6338924e-05
BFGS iter 80: f=3.6338696e-05
BFGS iter 81: f=3.633861e-05
BFGS iter 82: f=3.6338574e-05
BFGS iter 83: f=3.6338374e-05
BFGS iter 84: f=3.6336672e-05
BFGS iter 85: f=3.6334299e-05
BFGS iter 86: f=3.632906e-05
BFGS iter 87: f=3.6327685e-05
BFGS iter 88: f=3.6326345e-05
BFGS iter 89: f=3.6325739e-05
BFGS iter 90: f=3.632328e-05
BFGS iter 91: f=3.6320946e-05
BFGS iter 92: f=3.6320436e-05
BFGS iter 93: f=3.6319768e-05
BFGS iter 94: f=3.6318483e-05
BFGS iter 95: f=3.6313236e-05
BFGS iter 96: f=3.6310283e-05
BFGS iter 97: f=3.630712e-05
BFGS iter 98: f=3.6305769e-05
BFGS iter 99: f=3.630364e-05
BFGS iter 100: f=3.6270545e-05
BFGS iter 101: f=3.6270489e-05
BFGS iter 102: f=3.6269571e-05
BFGS iter 103: f=3.6268586e-05
BFGS iter 104: f=3.6267374e-05
BFGS iter 105: f=3.6266788e-05
BFGS iter 106: f=3.6266514e-05
BFGS iter 107: f=3.6266396e-05
BFGS iter 108: f=3.6265609e-05
BFGS iter 109: f=3.6262811e-05
BFGS iter 110: f=3.6260532e-05
BFGS iter 111: f=3.6259182e-05
BFGS iter 112: f=3.6258488e-05
BFGS iter 113: f=3.625745e-05
BFGS iter 114: f=3.6256565e-05
BFGS iter 115: f=3.6256199e-05
BFGS iter 116: f=3.6255761e-05
BFGS iter 117: f=3.6255621e-05
BFGS iter 118: f=3.6255574e-05
BFGS iter 119: f=3.625555e-05
BFGS iter 120: f=3.6255533e-05
BFGS iter 121: f=3.625551e-05
BFGS iter 122: f=3.6255455e-05
BFGS iter 123: f=3.6255419e-05
BFGS iter 124: f=3.6255292e-05
BFGS iter 125: f=3.625158e-05
BFGS iter 126: f=3.6250457e-05
BFGS iter 127: f=3.6241961e-05
BFGS iter 128: f=3.6240139e-05
BFGS iter 129: f=3.6237399e-05
BFGS iter 130: f=3.6233611e-05
BFGS iter 131: f=3.6232848e-05
BFGS iter 132: f=3.6231149e-05
BFGS iter 133: f=3.6229845e-05
BFGS iter 134: f=3.6228994e-05
BFGS iter 135: f=3.6228704e-05
BFGS iter 136: f=3.6228486e-05
BFGS iter 137: f=3.622831e-05
BFGS iter 138: f=3.622812e-05
BFGS iter 139: f=3.6227351e-05
BFGS iter 140: f=3.6225636e-05
BFGS iter 141: f=3.6221235e-05
BFGS iter 142: f=3.6215357e-05
BFGS iter 143: f=3.6212957e-05
BFGS iter 144: f=3.6209212e-05
BFGS iter 145: f=3.6205369e-05
BFGS iter 146: f=3.6204242e-05
BFGS iter 147: f=3.6201341e-05
BFGS iter 148: f=3.6198943e-05
BFGS iter 149: f=3.6193191e-05
BFGS iter 150: f=3.6182584e-05
BFGS iter 151: f=3.6181928e-05
BFGS iter 152: f=3.6181494e-05
BFGS iter 153: f=3.6181294e-05
BFGS iter 154: f=3.6181146e-05
BFGS iter 155: f=3.6181063e-05
BFGS iter 156: f=3.6180982e-05
BFGS iter 157: f=3.6180837e-05
BFGS iter 158: f=3.6178023e-05
BFGS iter 159: f=3.6176297e-05
BFGS iter 160: f=3.6173744e-05
BFGS iter 161: f=3.6171458e-05
BFGS iter 162: f=3.6170551e-05
BFGS iter 163: f=3.6169018e-05
BFGS iter 164: f=3.6165019e-05
BFGS iter 165: f=3.6164282e-05
BFGS iter 166: f=3.6162772e-05
BFGS iter 167: f=3.6162116e-05
BFGS iter 168: f=3.616111e-05
BFGS iter 169: f=3.6160683e-05
BFGS iter 170: f=3.6160344e-05
BFGS iter 171: f=3.6160147e-05
BFGS iter 172: f=3.6159839e-05
BFGS iter 173: f=3.6159528e-05
BFGS iter 174: f=3.6159373e-05
BFGS iter 175: f=3.6159174e-05
BFGS iter 176: f=3.6158835e-05
BFGS iter 177: f=3.6157182e-05
BFGS iter 178: f=3.6155071e-05
BFGS iter 179: f=3.6149469e-05
BFGS iter 180: f=3.6144953e-05
BFGS iter 181: f=3.6139182e-05
BFGS iter 182: f=3.6133243e-05
BFGS iter 183: f=3.6127822e-05
BFGS iter 184: f=3.6125187e-05
BFGS iter 185: f=3.6121438e-05
BFGS iter 186: f=3.6118475e-05
BFGS iter 187: f=3.6115496e-05
BFGS iter 188: f=3.611286e-05
BFGS iter 189: f=3.6111349e-05
BFGS iter 190: f=3.6108888e-05
BFGS iter 191: f=3.6108419e-05
BFGS iter 192: f=3.610808e-05
BFGS iter 193: f=3.6108022e-05
BFGS iter 194: f=3.6107943e-05
BFGS iter 195: f=3.61078e-05
BFGS iter 196: f=3.6107557e-05
BFGS iter 197: f=3.6106932e-05
BFGS iter 198: f=3.6103971e-05
BFGS iter 199: f=3.6102364e-05
BFGS iter 200: f=3.6098791e-05
BFGS iter 201: f=3.6094515e-05
BFGS iter 202: f=3.6091068e-05
BFGS iter 203: f=3.6089598e-05
BFGS iter 204: f=3.6087111e-05
BFGS iter 205: f=3.6085418e-05
BFGS iter 206: f=3.6084536e-05
BFGS iter 207: f=3.6083749e-05
BFGS iter 208: f=3.60835e-05
BFGS iter 209: f=3.6083328e-05
BFGS iter 210: f=3.6083249e-05
BFGS iter 211: f=3.6083159e-05
BFGS iter 212: f=3.6082754e-05
BFGS iter 213: f=3.6081927e-05
BFGS iter 214: f=3.6081058e-05
BFGS iter 215: f=3.608009e-05
BFGS iter 216: f=3.6078775e-05
BFGS iter 217: f=3.6078114e-05
BFGS iter 218: f=3.6077217e-05
BFGS iter 219: f=3.6076924e-05
BFGS iter 220: f=3.6076696e-05
BFGS iter 221: f=3.6076569e-05
BFGS iter 222: f=3.6076449e-05
BFGS iter 223: f=3.6076177e-05
BFGS iter 224: f=3.6075979e-05
BFGS iter 225: f=3.6075452e-05
BFGS iter 226: f=3.6075117e-05
BFGS iter 227: f=3.607466e-05
BFGS iter 228: f=3.6073582e-05
BFGS iter 229: f=3.6072825e-05
BFGS iter 230: f=3.6072378e-05
BFGS iter 231: f=3.6072145e-05
BFGS iter 232: f=3.6071901e-05
BFGS iter 233: f=3.6071494e-05
BFGS iter 234: f=3.6071047e-05
BFGS iter 235: f=3.6070617e-05
BFGS iter 236: f=3.6070086e-05
BFGS iter 237: f=3.6069501e-05
BFGS iter 238: f=3.6068855e-05
BFGS iter 239: f=3.6067743e-05
BFGS iter 240: f=3.6066653e-05
BFGS iter 241: f=3.6062946e-05
BFGS iter 242: f=3.6060208e-05
BFGS iter 243: f=3.6058809e-05
BFGS iter 244: f=3.6057437e-05
BFGS iter 245: f=3.6055891e-05
BFGS iter 246: f=3.60547e-05
BFGS iter 247: f=3.6053879e-05
BFGS iter 248: f=3.6053041e-05
BFGS iter 249: f=3.6052515e-05
*
BFGS iter 250: f=3.6110394e-05
BFGS iter 251: f=3.6110382e-05
BFGS iter 252: f=3.6110108e-05
BFGS iter 253: f=3.6110011e-05
BFGS iter 254: f=3.6109921e-05
BFGS iter 255: f=3.610967e-05
BFGS iter 256: f=3.6108855e-05
BFGS iter 257: f=3.6107916e-05
BFGS iter 258: f=3.6107231e-05
BFGS iter 259: f=3.6106242e-05
BFGS iter 260: f=3.6106028e-05
BFGS iter 261: f=3.6105949e-05
BFGS iter 262: f=3.6105803e-05
BFGS iter 263: f=3.6101995e-05
BFGS iter 264: f=3.6099555e-05
BFGS iter 265: f=3.609826e-05
BFGS iter 266: f=3.6098114e-05
BFGS iter 267: f=3.6097979e-05
BFGS iter 268: f=3.6097766e-05
BFGS iter 269: f=3.609711e-05
BFGS iter 270: f=3.6093064e-05
BFGS iter 271: f=3.6087664e-05
BFGS iter 272: f=3.6080884e-05
BFGS iter 273: f=3.6076727e-05
BFGS iter 274: f=3.6073198e-05
BFGS iter 275: f=3.6071483e-05
BFGS iter 276: f=3.6068421e-05
BFGS iter 277: f=3.6065036e-05
BFGS iter 278: f=3.6061939e-05
BFGS iter 279: f=3.60595e-05
BFGS iter 280: f=3.6058347e-05
BFGS iter 281: f=3.605751e-05
BFGS iter 282: f=3.6056359e-05
BFGS iter 283: f=3.6055661e-05
BFGS iter 284: f=3.6054849e-05
BFGS iter 285: f=3.6053949e-05
BFGS iter 286: f=3.6053357e-05
BFGS iter 287: f=3.6052851e-05
BFGS iter 288: f=3.6052567e-05
BFGS iter 289: f=3.6052359e-05
BFGS iter 290: f=3.6052249e-05
BFGS iter 291: f=3.6052209e-05
BFGS iter 292: f=3.6052196e-05
BFGS iter 293: f=3.6052192e-05
BFGS iter 294: f=3.6052185e-05
BFGS iter 295: f=3.6052173e-05
BFGS iter 296: f=3.6052134e-05
BFGS iter 297: f=3.6051946e-05
BFGS iter 298: f=3.6051644e-05
BFGS iter 299: f=3.6051512e-05
BFGS ended due to small decr. in 50 iterations
MTPR training ended
Rescaling...
   scaling = 0.63657407, condition number = 57.883866
   scaling = 0.69444444, condition number = 36.393546
   scaling = 0.76388889, condition number = 25.72283
   scaling = 0.84027778, condition number = 29.959148
   scaling = 0.91666667, condition number = 35.77469
Rescaling to 0.76388889... done
_________________Errors report_________________
Energy:
	Errors checked for 132 configurations
	Maximal absolute difference = 0.0213827
	Average absolute difference = 0.000609913
	RMS     absolute difference = 0.00325076

Energy per atom:
	Errors checked for 132 configurations
	Maximal absolute difference = 0.0213827
	Average absolute difference = 0.000609873
	RMS     absolute difference = 0.00325076

Forces:
	Errors checked for 254 atoms
	Maximal absolute difference = 0.00162419
	Average absolute difference = 0.00156025
	RMS     absolute difference = 0.0015919
	Max(ForceDiff) / Max(Force) = 0.0010572
	RMS(ForceDiff) / RMS(Force) = 0.0010572

Stresses (in energy units):
	Errors checked for 132 configurations
	Maximal absolute difference = 1.08694
	Average absolute difference = 0.0359777
	RMS     absolute difference = 0.122931
	Max(StresDiff) / Max(Stres) = 0.308142
	RMS(StresDiff) / RMS(Stres) = 0.0362484

Virial stresses (in pressure units):
	Errors checked for 132 configurations
	Maximal absolute difference = 3.3603
	Average absolute difference = 0.46591
	RMS     absolute difference = 0.565205
	Max(StresDiff) / Max(Stres) = 0.0381206
	RMS(StresDiff) / RMS(Stres) = 0.00666951
_______________________________________________

	batch_size = 9999
	swap_limit = 0
	weight_scaling = 2
	energy_weight = 1.000000
	force_weight = 0.000000
	init_value = 0.000001
	site_en_weight = 0.000000
	stress_weight = 0.000000
	threshold = 1.001000
Selection: state saved to "mtp_V101.mtp"
training complete
