Selection data found
Basic trainer initialization complete
	auto-minmax-magmom = false
	init_random = false
	no_mindist_update = false
	skip_preinit = false
	iteration_limit = 1000
	weight_scaling = 1
	weight_scaling_forces = 0
	energy_weight = 1.000000
	force_weight = 0.010000
	penalty_weight = 0.000001
	scale_by_force = 0.000000
	select_factor = 1.000000
	stress_weight = 0.001000
	tolerance = 0.001000
	log = stdout
	save_to = mtp_V1.mtp
20 configurations found in the training set
Minimal interatomic distance in the training set is 1.54422. MTP's mindist will be updated
Iteration limit is 1000
Convergence tolerance is 0.001
Energy weight: 1
Force weight: 0.01
Stress weight: 0.001
MTPR training started on 1 core(s)
BFGS iter 0: f=42699.1
BFGS iter 1: f=439.7
BFGS iter 2: f=11.2229
BFGS iter 3: f=6.51194
BFGS iter 4: f=2.5061
BFGS iter 5: f=0.886821
BFGS iter 6: f=0.157155
BFGS iter 7: f=0.112191
BFGS iter 8: f=0.0381074
BFGS iter 9: f=0.030007
BFGS iter 10: f=0.0198475
BFGS iter 11: f=0.0139891
BFGS iter 12: f=0.011501
BFGS iter 13: f=0.00932031
BFGS iter 14: f=0.00904511
BFGS iter 15: f=0.00894477
BFGS iter 16: f=0.00893225
BFGS iter 17: f=0.00892722
BFGS iter 18: f=0.00892039
BFGS iter 19: f=0.00892009
BFGS iter 20: f=0.00891983
BFGS iter 21: f=0.00891796
BFGS iter 22: f=0.00890197
BFGS iter 23: f=0.00889137
BFGS iter 24: f=0.00887818
BFGS iter 25: f=0.0080226689
BFGS iter 26: f=0.0080226429
BFGS iter 27: f=0.0080225716
BFGS iter 28: f=0.0080224979
BFGS iter 29: f=0.0080224327
BFGS iter 30: f=0.0080217434
BFGS iter 31: f=0.008020823
BFGS iter 32: f=0.0080084383
BFGS iter 33: f=0.007934326
BFGS iter 34: f=0.0079043252
BFGS iter 35: f=0.007864442
BFGS iter 36: f=0.0078524178
BFGS iter 37: f=0.0078318824
BFGS iter 38: f=0.0078028545
BFGS iter 39: f=0.0077890742
BFGS iter 40: f=0.0077828881
BFGS iter 41: f=0.0077776685
BFGS iter 42: f=0.00777089
BFGS iter 43: f=0.0077629266
BFGS iter 44: f=0.0077564929
BFGS iter 45: f=0.0077457908
BFGS iter 46: f=0.0077365886
BFGS iter 47: f=0.0077203145
BFGS iter 48: f=0.0077074694
BFGS iter 49: f=0.0076972851
BFGS iter 50: f=0.0076804468
BFGS iter 51: f=0.0076710662
BFGS iter 52: f=0.007665539
BFGS iter 53: f=0.0076481456
BFGS iter 54: f=0.0076380809
BFGS iter 55: f=0.0076116444
BFGS iter 56: f=0.007599585
BFGS iter 57: f=0.0075920069
BFGS iter 58: f=0.0075881878
BFGS iter 59: f=0.0075860611
BFGS iter 60: f=0.007584447
BFGS iter 61: f=0.0075841168
BFGS iter 62: f=0.0075831951
BFGS iter 63: f=0.0075811272
BFGS iter 64: f=0.0075748372
BFGS iter 65: f=0.0075685069
BFGS iter 66: f=0.0075605469
BFGS iter 67: f=0.0075540615
BFGS iter 68: f=0.0075495672
BFGS iter 69: f=0.0075447916
BFGS iter 70: f=0.0072296696
BFGS iter 71: f=0.0072296309
BFGS iter 72: f=0.0072293052
BFGS iter 73: f=0.007228426
BFGS iter 74: f=0.007224985
BFGS iter 75: f=0.0072201513
BFGS iter 76: f=0.0072195011
BFGS iter 77: f=0.0072159637
BFGS iter 78: f=0.0072064242
BFGS iter 79: f=0.0072035869
BFGS iter 80: f=0.0072017226
BFGS iter 81: f=0.0071958164
BFGS iter 82: f=0.0071847166
BFGS iter 83: f=0.0071815444
BFGS iter 84: f=0.0071786183
BFGS iter 85: f=0.0071767942
BFGS iter 86: f=0.0071757319
BFGS iter 87: f=0.0071737804
BFGS iter 88: f=0.0071718323
BFGS iter 89: f=0.0071631494
BFGS iter 90: f=0.0071555682
BFGS iter 91: f=0.0071500697
BFGS iter 92: f=0.0071451455
BFGS iter 93: f=0.0071429565
BFGS iter 94: f=0.0071418582
BFGS iter 95: f=0.007140975
BFGS iter 96: f=0.0071388826
BFGS iter 97: f=0.0071333067
BFGS iter 98: f=0.0071311171
BFGS iter 99: f=0.0071301573
*
BFGS iter 100: f=0.007228708
BFGS iter 101: f=0.0072270484
BFGS iter 102: f=0.0072185577
BFGS iter 103: f=0.0072091823
BFGS iter 104: f=0.0072057296
BFGS iter 105: f=0.0072041677
BFGS iter 106: f=0.0072030392
BFGS iter 107: f=0.0072018403
BFGS iter 108: f=0.0071990699
BFGS iter 109: f=0.0071948386
BFGS iter 110: f=0.007193608
BFGS iter 111: f=0.0071926886
BFGS iter 112: f=0.0071900475
BFGS iter 113: f=0.0071868028
BFGS iter 114: f=0.0071805133
BFGS iter 115: f=0.0071760995
BFGS iter 116: f=0.0071695206
BFGS iter 117: f=0.0071659391
BFGS iter 118: f=0.0071630941
BFGS iter 119: f=0.0071601009
BFGS iter 120: f=0.0071578888
BFGS iter 121: f=0.0071558571
BFGS iter 122: f=0.0071539339
BFGS iter 123: f=0.0071518146
BFGS iter 124: f=0.0071506776
BFGS iter 125: f=0.0071499837
BFGS iter 126: f=0.0071491127
BFGS iter 127: f=0.0071484926
BFGS iter 128: f=0.0071475717
BFGS iter 129: f=0.0071469456
BFGS iter 130: f=0.0071458113
BFGS iter 131: f=0.0071450846
BFGS iter 132: f=0.0071442524
BFGS iter 133: f=0.0071435683
BFGS iter 134: f=0.0071429663
BFGS iter 135: f=0.0071419277
BFGS iter 136: f=0.0071412469
BFGS iter 137: f=0.0071405228
BFGS iter 138: f=0.0071392215
BFGS iter 139: f=0.0071369966
BFGS iter 140: f=0.0071356266
BFGS iter 141: f=0.0071353725
BFGS iter 142: f=0.0071352453
BFGS iter 143: f=0.0071350214
BFGS iter 144: f=0.0071347337
BFGS iter 145: f=0.0071343893
BFGS iter 146: f=0.0071339271
BFGS iter 147: f=0.0071327141
BFGS iter 148: f=0.0071306169
BFGS iter 149: f=0.0071261664
*
BFGS iter 150: f=0.0073027247
BFGS iter 151: f=0.0073017159
BFGS iter 152: f=0.0072768248
BFGS iter 153: f=0.0072705933
BFGS iter 154: f=0.0072635849
BFGS iter 155: f=0.0072606169
BFGS iter 156: f=0.0072588951
BFGS iter 157: f=0.0072576101
BFGS iter 158: f=0.0072534844
BFGS iter 159: f=0.0072502023
BFGS iter 160: f=0.0072469979
BFGS iter 161: f=0.0072436264
BFGS iter 162: f=0.0072390893
BFGS iter 163: f=0.0072351361
BFGS iter 164: f=0.0072281705
BFGS iter 165: f=0.0072220565
BFGS iter 166: f=0.0072161554
BFGS iter 167: f=0.0072122875
BFGS iter 168: f=0.0072100043
BFGS iter 169: f=0.0072087776
BFGS iter 170: f=0.0072080878
BFGS iter 171: f=0.0072073916
BFGS iter 172: f=0.0072059491
BFGS iter 173: f=0.0072041485
BFGS iter 174: f=0.0072017616
BFGS iter 175: f=0.0072010839
BFGS iter 176: f=0.0072004629
BFGS iter 177: f=0.0071991679
BFGS iter 178: f=0.0071975661
BFGS iter 179: f=0.0071956975
BFGS iter 180: f=0.0071938317
BFGS iter 181: f=0.0071878712
BFGS iter 182: f=0.0071822096
BFGS iter 183: f=0.0071784798
BFGS iter 184: f=0.0071770053
BFGS iter 185: f=0.0071754722
BFGS iter 186: f=0.007173271
BFGS iter 187: f=0.0071714992
BFGS iter 188: f=0.0071708169
BFGS iter 189: f=0.0071702958
BFGS iter 190: f=0.0071699069
BFGS iter 191: f=0.0071693281
BFGS iter 192: f=0.0071685281
BFGS iter 193: f=0.0071674227
BFGS iter 194: f=0.0071668589
BFGS iter 195: f=0.0071666309
BFGS iter 196: f=0.0071665251
BFGS iter 197: f=0.0071664648
BFGS iter 198: f=0.0071664552
BFGS iter 199: f=0.0071664482
BFGS ended due to small decr. in 50 iterations
MTPR training ended
Rescaling...
   scaling = 0.018113926, condition number = 13.686244
   scaling = 0.019760646, condition number = 13.609285
   scaling = 0.021736711, condition number = 14.053095
   scaling = 0.023910382, condition number = 14.72627
   scaling = 0.026084053, condition number = 16.140898
Rescaling to 0.019760646... done
Rescaling...
   scaling = 0.016467205, condition number = 15.218574
   scaling = 0.017964224, condition number = 13.754762
   scaling = 0.019760646, condition number = 13.609285
   scaling = 0.021736711, condition number = 14.053088
   scaling = 0.023712776, condition number = 15.761493
Rescaling to 0.019760646... done
_________________Errors report_________________
Energy:
	Errors checked for 20 configurations
	Maximal absolute difference = 0.255172
	Average absolute difference = 0.0436202
	RMS     absolute difference = 0.0941237

Energy per atom:
	Errors checked for 20 configurations
	Maximal absolute difference = 0.127586
	Average absolute difference = 0.0219956
	RMS     absolute difference = 0.0470645

Forces:
	Errors checked for 30 atoms
	Maximal absolute difference = 0.22784
	Average absolute difference = 0.0387687
	RMS     absolute difference = 0.0749469
	Max(ForceDiff) / Max(Force) = 0.0944968
	RMS(ForceDiff) / RMS(Force) = 0.0662944

Stresses (in energy units):
	Errors checked for 20 configurations
	Maximal absolute difference = 6.23919
	Average absolute difference = 1.2551
	RMS     absolute difference = 2.13901
	Max(StresDiff) / Max(Stres) = 1.06895
	RMS(StresDiff) / RMS(Stres) = 0.571971

Virial stresses (in pressure units):
	Errors checked for 20 configurations
	Maximal absolute difference = 160.771
	Average absolute difference = 29.8004
	RMS     absolute difference = 53.3639
	Max(StresDiff) / Max(Stres) = 1.03688
	RMS(StresDiff) / RMS(Stres) = 0.568486
_______________________________________________

	batch_size = 9999
	swap_limit = 0
	weight_scaling = 2
	energy_weight = 1.000000
	force_weight = 0.000000
	init_value = 0.000001
	site_en_weight = 0.000000
	stress_weight = 0.000000
	threshold = 1.001000
Selection: state saved to "mtp_V1.mtp"
training complete
