Selection data found
Basic trainer initialization complete
	auto-minmax-magmom = false
	init_random = false
	no_mindist_update = false
	skip_preinit = false
	iteration_limit = 1000
	weight_scaling = 1
	weight_scaling_forces = 0
	energy_weight = 1.000000
	force_weight = 0.010000
	penalty_weight = 0.000001
	scale_by_force = 0.000000
	select_factor = 1.000000
	stress_weight = 0.001000
	tolerance = 0.001000
	log = stdout
	save_to = mtp_V28.mtp
281 configurations found in the training set
Minimal interatomic distance in the training set is 1.54422. MTP's mindist will be updated
Iteration limit is 1000
Convergence tolerance is 0.001
Energy weight: 1
Force weight: 0.01
Stress weight: 0.001
MTPR training started on 1 core(s)
BFGS iter 0: f=0.238548
BFGS iter 1: f=0.238548
BFGS iter 2: f=0.238547
BFGS iter 3: f=0.238547
BFGS iter 4: f=0.238547
BFGS iter 5: f=0.238546
BFGS iter 6: f=0.238546
BFGS iter 7: f=0.238546
BFGS iter 8: f=0.238546
BFGS iter 9: f=0.238546
BFGS iter 10: f=0.238545
BFGS iter 11: f=0.238545
BFGS iter 12: f=0.238545
BFGS iter 13: f=0.238544
BFGS iter 14: f=0.238543
BFGS iter 15: f=0.238543
BFGS iter 16: f=0.238543
BFGS iter 17: f=0.238542
BFGS iter 18: f=0.238542
BFGS iter 19: f=0.238542
BFGS iter 20: f=0.238542
BFGS iter 21: f=0.238542
BFGS iter 22: f=0.238542
BFGS iter 23: f=0.238542
BFGS iter 24: f=0.238542
BFGS iter 25: f=0.0074147262
BFGS iter 26: f=0.0074147057
BFGS iter 27: f=0.0074146185
BFGS iter 28: f=0.0074145013
BFGS iter 29: f=0.007413381
BFGS iter 30: f=0.0074132408
BFGS iter 31: f=0.007413072
BFGS iter 32: f=0.0074129843
BFGS iter 33: f=0.0074129099
BFGS iter 34: f=0.0074127369
BFGS iter 35: f=0.0074122659
BFGS iter 36: f=0.0074120005
BFGS iter 37: f=0.0074116734
BFGS iter 38: f=0.0074111511
BFGS iter 39: f=0.0074104566
BFGS iter 40: f=0.0074101593
BFGS iter 41: f=0.0074099454
BFGS iter 42: f=0.0074095303
BFGS iter 43: f=0.0074092536
BFGS iter 44: f=0.0074091657
BFGS iter 45: f=0.0074091344
BFGS iter 46: f=0.007409114
BFGS iter 47: f=0.0074090749
BFGS iter 48: f=0.0074090507
BFGS iter 49: f=0.0074090315
BFGS iter 50: f=0.0074089533
BFGS iter 51: f=0.0074089487
BFGS iter 52: f=0.007408947
BFGS iter 53: f=0.0074089245
BFGS iter 54: f=0.0074088648
BFGS iter 55: f=0.0074088486
BFGS iter 56: f=0.0074088466
BFGS iter 57: f=0.0074088426
BFGS iter 58: f=0.0074087801
BFGS iter 59: f=0.0074087492
BFGS iter 60: f=0.0074087393
BFGS iter 61: f=0.0074087364
BFGS iter 62: f=0.0074087356
BFGS iter 63: f=0.0074087354
BFGS iter 64: f=0.0074087353
BFGS iter 65: f=0.0074087353
BFGS iter 66: f=0.0074087353
BFGS iter 67: f=0.0074087345
BFGS iter 68: f=0.0074087304
BFGS iter 69: f=0.0074086717
BFGS iter 70: f=0.007385102
BFGS iter 71: f=0.0073828362
BFGS iter 72: f=0.0073822011
BFGS iter 73: f=0.0073807838
BFGS iter 74: f=0.0073803208
BFGS iter 75: f=0.0073800264
BFGS iter 76: f=0.0073799681
BFGS iter 77: f=0.0073799122
BFGS iter 78: f=0.0073797426
BFGS iter 79: f=0.0073795957
BFGS iter 80: f=0.0073794949
BFGS iter 81: f=0.0073793864
BFGS iter 82: f=0.0073792994
BFGS iter 83: f=0.0073792203
BFGS iter 84: f=0.0073791703
BFGS iter 85: f=0.0073791309
BFGS iter 86: f=0.0073790757
BFGS iter 87: f=0.0073790297
BFGS iter 88: f=0.0073790017
BFGS iter 89: f=0.0073789906
BFGS iter 90: f=0.0073789668
BFGS iter 91: f=0.0073789354
BFGS iter 92: f=0.007378932
BFGS iter 93: f=0.0073789287
BFGS iter 94: f=0.0073789256
BFGS iter 95: f=0.0073789236
BFGS iter 96: f=0.0073789227
BFGS iter 97: f=0.0073789225
BFGS iter 98: f=0.0073789224
BFGS iter 99: f=0.0073789224
*
BFGS iter 100: f=0.0074080259
BFGS iter 101: f=0.0074067527
BFGS iter 102: f=0.0074054918
BFGS iter 103: f=0.0074040879
BFGS iter 104: f=0.0074036103
BFGS iter 105: f=0.0074034213
BFGS iter 106: f=0.0074033027
BFGS iter 107: f=0.0074032513
BFGS iter 108: f=0.0074032284
BFGS iter 109: f=0.007403211
BFGS iter 110: f=0.0074031915
BFGS iter 111: f=0.0074031723
BFGS iter 112: f=0.0074031556
BFGS iter 113: f=0.0074031418
BFGS iter 114: f=0.0074031341
BFGS iter 115: f=0.0074031287
BFGS iter 116: f=0.0074031246
BFGS iter 117: f=0.0074031165
BFGS iter 118: f=0.0074031082
BFGS iter 119: f=0.0074031053
BFGS iter 120: f=0.0074031043
BFGS iter 121: f=0.007403104
BFGS iter 122: f=0.0074031039
BFGS iter 123: f=0.0074031036
BFGS iter 124: f=0.0074031024
BFGS iter 125: f=0.007403102
BFGS iter 126: f=0.0074031017
BFGS iter 127: f=0.0074031016
BFGS iter 128: f=0.0074031016
BFGS iter 129: f=0.0074031016
BFGS iter 130: f=0.0074031016
BFGS iter 131: f=0.0074031016
BFGS iter 132: f=0.0074031016
BFGS iter 133: f=0.0074031013
BFGS iter 134: f=0.0074030994
BFGS iter 135: f=0.0074029528
BFGS iter 136: f=0.0074024387
BFGS iter 137: f=0.0074022063
BFGS iter 138: f=0.007401006
BFGS iter 139: f=0.0074005245
BFGS iter 140: f=0.0073995701
BFGS iter 141: f=0.0073989141
BFGS iter 142: f=0.0073980022
BFGS iter 143: f=0.0073973729
BFGS iter 144: f=0.0073966437
BFGS iter 145: f=0.0073957504
BFGS iter 146: f=0.0073938211
BFGS iter 147: f=0.0073931573
BFGS iter 148: f=0.0073919332
BFGS iter 149: f=0.0073913146
*
BFGS iter 150: f=0.0075834744
BFGS iter 151: f=0.0075818956
BFGS iter 152: f=0.0075796033
BFGS iter 153: f=0.0075775082
BFGS iter 154: f=0.0075767166
BFGS iter 155: f=0.0075759255
BFGS iter 156: f=0.0075754143
BFGS iter 157: f=0.0075751471
BFGS iter 158: f=0.0075749545
BFGS iter 159: f=0.0075747031
BFGS iter 160: f=0.0075744909
BFGS iter 161: f=0.007574315
BFGS iter 162: f=0.0075741304
BFGS iter 163: f=0.0075738841
BFGS iter 164: f=0.0075731357
BFGS iter 165: f=0.0075719656
BFGS iter 166: f=0.0075705765
BFGS iter 167: f=0.0075702747
BFGS iter 168: f=0.0075696885
BFGS iter 169: f=0.0075692986
BFGS iter 170: f=0.0075682312
BFGS iter 171: f=0.0075674394
BFGS iter 172: f=0.0075667396
BFGS iter 173: f=0.0075655248
BFGS iter 174: f=0.00756446
BFGS iter 175: f=0.0075632799
BFGS iter 176: f=0.0075624848
BFGS iter 177: f=0.0075620156
BFGS iter 178: f=0.007561361
BFGS iter 179: f=0.0075608748
BFGS iter 180: f=0.0075605024
BFGS iter 181: f=0.0075602137
BFGS iter 182: f=0.0075601124
BFGS iter 183: f=0.0075600255
BFGS iter 184: f=0.0075598794
BFGS iter 185: f=0.0075598062
BFGS iter 186: f=0.0075597483
BFGS iter 187: f=0.0075596814
BFGS iter 188: f=0.0075594412
BFGS iter 189: f=0.0075588902
BFGS iter 190: f=0.0075583764
BFGS iter 191: f=0.0075576029
BFGS iter 192: f=0.0075567227
BFGS iter 193: f=0.0075558675
BFGS iter 194: f=0.0075553835
BFGS iter 195: f=0.0075546447
BFGS iter 196: f=0.0075541636
BFGS iter 197: f=0.0075529986
BFGS iter 198: f=0.0075525651
BFGS iter 199: f=0.0075522612
BFGS ended due to small decr. in 50 iterations
MTPR training ended
Rescaling...
   scaling = 0.058033715, condition number = 13.149159
   scaling = 0.063309508, condition number = 11.93799
   scaling = 0.069640458, condition number = 15.944825
   scaling = 0.076604504, condition number = 15.760253
   scaling = 0.08356855, condition number = 17.423108
Rescaling to 0.063309508... done
Rescaling...
   scaling = 0.052757923, condition number = 17.636147
   scaling = 0.057554098, condition number = 13.535407
   scaling = 0.063309508, condition number = 11.93799
   scaling = 0.069640458, condition number = 15.944825
   scaling = 0.075971409, condition number = 15.014825
Rescaling to 0.063309508... done
_________________Errors report_________________
Energy:
	Errors checked for 281 configurations
	Maximal absolute difference = 0.21375
	Average absolute difference = 0.0565224
	RMS     absolute difference = 0.0972008

Energy per atom:
	Errors checked for 281 configurations
	Maximal absolute difference = 0.106875
	Average absolute difference = 0.0283989
	RMS     absolute difference = 0.0486188

Forces:
	Errors checked for 552 atoms
	Maximal absolute difference = 0.148627
	Average absolute difference = 0.0607151
	RMS     absolute difference = 0.0803058
	Max(ForceDiff) / Max(Force) = 0.0616432
	RMS(ForceDiff) / RMS(Force) = 0.0575834

Stresses (in energy units):
	Errors checked for 281 configurations
	Maximal absolute difference = 3.28146
	Average absolute difference = 1.73515
	RMS     absolute difference = 1.95025
	Max(StresDiff) / Max(Stres) = 0.562206
	RMS(StresDiff) / RMS(Stres) = 0.375439

Virial stresses (in pressure units):
	Errors checked for 281 configurations
	Maximal absolute difference = 84.5567
	Average absolute difference = 42.6536
	RMS     absolute difference = 48.5518
	Max(StresDiff) / Max(Stres) = 0.545341
	RMS(StresDiff) / RMS(Stres) = 0.372313
_______________________________________________

	batch_size = 9999
	swap_limit = 0
	weight_scaling = 2
	energy_weight = 1.000000
	force_weight = 0.000000
	init_value = 0.000001
	site_en_weight = 0.000000
	stress_weight = 0.000000
	threshold = 1.001000
Selection: state saved to "mtp_V28.mtp"
training complete
